Please set email account credentials as environment variables for email to work.
 * Serving Flask app "server" (lazy loading)
 * Environment: production
   WARNING: This is a development server. Do not use it in a production deployment.
   Use a production WSGI server instead.
 * Debug mode: off
 * Running on http://127.0.0.1:60811/ (Press CTRL+C to quit)
127.0.0.1 - - [04/May/2021 00:38:57] "[37mDELETE /clear/v1 HTTP/1.1[0m" 200 -
127.0.0.1 - - [04/May/2021 00:38:57] "[37mPOST /auth/register/v2 HTTP/1.1[0m" 200 -
127.0.0.1 - - [04/May/2021 00:38:57] "[37mPOST /auth/register/v2 HTTP/1.1[0m" 200 -
127.0.0.1 - - [04/May/2021 00:38:57] "[37mPOST /channels/create/v2 HTTP/1.1[0m" 200 -
127.0.0.1 - - [04/May/2021 00:38:57] "[37mPOST /channel/join/v2 HTTP/1.1[0m" 200 -
127.0.0.1 - - [04/May/2021 00:38:57] "[37mPOST /message/send/v2 HTTP/1.1[0m" 200 -
127.0.0.1 - - [04/May/2021 00:38:57] "[31m[1mDELETE /admin/user/remove/v1 HTTP/1.1[0m" 403 -
127.0.0.1 - - [04/May/2021 00:38:57] "[37mDELETE /admin/user/remove/v1 HTTP/1.1[0m" 200 -
127.0.0.1 - - [04/May/2021 00:38:57] "[31m[1mGET /channel/messages/v2?token=eyJ0eXAiOiJKV1QiLCJhbGciOiJIUzI1NiJ9.eyJnaWQiOjAsImxvZ2luX3RpbWUiOjE2MjAwNTI3MzcsInNhbHQiOiIxNzBhNGI3Zi1mY2I1LTRmYWMtOGFjNC03N2Q0MGJmNDZhNGEifQ.8wq1_TvF6-rdDgN3yWUuPZRyvFPOPui3Vft13NAqrPM&channel_id=2&start=0 HTTP/1.1[0m" 403 -
127.0.0.1 - - [04/May/2021 00:38:58] "[37mDELETE /clear/v1 HTTP/1.1[0m" 200 -
127.0.0.1 - - [04/May/2021 00:38:58] "[37mPOST /auth/register/v2 HTTP/1.1[0m" 200 -
127.0.0.1 - - [04/May/2021 00:38:58] "[37mPOST /auth/register/v2 HTTP/1.1[0m" 200 -
127.0.0.1 - - [04/May/2021 00:38:58] "[37mPOST /auth/register/v2 HTTP/1.1[0m" 200 -
127.0.0.1 - - [04/May/2021 00:38:58] "[37mPOST /admin/userpermission/change/v1 HTTP/1.1[0m" 200 -
127.0.0.1 - - [04/May/2021 00:38:58] "[37mPOST /channels/create/v2 HTTP/1.1[0m" 200 -
127.0.0.1 - - [04/May/2021 00:38:58] "[37mPOST /channel/join/v2 HTTP/1.1[0m" 200 -
127.0.0.1 - - [04/May/2021 00:38:58] "[37mGET /channel/details/v2?token=eyJ0eXAiOiJKV1QiLCJhbGciOiJIUzI1NiJ9.eyJnaWQiOjUsImxvZ2luX3RpbWUiOjE2MjAwNTI3MzgsInNhbHQiOiJhMDFmNDAyMy1hNDgyLTQ5N2MtOWVhZC05YzBkNzVjNWM5MTIifQ.gaaFBF9ArNXlLkTLv3wVA7URx4y_15QOo-wR4qXqdho&channel_id=7 HTTP/1.1[0m" 200 -
127.0.0.1 - - [04/May/2021 00:38:58] "[37mDELETE /clear/v1 HTTP/1.1[0m" 200 -
127.0.0.1 - - [04/May/2021 00:38:58] "[37mPOST /auth/register/v2 HTTP/1.1[0m" 200 -
127.0.0.1 - - [04/May/2021 00:38:58] "[37mPOST /auth/register/v2 HTTP/1.1[0m" 200 -
127.0.0.1 - - [04/May/2021 00:38:58] "[37mPOST /channels/create/v2 HTTP/1.1[0m" 200 -
127.0.0.1 - - [04/May/2021 00:38:58] "[37mPOST /channel/join/v2 HTTP/1.1[0m" 200 -
127.0.0.1 - - [04/May/2021 00:38:58] "[37mPOST /message/send/v2 HTTP/1.1[0m" 200 -
127.0.0.1 - - [04/May/2021 00:38:58] "[31m[1mDELETE /admin/user/remove/v1 HTTP/1.1[0m" 403 -
127.0.0.1 - - [04/May/2021 00:38:58] "[37mDELETE /admin/user/remove/v1 HTTP/1.1[0m" 200 -
127.0.0.1 - - [04/May/2021 00:38:58] "[31m[1mGET /channel/messages/v2?token=eyJ0eXAiOiJKV1QiLCJhbGciOiJIUzI1NiJ9.eyJnaWQiOjgsImxvZ2luX3RpbWUiOjE2MjAwNTI3MzgsInNhbHQiOiI0NWI2NWYxMS0zMWI1LTQ3MGQtYTRkMC02ZDYyYTJlNTYwN2MifQ.ruBSAOwYzHO_qZ5m1cVTBCkZefDzBQCDSJjSVH1zbL8&channel_id=10&start=0 HTTP/1.1[0m" 403 -
127.0.0.1 - - [04/May/2021 00:38:58] "[37mDELETE /clear/v1 HTTP/1.1[0m" 200 -
127.0.0.1 - - [04/May/2021 00:38:58] "[37mPOST /auth/register/v2 HTTP/1.1[0m" 200 -
127.0.0.1 - - [04/May/2021 00:38:58] "[37mPOST /auth/register/v2 HTTP/1.1[0m" 200 -
127.0.0.1 - - [04/May/2021 00:38:58] "[37mPOST /auth/register/v2 HTTP/1.1[0m" 200 -
127.0.0.1 - - [04/May/2021 00:38:58] "[37mPOST /admin/userpermission/change/v1 HTTP/1.1[0m" 200 -
127.0.0.1 - - [04/May/2021 00:38:58] "[37mPOST /channels/create/v2 HTTP/1.1[0m" 200 -
127.0.0.1 - - [04/May/2021 00:38:58] "[37mPOST /channel/join/v2 HTTP/1.1[0m" 200 -
127.0.0.1 - - [04/May/2021 00:38:58] "[37mGET /channel/details/v2?token=eyJ0eXAiOiJKV1QiLCJhbGciOiJIUzI1NiJ9.eyJnaWQiOjEzLCJsb2dpbl90aW1lIjoxNjIwMDUyNzM4LCJzYWx0IjoiYzM3ZjhjNjMtZDVkNi00MTZiLWEyNzMtNTBhZDgwMmEzY2EwIn0.iz_ULj-zIunDKKV_Fuvo4RvwNIUk2w5xT38aPa7tF7Q&channel_id=15 HTTP/1.1[0m" 200 -
127.0.0.1 - - [04/May/2021 00:38:58] "[37mDELETE /clear/v1 HTTP/1.1[0m" 200 -
127.0.0.1 - - [04/May/2021 00:38:58] "[37mPOST /auth/register/v2 HTTP/1.1[0m" 200 -
127.0.0.1 - - [04/May/2021 00:38:58] "[37mPOST /auth/login/v2 HTTP/1.1[0m" 200 -
127.0.0.1 - - [04/May/2021 00:38:58] "[37mDELETE /clear/v1 HTTP/1.1[0m" 200 -
127.0.0.1 - - [04/May/2021 00:38:58] "[37mPOST /auth/register/v2 HTTP/1.1[0m" 200 -
127.0.0.1 - - [04/May/2021 00:38:58] "[31m[1mPOST /auth/login/v2 HTTP/1.1[0m" 400 -
127.0.0.1 - - [04/May/2021 00:38:58] "[37mDELETE /clear/v1 HTTP/1.1[0m" 200 -
127.0.0.1 - - [04/May/2021 00:38:58] "[31m[1mPOST /auth/login/v2 HTTP/1.1[0m" 400 -
127.0.0.1 - - [04/May/2021 00:38:58] "[31m[1mPOST /auth/login/v2 HTTP/1.1[0m" 400 -
127.0.0.1 - - [04/May/2021 00:38:58] "[37mDELETE /clear/v1 HTTP/1.1[0m" 200 -
127.0.0.1 - - [04/May/2021 00:38:58] "[37mPOST /auth/register/v2 HTTP/1.1[0m" 200 -
127.0.0.1 - - [04/May/2021 00:38:58] "[31m[1mPOST /auth/login/v2 HTTP/1.1[0m" 400 -
127.0.0.1 - - [04/May/2021 00:38:58] "[37mDELETE /clear/v1 HTTP/1.1[0m" 200 -
127.0.0.1 - - [04/May/2021 00:38:58] "[37mPOST /auth/register/v2 HTTP/1.1[0m" 200 -
127.0.0.1 - - [04/May/2021 00:38:58] "[37mDELETE /clear/v1 HTTP/1.1[0m" 200 -
127.0.0.1 - - [04/May/2021 00:38:58] "[31m[1mPOST /auth/register/v2 HTTP/1.1[0m" 400 -
127.0.0.1 - - [04/May/2021 00:38:58] "[37mDELETE /clear/v1 HTTP/1.1[0m" 200 -
127.0.0.1 - - [04/May/2021 00:38:58] "[37mPOST /auth/register/v2 HTTP/1.1[0m" 200 -
127.0.0.1 - - [04/May/2021 00:38:58] "[31m[1mPOST /auth/register/v2 HTTP/1.1[0m" 400 -
127.0.0.1 - - [04/May/2021 00:38:58] "[37mDELETE /clear/v1 HTTP/1.1[0m" 200 -
127.0.0.1 - - [04/May/2021 00:38:58] "[31m[1mPOST /auth/register/v2 HTTP/1.1[0m" 400 -
127.0.0.1 - - [04/May/2021 00:38:58] "[37mDELETE /clear/v1 HTTP/1.1[0m" 200 -
127.0.0.1 - - [04/May/2021 00:38:58] "[31m[1mPOST /auth/register/v2 HTTP/1.1[0m" 400 -
127.0.0.1 - - [04/May/2021 00:38:58] "[37mDELETE /clear/v1 HTTP/1.1[0m" 200 -
127.0.0.1 - - [04/May/2021 00:38:58] "[31m[1mPOST /auth/register/v2 HTTP/1.1[0m" 400 -
127.0.0.1 - - [04/May/2021 00:38:58] "[37mDELETE /clear/v1 HTTP/1.1[0m" 200 -
127.0.0.1 - - [04/May/2021 00:38:58] "[31m[1mPOST /auth/register/v2 HTTP/1.1[0m" 400 -
127.0.0.1 - - [04/May/2021 00:38:58] "[37mDELETE /clear/v1 HTTP/1.1[0m" 200 -
127.0.0.1 - - [04/May/2021 00:38:58] "[31m[1mPOST /auth/register/v2 HTTP/1.1[0m" 400 -
127.0.0.1 - - [04/May/2021 00:38:59] "[37mDELETE /clear/v1 HTTP/1.1[0m" 200 -
127.0.0.1 - - [04/May/2021 00:38:59] "[37mPOST /auth/register/v2 HTTP/1.1[0m" 200 -
127.0.0.1 - - [04/May/2021 00:38:59] "[37mPOST /auth/login/v2 HTTP/1.1[0m" 200 -
127.0.0.1 - - [04/May/2021 00:38:59] "[37mPOST /auth/logout/v1 HTTP/1.1[0m" 200 -
127.0.0.1 - - [04/May/2021 00:38:59] "[37mDELETE /clear/v1 HTTP/1.1[0m" 200 -
127.0.0.1 - - [04/May/2021 00:38:59] "[37mPOST /auth/register/v2 HTTP/1.1[0m" 200 -
127.0.0.1 - - [04/May/2021 00:38:59] "[31m[1mPOST /auth/logout/v1 HTTP/1.1[0m" 403 -
127.0.0.1 - - [04/May/2021 00:38:59] "[37mDELETE /clear/v1 HTTP/1.1[0m" 200 -
127.0.0.1 - - [04/May/2021 00:38:59] "[37mPOST /auth/register/v2 HTTP/1.1[0m" 200 -
127.0.0.1 - - [04/May/2021 00:38:59] "[37mPOST /auth/register/v2 HTTP/1.1[0m" 200 -
127.0.0.1 - - [04/May/2021 00:38:59] "[37mDELETE /clear/v1 HTTP/1.1[0m" 200 -
127.0.0.1 - - [04/May/2021 00:38:59] "[31m[1mPOST /auth/passwordreset/request/v1 HTTP/1.1[0m" 400 -
127.0.0.1 - - [04/May/2021 00:38:59] "[31m[1mPOST /auth/passwordreset/request/v1 HTTP/1.1[0m" 400 -
127.0.0.1 - - [04/May/2021 00:38:59] "[37mDELETE /clear/v1 HTTP/1.1[0m" 200 -
127.0.0.1 - - [04/May/2021 00:38:59] "[37mPOST /auth/register/v2 HTTP/1.1[0m" 200 -
127.0.0.1 - - [04/May/2021 00:38:59] "[37mPOST /auth/register/v2 HTTP/1.1[0m" 200 -
127.0.0.1 - - [04/May/2021 00:38:59] "[31m[1mPOST /auth/passwordreset/reset/v1 HTTP/1.1[0m" 400 -
127.0.0.1 - - [04/May/2021 00:38:59] "[37mDELETE /clear/v1 HTTP/1.1[0m" 200 -
127.0.0.1 - - [04/May/2021 00:38:59] "[37mPOST /auth/register/v2 HTTP/1.1[0m" 200 -
127.0.0.1 - - [04/May/2021 00:38:59] "[37mPOST /auth/register/v2 HTTP/1.1[0m" 200 -
127.0.0.1 - - [04/May/2021 00:38:59] "[37mPOST /auth/register/v2 HTTP/1.1[0m" 200 -
127.0.0.1 - - [04/May/2021 00:38:59] "[37mPOST /channels/create/v2 HTTP/1.1[0m" 200 -
127.0.0.1 - - [04/May/2021 00:38:59] "[37mPOST /channel/invite/v2 HTTP/1.1[0m" 200 -
127.0.0.1 - - [04/May/2021 00:38:59] "[37mGET /channel/details/v2?token=eyJ0eXAiOiJKV1QiLCJhbGciOiJIUzI1NiJ9.eyJnaWQiOjMzLCJsb2dpbl90aW1lIjoxNjIwMDUyNzM5LCJzYWx0IjoiNDQ1MGY2NDAtMmZkNS00MWQ2LWI0NTEtZDQyZDU5MTMwOGViIn0.kXCosdnpGog-gQAD7ciSun43bLf47cgUe4D13oZU9H8&channel_id=36 HTTP/1.1[0m" 200 -
127.0.0.1 - - [04/May/2021 00:38:59] "[37mDELETE /clear/v1 HTTP/1.1[0m" 200 -
127.0.0.1 - - [04/May/2021 00:38:59] "[37mPOST /auth/register/v2 HTTP/1.1[0m" 200 -
127.0.0.1 - - [04/May/2021 00:38:59] "[37mPOST /auth/register/v2 HTTP/1.1[0m" 200 -
127.0.0.1 - - [04/May/2021 00:38:59] "[37mPOST /channels/create/v2 HTTP/1.1[0m" 200 -
127.0.0.1 - - [04/May/2021 00:38:59] "[37mGET /channel/details/v2?token=eyJ0eXAiOiJKV1QiLCJhbGciOiJIUzI1NiJ9.eyJnaWQiOjM3LCJsb2dpbl90aW1lIjoxNjIwMDUyNzM5LCJzYWx0IjoiZjQ2MTM2M2MtN2NhNy00ZTA3LWE2YmYtMTkyNTUzNDFiZGNkIn0.uScVTYejdGZKBA7FfuW9SIWWYVe5xPBqiOCdDEA1DdE&channel_id=39 HTTP/1.1[0m" 200 -
127.0.0.1 - - [04/May/2021 00:38:59] "[37mDELETE /clear/v1 HTTP/1.1[0m" 200 -
127.0.0.1 - - [04/May/2021 00:38:59] "[37mPOST /auth/register/v2 HTTP/1.1[0m" 200 -
127.0.0.1 - - [04/May/2021 00:38:59] "[37mPOST /auth/register/v2 HTTP/1.1[0m" 200 -
127.0.0.1 - - [04/May/2021 00:38:59] "[37mPOST /auth/register/v2 HTTP/1.1[0m" 200 -
127.0.0.1 - - [04/May/2021 00:38:59] "[37mPOST /auth/register/v2 HTTP/1.1[0m" 200 -
127.0.0.1 - - [04/May/2021 00:38:59] "[37mPOST /channels/create/v2 HTTP/1.1[0m" 200 -
127.0.0.1 - - [04/May/2021 00:38:59] "[37mPOST /channel/join/v2 HTTP/1.1[0m" 200 -
127.0.0.1 - - [04/May/2021 00:38:59] "[37mPOST /channel/join/v2 HTTP/1.1[0m" 200 -
127.0.0.1 - - [04/May/2021 00:38:59] "[37mPOST /channel/join/v2 HTTP/1.1[0m" 200 -
127.0.0.1 - - [04/May/2021 00:38:59] "[37mGET /channel/details/v2?token=eyJ0eXAiOiJKV1QiLCJhbGciOiJIUzI1NiJ9.eyJnaWQiOjQyLCJsb2dpbl90aW1lIjoxNjIwMDUyNzM5LCJzYWx0IjoiNmZjYmZkYjAtNmE5Yi00ODYxLThkNDMtNmVmYzJmMzcyYjVjIn0.oEWlmkjZ6ZgirAQkfLg_LPdjv47Jm_coW_9arvfzNnA&channel_id=44 HTTP/1.1[0m" 200 -
127.0.0.1 - - [04/May/2021 00:38:59] "[37mDELETE /clear/v1 HTTP/1.1[0m" 200 -
127.0.0.1 - - [04/May/2021 00:38:59] "[37mPOST /auth/register/v2 HTTP/1.1[0m" 200 -
127.0.0.1 - - [04/May/2021 00:38:59] "[37mPOST /auth/register/v2 HTTP/1.1[0m" 200 -
127.0.0.1 - - [04/May/2021 00:38:59] "[37mPOST /auth/register/v2 HTTP/1.1[0m" 200 -
127.0.0.1 - - [04/May/2021 00:38:59] "[37mPOST /auth/register/v2 HTTP/1.1[0m" 200 -
127.0.0.1 - - [04/May/2021 00:38:59] "[37mPOST /channels/create/v2 HTTP/1.1[0m" 200 -
127.0.0.1 - - [04/May/2021 00:38:59] "[37mPOST /channels/create/v2 HTTP/1.1[0m" 200 -
127.0.0.1 - - [04/May/2021 00:38:59] "[37mPOST /channel/join/v2 HTTP/1.1[0m" 200 -
127.0.0.1 - - [04/May/2021 00:38:59] "[37mGET /channel/details/v2?token=eyJ0eXAiOiJKV1QiLCJhbGciOiJIUzI1NiJ9.eyJnaWQiOjQ3LCJsb2dpbl90aW1lIjoxNjIwMDUyNzM5LCJzYWx0IjoiNGJjNGY0YTAtMjIyNC00NzQ1LTk0NDAtODNlMzRkYWEyNzMyIn0.0cBooBJaKtl_jO2vstAzRPahvBO8RL256Heyi_D4KA4&channel_id=49 HTTP/1.1[0m" 200 -
127.0.0.1 - - [04/May/2021 00:38:59] "[37mDELETE /clear/v1 HTTP/1.1[0m" 200 -
127.0.0.1 - - [04/May/2021 00:38:59] "[37mPOST /auth/register/v2 HTTP/1.1[0m" 200 -
127.0.0.1 - - [04/May/2021 00:38:59] "[37mPOST /auth/register/v2 HTTP/1.1[0m" 200 -
127.0.0.1 - - [04/May/2021 00:38:59] "[37mPOST /auth/register/v2 HTTP/1.1[0m" 200 -
127.0.0.1 - - [04/May/2021 00:38:59] "[37mPOST /auth/register/v2 HTTP/1.1[0m" 200 -
127.0.0.1 - - [04/May/2021 00:38:59] "[37mPOST /channels/create/v2 HTTP/1.1[0m" 200 -
127.0.0.1 - - [04/May/2021 00:38:59] "[37mPOST /channel/addowner/v1 HTTP/1.1[0m" 200 -
127.0.0.1 - - [04/May/2021 00:38:59] "[37mGET /channel/details/v2?token=eyJ0eXAiOiJKV1QiLCJhbGciOiJIUzI1NiJ9.eyJnaWQiOjUxLCJsb2dpbl90aW1lIjoxNjIwMDUyNzM5LCJzYWx0IjoiYmE3YmY2NjYtNGY2Yy00Y2Y3LWFiMDItYzZiZDQ5MGE3YTgwIn0.XakC0j6A-9wbw9iuf0ASbvS9_x8ZJIA1L6TBPUmQgrM&channel_id=55 HTTP/1.1[0m" 200 -
127.0.0.1 - - [04/May/2021 00:38:59] "[37mDELETE /clear/v1 HTTP/1.1[0m" 200 -
127.0.0.1 - - [04/May/2021 00:38:59] "[37mPOST /auth/register/v2 HTTP/1.1[0m" 200 -
127.0.0.1 - - [04/May/2021 00:38:59] "[37mPOST /auth/register/v2 HTTP/1.1[0m" 200 -
127.0.0.1 - - [04/May/2021 00:38:59] "[37mPOST /auth/register/v2 HTTP/1.1[0m" 200 -
127.0.0.1 - - [04/May/2021 00:38:59] "[37mPOST /auth/register/v2 HTTP/1.1[0m" 200 -
127.0.0.1 - - [04/May/2021 00:38:59] "[37mPOST /channels/create/v2 HTTP/1.1[0m" 200 -
127.0.0.1 - - [04/May/2021 00:38:59] "[37mPOST /channel/addowner/v1 HTTP/1.1[0m" 200 -
127.0.0.1 - - [04/May/2021 00:38:59] "[37mPOST /channel/removeowner/v1 HTTP/1.1[0m" 200 -
127.0.0.1 - - [04/May/2021 00:38:59] "[37mGET /channel/details/v2?token=eyJ0eXAiOiJKV1QiLCJhbGciOiJIUzI1NiJ9.eyJnaWQiOjU3LCJsb2dpbl90aW1lIjoxNjIwMDUyNzM5LCJzYWx0IjoiMjdkNjYzZDMtNDRiNC00MDVmLTgxMzQtYzMzZDkwM2UxMTJjIn0.uy-IIvEqnqGe4YkLfpC4foXHcWmzF6VmsLOM2ijTgbU&channel_id=60 HTTP/1.1[0m" 200 -
127.0.0.1 - - [04/May/2021 00:38:59] "[37mDELETE /clear/v1 HTTP/1.1[0m" 200 -
127.0.0.1 - - [04/May/2021 00:38:59] "[37mPOST /auth/register/v2 HTTP/1.1[0m" 200 -
127.0.0.1 - - [04/May/2021 00:38:59] "[37mPOST /auth/register/v2 HTTP/1.1[0m" 200 -
127.0.0.1 - - [04/May/2021 00:38:59] "[37mPOST /channels/create/v2 HTTP/1.1[0m" 200 -
127.0.0.1 - - [04/May/2021 00:38:59] "[31m[1mGET /channel/messages/v2?token=eyJ0eXAiOiJKV1QiLCJhbGciOiJIUzI1NiJ9.eyJnaWQiOjYxLCJsb2dpbl90aW1lIjoxNjIwMDUyNzM5LCJzYWx0IjoiZDc2N2U5ZTAtN2UxZS00ZTZmLWIwMGMtNWE4ZTc1Y2E5MTkzIn0.qxJ2JcOHVoCdJnJOYtL3ew20evDsZhO1anj1sNmB6AU&channel_id=-1&start=0 HTTP/1.1[0m" 400 -
127.0.0.1 - - [04/May/2021 00:38:59] "[31m[1mGET /channel/messages/v2?token=eyJ0eXAiOiJKV1QiLCJhbGciOiJIUzI1NiJ9.eyJnaWQiOjYxLCJsb2dpbl90aW1lIjoxNjIwMDUyNzM5LCJzYWx0IjoiZDc2N2U5ZTAtN2UxZS00ZTZmLWIwMGMtNWE4ZTc1Y2E5MTkzIn0.qxJ2JcOHVoCdJnJOYtL3ew20evDsZhO1anj1sNmB6AU&channel_id=63&start=2 HTTP/1.1[0m" 400 -
127.0.0.1 - - [04/May/2021 00:38:59] "[31m[1mGET /channel/messages/v2?token=eyJ0eXAiOiJKV1QiLCJhbGciOiJIUzI1NiJ9.eyJnaWQiOjYyLCJsb2dpbl90aW1lIjoxNjIwMDUyNzM5LCJzYWx0IjoiMTAwODllNDktMjkwZi00MGRjLWFkMzYtYWU1ZWViMzVkZGI3In0.mNRLUBJibG5DSGnSelZTrTd4pMEAmmEjRpXQOoe_V-M&channel_id=63&start=0 HTTP/1.1[0m" 403 -
127.0.0.1 - - [04/May/2021 00:38:59] "[37mDELETE /clear/v1 HTTP/1.1[0m" 200 -
127.0.0.1 - - [04/May/2021 00:38:59] "[37mPOST /auth/register/v2 HTTP/1.1[0m" 200 -
127.0.0.1 - - [04/May/2021 00:38:59] "[37mPOST /auth/register/v2 HTTP/1.1[0m" 200 -
127.0.0.1 - - [04/May/2021 00:38:59] "[37mPOST /channels/create/v2 HTTP/1.1[0m" 200 -
127.0.0.1 - - [04/May/2021 00:38:59] "[37mPOST /message/send/v2 HTTP/1.1[0m" 200 -
127.0.0.1 - - [04/May/2021 00:38:59] "[37mGET /channel/messages/v2?token=eyJ0eXAiOiJKV1QiLCJhbGciOiJIUzI1NiJ9.eyJnaWQiOjY0LCJsb2dpbl90aW1lIjoxNjIwMDUyNzM5LCJzYWx0IjoiYzFhNTg5ZWEtMjI3ZC00M2UyLWIwYjAtNTA4NmNmOGQ1YTBlIn0.PJidUkRBvCbXtDyzlcmYkdmW19CwaTzIKSGWn8ObpVE&channel_id=66&start=0 HTTP/1.1[0m" 200 -
127.0.0.1 - - [04/May/2021 00:38:59] "[37mPOST /message/send/v2 HTTP/1.1[0m" 200 -
127.0.0.1 - - [04/May/2021 00:38:59] "[37mPOST /message/send/v2 HTTP/1.1[0m" 200 -
127.0.0.1 - - [04/May/2021 00:38:59] "[37mPOST /message/send/v2 HTTP/1.1[0m" 200 -
127.0.0.1 - - [04/May/2021 00:38:59] "[37mPOST /message/send/v2 HTTP/1.1[0m" 200 -
127.0.0.1 - - [04/May/2021 00:38:59] "[37mPOST /message/send/v2 HTTP/1.1[0m" 200 -
127.0.0.1 - - [04/May/2021 00:38:59] "[37mPOST /message/send/v2 HTTP/1.1[0m" 200 -
127.0.0.1 - - [04/May/2021 00:38:59] "[37mPOST /message/send/v2 HTTP/1.1[0m" 200 -
127.0.0.1 - - [04/May/2021 00:38:59] "[37mPOST /message/send/v2 HTTP/1.1[0m" 200 -
127.0.0.1 - - [04/May/2021 00:38:59] "[37mPOST /message/send/v2 HTTP/1.1[0m" 200 -
127.0.0.1 - - [04/May/2021 00:38:59] "[37mPOST /message/send/v2 HTTP/1.1[0m" 200 -
127.0.0.1 - - [04/May/2021 00:38:59] "[37mPOST /message/send/v2 HTTP/1.1[0m" 200 -
127.0.0.1 - - [04/May/2021 00:38:59] "[37mPOST /message/send/v2 HTTP/1.1[0m" 200 -
127.0.0.1 - - [04/May/2021 00:38:59] "[37mPOST /message/send/v2 HTTP/1.1[0m" 200 -
127.0.0.1 - - [04/May/2021 00:38:59] "[37mPOST /message/send/v2 HTTP/1.1[0m" 200 -
127.0.0.1 - - [04/May/2021 00:38:59] "[37mPOST /message/send/v2 HTTP/1.1[0m" 200 -
127.0.0.1 - - [04/May/2021 00:38:59] "[37mPOST /message/send/v2 HTTP/1.1[0m" 200 -
127.0.0.1 - - [04/May/2021 00:38:59] "[37mPOST /message/send/v2 HTTP/1.1[0m" 200 -
127.0.0.1 - - [04/May/2021 00:38:59] "[37mPOST /message/send/v2 HTTP/1.1[0m" 200 -
127.0.0.1 - - [04/May/2021 00:38:59] "[37mPOST /message/send/v2 HTTP/1.1[0m" 200 -
127.0.0.1 - - [04/May/2021 00:38:59] "[37mPOST /message/send/v2 HTTP/1.1[0m" 200 -
127.0.0.1 - - [04/May/2021 00:38:59] "[37mPOST /message/send/v2 HTTP/1.1[0m" 200 -
127.0.0.1 - - [04/May/2021 00:38:59] "[37mPOST /message/send/v2 HTTP/1.1[0m" 200 -
127.0.0.1 - - [04/May/2021 00:38:59] "[37mPOST /message/send/v2 HTTP/1.1[0m" 200 -
127.0.0.1 - - [04/May/2021 00:38:59] "[37mPOST /message/send/v2 HTTP/1.1[0m" 200 -
127.0.0.1 - - [04/May/2021 00:38:59] "[37mPOST /message/send/v2 HTTP/1.1[0m" 200 -
127.0.0.1 - - [04/May/2021 00:38:59] "[37mPOST /message/send/v2 HTTP/1.1[0m" 200 -
127.0.0.1 - - [04/May/2021 00:38:59] "[37mPOST /message/send/v2 HTTP/1.1[0m" 200 -
127.0.0.1 - - [04/May/2021 00:38:59] "[37mPOST /message/send/v2 HTTP/1.1[0m" 200 -
127.0.0.1 - - [04/May/2021 00:38:59] "[37mPOST /message/send/v2 HTTP/1.1[0m" 200 -
127.0.0.1 - - [04/May/2021 00:38:59] "[37mPOST /message/send/v2 HTTP/1.1[0m" 200 -
127.0.0.1 - - [04/May/2021 00:38:59] "[37mPOST /message/send/v2 HTTP/1.1[0m" 200 -
127.0.0.1 - - [04/May/2021 00:38:59] "[37mPOST /message/send/v2 HTTP/1.1[0m" 200 -
127.0.0.1 - - [04/May/2021 00:38:59] "[37mPOST /message/send/v2 HTTP/1.1[0m" 200 -
127.0.0.1 - - [04/May/2021 00:38:59] "[37mPOST /message/send/v2 HTTP/1.1[0m" 200 -
127.0.0.1 - - [04/May/2021 00:38:59] "[37mPOST /message/send/v2 HTTP/1.1[0m" 200 -
127.0.0.1 - - [04/May/2021 00:38:59] "[37mPOST /message/send/v2 HTTP/1.1[0m" 200 -
127.0.0.1 - - [04/May/2021 00:38:59] "[37mPOST /message/send/v2 HTTP/1.1[0m" 200 -
127.0.0.1 - - [04/May/2021 00:38:59] "[37mPOST /message/send/v2 HTTP/1.1[0m" 200 -
127.0.0.1 - - [04/May/2021 00:38:59] "[37mPOST /message/send/v2 HTTP/1.1[0m" 200 -
127.0.0.1 - - [04/May/2021 00:38:59] "[37mPOST /message/send/v2 HTTP/1.1[0m" 200 -
127.0.0.1 - - [04/May/2021 00:38:59] "[37mPOST /message/send/v2 HTTP/1.1[0m" 200 -
127.0.0.1 - - [04/May/2021 00:38:59] "[37mPOST /message/send/v2 HTTP/1.1[0m" 200 -
127.0.0.1 - - [04/May/2021 00:38:59] "[37mPOST /message/send/v2 HTTP/1.1[0m" 200 -
127.0.0.1 - - [04/May/2021 00:38:59] "[37mPOST /message/send/v2 HTTP/1.1[0m" 200 -
127.0.0.1 - - [04/May/2021 00:38:59] "[37mPOST /message/send/v2 HTTP/1.1[0m" 200 -
127.0.0.1 - - [04/May/2021 00:38:59] "[37mPOST /message/send/v2 HTTP/1.1[0m" 200 -
127.0.0.1 - - [04/May/2021 00:38:59] "[37mPOST /message/send/v2 HTTP/1.1[0m" 200 -
127.0.0.1 - - [04/May/2021 00:38:59] "[37mPOST /message/send/v2 HTTP/1.1[0m" 200 -
127.0.0.1 - - [04/May/2021 00:38:59] "[37mPOST /message/send/v2 HTTP/1.1[0m" 200 -
127.0.0.1 - - [04/May/2021 00:38:59] "[37mPOST /message/send/v2 HTTP/1.1[0m" 200 -
127.0.0.1 - - [04/May/2021 00:38:59] "[37mGET /channel/messages/v2?token=eyJ0eXAiOiJKV1QiLCJhbGciOiJIUzI1NiJ9.eyJnaWQiOjY0LCJsb2dpbl90aW1lIjoxNjIwMDUyNzM5LCJzYWx0IjoiYzFhNTg5ZWEtMjI3ZC00M2UyLWIwYjAtNTA4NmNmOGQ1YTBlIn0.PJidUkRBvCbXtDyzlcmYkdmW19CwaTzIKSGWn8ObpVE&channel_id=66&start=1 HTTP/1.1[0m" 200 -
127.0.0.1 - - [04/May/2021 00:38:59] "[37mPOST /channels/create/v2 HTTP/1.1[0m" 200 -
127.0.0.1 - - [04/May/2021 00:38:59] "[37mPOST /message/send/v2 HTTP/1.1[0m" 200 -
127.0.0.1 - - [04/May/2021 00:38:59] "[37mPOST /message/send/v2 HTTP/1.1[0m" 200 -
127.0.0.1 - - [04/May/2021 00:38:59] "[37mPOST /message/send/v2 HTTP/1.1[0m" 200 -
127.0.0.1 - - [04/May/2021 00:38:59] "[37mPOST /message/send/v2 HTTP/1.1[0m" 200 -
127.0.0.1 - - [04/May/2021 00:38:59] "[37mPOST /message/send/v2 HTTP/1.1[0m" 200 -
127.0.0.1 - - [04/May/2021 00:38:59] "[37mPOST /message/send/v2 HTTP/1.1[0m" 200 -
127.0.0.1 - - [04/May/2021 00:38:59] "[37mPOST /message/send/v2 HTTP/1.1[0m" 200 -
127.0.0.1 - - [04/May/2021 00:38:59] "[37mPOST /message/send/v2 HTTP/1.1[0m" 200 -
127.0.0.1 - - [04/May/2021 00:38:59] "[37mPOST /message/send/v2 HTTP/1.1[0m" 200 -
127.0.0.1 - - [04/May/2021 00:38:59] "[37mPOST /message/send/v2 HTTP/1.1[0m" 200 -
127.0.0.1 - - [04/May/2021 00:38:59] "[37mPOST /message/send/v2 HTTP/1.1[0m" 200 -
127.0.0.1 - - [04/May/2021 00:38:59] "[37mPOST /message/send/v2 HTTP/1.1[0m" 200 -
127.0.0.1 - - [04/May/2021 00:38:59] "[37mPOST /message/send/v2 HTTP/1.1[0m" 200 -
127.0.0.1 - - [04/May/2021 00:38:59] "[37mPOST /message/send/v2 HTTP/1.1[0m" 200 -
127.0.0.1 - - [04/May/2021 00:38:59] "[37mPOST /message/send/v2 HTTP/1.1[0m" 200 -
127.0.0.1 - - [04/May/2021 00:38:59] "[37mPOST /message/send/v2 HTTP/1.1[0m" 200 -
127.0.0.1 - - [04/May/2021 00:38:59] "[37mPOST /message/send/v2 HTTP/1.1[0m" 200 -
127.0.0.1 - - [04/May/2021 00:38:59] "[37mPOST /message/send/v2 HTTP/1.1[0m" 200 -
127.0.0.1 - - [04/May/2021 00:38:59] "[37mPOST /message/send/v2 HTTP/1.1[0m" 200 -
127.0.0.1 - - [04/May/2021 00:38:59] "[37mPOST /message/send/v2 HTTP/1.1[0m" 200 -
127.0.0.1 - - [04/May/2021 00:38:59] "[37mPOST /message/send/v2 HTTP/1.1[0m" 200 -
127.0.0.1 - - [04/May/2021 00:38:59] "[37mPOST /message/send/v2 HTTP/1.1[0m" 200 -
127.0.0.1 - - [04/May/2021 00:38:59] "[37mPOST /message/send/v2 HTTP/1.1[0m" 200 -
127.0.0.1 - - [04/May/2021 00:38:59] "[37mPOST /message/send/v2 HTTP/1.1[0m" 200 -
127.0.0.1 - - [04/May/2021 00:38:59] "[37mPOST /message/send/v2 HTTP/1.1[0m" 200 -
127.0.0.1 - - [04/May/2021 00:38:59] "[37mPOST /message/send/v2 HTTP/1.1[0m" 200 -
127.0.0.1 - - [04/May/2021 00:38:59] "[37mPOST /message/send/v2 HTTP/1.1[0m" 200 -
127.0.0.1 - - [04/May/2021 00:38:59] "[37mPOST /message/send/v2 HTTP/1.1[0m" 200 -
127.0.0.1 - - [04/May/2021 00:38:59] "[37mPOST /message/send/v2 HTTP/1.1[0m" 200 -
127.0.0.1 - - [04/May/2021 00:38:59] "[37mPOST /message/send/v2 HTTP/1.1[0m" 200 -
127.0.0.1 - - [04/May/2021 00:38:59] "[37mPOST /message/send/v2 HTTP/1.1[0m" 200 -
127.0.0.1 - - [04/May/2021 00:38:59] "[37mPOST /message/send/v2 HTTP/1.1[0m" 200 -
127.0.0.1 - - [04/May/2021 00:38:59] "[37mPOST /message/send/v2 HTTP/1.1[0m" 200 -
127.0.0.1 - - [04/May/2021 00:38:59] "[37mPOST /message/send/v2 HTTP/1.1[0m" 200 -
127.0.0.1 - - [04/May/2021 00:38:59] "[37mPOST /message/send/v2 HTTP/1.1[0m" 200 -
127.0.0.1 - - [04/May/2021 00:38:59] "[37mPOST /message/send/v2 HTTP/1.1[0m" 200 -
127.0.0.1 - - [04/May/2021 00:38:59] "[37mPOST /message/send/v2 HTTP/1.1[0m" 200 -
127.0.0.1 - - [04/May/2021 00:38:59] "[37mPOST /message/send/v2 HTTP/1.1[0m" 200 -
127.0.0.1 - - [04/May/2021 00:38:59] "[37mPOST /message/send/v2 HTTP/1.1[0m" 200 -
127.0.0.1 - - [04/May/2021 00:38:59] "[37mPOST /message/send/v2 HTTP/1.1[0m" 200 -
127.0.0.1 - - [04/May/2021 00:38:59] "[37mPOST /message/send/v2 HTTP/1.1[0m" 200 -
127.0.0.1 - - [04/May/2021 00:38:59] "[37mPOST /message/send/v2 HTTP/1.1[0m" 200 -
127.0.0.1 - - [04/May/2021 00:38:59] "[37mPOST /message/send/v2 HTTP/1.1[0m" 200 -
127.0.0.1 - - [04/May/2021 00:38:59] "[37mPOST /message/send/v2 HTTP/1.1[0m" 200 -
127.0.0.1 - - [04/May/2021 00:38:59] "[37mPOST /message/send/v2 HTTP/1.1[0m" 200 -
127.0.0.1 - - [04/May/2021 00:38:59] "[37mPOST /message/send/v2 HTTP/1.1[0m" 200 -
127.0.0.1 - - [04/May/2021 00:38:59] "[37mPOST /message/send/v2 HTTP/1.1[0m" 200 -
127.0.0.1 - - [04/May/2021 00:38:59] "[37mPOST /message/send/v2 HTTP/1.1[0m" 200 -
127.0.0.1 - - [04/May/2021 00:38:59] "[37mPOST /message/send/v2 HTTP/1.1[0m" 200 -
127.0.0.1 - - [04/May/2021 00:38:59] "[37mPOST /message/send/v2 HTTP/1.1[0m" 200 -
127.0.0.1 - - [04/May/2021 00:38:59] "[37mPOST /message/send/v2 HTTP/1.1[0m" 200 -
127.0.0.1 - - [04/May/2021 00:38:59] "[37mGET /channel/messages/v2?token=eyJ0eXAiOiJKV1QiLCJhbGciOiJIUzI1NiJ9.eyJnaWQiOjY0LCJsb2dpbl90aW1lIjoxNjIwMDUyNzM5LCJzYWx0IjoiYzFhNTg5ZWEtMjI3ZC00M2UyLWIwYjAtNTA4NmNmOGQ1YTBlIn0.PJidUkRBvCbXtDyzlcmYkdmW19CwaTzIKSGWn8ObpVE&channel_id=66&start=0 HTTP/1.1[0m" 200 -
127.0.0.1 - - [04/May/2021 00:38:59] "[37mDELETE /clear/v1 HTTP/1.1[0m" 200 -
127.0.0.1 - - [04/May/2021 00:38:59] "[37mPOST /auth/register/v2 HTTP/1.1[0m" 200 -
127.0.0.1 - - [04/May/2021 00:38:59] "[37mPOST /auth/register/v2 HTTP/1.1[0m" 200 -
127.0.0.1 - - [04/May/2021 00:38:59] "[37mPOST /channels/create/v2 HTTP/1.1[0m" 200 -
127.0.0.1 - - [04/May/2021 00:38:59] "[37mGET /channels/list/v2?token=eyJ0eXAiOiJKV1QiLCJhbGciOiJIUzI1NiJ9.eyJnaWQiOjE3MCwibG9naW5fdGltZSI6MTYyMDA1MjczOSwic2FsdCI6IjU4MmRjYzhmLTAyYjItNGZkYi05NDgzLTFkZTk5MDI3MjIzMSJ9.hevutDQx2tbYnvS9dLGnqbn_sQ8c_nZ08rf8R2yNJGw HTTP/1.1[0m" 200 -
127.0.0.1 - - [04/May/2021 00:38:59] "[37mGET /channels/listall/v2?token=eyJ0eXAiOiJKV1QiLCJhbGciOiJIUzI1NiJ9.eyJnaWQiOjE3MCwibG9naW5fdGltZSI6MTYyMDA1MjczOSwic2FsdCI6IjU4MmRjYzhmLTAyYjItNGZkYi05NDgzLTFkZTk5MDI3MjIzMSJ9.hevutDQx2tbYnvS9dLGnqbn_sQ8c_nZ08rf8R2yNJGw HTTP/1.1[0m" 200 -
127.0.0.1 - - [04/May/2021 00:38:59] "[37mGET /channels/listall/v2?token=eyJ0eXAiOiJKV1QiLCJhbGciOiJIUzI1NiJ9.eyJnaWQiOjE3MSwibG9naW5fdGltZSI6MTYyMDA1MjczOSwic2FsdCI6ImU3NTlhM2YyLTJhZjItNDdmOS04MmNjLTJkYjY1OWM0ZjY1YyJ9.fT2tefhIbOBRnLV2H0d3gJxE0_0HxAJgPUh_dTxWOTY HTTP/1.1[0m" 200 -
127.0.0.1 - - [04/May/2021 00:38:59] "[37mGET /channels/list/v2?token=eyJ0eXAiOiJKV1QiLCJhbGciOiJIUzI1NiJ9.eyJnaWQiOjE3MSwibG9naW5fdGltZSI6MTYyMDA1MjczOSwic2FsdCI6ImU3NTlhM2YyLTJhZjItNDdmOS04MmNjLTJkYjY1OWM0ZjY1YyJ9.fT2tefhIbOBRnLV2H0d3gJxE0_0HxAJgPUh_dTxWOTY HTTP/1.1[0m" 200 -
127.0.0.1 - - [04/May/2021 00:38:59] "[31m[1mPOST /channels/create/v2 HTTP/1.1[0m" 400 -
127.0.0.1 - - [04/May/2021 00:38:59] "[37mDELETE /clear/v1 HTTP/1.1[0m" 200 -
127.0.0.1 - - [04/May/2021 00:38:59] "[37mPOST /auth/register/v2 HTTP/1.1[0m" 200 -
127.0.0.1 - - [04/May/2021 00:38:59] "[37mPOST /auth/register/v2 HTTP/1.1[0m" 200 -
127.0.0.1 - - [04/May/2021 00:38:59] "[37mPOST /channels/create/v2 HTTP/1.1[0m" 200 -
127.0.0.1 - - [04/May/2021 00:38:59] "[37mGET /channels/list/v2?token=eyJ0eXAiOiJKV1QiLCJhbGciOiJIUzI1NiJ9.eyJnaWQiOjE3NCwibG9naW5fdGltZSI6MTYyMDA1MjczOSwic2FsdCI6IjI5NGVlMDFjLWRjODItNDE2ZC1iODk0LWI2N2M4MTcxMjBlMyJ9.liW6yaCBIGYBqDQ1ExIbsyPQqLo8MoD2AGkbNBa8Dhw HTTP/1.1[0m" 200 -
127.0.0.1 - - [04/May/2021 00:38:59] "[37mGET /channels/list/v2?token=eyJ0eXAiOiJKV1QiLCJhbGciOiJIUzI1NiJ9.eyJnaWQiOjE3NSwibG9naW5fdGltZSI6MTYyMDA1MjczOSwic2FsdCI6IjJhZDQ5YmY4LTQ5YzItNGQ4ZC1iODlmLTc5YjgzZjBjYjc1NCJ9.1me9s1mter1td1MAIDulLXHxR05v0PiDMQCVNa2Uh6Y HTTP/1.1[0m" 200 -
127.0.0.1 - - [04/May/2021 00:38:59] "[37mDELETE /clear/v1 HTTP/1.1[0m" 200 -
127.0.0.1 - - [04/May/2021 00:38:59] "[37mPOST /auth/register/v2 HTTP/1.1[0m" 200 -
127.0.0.1 - - [04/May/2021 00:38:59] "[37mPOST /auth/register/v2 HTTP/1.1[0m" 200 -
127.0.0.1 - - [04/May/2021 00:38:59] "[37mPOST /channels/create/v2 HTTP/1.1[0m" 200 -
127.0.0.1 - - [04/May/2021 00:38:59] "[37mGET /channels/listall/v2?token=eyJ0eXAiOiJKV1QiLCJhbGciOiJIUzI1NiJ9.eyJnaWQiOjE3NywibG9naW5fdGltZSI6MTYyMDA1MjczOSwic2FsdCI6ImJjYTBmNDJlLWU5ZGMtNGUxMy1hOGUxLTk5MjBhYzc5MmRjMSJ9.GDb1BXJG-YfpbPvKySc0ZnloY4v8FE4tN52dHf6IkJc HTTP/1.1[0m" 200 -
127.0.0.1 - - [04/May/2021 00:38:59] "[37mGET /channels/listall/v2?token=eyJ0eXAiOiJKV1QiLCJhbGciOiJIUzI1NiJ9.eyJnaWQiOjE3OCwibG9naW5fdGltZSI6MTYyMDA1MjczOSwic2FsdCI6IjFjN2VkZTViLWJlMDEtNDMxNy1iMGI0LWY3MzM2Mjk5ZGE1NyJ9.4ROtHRsiJyh1lvuJ8EAMSmuRmBnVlQXsNfRVRQS18-8 HTTP/1.1[0m" 200 -
127.0.0.1 - - [04/May/2021 00:38:59] "[37mDELETE /clear/v1 HTTP/1.1[0m" 200 -
127.0.0.1 - - [04/May/2021 00:38:59] "[37mPOST /auth/register/v2 HTTP/1.1[0m" 200 -
127.0.0.1 - - [04/May/2021 00:38:59] "[37mPOST /auth/register/v2 HTTP/1.1[0m" 200 -
127.0.0.1 - - [04/May/2021 00:38:59] "[37mPOST /channels/create/v2 HTTP/1.1[0m" 200 -
127.0.0.1 - - [04/May/2021 00:38:59] "[37mGET /channels/listall/v2?token=eyJ0eXAiOiJKV1QiLCJhbGciOiJIUzI1NiJ9.eyJnaWQiOjE4MCwibG9naW5fdGltZSI6MTYyMDA1MjczOSwic2FsdCI6IjZhYjQ1ZjVkLTVjNjgtNDliOS04MDAzLTFmMWQ3NjI4YjY0MCJ9.qJMBv22wuinMQ9hnOIKmL4ISi6cRiZNenyeGKArUMGo HTTP/1.1[0m" 200 -
127.0.0.1 - - [04/May/2021 00:38:59] "[37mGET /channels/listall/v2?token=eyJ0eXAiOiJKV1QiLCJhbGciOiJIUzI1NiJ9.eyJnaWQiOjE4MSwibG9naW5fdGltZSI6MTYyMDA1MjczOSwic2FsdCI6ImMzNWRkMzNjLThlNjktNGU4Yy1iYjMxLWMzNzY5YWNkNmYxYiJ9.05EMtXxOSJ9pKKNQxaIFxg--nJfpp_3ob61QtUHMM7s HTTP/1.1[0m" 200 -
127.0.0.1 - - [04/May/2021 00:38:59] "[31m[1mGET /channels/list/v2?token=eyJ0eXAiOiJKV1QiLCJhbGciOiJIUzI1NiJ9.eyJzZXNzaW9uX2lkIjotMSwidXNlcl9pZCI6LTF9.9nAKDxl-tE8OPV6W9aPe-GksulnS7gA7gmzobLGL2SE HTTP/1.1[0m" 403 -
127.0.0.1 - - [04/May/2021 00:38:59] "[31m[1mGET /channels/listall/v2?token=eyJ0eXAiOiJKV1QiLCJhbGciOiJIUzI1NiJ9.eyJzZXNzaW9uX2lkIjotMSwidXNlcl9pZCI6LTF9.9nAKDxl-tE8OPV6W9aPe-GksulnS7gA7gmzobLGL2SE HTTP/1.1[0m" 403 -
127.0.0.1 - - [04/May/2021 00:39:00] "[37mDELETE /clear/v1 HTTP/1.1[0m" 200 -
127.0.0.1 - - [04/May/2021 00:39:00] "[37mPOST /auth/register/v2 HTTP/1.1[0m" 200 -
127.0.0.1 - - [04/May/2021 00:39:00] "[37mPOST /auth/register/v2 HTTP/1.1[0m" 200 -
127.0.0.1 - - [04/May/2021 00:39:00] "[37mPOST /dm/create/v1 HTTP/1.1[0m" 200 -
127.0.0.1 - - [04/May/2021 00:39:00] "[37mGET /dm/details/v1?token=eyJ0eXAiOiJKV1QiLCJhbGciOiJIUzI1NiJ9.eyJnaWQiOjE4MywibG9naW5fdGltZSI6MTYyMDA1Mjc0MCwic2FsdCI6ImVlZDIxYmZjLTU0ZGItNGU2YS1iYzQ2LTA3YTBlNjU3Njg0MyJ9.auXX-hfahrHf3o3Bw2jsxcvfNjTO2_lakrR9kZnE-8s&dm_id=185 HTTP/1.1[0m" 200 -
127.0.0.1 - - [04/May/2021 00:39:00] "[37mGET /dm/details/v1?token=eyJ0eXAiOiJKV1QiLCJhbGciOiJIUzI1NiJ9.eyJnaWQiOjE4NCwibG9naW5fdGltZSI6MTYyMDA1Mjc0MCwic2FsdCI6ImFkODJkOTQ2LWUwM2MtNDhiZS1iZDA0LWIyNGRiNDY3N2U1MSJ9.UNcYyQyMsjc8NGR6a0rj1dahrJ_fAB1wPClUdf5GqME&dm_id=185 HTTP/1.1[0m" 200 -
127.0.0.1 - - [04/May/2021 00:39:00] "[37mDELETE /clear/v1 HTTP/1.1[0m" 200 -
127.0.0.1 - - [04/May/2021 00:39:00] "[37mPOST /auth/register/v2 HTTP/1.1[0m" 200 -
127.0.0.1 - - [04/May/2021 00:39:00] "[31m[1mGET /dm/details/v1?token=eyJ0eXAiOiJKV1QiLCJhbGciOiJIUzI1NiJ9.eyJnaWQiOjE4NiwibG9naW5fdGltZSI6MTYyMDA1Mjc0MCwic2FsdCI6ImQwYzk2MDY1LTEwMWYtNDg0Ni1iZWU4LWVhNzcyODkwMWJjNyJ9.Dm4mU4RKKWYkCJehnTc9d7M0WNGhXleshBtVwIOBd7Y&dm_id=-2 HTTP/1.1[0m" 400 -
127.0.0.1 - - [04/May/2021 00:39:00] "[37mDELETE /clear/v1 HTTP/1.1[0m" 200 -
127.0.0.1 - - [04/May/2021 00:39:00] "[37mPOST /auth/register/v2 HTTP/1.1[0m" 200 -
127.0.0.1 - - [04/May/2021 00:39:00] "[37mPOST /auth/register/v2 HTTP/1.1[0m" 200 -
127.0.0.1 - - [04/May/2021 00:39:00] "[37mPOST /auth/register/v2 HTTP/1.1[0m" 200 -
127.0.0.1 - - [04/May/2021 00:39:00] "[37mPOST /dm/create/v1 HTTP/1.1[0m" 200 -
127.0.0.1 - - [04/May/2021 00:39:00] "[31m[1mGET /dm/details/v1?token=eyJ0eXAiOiJKV1QiLCJhbGciOiJIUzI1NiJ9.eyJnaWQiOjE4OSwibG9naW5fdGltZSI6MTYyMDA1Mjc0MCwic2FsdCI6ImE5MDJjNDQ5LWEzNGEtNDBhNi04YTE5LTBmYzY1OWY2ZGYzZSJ9._RL1raOhDM1Ovu70dTkeXQR4zfMjuqP5rOjoNC67eGo&dm_id=190 HTTP/1.1[0m" 403 -
127.0.0.1 - - [04/May/2021 00:39:00] "[37mDELETE /clear/v1 HTTP/1.1[0m" 200 -
127.0.0.1 - - [04/May/2021 00:39:00] "[37mPOST /auth/register/v2 HTTP/1.1[0m" 200 -
127.0.0.1 - - [04/May/2021 00:39:00] "[37mGET /dm/list/v1?token=eyJ0eXAiOiJKV1QiLCJhbGciOiJIUzI1NiJ9.eyJnaWQiOjE5MSwibG9naW5fdGltZSI6MTYyMDA1Mjc0MCwic2FsdCI6IjUxMTA4MDA3LWJkMGMtNDM3OC1iZTFjLTMzM2M1MjdlODdhZSJ9.jkVz_8xvBNcKfVv1Ac8Ro0SyooZfRoCKIpBwYfg_e6Q HTTP/1.1[0m" 200 -
127.0.0.1 - - [04/May/2021 00:39:00] "[37mDELETE /clear/v1 HTTP/1.1[0m" 200 -
127.0.0.1 - - [04/May/2021 00:39:00] "[37mPOST /auth/register/v2 HTTP/1.1[0m" 200 -
127.0.0.1 - - [04/May/2021 00:39:00] "[37mPOST /auth/register/v2 HTTP/1.1[0m" 200 -
127.0.0.1 - - [04/May/2021 00:39:00] "[37mPOST /auth/register/v2 HTTP/1.1[0m" 200 -
127.0.0.1 - - [04/May/2021 00:39:00] "[37mPOST /dm/create/v1 HTTP/1.1[0m" 200 -
127.0.0.1 - - [04/May/2021 00:39:00] "[37mPOST /dm/create/v1 HTTP/1.1[0m" 200 -
127.0.0.1 - - [04/May/2021 00:39:00] "[37mGET /dm/list/v1?token=eyJ0eXAiOiJKV1QiLCJhbGciOiJIUzI1NiJ9.eyJnaWQiOjE5NCwibG9naW5fdGltZSI6MTYyMDA1Mjc0MCwic2FsdCI6IjMyNTJkYzJiLTljNWQtNDgzYy05YTUzLTEyNzExYmJlYjQ4ZSJ9.A9pLbBd204YhRHuESIIVqV-pixD0KvxDxjuz8k4fQyg HTTP/1.1[0m" 200 -
127.0.0.1 - - [04/May/2021 00:39:00] "[37mDELETE /clear/v1 HTTP/1.1[0m" 200 -
127.0.0.1 - - [04/May/2021 00:39:00] "[37mPOST /auth/register/v2 HTTP/1.1[0m" 200 -
127.0.0.1 - - [04/May/2021 00:39:00] "[37mPOST /auth/register/v2 HTTP/1.1[0m" 200 -
127.0.0.1 - - [04/May/2021 00:39:00] "[37mPOST /dm/create/v1 HTTP/1.1[0m" 200 -
127.0.0.1 - - [04/May/2021 00:39:00] "[37mDELETE /clear/v1 HTTP/1.1[0m" 200 -
127.0.0.1 - - [04/May/2021 00:39:00] "[37mPOST /auth/register/v2 HTTP/1.1[0m" 200 -
127.0.0.1 - - [04/May/2021 00:39:00] "[31m[1mPOST /dm/create/v1 HTTP/1.1[0m" 400 -
127.0.0.1 - - [04/May/2021 00:39:00] "[37mDELETE /clear/v1 HTTP/1.1[0m" 200 -
127.0.0.1 - - [04/May/2021 00:39:00] "[37mPOST /auth/register/v2 HTTP/1.1[0m" 200 -
127.0.0.1 - - [04/May/2021 00:39:00] "[31m[1mDELETE /dm/remove/v1 HTTP/1.1[0m" 400 -
127.0.0.1 - - [04/May/2021 00:39:00] "[37mDELETE /clear/v1 HTTP/1.1[0m" 200 -
127.0.0.1 - - [04/May/2021 00:39:00] "[37mPOST /auth/register/v2 HTTP/1.1[0m" 200 -
127.0.0.1 - - [04/May/2021 00:39:00] "[37mPOST /auth/register/v2 HTTP/1.1[0m" 200 -
127.0.0.1 - - [04/May/2021 00:39:00] "[37mPOST /dm/create/v1 HTTP/1.1[0m" 200 -
127.0.0.1 - - [04/May/2021 00:39:00] "[31m[1mDELETE /dm/remove/v1 HTTP/1.1[0m" 403 -
127.0.0.1 - - [04/May/2021 00:39:00] "[37mDELETE /clear/v1 HTTP/1.1[0m" 200 -
127.0.0.1 - - [04/May/2021 00:39:00] "[37mPOST /auth/register/v2 HTTP/1.1[0m" 200 -
127.0.0.1 - - [04/May/2021 00:39:00] "[37mPOST /auth/register/v2 HTTP/1.1[0m" 200 -
127.0.0.1 - - [04/May/2021 00:39:00] "[37mPOST /dm/create/v1 HTTP/1.1[0m" 200 -
127.0.0.1 - - [04/May/2021 00:39:00] "[37mDELETE /dm/remove/v1 HTTP/1.1[0m" 200 -
127.0.0.1 - - [04/May/2021 00:39:00] "[37mGET /dm/list/v1?token=eyJ0eXAiOiJKV1QiLCJhbGciOiJIUzI1NiJ9.eyJnaWQiOjIwNSwibG9naW5fdGltZSI6MTYyMDA1Mjc0MCwic2FsdCI6ImFhYjFhNDUzLWFiMWUtNDBjNC1iOWI3LWM0ZWMzOTRkM2I1NyJ9.-Rq-riw7LmB_O6X8_L0IJIgaDbl2x6dWl7v5Ukks_so HTTP/1.1[0m" 200 -
127.0.0.1 - - [04/May/2021 00:39:00] "[37mDELETE /clear/v1 HTTP/1.1[0m" 200 -
127.0.0.1 - - [04/May/2021 00:39:00] "[37mPOST /auth/register/v2 HTTP/1.1[0m" 200 -
127.0.0.1 - - [04/May/2021 00:39:00] "[37mPOST /auth/register/v2 HTTP/1.1[0m" 200 -
127.0.0.1 - - [04/May/2021 00:39:00] "[31m[1mPOST /dm/invite/v1 HTTP/1.1[0m" 400 -
127.0.0.1 - - [04/May/2021 00:39:00] "[37mDELETE /clear/v1 HTTP/1.1[0m" 200 -
127.0.0.1 - - [04/May/2021 00:39:00] "[37mPOST /auth/register/v2 HTTP/1.1[0m" 200 -
127.0.0.1 - - [04/May/2021 00:39:00] "[37mPOST /auth/register/v2 HTTP/1.1[0m" 200 -
127.0.0.1 - - [04/May/2021 00:39:00] "[37mPOST /auth/register/v2 HTTP/1.1[0m" 200 -
127.0.0.1 - - [04/May/2021 00:39:00] "[37mPOST /dm/create/v1 HTTP/1.1[0m" 200 -
127.0.0.1 - - [04/May/2021 00:39:00] "[31m[1mPOST /dm/invite/v1 HTTP/1.1[0m" 400 -
127.0.0.1 - - [04/May/2021 00:39:00] "[37mDELETE /clear/v1 HTTP/1.1[0m" 200 -
127.0.0.1 - - [04/May/2021 00:39:00] "[37mPOST /auth/register/v2 HTTP/1.1[0m" 200 -
127.0.0.1 - - [04/May/2021 00:39:00] "[37mPOST /auth/register/v2 HTTP/1.1[0m" 200 -
127.0.0.1 - - [04/May/2021 00:39:00] "[37mPOST /auth/register/v2 HTTP/1.1[0m" 200 -
127.0.0.1 - - [04/May/2021 00:39:00] "[37mPOST /dm/create/v1 HTTP/1.1[0m" 200 -
127.0.0.1 - - [04/May/2021 00:39:00] "[31m[1mPOST /dm/invite/v1 HTTP/1.1[0m" 400 -
127.0.0.1 - - [04/May/2021 00:39:00] "[37mDELETE /clear/v1 HTTP/1.1[0m" 200 -
127.0.0.1 - - [04/May/2021 00:39:00] "[37mPOST /auth/register/v2 HTTP/1.1[0m" 200 -
127.0.0.1 - - [04/May/2021 00:39:00] "[37mPOST /auth/register/v2 HTTP/1.1[0m" 200 -
127.0.0.1 - - [04/May/2021 00:39:00] "[37mPOST /auth/register/v2 HTTP/1.1[0m" 200 -
127.0.0.1 - - [04/May/2021 00:39:00] "[37mPOST /dm/create/v1 HTTP/1.1[0m" 200 -
127.0.0.1 - - [04/May/2021 00:39:00] "[37mPOST /dm/invite/v1 HTTP/1.1[0m" 200 -
127.0.0.1 - - [04/May/2021 00:39:00] "[37mGET /dm/list/v1?token=eyJ0eXAiOiJKV1QiLCJhbGciOiJIUzI1NiJ9.eyJnaWQiOjIyMCwibG9naW5fdGltZSI6MTYyMDA1Mjc0MCwic2FsdCI6ImQ0MDg3MzhiLWQwN2UtNGQ3MC1iMzcyLTQ3MDU3ZWU0YTY4YyJ9.60sjGkRAOdctl3NS2Uy5lDlBAs7ryKoDjno4uB8iWB0 HTTP/1.1[0m" 200 -
127.0.0.1 - - [04/May/2021 00:39:00] "[37mDELETE /clear/v1 HTTP/1.1[0m" 200 -
127.0.0.1 - - [04/May/2021 00:39:00] "[37mPOST /auth/register/v2 HTTP/1.1[0m" 200 -
127.0.0.1 - - [04/May/2021 00:39:00] "[37mPOST /auth/register/v2 HTTP/1.1[0m" 200 -
127.0.0.1 - - [04/May/2021 00:39:00] "[37mPOST /auth/register/v2 HTTP/1.1[0m" 200 -
127.0.0.1 - - [04/May/2021 00:39:00] "[37mPOST /dm/create/v1 HTTP/1.1[0m" 200 -
127.0.0.1 - - [04/May/2021 00:39:00] "[31m[1mPOST /dm/leave/v1 HTTP/1.1[0m" 400 -
127.0.0.1 - - [04/May/2021 00:39:00] "[31m[1mPOST /dm/leave/v1 HTTP/1.1[0m" 403 -
127.0.0.1 - - [04/May/2021 00:39:00] "[37mPOST /dm/leave/v1 HTTP/1.1[0m" 200 -
127.0.0.1 - - [04/May/2021 00:39:00] "[37mGET /dm/list/v1?token=eyJ0eXAiOiJKV1QiLCJhbGciOiJIUzI1NiJ9.eyJnaWQiOjIyMywibG9naW5fdGltZSI6MTYyMDA1Mjc0MCwic2FsdCI6IjU5MzcxZDI3LWJkNTMtNDBjNi1iODRkLTAyZDczM2Y4MWNkZCJ9.JXQuxQr7j-2lE4-25nThnoVSEIQopudr9TdWCuMSQMU HTTP/1.1[0m" 200 -
127.0.0.1 - - [04/May/2021 00:39:00] "[37mDELETE /clear/v1 HTTP/1.1[0m" 200 -
127.0.0.1 - - [04/May/2021 00:39:00] "[37mPOST /auth/register/v2 HTTP/1.1[0m" 200 -
127.0.0.1 - - [04/May/2021 00:39:00] "[37mPOST /auth/register/v2 HTTP/1.1[0m" 200 -
127.0.0.1 - - [04/May/2021 00:39:00] "[31m[1mGET /dm/messages/v1?token=eyJ0eXAiOiJKV1QiLCJhbGciOiJIUzI1NiJ9.eyJnaWQiOjIyNiwibG9naW5fdGltZSI6MTYyMDA1Mjc0MCwic2FsdCI6IjRiM2EyN2FlLTI2MjAtNGU3NS04OTg5LTVhOWQyNDY0OTE2ZCJ9.nhtRx7tIFxdoJcBt0B9qqSCSVTAVRasruYrvESlVOhg&dm_id=-1&start=0 HTTP/1.1[0m" 400 -
127.0.0.1 - - [04/May/2021 00:39:00] "[37mDELETE /clear/v1 HTTP/1.1[0m" 200 -
127.0.0.1 - - [04/May/2021 00:39:00] "[37mPOST /auth/register/v2 HTTP/1.1[0m" 200 -
127.0.0.1 - - [04/May/2021 00:39:00] "[37mPOST /auth/register/v2 HTTP/1.1[0m" 200 -
127.0.0.1 - - [04/May/2021 00:39:00] "[37mPOST /dm/create/v1 HTTP/1.1[0m" 200 -
127.0.0.1 - - [04/May/2021 00:39:00] "[31m[1mGET /dm/messages/v1?token=eyJ0eXAiOiJKV1QiLCJhbGciOiJIUzI1NiJ9.eyJnaWQiOjIyOCwibG9naW5fdGltZSI6MTYyMDA1Mjc0MCwic2FsdCI6IjYwNzhlNzExLTIzNzItNDAwOC05NzBhLTNhMmY3YzNjYmU1MiJ9.Mty_cHMd47bTD1Vzhk37jfm1qs7PpS9Q_MCRsVxhC3g&dm_id=230&start=1 HTTP/1.1[0m" 400 -
127.0.0.1 - - [04/May/2021 00:39:00] "[37mDELETE /clear/v1 HTTP/1.1[0m" 200 -
127.0.0.1 - - [04/May/2021 00:39:00] "[37mPOST /auth/register/v2 HTTP/1.1[0m" 200 -
127.0.0.1 - - [04/May/2021 00:39:00] "[37mPOST /auth/register/v2 HTTP/1.1[0m" 200 -
127.0.0.1 - - [04/May/2021 00:39:00] "[37mPOST /auth/register/v2 HTTP/1.1[0m" 200 -
127.0.0.1 - - [04/May/2021 00:39:00] "[37mPOST /dm/create/v1 HTTP/1.1[0m" 200 -
127.0.0.1 - - [04/May/2021 00:39:00] "[31m[1mGET /dm/messages/v1?token=eyJ0eXAiOiJKV1QiLCJhbGciOiJIUzI1NiJ9.eyJnaWQiOjIzMywibG9naW5fdGltZSI6MTYyMDA1Mjc0MCwic2FsdCI6IjM0YmNiN2RmLTQ0ODUtNDVjNy1iZTZjLTMzNzg1NmVmN2UwMCJ9.Lh4KVnVNgpKVfdoAXUa39MGVT-Fi3OLXLjQT6YfeoLo&dm_id=234&start=0 HTTP/1.1[0m" 403 -
127.0.0.1 - - [04/May/2021 00:39:00] "[37mDELETE /clear/v1 HTTP/1.1[0m" 200 -
127.0.0.1 - - [04/May/2021 00:39:00] "[37mPOST /auth/register/v2 HTTP/1.1[0m" 200 -
127.0.0.1 - - [04/May/2021 00:39:00] "[37mPOST /auth/register/v2 HTTP/1.1[0m" 200 -
127.0.0.1 - - [04/May/2021 00:39:00] "[37mPOST /auth/register/v2 HTTP/1.1[0m" 200 -
127.0.0.1 - - [04/May/2021 00:39:00] "[37mPOST /dm/create/v1 HTTP/1.1[0m" 200 -
127.0.0.1 - - [04/May/2021 00:39:00] "[37mPOST /message/senddm/v1 HTTP/1.1[0m" 200 -
127.0.0.1 - - [04/May/2021 00:39:00] "[37mGET /dm/messages/v1?token=eyJ0eXAiOiJKV1QiLCJhbGciOiJIUzI1NiJ9.eyJnaWQiOjIzNSwibG9naW5fdGltZSI6MTYyMDA1Mjc0MCwic2FsdCI6ImQyZjFjZjI4LTA5MmMtNGNmNi1iOTIxLWIxZDI2MjFjMzNjMyJ9.8QZg0SOd3pt7jOgUFLsq8CIZDjbKdqF02Yf0YFPYDJQ&dm_id=238&start=0 HTTP/1.1[0m" 200 -
127.0.0.1 - - [04/May/2021 00:39:00] "[37mPOST /dm/create/v1 HTTP/1.1[0m" 200 -
127.0.0.1 - - [04/May/2021 00:39:00] "[37mPOST /message/senddm/v1 HTTP/1.1[0m" 200 -
127.0.0.1 - - [04/May/2021 00:39:00] "[37mPOST /message/senddm/v1 HTTP/1.1[0m" 200 -
127.0.0.1 - - [04/May/2021 00:39:00] "[37mPOST /message/senddm/v1 HTTP/1.1[0m" 200 -
127.0.0.1 - - [04/May/2021 00:39:00] "[37mPOST /message/senddm/v1 HTTP/1.1[0m" 200 -
127.0.0.1 - - [04/May/2021 00:39:00] "[37mPOST /message/senddm/v1 HTTP/1.1[0m" 200 -
127.0.0.1 - - [04/May/2021 00:39:00] "[37mPOST /message/senddm/v1 HTTP/1.1[0m" 200 -
127.0.0.1 - - [04/May/2021 00:39:00] "[37mPOST /message/senddm/v1 HTTP/1.1[0m" 200 -
127.0.0.1 - - [04/May/2021 00:39:00] "[37mPOST /message/senddm/v1 HTTP/1.1[0m" 200 -
127.0.0.1 - - [04/May/2021 00:39:00] "[37mPOST /message/senddm/v1 HTTP/1.1[0m" 200 -
127.0.0.1 - - [04/May/2021 00:39:00] "[37mPOST /message/senddm/v1 HTTP/1.1[0m" 200 -
127.0.0.1 - - [04/May/2021 00:39:00] "[37mPOST /message/senddm/v1 HTTP/1.1[0m" 200 -
127.0.0.1 - - [04/May/2021 00:39:00] "[37mPOST /message/senddm/v1 HTTP/1.1[0m" 200 -
127.0.0.1 - - [04/May/2021 00:39:00] "[37mPOST /message/senddm/v1 HTTP/1.1[0m" 200 -
127.0.0.1 - - [04/May/2021 00:39:00] "[37mPOST /message/senddm/v1 HTTP/1.1[0m" 200 -
127.0.0.1 - - [04/May/2021 00:39:00] "[37mPOST /message/senddm/v1 HTTP/1.1[0m" 200 -
127.0.0.1 - - [04/May/2021 00:39:00] "[37mPOST /message/senddm/v1 HTTP/1.1[0m" 200 -
127.0.0.1 - - [04/May/2021 00:39:00] "[37mPOST /message/senddm/v1 HTTP/1.1[0m" 200 -
127.0.0.1 - - [04/May/2021 00:39:00] "[37mPOST /message/senddm/v1 HTTP/1.1[0m" 200 -
127.0.0.1 - - [04/May/2021 00:39:00] "[37mPOST /message/senddm/v1 HTTP/1.1[0m" 200 -
127.0.0.1 - - [04/May/2021 00:39:00] "[37mPOST /message/senddm/v1 HTTP/1.1[0m" 200 -
127.0.0.1 - - [04/May/2021 00:39:00] "[37mPOST /message/senddm/v1 HTTP/1.1[0m" 200 -
127.0.0.1 - - [04/May/2021 00:39:00] "[37mPOST /message/senddm/v1 HTTP/1.1[0m" 200 -
127.0.0.1 - - [04/May/2021 00:39:00] "[37mPOST /message/senddm/v1 HTTP/1.1[0m" 200 -
127.0.0.1 - - [04/May/2021 00:39:00] "[37mPOST /message/senddm/v1 HTTP/1.1[0m" 200 -
127.0.0.1 - - [04/May/2021 00:39:00] "[37mPOST /message/senddm/v1 HTTP/1.1[0m" 200 -
127.0.0.1 - - [04/May/2021 00:39:00] "[37mPOST /message/senddm/v1 HTTP/1.1[0m" 200 -
127.0.0.1 - - [04/May/2021 00:39:00] "[37mPOST /message/senddm/v1 HTTP/1.1[0m" 200 -
127.0.0.1 - - [04/May/2021 00:39:00] "[37mPOST /message/senddm/v1 HTTP/1.1[0m" 200 -
127.0.0.1 - - [04/May/2021 00:39:00] "[37mPOST /message/senddm/v1 HTTP/1.1[0m" 200 -
127.0.0.1 - - [04/May/2021 00:39:00] "[37mPOST /message/senddm/v1 HTTP/1.1[0m" 200 -
127.0.0.1 - - [04/May/2021 00:39:00] "[37mPOST /message/senddm/v1 HTTP/1.1[0m" 200 -
127.0.0.1 - - [04/May/2021 00:39:00] "[37mPOST /message/senddm/v1 HTTP/1.1[0m" 200 -
127.0.0.1 - - [04/May/2021 00:39:00] "[37mPOST /message/senddm/v1 HTTP/1.1[0m" 200 -
127.0.0.1 - - [04/May/2021 00:39:00] "[37mPOST /message/senddm/v1 HTTP/1.1[0m" 200 -
127.0.0.1 - - [04/May/2021 00:39:00] "[37mPOST /message/senddm/v1 HTTP/1.1[0m" 200 -
127.0.0.1 - - [04/May/2021 00:39:00] "[37mPOST /message/senddm/v1 HTTP/1.1[0m" 200 -
127.0.0.1 - - [04/May/2021 00:39:00] "[37mPOST /message/senddm/v1 HTTP/1.1[0m" 200 -
127.0.0.1 - - [04/May/2021 00:39:00] "[37mPOST /message/senddm/v1 HTTP/1.1[0m" 200 -
127.0.0.1 - - [04/May/2021 00:39:00] "[37mPOST /message/senddm/v1 HTTP/1.1[0m" 200 -
127.0.0.1 - - [04/May/2021 00:39:00] "[37mPOST /message/senddm/v1 HTTP/1.1[0m" 200 -
127.0.0.1 - - [04/May/2021 00:39:00] "[37mPOST /message/senddm/v1 HTTP/1.1[0m" 200 -
127.0.0.1 - - [04/May/2021 00:39:00] "[37mPOST /message/senddm/v1 HTTP/1.1[0m" 200 -
127.0.0.1 - - [04/May/2021 00:39:00] "[37mPOST /message/senddm/v1 HTTP/1.1[0m" 200 -
127.0.0.1 - - [04/May/2021 00:39:00] "[37mPOST /message/senddm/v1 HTTP/1.1[0m" 200 -
127.0.0.1 - - [04/May/2021 00:39:00] "[37mPOST /message/senddm/v1 HTTP/1.1[0m" 200 -
127.0.0.1 - - [04/May/2021 00:39:00] "[37mPOST /message/senddm/v1 HTTP/1.1[0m" 200 -
127.0.0.1 - - [04/May/2021 00:39:00] "[37mPOST /message/senddm/v1 HTTP/1.1[0m" 200 -
127.0.0.1 - - [04/May/2021 00:39:00] "[37mPOST /message/senddm/v1 HTTP/1.1[0m" 200 -
127.0.0.1 - - [04/May/2021 00:39:00] "[37mPOST /message/senddm/v1 HTTP/1.1[0m" 200 -
127.0.0.1 - - [04/May/2021 00:39:00] "[37mPOST /message/senddm/v1 HTTP/1.1[0m" 200 -
127.0.0.1 - - [04/May/2021 00:39:00] "[37mGET /dm/messages/v1?token=eyJ0eXAiOiJKV1QiLCJhbGciOiJIUzI1NiJ9.eyJnaWQiOjIzNSwibG9naW5fdGltZSI6MTYyMDA1Mjc0MCwic2FsdCI6ImQyZjFjZjI4LTA5MmMtNGNmNi1iOTIxLWIxZDI2MjFjMzNjMyJ9.8QZg0SOd3pt7jOgUFLsq8CIZDjbKdqF02Yf0YFPYDJQ&dm_id=240&start=0 HTTP/1.1[0m" 200 -
127.0.0.1 - - [04/May/2021 00:39:00] "[33mGET /echo?data=hello HTTP/1.1[0m" 404 -
127.0.0.1 - - [04/May/2021 00:39:00] "[37mDELETE /clear/v1 HTTP/1.1[0m" 200 -
127.0.0.1 - - [04/May/2021 00:39:00] "[37mPOST /auth/register/v2 HTTP/1.1[0m" 200 -
127.0.0.1 - - [04/May/2021 00:39:00] "[37mPOST /auth/register/v2 HTTP/1.1[0m" 200 -
127.0.0.1 - - [04/May/2021 00:39:00] "[37mPOST /auth/register/v2 HTTP/1.1[0m" 200 -
127.0.0.1 - - [04/May/2021 00:39:00] "[37mPOST /auth/register/v2 HTTP/1.1[0m" 200 -
127.0.0.1 - - [04/May/2021 00:39:00] "[37mPOST /channels/create/v2 HTTP/1.1[0m" 200 -
127.0.0.1 - - [04/May/2021 00:39:00] "[37mPOST /channel/join/v2 HTTP/1.1[0m" 200 -
127.0.0.1 - - [04/May/2021 00:39:00] "[37mPOST /channel/join/v2 HTTP/1.1[0m" 200 -
127.0.0.1 - - [04/May/2021 00:39:00] "[31m[1mPOST /message/send/v2 HTTP/1.1[0m" 400 -
127.0.0.1 - - [04/May/2021 00:39:00] "[31m[1mPOST /message/send/v2 HTTP/1.1[0m" 403 -
127.0.0.1 - - [04/May/2021 00:39:00] "[37mPOST /message/send/v2 HTTP/1.1[0m" 200 -
127.0.0.1 - - [04/May/2021 00:39:00] "[37mGET /channel/messages/v2?token=eyJ0eXAiOiJKV1QiLCJhbGciOiJIUzI1NiJ9.eyJnaWQiOjI5MSwibG9naW5fdGltZSI6MTYyMDA1Mjc0MCwic2FsdCI6ImMxZjg0ODYxLTk2NTItNDE0Mi1hN2VhLWYxZThlYTA3MWY0OCJ9.2qFZ_b5DQPJuKxLxSe4XiDw5uy2A9AJWAnHI24E4nNk&channel_id=295&start=0 HTTP/1.1[0m" 200 -
127.0.0.1 - - [04/May/2021 00:39:00] "[37mDELETE /clear/v1 HTTP/1.1[0m" 200 -
127.0.0.1 - - [04/May/2021 00:39:00] "[37mPOST /auth/register/v2 HTTP/1.1[0m" 200 -
127.0.0.1 - - [04/May/2021 00:39:00] "[37mPOST /auth/register/v2 HTTP/1.1[0m" 200 -
127.0.0.1 - - [04/May/2021 00:39:00] "[37mPOST /auth/register/v2 HTTP/1.1[0m" 200 -
127.0.0.1 - - [04/May/2021 00:39:00] "[37mPOST /auth/register/v2 HTTP/1.1[0m" 200 -
127.0.0.1 - - [04/May/2021 00:39:00] "[37mPOST /channels/create/v2 HTTP/1.1[0m" 200 -
127.0.0.1 - - [04/May/2021 00:39:00] "[37mPOST /channel/join/v2 HTTP/1.1[0m" 200 -
127.0.0.1 - - [04/May/2021 00:39:00] "[37mPOST /channel/join/v2 HTTP/1.1[0m" 200 -
127.0.0.1 - - [04/May/2021 00:39:00] "[37mPOST /channel/join/v2 HTTP/1.1[0m" 200 -
127.0.0.1 - - [04/May/2021 00:39:00] "[37mPOST /message/send/v2 HTTP/1.1[0m" 200 -
127.0.0.1 - - [04/May/2021 00:39:00] "[37mPOST /message/send/v2 HTTP/1.1[0m" 200 -
127.0.0.1 - - [04/May/2021 00:39:00] "[37mPOST /message/send/v2 HTTP/1.1[0m" 200 -
127.0.0.1 - - [04/May/2021 00:39:00] "[37mPOST /message/send/v2 HTTP/1.1[0m" 200 -
127.0.0.1 - - [04/May/2021 00:39:00] "[37mPUT /message/edit/v2 HTTP/1.1[0m" 200 -
127.0.0.1 - - [04/May/2021 00:39:00] "[37mGET /channel/messages/v2?token=eyJ0eXAiOiJKV1QiLCJhbGciOiJIUzI1NiJ9.eyJnaWQiOjI5NywibG9naW5fdGltZSI6MTYyMDA1Mjc0MCwic2FsdCI6ImE3M2RiOTNhLTJhNzYtNDZlOS1iOWVmLThjYzEwZDBiZjNlMSJ9.Y9Z8qqA14NWRzYyDsHJWeI6sFFDk0URlUWI1dyM0_vY&channel_id=301&start=0 HTTP/1.1[0m" 200 -
127.0.0.1 - - [04/May/2021 00:39:00] "[37mPUT /message/edit/v2 HTTP/1.1[0m" 200 -
127.0.0.1 - - [04/May/2021 00:39:00] "[37mGET /channel/messages/v2?token=eyJ0eXAiOiJKV1QiLCJhbGciOiJIUzI1NiJ9.eyJnaWQiOjI5OCwibG9naW5fdGltZSI6MTYyMDA1Mjc0MCwic2FsdCI6IjQwMDkwYzIxLThjZGItNGRiNy1iMTJjLThlZTA4ZDcwMDM3MiJ9.2zbt8FOACO8VQPrdgftgm8e4nqrv4JZv45W9g-1b-iA&channel_id=301&start=0 HTTP/1.1[0m" 200 -
127.0.0.1 - - [04/May/2021 00:39:00] "[37mPUT /message/edit/v2 HTTP/1.1[0m" 200 -
127.0.0.1 - - [04/May/2021 00:39:00] "[37mGET /channel/messages/v2?token=eyJ0eXAiOiJKV1QiLCJhbGciOiJIUzI1NiJ9.eyJnaWQiOjI5OSwibG9naW5fdGltZSI6MTYyMDA1Mjc0MCwic2FsdCI6ImVmM2I1MzBiLWU0MWQtNGNmNC05M2Q5LTc1ZDg4ODIzZDkyZiJ9.5HxyPWUZ-Z79W_va4-2vWiQUTOa8tB9nGHfYg8tdmUM&channel_id=301&start=0 HTTP/1.1[0m" 200 -
127.0.0.1 - - [04/May/2021 00:39:00] "[31m[1mPUT /message/edit/v2 HTTP/1.1[0m" 403 -
127.0.0.1 - - [04/May/2021 00:39:00] "[37mPUT /message/edit/v2 HTTP/1.1[0m" 200 -
127.0.0.1 - - [04/May/2021 00:39:00] "[37mGET /channel/messages/v2?token=eyJ0eXAiOiJKV1QiLCJhbGciOiJIUzI1NiJ9.eyJnaWQiOjI5OSwibG9naW5fdGltZSI6MTYyMDA1Mjc0MCwic2FsdCI6ImVmM2I1MzBiLWU0MWQtNGNmNC05M2Q5LTc1ZDg4ODIzZDkyZiJ9.5HxyPWUZ-Z79W_va4-2vWiQUTOa8tB9nGHfYg8tdmUM&channel_id=301&start=0 HTTP/1.1[0m" 200 -
127.0.0.1 - - [04/May/2021 00:39:00] "[31m[1mPUT /message/edit/v2 HTTP/1.1[0m" 400 -
127.0.0.1 - - [04/May/2021 00:39:00] "[31m[1mPUT /message/edit/v2 HTTP/1.1[0m" 400 -
127.0.0.1 - - [04/May/2021 00:39:00] "[37mPOST /dm/create/v1 HTTP/1.1[0m" 200 -
127.0.0.1 - - [04/May/2021 00:39:00] "[37mPOST /message/senddm/v1 HTTP/1.1[0m" 200 -
127.0.0.1 - - [04/May/2021 00:39:00] "[31m[1mPUT /message/edit/v2 HTTP/1.1[0m" 403 -
127.0.0.1 - - [04/May/2021 00:39:00] "[37mDELETE /clear/v1 HTTP/1.1[0m" 200 -
127.0.0.1 - - [04/May/2021 00:39:00] "[37mPOST /auth/register/v2 HTTP/1.1[0m" 200 -
127.0.0.1 - - [04/May/2021 00:39:00] "[37mPOST /auth/register/v2 HTTP/1.1[0m" 200 -
127.0.0.1 - - [04/May/2021 00:39:00] "[37mPOST /auth/register/v2 HTTP/1.1[0m" 200 -
127.0.0.1 - - [04/May/2021 00:39:00] "[37mPOST /auth/register/v2 HTTP/1.1[0m" 200 -
127.0.0.1 - - [04/May/2021 00:39:00] "[37mPOST /channels/create/v2 HTTP/1.1[0m" 200 -
127.0.0.1 - - [04/May/2021 00:39:00] "[37mPOST /channel/join/v2 HTTP/1.1[0m" 200 -
127.0.0.1 - - [04/May/2021 00:39:00] "[37mPOST /channel/join/v2 HTTP/1.1[0m" 200 -
127.0.0.1 - - [04/May/2021 00:39:00] "[37mPOST /channel/join/v2 HTTP/1.1[0m" 200 -
127.0.0.1 - - [04/May/2021 00:39:00] "[37mPOST /message/send/v2 HTTP/1.1[0m" 200 -
127.0.0.1 - - [04/May/2021 00:39:00] "[37mPOST /message/send/v2 HTTP/1.1[0m" 200 -
127.0.0.1 - - [04/May/2021 00:39:00] "[37mPOST /message/send/v2 HTTP/1.1[0m" 200 -
127.0.0.1 - - [04/May/2021 00:39:00] "[37mPOST /message/send/v2 HTTP/1.1[0m" 200 -
127.0.0.1 - - [04/May/2021 00:39:00] "[37mDELETE /message/remove/v1 HTTP/1.1[0m" 200 -
127.0.0.1 - - [04/May/2021 00:39:00] "[37mGET /channel/messages/v2?token=eyJ0eXAiOiJKV1QiLCJhbGciOiJIUzI1NiJ9.eyJnaWQiOjMwOCwibG9naW5fdGltZSI6MTYyMDA1Mjc0MCwic2FsdCI6Ijg4M2FhYTJlLTEwOWItNDNmYi05ZmRkLTljNzFlYjZmNzMwNCJ9._SXNVlc1EkgdIunYdR1uTGokHgJOiJQ2_av4rryfBM8&channel_id=312&start=0 HTTP/1.1[0m" 200 -
127.0.0.1 - - [04/May/2021 00:39:00] "[37mDELETE /message/remove/v1 HTTP/1.1[0m" 200 -
127.0.0.1 - - [04/May/2021 00:39:00] "[37mGET /channel/messages/v2?token=eyJ0eXAiOiJKV1QiLCJhbGciOiJIUzI1NiJ9.eyJnaWQiOjMwOSwibG9naW5fdGltZSI6MTYyMDA1Mjc0MCwic2FsdCI6ImY3MzZjMTBjLWUyNjEtNGFhZC1iODc2LWQyZmFmZmQ2NDRlNSJ9.kfIUTQVX4RNwziOstyLehm_076S6rku-GDwI9xs46_k&channel_id=312&start=0 HTTP/1.1[0m" 200 -
127.0.0.1 - - [04/May/2021 00:39:00] "[37mDELETE /message/remove/v1 HTTP/1.1[0m" 200 -
127.0.0.1 - - [04/May/2021 00:39:00] "[37mGET /channel/messages/v2?token=eyJ0eXAiOiJKV1QiLCJhbGciOiJIUzI1NiJ9.eyJnaWQiOjMxMCwibG9naW5fdGltZSI6MTYyMDA1Mjc0MCwic2FsdCI6IjgxMmM2MDljLTY4MDctNDRiZi1iMTMyLWM3YzlmYzkyNzJhMCJ9.53y3wODVa8EUYNhiYNRkFZU3ZUQq2m9NZXgHIYh8eSE&channel_id=312&start=0 HTTP/1.1[0m" 200 -
127.0.0.1 - - [04/May/2021 00:39:00] "[31m[1mDELETE /message/remove/v1 HTTP/1.1[0m" 403 -
127.0.0.1 - - [04/May/2021 00:39:00] "[31m[1mDELETE /message/remove/v1 HTTP/1.1[0m" 400 -
127.0.0.1 - - [04/May/2021 00:39:00] "[37mDELETE /clear/v1 HTTP/1.1[0m" 200 -
127.0.0.1 - - [04/May/2021 00:39:00] "[37mPOST /auth/register/v2 HTTP/1.1[0m" 200 -
127.0.0.1 - - [04/May/2021 00:39:00] "[37mPOST /auth/register/v2 HTTP/1.1[0m" 200 -
127.0.0.1 - - [04/May/2021 00:39:00] "[37mPOST /auth/register/v2 HTTP/1.1[0m" 200 -
127.0.0.1 - - [04/May/2021 00:39:00] "[37mPOST /auth/register/v2 HTTP/1.1[0m" 200 -
127.0.0.1 - - [04/May/2021 00:39:00] "[37mPOST /channels/create/v2 HTTP/1.1[0m" 200 -
127.0.0.1 - - [04/May/2021 00:39:00] "[37mPOST /channel/invite/v2 HTTP/1.1[0m" 200 -
127.0.0.1 - - [04/May/2021 00:39:00] "[37mPOST /dm/create/v1 HTTP/1.1[0m" 200 -
127.0.0.1 - - [04/May/2021 00:39:00] "[37mPOST /message/send/v2 HTTP/1.1[0m" 200 -
127.0.0.1 - - [04/May/2021 00:39:00] "[37mPOST /message/share/v1 HTTP/1.1[0m" 200 -
127.0.0.1 - - [04/May/2021 00:39:00] "[37mGET /dm/messages/v1?token=eyJ0eXAiOiJKV1QiLCJhbGciOiJIUzI1NiJ9.eyJnaWQiOjMxOCwibG9naW5fdGltZSI6MTYyMDA1Mjc0MCwic2FsdCI6Ijc2ZDBiOTU2LTg1NzEtNDQxNi05YmFjLTczNWIxMzg3ODIwZCJ9.ABXOLwbIZrvfmcaA6hfMyUjPZA4V76pj073RSOUNNk8&dm_id=322&start=0 HTTP/1.1[0m" 200 -
127.0.0.1 - - [04/May/2021 00:39:00] "[31m[1mPOST /message/share/v1 HTTP/1.1[0m" 403 -
127.0.0.1 - - [04/May/2021 00:39:00] "[37mDELETE /clear/v1 HTTP/1.1[0m" 200 -
127.0.0.1 - - [04/May/2021 00:39:00] "[37mPOST /auth/register/v2 HTTP/1.1[0m" 200 -
127.0.0.1 - - [04/May/2021 00:39:00] "[37mPOST /auth/register/v2 HTTP/1.1[0m" 200 -
127.0.0.1 - - [04/May/2021 00:39:00] "[37mPOST /auth/register/v2 HTTP/1.1[0m" 200 -
127.0.0.1 - - [04/May/2021 00:39:00] "[37mPOST /dm/create/v1 HTTP/1.1[0m" 200 -
127.0.0.1 - - [04/May/2021 00:39:00] "[31m[1mPOST /message/senddm/v1 HTTP/1.1[0m" 403 -
127.0.0.1 - - [04/May/2021 00:39:00] "[37mDELETE /clear/v1 HTTP/1.1[0m" 200 -
127.0.0.1 - - [04/May/2021 00:39:00] "[37mPOST /auth/register/v2 HTTP/1.1[0m" 200 -
127.0.0.1 - - [04/May/2021 00:39:00] "[37mPOST /auth/register/v2 HTTP/1.1[0m" 200 -
127.0.0.1 - - [04/May/2021 00:39:01] "[37mPOST /dm/create/v1 HTTP/1.1[0m" 200 -
127.0.0.1 - - [04/May/2021 00:39:01] "[31m[1mPOST /message/senddm/v1 HTTP/1.1[0m" 400 -
127.0.0.1 - - [04/May/2021 00:39:01] "[37mDELETE /clear/v1 HTTP/1.1[0m" 200 -
127.0.0.1 - - [04/May/2021 00:39:01] "[37mPOST /auth/register/v2 HTTP/1.1[0m" 200 -
127.0.0.1 - - [04/May/2021 00:39:01] "[37mPOST /auth/register/v2 HTTP/1.1[0m" 200 -
127.0.0.1 - - [04/May/2021 00:39:01] "[37mPOST /dm/create/v1 HTTP/1.1[0m" 200 -
127.0.0.1 - - [04/May/2021 00:39:01] "[37mPOST /message/senddm/v1 HTTP/1.1[0m" 200 -
127.0.0.1 - - [04/May/2021 00:39:01] "[37mPOST /message/senddm/v1 HTTP/1.1[0m" 200 -
127.0.0.1 - - [04/May/2021 00:39:01] "[37mPOST /message/senddm/v1 HTTP/1.1[0m" 200 -
127.0.0.1 - - [04/May/2021 00:39:01] "[37mPOST /message/senddm/v1 HTTP/1.1[0m" 200 -
127.0.0.1 - - [04/May/2021 00:39:01] "[37mDELETE /clear/v1 HTTP/1.1[0m" 200 -
127.0.0.1 - - [04/May/2021 00:39:01] "[37mPOST /auth/register/v2 HTTP/1.1[0m" 200 -
127.0.0.1 - - [04/May/2021 00:39:01] "[37mPOST /channels/create/v2 HTTP/1.1[0m" 200 -
127.0.0.1 - - [04/May/2021 00:39:01] "[37mPOST /message/send/v2 HTTP/1.1[0m" 200 -
127.0.0.1 - - [04/May/2021 00:39:01] "[37mPOST /message/send/v2 HTTP/1.1[0m" 200 -
127.0.0.1 - - [04/May/2021 00:39:01] "[37mGET /channel/messages/v2?token=eyJ0eXAiOiJKV1QiLCJhbGciOiJIUzI1NiJ9.eyJnaWQiOjMzOSwibG9naW5fdGltZSI6MTYyMDA1Mjc0MSwic2FsdCI6Ijg4Y2UyYTlmLTkwMjctNDk0MC1iNGJlLTk0NzE0ODA4ZDBlNCJ9.65c0a5nq36-gYvctWNcqUHIyuPb0HEHRJEnBjLG2G-0&channel_id=340&start=0 HTTP/1.1[0m" 200 -
127.0.0.1 - - [04/May/2021 00:39:01] "[37mPOST /message/pin/v1 HTTP/1.1[0m" 200 -
127.0.0.1 - - [04/May/2021 00:39:01] "[37mGET /channel/messages/v2?token=eyJ0eXAiOiJKV1QiLCJhbGciOiJIUzI1NiJ9.eyJnaWQiOjMzOSwibG9naW5fdGltZSI6MTYyMDA1Mjc0MSwic2FsdCI6Ijg4Y2UyYTlmLTkwMjctNDk0MC1iNGJlLTk0NzE0ODA4ZDBlNCJ9.65c0a5nq36-gYvctWNcqUHIyuPb0HEHRJEnBjLG2G-0&channel_id=340&start=0 HTTP/1.1[0m" 200 -
127.0.0.1 - - [04/May/2021 00:39:01] "[37mDELETE /clear/v1 HTTP/1.1[0m" 200 -
127.0.0.1 - - [04/May/2021 00:39:01] "[37mPOST /auth/register/v2 HTTP/1.1[0m" 200 -
127.0.0.1 - - [04/May/2021 00:39:01] "[37mPOST /auth/register/v2 HTTP/1.1[0m" 200 -
127.0.0.1 - - [04/May/2021 00:39:01] "[37mPOST /dm/create/v1 HTTP/1.1[0m" 200 -
127.0.0.1 - - [04/May/2021 00:39:01] "[37mPOST /message/senddm/v1 HTTP/1.1[0m" 200 -
127.0.0.1 - - [04/May/2021 00:39:01] "[37mPOST /message/senddm/v1 HTTP/1.1[0m" 200 -
127.0.0.1 - - [04/May/2021 00:39:01] "[37mGET /dm/messages/v1?token=eyJ0eXAiOiJKV1QiLCJhbGciOiJIUzI1NiJ9.eyJnaWQiOjM0NCwibG9naW5fdGltZSI6MTYyMDA1Mjc0MSwic2FsdCI6IjYzZWMzNWIyLWY0OGYtNDUxMy1hYmVlLTY5YmE2MmNiNTM1ZSJ9.qzxKoqSS_FXgLvYCXVg0u25ElEEfNyVLkRxyAstsMSE&dm_id=345&start=0 HTTP/1.1[0m" 200 -
127.0.0.1 - - [04/May/2021 00:39:01] "[37mPOST /message/pin/v1 HTTP/1.1[0m" 200 -
127.0.0.1 - - [04/May/2021 00:39:01] "[37mGET /dm/messages/v1?token=eyJ0eXAiOiJKV1QiLCJhbGciOiJIUzI1NiJ9.eyJnaWQiOjM0MywibG9naW5fdGltZSI6MTYyMDA1Mjc0MSwic2FsdCI6IjIyZTk3N2U2LWVmOTItNDMxNi1iMTVmLTYyYmRmZDIzMjg4MCJ9.9M7Zz_H0Nt2r3QkuUIP9rrQMIJiOWFS2IVGzdlld-iA&dm_id=345&start=0 HTTP/1.1[0m" 200 -
127.0.0.1 - - [04/May/2021 00:39:01] "[37mDELETE /clear/v1 HTTP/1.1[0m" 200 -
127.0.0.1 - - [04/May/2021 00:39:01] "[37mPOST /auth/register/v2 HTTP/1.1[0m" 200 -
127.0.0.1 - - [04/May/2021 00:39:01] "[31m[1mPOST /message/pin/v1 HTTP/1.1[0m" 400 -
127.0.0.1 - - [04/May/2021 00:39:01] "[37mDELETE /clear/v1 HTTP/1.1[0m" 200 -
127.0.0.1 - - [04/May/2021 00:39:01] "[37mPOST /auth/register/v2 HTTP/1.1[0m" 200 -
127.0.0.1 - - [04/May/2021 00:39:01] "[37mPOST /auth/register/v2 HTTP/1.1[0m" 200 -
127.0.0.1 - - [04/May/2021 00:39:01] "[37mPOST /channels/create/v2 HTTP/1.1[0m" 200 -
127.0.0.1 - - [04/May/2021 00:39:01] "[37mPOST /message/send/v2 HTTP/1.1[0m" 200 -
127.0.0.1 - - [04/May/2021 00:39:01] "[37mPOST /message/pin/v1 HTTP/1.1[0m" 200 -
127.0.0.1 - - [04/May/2021 00:39:01] "[31m[1mPOST /message/pin/v1 HTTP/1.1[0m" 400 -
127.0.0.1 - - [04/May/2021 00:39:01] "[37mPOST /dm/create/v1 HTTP/1.1[0m" 200 -
127.0.0.1 - - [04/May/2021 00:39:01] "[37mPOST /message/senddm/v1 HTTP/1.1[0m" 200 -
127.0.0.1 - - [04/May/2021 00:39:01] "[37mPOST /message/pin/v1 HTTP/1.1[0m" 200 -
127.0.0.1 - - [04/May/2021 00:39:01] "[31m[1mPOST /message/pin/v1 HTTP/1.1[0m" 400 -
127.0.0.1 - - [04/May/2021 00:39:01] "[37mDELETE /clear/v1 HTTP/1.1[0m" 200 -
127.0.0.1 - - [04/May/2021 00:39:01] "[37mPOST /auth/register/v2 HTTP/1.1[0m" 200 -
127.0.0.1 - - [04/May/2021 00:39:01] "[37mPOST /auth/register/v2 HTTP/1.1[0m" 200 -
127.0.0.1 - - [04/May/2021 00:39:01] "[37mPOST /auth/register/v2 HTTP/1.1[0m" 200 -
127.0.0.1 - - [04/May/2021 00:39:01] "[37mPOST /channels/create/v2 HTTP/1.1[0m" 200 -
127.0.0.1 - - [04/May/2021 00:39:01] "[37mPOST /message/send/v2 HTTP/1.1[0m" 200 -
127.0.0.1 - - [04/May/2021 00:39:01] "[31m[1mPOST /message/pin/v1 HTTP/1.1[0m" 403 -
127.0.0.1 - - [04/May/2021 00:39:01] "[37mPOST /dm/create/v1 HTTP/1.1[0m" 200 -
127.0.0.1 - - [04/May/2021 00:39:01] "[37mPOST /message/senddm/v1 HTTP/1.1[0m" 200 -
127.0.0.1 - - [04/May/2021 00:39:01] "[31m[1mPOST /message/pin/v1 HTTP/1.1[0m" 403 -
127.0.0.1 - - [04/May/2021 00:39:01] "[37mDELETE /clear/v1 HTTP/1.1[0m" 200 -
127.0.0.1 - - [04/May/2021 00:39:01] "[37mPOST /auth/register/v2 HTTP/1.1[0m" 200 -
127.0.0.1 - - [04/May/2021 00:39:01] "[37mPOST /channels/create/v2 HTTP/1.1[0m" 200 -
127.0.0.1 - - [04/May/2021 00:39:01] "[37mPOST /message/send/v2 HTTP/1.1[0m" 200 -
127.0.0.1 - - [04/May/2021 00:39:01] "[37mPOST /message/send/v2 HTTP/1.1[0m" 200 -
127.0.0.1 - - [04/May/2021 00:39:01] "[37mPOST /message/pin/v1 HTTP/1.1[0m" 200 -
127.0.0.1 - - [04/May/2021 00:39:01] "[37mGET /channel/messages/v2?token=eyJ0eXAiOiJKV1QiLCJhbGciOiJIUzI1NiJ9.eyJnaWQiOjM2MiwibG9naW5fdGltZSI6MTYyMDA1Mjc0MSwic2FsdCI6IjM4Yzc3NmJhLTAzNzEtNDEyMS05YTkxLTM4YTM3N2Q4ZjE3YSJ9.WE7lxOovrIonILMq6OMzvpKtqoNDdMi9pSnZY1dYfj8&channel_id=363&start=0 HTTP/1.1[0m" 200 -
127.0.0.1 - - [04/May/2021 00:39:01] "[37mPOST /message/unpin/v1 HTTP/1.1[0m" 200 -
127.0.0.1 - - [04/May/2021 00:39:01] "[37mGET /channel/messages/v2?token=eyJ0eXAiOiJKV1QiLCJhbGciOiJIUzI1NiJ9.eyJnaWQiOjM2MiwibG9naW5fdGltZSI6MTYyMDA1Mjc0MSwic2FsdCI6IjM4Yzc3NmJhLTAzNzEtNDEyMS05YTkxLTM4YTM3N2Q4ZjE3YSJ9.WE7lxOovrIonILMq6OMzvpKtqoNDdMi9pSnZY1dYfj8&channel_id=363&start=0 HTTP/1.1[0m" 200 -
127.0.0.1 - - [04/May/2021 00:39:01] "[37mDELETE /clear/v1 HTTP/1.1[0m" 200 -
127.0.0.1 - - [04/May/2021 00:39:01] "[37mPOST /auth/register/v2 HTTP/1.1[0m" 200 -
127.0.0.1 - - [04/May/2021 00:39:01] "[37mPOST /auth/register/v2 HTTP/1.1[0m" 200 -
127.0.0.1 - - [04/May/2021 00:39:01] "[37mPOST /dm/create/v1 HTTP/1.1[0m" 200 -
127.0.0.1 - - [04/May/2021 00:39:01] "[37mPOST /message/senddm/v1 HTTP/1.1[0m" 200 -
127.0.0.1 - - [04/May/2021 00:39:01] "[37mPOST /message/senddm/v1 HTTP/1.1[0m" 200 -
127.0.0.1 - - [04/May/2021 00:39:01] "[37mPOST /message/pin/v1 HTTP/1.1[0m" 200 -
127.0.0.1 - - [04/May/2021 00:39:01] "[37mGET /dm/messages/v1?token=eyJ0eXAiOiJKV1QiLCJhbGciOiJIUzI1NiJ9.eyJnaWQiOjM2NiwibG9naW5fdGltZSI6MTYyMDA1Mjc0MSwic2FsdCI6ImJkYjIwNDUyLTY5NjQtNDAzOS05MDg4LWI3MGYxZDQ3NDQ1NiJ9.Tb8bCNEfvZqdVGCb3aeDmIYU5ODl3K_YxxJt7dx0xng&dm_id=368&start=0 HTTP/1.1[0m" 200 -
127.0.0.1 - - [04/May/2021 00:39:01] "[37mPOST /message/unpin/v1 HTTP/1.1[0m" 200 -
127.0.0.1 - - [04/May/2021 00:39:01] "[37mGET /dm/messages/v1?token=eyJ0eXAiOiJKV1QiLCJhbGciOiJIUzI1NiJ9.eyJnaWQiOjM2NywibG9naW5fdGltZSI6MTYyMDA1Mjc0MSwic2FsdCI6ImRkMzU5OGE5LTUyM2QtNDM3OS1iNjMzLTIzNmRiNGM1NzdjZSJ9.ZdBloodUu_RuMI36BKtmYq70sVVZ9dgFymTISVHpZds&dm_id=368&start=0 HTTP/1.1[0m" 200 -
127.0.0.1 - - [04/May/2021 00:39:01] "[37mDELETE /clear/v1 HTTP/1.1[0m" 200 -
127.0.0.1 - - [04/May/2021 00:39:01] "[37mPOST /auth/register/v2 HTTP/1.1[0m" 200 -
127.0.0.1 - - [04/May/2021 00:39:01] "[37mPOST /auth/register/v2 HTTP/1.1[0m" 200 -
127.0.0.1 - - [04/May/2021 00:39:01] "[37mPOST /channels/create/v2 HTTP/1.1[0m" 200 -
127.0.0.1 - - [04/May/2021 00:39:01] "[37mPOST /message/send/v2 HTTP/1.1[0m" 200 -
127.0.0.1 - - [04/May/2021 00:39:01] "[37mPOST /message/pin/v1 HTTP/1.1[0m" 200 -
127.0.0.1 - - [04/May/2021 00:39:01] "[37mDELETE /message/remove/v1 HTTP/1.1[0m" 200 -
127.0.0.1 - - [04/May/2021 00:39:01] "[31m[1mPOST /message/unpin/v1 HTTP/1.1[0m" 400 -
127.0.0.1 - - [04/May/2021 00:39:01] "[37mPOST /dm/create/v1 HTTP/1.1[0m" 200 -
127.0.0.1 - - [04/May/2021 00:39:01] "[37mPOST /message/senddm/v1 HTTP/1.1[0m" 200 -
127.0.0.1 - - [04/May/2021 00:39:01] "[37mPOST /message/pin/v1 HTTP/1.1[0m" 200 -
127.0.0.1 - - [04/May/2021 00:39:01] "[37mDELETE /message/remove/v1 HTTP/1.1[0m" 200 -
127.0.0.1 - - [04/May/2021 00:39:01] "[31m[1mPOST /message/unpin/v1 HTTP/1.1[0m" 400 -
127.0.0.1 - - [04/May/2021 00:39:01] "[37mDELETE /clear/v1 HTTP/1.1[0m" 200 -
127.0.0.1 - - [04/May/2021 00:39:01] "[37mPOST /auth/register/v2 HTTP/1.1[0m" 200 -
127.0.0.1 - - [04/May/2021 00:39:01] "[37mPOST /auth/register/v2 HTTP/1.1[0m" 200 -
127.0.0.1 - - [04/May/2021 00:39:01] "[37mPOST /channels/create/v2 HTTP/1.1[0m" 200 -
127.0.0.1 - - [04/May/2021 00:39:01] "[37mPOST /message/send/v2 HTTP/1.1[0m" 200 -
127.0.0.1 - - [04/May/2021 00:39:01] "[31m[1mPOST /message/unpin/v1 HTTP/1.1[0m" 400 -
127.0.0.1 - - [04/May/2021 00:39:01] "[37mPOST /dm/create/v1 HTTP/1.1[0m" 200 -
127.0.0.1 - - [04/May/2021 00:39:01] "[37mPOST /message/senddm/v1 HTTP/1.1[0m" 200 -
127.0.0.1 - - [04/May/2021 00:39:01] "[31m[1mPOST /message/unpin/v1 HTTP/1.1[0m" 400 -
127.0.0.1 - - [04/May/2021 00:39:01] "[37mDELETE /clear/v1 HTTP/1.1[0m" 200 -
127.0.0.1 - - [04/May/2021 00:39:01] "[37mPOST /auth/register/v2 HTTP/1.1[0m" 200 -
127.0.0.1 - - [04/May/2021 00:39:01] "[37mPOST /auth/register/v2 HTTP/1.1[0m" 200 -
127.0.0.1 - - [04/May/2021 00:39:01] "[37mPOST /auth/register/v2 HTTP/1.1[0m" 200 -
127.0.0.1 - - [04/May/2021 00:39:01] "[37mPOST /channels/create/v2 HTTP/1.1[0m" 200 -
127.0.0.1 - - [04/May/2021 00:39:01] "[37mPOST /message/send/v2 HTTP/1.1[0m" 200 -
127.0.0.1 - - [04/May/2021 00:39:01] "[37mPOST /message/pin/v1 HTTP/1.1[0m" 200 -
127.0.0.1 - - [04/May/2021 00:39:01] "[31m[1mPOST /message/unpin/v1 HTTP/1.1[0m" 403 -
127.0.0.1 - - [04/May/2021 00:39:01] "[31m[1mPOST /message/unpin/v1 HTTP/1.1[0m" 403 -
127.0.0.1 - - [04/May/2021 00:39:01] "[37mPOST /dm/create/v1 HTTP/1.1[0m" 200 -
127.0.0.1 - - [04/May/2021 00:39:01] "[37mPOST /message/senddm/v1 HTTP/1.1[0m" 200 -
127.0.0.1 - - [04/May/2021 00:39:01] "[37mPOST /message/pin/v1 HTTP/1.1[0m" 200 -
127.0.0.1 - - [04/May/2021 00:39:01] "[31m[1mPOST /message/unpin/v1 HTTP/1.1[0m" 403 -
127.0.0.1 - - [04/May/2021 00:39:01] "[37mDELETE /clear/v1 HTTP/1.1[0m" 200 -
127.0.0.1 - - [04/May/2021 00:39:01] "[37mPOST /auth/register/v2 HTTP/1.1[0m" 200 -
127.0.0.1 - - [04/May/2021 00:39:01] "[37mPOST /channels/create/v2 HTTP/1.1[0m" 200 -
127.0.0.1 - - [04/May/2021 00:39:01] "[37mPOST /message/send/v2 HTTP/1.1[0m" 200 -
127.0.0.1 - - [04/May/2021 00:39:01] "[37mPOST /message/send/v2 HTTP/1.1[0m" 200 -
127.0.0.1 - - [04/May/2021 00:39:01] "[37mPOST /message/pin/v1 HTTP/1.1[0m" 200 -
127.0.0.1 - - [04/May/2021 00:39:01] "[31m[1mPOST /message/pin/v1 HTTP/1.1[0m" 403 -
127.0.0.1 - - [04/May/2021 00:39:01] "[31m[1mPOST /message/unpin/v1 HTTP/1.1[0m" 403 -
127.0.0.1 - - [04/May/2021 00:39:01] "[37mDELETE /clear/v1 HTTP/1.1[0m" 200 -
127.0.0.1 - - [04/May/2021 00:39:01] "[37mPOST /auth/register/v2 HTTP/1.1[0m" 200 -
127.0.0.1 - - [04/May/2021 00:39:01] "[31m[1mPOST /message/react/v1 HTTP/1.1[0m" 400 -
127.0.0.1 - - [04/May/2021 00:39:01] "[37mDELETE /clear/v1 HTTP/1.1[0m" 200 -
127.0.0.1 - - [04/May/2021 00:39:01] "[37mPOST /auth/register/v2 HTTP/1.1[0m" 200 -
127.0.0.1 - - [04/May/2021 00:39:01] "[37mPOST /auth/register/v2 HTTP/1.1[0m" 200 -
127.0.0.1 - - [04/May/2021 00:39:01] "[37mPOST /channels/create/v2 HTTP/1.1[0m" 200 -
127.0.0.1 - - [04/May/2021 00:39:01] "[37mPOST /message/send/v2 HTTP/1.1[0m" 200 -
127.0.0.1 - - [04/May/2021 00:39:01] "[31m[1mPOST /message/react/v1 HTTP/1.1[0m" 400 -
127.0.0.1 - - [04/May/2021 00:39:01] "[37mPOST /dm/create/v1 HTTP/1.1[0m" 200 -
127.0.0.1 - - [04/May/2021 00:39:01] "[37mPOST /message/senddm/v1 HTTP/1.1[0m" 200 -
127.0.0.1 - - [04/May/2021 00:39:01] "[31m[1mPOST /message/react/v1 HTTP/1.1[0m" 400 -
127.0.0.1 - - [04/May/2021 00:39:01] "[37mDELETE /clear/v1 HTTP/1.1[0m" 200 -
127.0.0.1 - - [04/May/2021 00:39:01] "[37mPOST /auth/register/v2 HTTP/1.1[0m" 200 -
127.0.0.1 - - [04/May/2021 00:39:01] "[37mPOST /auth/register/v2 HTTP/1.1[0m" 200 -
127.0.0.1 - - [04/May/2021 00:39:01] "[37mPOST /channels/create/v2 HTTP/1.1[0m" 200 -
127.0.0.1 - - [04/May/2021 00:39:01] "[37mPOST /message/send/v2 HTTP/1.1[0m" 200 -
127.0.0.1 - - [04/May/2021 00:39:01] "[37mPOST /message/react/v1 HTTP/1.1[0m" 200 -
127.0.0.1 - - [04/May/2021 00:39:01] "[31m[1mPOST /message/react/v1 HTTP/1.1[0m" 400 -
127.0.0.1 - - [04/May/2021 00:39:01] "[37mPOST /dm/create/v1 HTTP/1.1[0m" 200 -
127.0.0.1 - - [04/May/2021 00:39:01] "[37mPOST /message/senddm/v1 HTTP/1.1[0m" 200 -
127.0.0.1 - - [04/May/2021 00:39:01] "[37mPOST /message/react/v1 HTTP/1.1[0m" 200 -
127.0.0.1 - - [04/May/2021 00:39:01] "[31m[1mPOST /message/react/v1 HTTP/1.1[0m" 400 -
127.0.0.1 - - [04/May/2021 00:39:01] "[37mDELETE /clear/v1 HTTP/1.1[0m" 200 -
127.0.0.1 - - [04/May/2021 00:39:01] "[37mPOST /auth/register/v2 HTTP/1.1[0m" 200 -
127.0.0.1 - - [04/May/2021 00:39:01] "[37mPOST /auth/register/v2 HTTP/1.1[0m" 200 -
127.0.0.1 - - [04/May/2021 00:39:01] "[37mPOST /auth/register/v2 HTTP/1.1[0m" 200 -
127.0.0.1 - - [04/May/2021 00:39:01] "[37mPOST /channels/create/v2 HTTP/1.1[0m" 200 -
127.0.0.1 - - [04/May/2021 00:39:01] "[37mPOST /message/send/v2 HTTP/1.1[0m" 200 -
127.0.0.1 - - [04/May/2021 00:39:01] "[31m[1mPOST /message/react/v1 HTTP/1.1[0m" 403 -
127.0.0.1 - - [04/May/2021 00:39:01] "[37mPOST /dm/create/v1 HTTP/1.1[0m" 200 -
127.0.0.1 - - [04/May/2021 00:39:01] "[37mPOST /message/senddm/v1 HTTP/1.1[0m" 200 -
127.0.0.1 - - [04/May/2021 00:39:01] "[31m[1mPOST /message/react/v1 HTTP/1.1[0m" 403 -
127.0.0.1 - - [04/May/2021 00:39:01] "[37mDELETE /clear/v1 HTTP/1.1[0m" 200 -
127.0.0.1 - - [04/May/2021 00:39:01] "[37mPOST /auth/register/v2 HTTP/1.1[0m" 200 -
127.0.0.1 - - [04/May/2021 00:39:01] "[37mPOST /auth/register/v2 HTTP/1.1[0m" 200 -
127.0.0.1 - - [04/May/2021 00:39:01] "[37mPOST /channels/create/v2 HTTP/1.1[0m" 200 -
127.0.0.1 - - [04/May/2021 00:39:01] "[37mPOST /message/send/v2 HTTP/1.1[0m" 200 -
127.0.0.1 - - [04/May/2021 00:39:01] "[37mPOST /message/react/v1 HTTP/1.1[0m" 200 -
127.0.0.1 - - [04/May/2021 00:39:01] "[37mGET /channel/messages/v2?token=eyJ0eXAiOiJKV1QiLCJhbGciOiJIUzI1NiJ9.eyJnaWQiOjQxNCwibG9naW5fdGltZSI6MTYyMDA1Mjc0MSwic2FsdCI6ImExODEzZmJjLTg2NjEtNDI5NS05ODU2LTU4ZTFjOTRmNzI3NSJ9._Ro1ORnD3BA2GcHrNcYFfS8M_c2VLYCQw9Mn2Q8X0YA&channel_id=416&start=0 HTTP/1.1[0m" 200 -
127.0.0.1 - - [04/May/2021 00:39:01] "[37mDELETE /clear/v1 HTTP/1.1[0m" 200 -
127.0.0.1 - - [04/May/2021 00:39:01] "[37mPOST /auth/register/v2 HTTP/1.1[0m" 200 -
127.0.0.1 - - [04/May/2021 00:39:01] "[37mPOST /auth/register/v2 HTTP/1.1[0m" 200 -
127.0.0.1 - - [04/May/2021 00:39:01] "[37mPOST /dm/create/v1 HTTP/1.1[0m" 200 -
127.0.0.1 - - [04/May/2021 00:39:01] "[37mPOST /message/senddm/v1 HTTP/1.1[0m" 200 -
127.0.0.1 - - [04/May/2021 00:39:01] "[37mPOST /message/react/v1 HTTP/1.1[0m" 200 -
127.0.0.1 - - [04/May/2021 00:39:01] "[37mGET /dm/messages/v1?token=eyJ0eXAiOiJKV1QiLCJhbGciOiJIUzI1NiJ9.eyJnaWQiOjQxOCwibG9naW5fdGltZSI6MTYyMDA1Mjc0MSwic2FsdCI6ImMyOTdjMTdhLTg2ZDgtNDVjYy1iYjMzLTI5ZTI4MzdlZmEwNiJ9.amu4-smAkHGq3BkQjG6iAI273LJlTRLB8zWo3FfL6_k&dm_id=420&start=0 HTTP/1.1[0m" 200 -
127.0.0.1 - - [04/May/2021 00:39:01] "[37mDELETE /clear/v1 HTTP/1.1[0m" 200 -
127.0.0.1 - - [04/May/2021 00:39:01] "[37mPOST /auth/register/v2 HTTP/1.1[0m" 200 -
127.0.0.1 - - [04/May/2021 00:39:01] "[37mPOST /auth/register/v2 HTTP/1.1[0m" 200 -
127.0.0.1 - - [04/May/2021 00:39:01] "[31m[1mPOST /message/unreact/v1 HTTP/1.1[0m" 400 -
127.0.0.1 - - [04/May/2021 00:39:01] "[37mDELETE /clear/v1 HTTP/1.1[0m" 200 -
127.0.0.1 - - [04/May/2021 00:39:01] "[37mPOST /auth/register/v2 HTTP/1.1[0m" 200 -
127.0.0.1 - - [04/May/2021 00:39:01] "[37mPOST /auth/register/v2 HTTP/1.1[0m" 200 -
127.0.0.1 - - [04/May/2021 00:39:01] "[37mPOST /channels/create/v2 HTTP/1.1[0m" 200 -
127.0.0.1 - - [04/May/2021 00:39:01] "[37mPOST /message/send/v2 HTTP/1.1[0m" 200 -
127.0.0.1 - - [04/May/2021 00:39:01] "[31m[1mPOST /message/unreact/v1 HTTP/1.1[0m" 400 -
127.0.0.1 - - [04/May/2021 00:39:01] "[37mPOST /dm/create/v1 HTTP/1.1[0m" 200 -
127.0.0.1 - - [04/May/2021 00:39:01] "[37mPOST /message/senddm/v1 HTTP/1.1[0m" 200 -
127.0.0.1 - - [04/May/2021 00:39:01] "[31m[1mPOST /message/unreact/v1 HTTP/1.1[0m" 400 -
127.0.0.1 - - [04/May/2021 00:39:01] "[37mDELETE /clear/v1 HTTP/1.1[0m" 200 -
127.0.0.1 - - [04/May/2021 00:39:01] "[37mPOST /auth/register/v2 HTTP/1.1[0m" 200 -
127.0.0.1 - - [04/May/2021 00:39:01] "[37mPOST /auth/register/v2 HTTP/1.1[0m" 200 -
127.0.0.1 - - [04/May/2021 00:39:01] "[37mPOST /channels/create/v2 HTTP/1.1[0m" 200 -
127.0.0.1 - - [04/May/2021 00:39:01] "[37mPOST /message/send/v2 HTTP/1.1[0m" 200 -
127.0.0.1 - - [04/May/2021 00:39:01] "[31m[1mPOST /message/unreact/v1 HTTP/1.1[0m" 400 -
127.0.0.1 - - [04/May/2021 00:39:01] "[37mPOST /dm/create/v1 HTTP/1.1[0m" 200 -
127.0.0.1 - - [04/May/2021 00:39:01] "[37mPOST /message/senddm/v1 HTTP/1.1[0m" 200 -
127.0.0.1 - - [04/May/2021 00:39:01] "[31m[1mPOST /message/unreact/v1 HTTP/1.1[0m" 400 -
127.0.0.1 - - [04/May/2021 00:39:01] "[37mDELETE /clear/v1 HTTP/1.1[0m" 200 -
127.0.0.1 - - [04/May/2021 00:39:01] "[37mPOST /auth/register/v2 HTTP/1.1[0m" 200 -
127.0.0.1 - - [04/May/2021 00:39:01] "[37mPOST /auth/register/v2 HTTP/1.1[0m" 200 -
127.0.0.1 - - [04/May/2021 00:39:01] "[37mPOST /auth/register/v2 HTTP/1.1[0m" 200 -
127.0.0.1 - - [04/May/2021 00:39:01] "[37mPOST /channels/create/v2 HTTP/1.1[0m" 200 -
127.0.0.1 - - [04/May/2021 00:39:01] "[37mPOST /message/send/v2 HTTP/1.1[0m" 200 -
127.0.0.1 - - [04/May/2021 00:39:01] "[31m[1mPOST /message/unreact/v1 HTTP/1.1[0m" 403 -
127.0.0.1 - - [04/May/2021 00:39:01] "[37mPOST /dm/create/v1 HTTP/1.1[0m" 200 -
127.0.0.1 - - [04/May/2021 00:39:01] "[37mPOST /message/senddm/v1 HTTP/1.1[0m" 200 -
127.0.0.1 - - [04/May/2021 00:39:01] "[31m[1mPOST /message/unreact/v1 HTTP/1.1[0m" 403 -
127.0.0.1 - - [04/May/2021 00:39:01] "[37mDELETE /clear/v1 HTTP/1.1[0m" 200 -
127.0.0.1 - - [04/May/2021 00:39:01] "[37mPOST /auth/register/v2 HTTP/1.1[0m" 200 -
127.0.0.1 - - [04/May/2021 00:39:01] "[37mPOST /auth/register/v2 HTTP/1.1[0m" 200 -
127.0.0.1 - - [04/May/2021 00:39:01] "[37mPOST /channels/create/v2 HTTP/1.1[0m" 200 -
127.0.0.1 - - [04/May/2021 00:39:01] "[37mPOST /message/send/v2 HTTP/1.1[0m" 200 -
127.0.0.1 - - [04/May/2021 00:39:01] "[37mPOST /message/react/v1 HTTP/1.1[0m" 200 -
127.0.0.1 - - [04/May/2021 00:39:01] "[37mPOST /message/unreact/v1 HTTP/1.1[0m" 200 -
127.0.0.1 - - [04/May/2021 00:39:01] "[37mGET /channel/messages/v2?token=eyJ0eXAiOiJKV1QiLCJhbGciOiJIUzI1NiJ9.eyJnaWQiOjQ0MywibG9naW5fdGltZSI6MTYyMDA1Mjc0MSwic2FsdCI6ImVjZTFjMzA5LWU4ZDItNDhhYy05OGI1LTExZGZmNjdlYmRhNiJ9.6bcUfKahDBCT5nOEI4zpZol7YAOac7AbKCpDhj3WCEs&channel_id=445&start=0 HTTP/1.1[0m" 200 -
127.0.0.1 - - [04/May/2021 00:39:01] "[37mDELETE /clear/v1 HTTP/1.1[0m" 200 -
127.0.0.1 - - [04/May/2021 00:39:01] "[37mPOST /auth/register/v2 HTTP/1.1[0m" 200 -
127.0.0.1 - - [04/May/2021 00:39:01] "[37mPOST /auth/register/v2 HTTP/1.1[0m" 200 -
127.0.0.1 - - [04/May/2021 00:39:01] "[37mPOST /dm/create/v1 HTTP/1.1[0m" 200 -
127.0.0.1 - - [04/May/2021 00:39:01] "[37mPOST /message/senddm/v1 HTTP/1.1[0m" 200 -
127.0.0.1 - - [04/May/2021 00:39:01] "[37mPOST /message/react/v1 HTTP/1.1[0m" 200 -
127.0.0.1 - - [04/May/2021 00:39:01] "[37mPOST /message/unreact/v1 HTTP/1.1[0m" 200 -
127.0.0.1 - - [04/May/2021 00:39:01] "[37mGET /dm/messages/v1?token=eyJ0eXAiOiJKV1QiLCJhbGciOiJIUzI1NiJ9.eyJnaWQiOjQ0NywibG9naW5fdGltZSI6MTYyMDA1Mjc0MSwic2FsdCI6IjJiMmEwNjE2LWU1ZjItNGU2MS05MGYxLTIwY2MyZDE2MjQ0ZCJ9.M3rpl45i8UkBGU2XEyZyKUEdaFV1poe4w5XO83_Yld8&dm_id=449&start=0 HTTP/1.1[0m" 200 -
127.0.0.1 - - [04/May/2021 00:39:01] "[37mDELETE /clear/v1 HTTP/1.1[0m" 200 -
127.0.0.1 - - [04/May/2021 00:39:01] "[37mPOST /auth/register/v2 HTTP/1.1[0m" 200 -
127.0.0.1 - - [04/May/2021 00:39:01] "[37mPOST /auth/register/v2 HTTP/1.1[0m" 200 -
127.0.0.1 - - [04/May/2021 00:39:01] "[37mPOST /channels/create/v2 HTTP/1.1[0m" 200 -
127.0.0.1 - - [04/May/2021 00:39:01] "[37mPOST /channel/join/v2 HTTP/1.1[0m" 200 -
127.0.0.1 - - [04/May/2021 00:39:01] "[37mPOST /message/sendlater/v1 HTTP/1.1[0m" 200 -
127.0.0.1 - - [04/May/2021 00:39:01] "[37mGET /channel/messages/v2?token=eyJ0eXAiOiJKV1QiLCJhbGciOiJIUzI1NiJ9.eyJnaWQiOjQ1MiwibG9naW5fdGltZSI6MTYyMDA1Mjc0MSwic2FsdCI6IjA4Nzg0NGQ0LWUxMDAtNGQxMC1hYjg2LWRhMDZiNWNiODZkZCJ9.jFatZrh8EQ-MqDNiENgemQbi5f0T2gKSaW1VCrHXrCQ&channel_id=453&start=0 HTTP/1.1[0m" 200 -
127.0.0.1 - - [04/May/2021 00:39:05] "[37mGET /channel/messages/v2?token=eyJ0eXAiOiJKV1QiLCJhbGciOiJIUzI1NiJ9.eyJnaWQiOjQ1MiwibG9naW5fdGltZSI6MTYyMDA1Mjc0MSwic2FsdCI6IjA4Nzg0NGQ0LWUxMDAtNGQxMC1hYjg2LWRhMDZiNWNiODZkZCJ9.jFatZrh8EQ-MqDNiENgemQbi5f0T2gKSaW1VCrHXrCQ&channel_id=453&start=0 HTTP/1.1[0m" 200 -
127.0.0.1 - - [04/May/2021 00:39:05] "[37mDELETE /clear/v1 HTTP/1.1[0m" 200 -
127.0.0.1 - - [04/May/2021 00:39:05] "[37mPOST /auth/register/v2 HTTP/1.1[0m" 200 -
127.0.0.1 - - [04/May/2021 00:39:05] "[37mPOST /auth/register/v2 HTTP/1.1[0m" 200 -
127.0.0.1 - - [04/May/2021 00:39:05] "[37mPOST /dm/create/v1 HTTP/1.1[0m" 200 -
127.0.0.1 - - [04/May/2021 00:39:05] "[37mPOST /message/sendlaterdm/v1 HTTP/1.1[0m" 200 -
127.0.0.1 - - [04/May/2021 00:39:05] "[37mGET /dm/messages/v1?token=eyJ0eXAiOiJKV1QiLCJhbGciOiJIUzI1NiJ9.eyJnaWQiOjQ1NiwibG9naW5fdGltZSI6MTYyMDA1Mjc0NSwic2FsdCI6ImM5MDFjZWY0LWQxMmYtNGY2OC1iMzM3LTgxNGFlMDZlNDA1OSJ9.t2P5LODfrxBPRnFEsoGttq0mez3NVzZYCnUKva2ObFY&dm_id=457&start=0 HTTP/1.1[0m" 200 -
127.0.0.1 - - [04/May/2021 00:39:09] "[37mGET /dm/messages/v1?token=eyJ0eXAiOiJKV1QiLCJhbGciOiJIUzI1NiJ9.eyJnaWQiOjQ1NiwibG9naW5fdGltZSI6MTYyMDA1Mjc0NSwic2FsdCI6ImM5MDFjZWY0LWQxMmYtNGY2OC1iMzM3LTgxNGFlMDZlNDA1OSJ9.t2P5LODfrxBPRnFEsoGttq0mez3NVzZYCnUKva2ObFY&dm_id=457&start=0 HTTP/1.1[0m" 200 -
127.0.0.1 - - [04/May/2021 00:39:09] "[37mDELETE /clear/v1 HTTP/1.1[0m" 200 -
127.0.0.1 - - [04/May/2021 00:39:10] "[37mPOST /auth/register/v2 HTTP/1.1[0m" 200 -
127.0.0.1 - - [04/May/2021 00:39:10] "[37mPOST /auth/register/v2 HTTP/1.1[0m" 200 -
127.0.0.1 - - [04/May/2021 00:39:10] "[37mPOST /auth/register/v2 HTTP/1.1[0m" 200 -
127.0.0.1 - - [04/May/2021 00:39:10] "[37mPOST /auth/register/v2 HTTP/1.1[0m" 200 -
127.0.0.1 - - [04/May/2021 00:39:10] "[37mPOST /channels/create/v2 HTTP/1.1[0m" 200 -
127.0.0.1 - - [04/May/2021 00:39:10] "[37mPOST /channel/invite/v2 HTTP/1.1[0m" 200 -
127.0.0.1 - - [04/May/2021 00:39:10] "[37mGET /notifications/get/v1?token=eyJ0eXAiOiJKV1QiLCJhbGciOiJIUzI1NiJ9.eyJnaWQiOjQ2MCwibG9naW5fdGltZSI6MTYyMDA1Mjc1MCwic2FsdCI6ImRmYWVjMTlhLTcxNmUtNDY3NS04MjM0LTlmYzQzYzQ3MWRiYSJ9.oEewbY4k3J_oJHvCmKRhws5jvcAIwsrfvyeDKJUwqPA HTTP/1.1[0m" 200 -
127.0.0.1 - - [04/May/2021 00:39:10] "[37mPOST /message/send/v2 HTTP/1.1[0m" 200 -
127.0.0.1 - - [04/May/2021 00:39:10] "[37mGET /notifications/get/v1?token=eyJ0eXAiOiJKV1QiLCJhbGciOiJIUzI1NiJ9.eyJnaWQiOjQ1OSwibG9naW5fdGltZSI6MTYyMDA1Mjc1MCwic2FsdCI6IjhkMTFhYTkyLTkwNDktNDBjMi04ZTA3LWJkYTNhNGVkMzRiNCJ9.k04C9Y0Jv9l0d6Go9LidXdiuobYWqdpCJpudJBRG1f4 HTTP/1.1[0m" 200 -
127.0.0.1 - - [04/May/2021 00:39:10] "[37mPOST /message/send/v2 HTTP/1.1[0m" 200 -
127.0.0.1 - - [04/May/2021 00:39:10] "[37mPOST /message/send/v2 HTTP/1.1[0m" 200 -
127.0.0.1 - - [04/May/2021 00:39:10] "[37mPOST /message/send/v2 HTTP/1.1[0m" 200 -
127.0.0.1 - - [04/May/2021 00:39:10] "[37mPOST /message/send/v2 HTTP/1.1[0m" 200 -
127.0.0.1 - - [04/May/2021 00:39:10] "[37mPOST /message/send/v2 HTTP/1.1[0m" 200 -
127.0.0.1 - - [04/May/2021 00:39:10] "[37mPOST /message/send/v2 HTTP/1.1[0m" 200 -
127.0.0.1 - - [04/May/2021 00:39:10] "[37mPOST /message/send/v2 HTTP/1.1[0m" 200 -
127.0.0.1 - - [04/May/2021 00:39:10] "[37mPOST /message/send/v2 HTTP/1.1[0m" 200 -
127.0.0.1 - - [04/May/2021 00:39:10] "[37mPOST /message/send/v2 HTTP/1.1[0m" 200 -
127.0.0.1 - - [04/May/2021 00:39:10] "[37mPOST /message/send/v2 HTTP/1.1[0m" 200 -
127.0.0.1 - - [04/May/2021 00:39:10] "[37mPOST /message/send/v2 HTTP/1.1[0m" 200 -
127.0.0.1 - - [04/May/2021 00:39:10] "[37mPOST /message/send/v2 HTTP/1.1[0m" 200 -
127.0.0.1 - - [04/May/2021 00:39:10] "[37mPOST /message/send/v2 HTTP/1.1[0m" 200 -
127.0.0.1 - - [04/May/2021 00:39:10] "[37mPOST /message/send/v2 HTTP/1.1[0m" 200 -
127.0.0.1 - - [04/May/2021 00:39:10] "[37mPOST /message/send/v2 HTTP/1.1[0m" 200 -
127.0.0.1 - - [04/May/2021 00:39:10] "[37mPOST /message/send/v2 HTTP/1.1[0m" 200 -
127.0.0.1 - - [04/May/2021 00:39:10] "[37mPOST /message/send/v2 HTTP/1.1[0m" 200 -
127.0.0.1 - - [04/May/2021 00:39:10] "[37mPOST /message/send/v2 HTTP/1.1[0m" 200 -
127.0.0.1 - - [04/May/2021 00:39:10] "[37mPOST /message/send/v2 HTTP/1.1[0m" 200 -
127.0.0.1 - - [04/May/2021 00:39:10] "[37mPOST /message/send/v2 HTTP/1.1[0m" 200 -
127.0.0.1 - - [04/May/2021 00:39:10] "[37mPOST /message/send/v2 HTTP/1.1[0m" 200 -
127.0.0.1 - - [04/May/2021 00:39:10] "[37mPOST /message/send/v2 HTTP/1.1[0m" 200 -
127.0.0.1 - - [04/May/2021 00:39:10] "[37mGET /notifications/get/v1?token=eyJ0eXAiOiJKV1QiLCJhbGciOiJIUzI1NiJ9.eyJnaWQiOjQ2MCwibG9naW5fdGltZSI6MTYyMDA1Mjc1MCwic2FsdCI6ImRmYWVjMTlhLTcxNmUtNDY3NS04MjM0LTlmYzQzYzQ3MWRiYSJ9.oEewbY4k3J_oJHvCmKRhws5jvcAIwsrfvyeDKJUwqPA HTTP/1.1[0m" 200 -
127.0.0.1 - - [04/May/2021 00:39:10] "[37mPOST /message/send/v2 HTTP/1.1[0m" 200 -
127.0.0.1 - - [04/May/2021 00:39:10] "[37mGET /notifications/get/v1?token=eyJ0eXAiOiJKV1QiLCJhbGciOiJIUzI1NiJ9.eyJnaWQiOjQ2MCwibG9naW5fdGltZSI6MTYyMDA1Mjc1MCwic2FsdCI6ImRmYWVjMTlhLTcxNmUtNDY3NS04MjM0LTlmYzQzYzQ3MWRiYSJ9.oEewbY4k3J_oJHvCmKRhws5jvcAIwsrfvyeDKJUwqPA HTTP/1.1[0m" 200 -
127.0.0.1 - - [04/May/2021 00:39:10] "[37mPOST /message/send/v2 HTTP/1.1[0m" 200 -
127.0.0.1 - - [04/May/2021 00:39:10] "[37mGET /notifications/get/v1?token=eyJ0eXAiOiJKV1QiLCJhbGciOiJIUzI1NiJ9.eyJnaWQiOjQ2MCwibG9naW5fdGltZSI6MTYyMDA1Mjc1MCwic2FsdCI6ImRmYWVjMTlhLTcxNmUtNDY3NS04MjM0LTlmYzQzYzQ3MWRiYSJ9.oEewbY4k3J_oJHvCmKRhws5jvcAIwsrfvyeDKJUwqPA HTTP/1.1[0m" 200 -
127.0.0.1 - - [04/May/2021 00:39:10] "[37mDELETE /clear/v1 HTTP/1.1[0m" 200 -
127.0.0.1 - - [04/May/2021 00:39:10] "[37mPOST /auth/register/v2 HTTP/1.1[0m" 200 -
127.0.0.1 - - [04/May/2021 00:39:10] "[37mPOST /auth/register/v2 HTTP/1.1[0m" 200 -
127.0.0.1 - - [04/May/2021 00:39:10] "[37mPOST /auth/register/v2 HTTP/1.1[0m" 200 -
127.0.0.1 - - [04/May/2021 00:39:10] "[37mPOST /dm/create/v1 HTTP/1.1[0m" 200 -
127.0.0.1 - - [04/May/2021 00:39:10] "[37mPOST /dm/create/v1 HTTP/1.1[0m" 200 -
127.0.0.1 - - [04/May/2021 00:39:10] "[37mGET /notifications/get/v1?token=eyJ0eXAiOiJKV1QiLCJhbGciOiJIUzI1NiJ9.eyJnaWQiOjQ5MCwibG9naW5fdGltZSI6MTYyMDA1Mjc1MCwic2FsdCI6Ijk3NTM1Y2I3LWZmYzctNGU2MC1iOWIyLTY5NjdiYWFhMjJkMCJ9.udikZTL1ptw-lYXDzBJlpWuGMtaHNTWQpitRBRs9mL4 HTTP/1.1[0m" 200 -
127.0.0.1 - - [04/May/2021 00:39:10] "[37mPOST /dm/invite/v1 HTTP/1.1[0m" 200 -
127.0.0.1 - - [04/May/2021 00:39:10] "[37mGET /notifications/get/v1?token=eyJ0eXAiOiJKV1QiLCJhbGciOiJIUzI1NiJ9.eyJnaWQiOjQ5MSwibG9naW5fdGltZSI6MTYyMDA1Mjc1MCwic2FsdCI6IjYxNjgyMTFhLTUyZGYtNDMyZS1hZDMwLTBiNjM3NmRjYmE1NyJ9.zwokeNtDc9xEAZpvliYyI9Mc_z0gDqhZvkS_QPR3v7g HTTP/1.1[0m" 200 -
127.0.0.1 - - [04/May/2021 00:39:10] "[37mDELETE /clear/v1 HTTP/1.1[0m" 200 -
127.0.0.1 - - [04/May/2021 00:39:10] "[37mPOST /auth/register/v2 HTTP/1.1[0m" 200 -
127.0.0.1 - - [04/May/2021 00:39:10] "[37mPOST /auth/register/v2 HTTP/1.1[0m" 200 -
127.0.0.1 - - [04/May/2021 00:39:10] "[37mPOST /dm/create/v1 HTTP/1.1[0m" 200 -
127.0.0.1 - - [04/May/2021 00:39:10] "[37mPOST /message/senddm/v1 HTTP/1.1[0m" 200 -
127.0.0.1 - - [04/May/2021 00:39:10] "[37mPOST /message/senddm/v1 HTTP/1.1[0m" 200 -
127.0.0.1 - - [04/May/2021 00:39:10] "[37mGET /notifications/get/v1?token=eyJ0eXAiOiJKV1QiLCJhbGciOiJIUzI1NiJ9.eyJnaWQiOjQ5NCwibG9naW5fdGltZSI6MTYyMDA1Mjc1MCwic2FsdCI6ImE0OTNiZTAzLWM0OGItNDJkNS04MGNhLWU3YzhjMGE0MTZhNyJ9.djoli3HFC7zQwSZTs2bg-Z4zArEgIhTF_7UbTeVupwM HTTP/1.1[0m" 200 -
127.0.0.1 - - [04/May/2021 00:39:10] "[37mGET /notifications/get/v1?token=eyJ0eXAiOiJKV1QiLCJhbGciOiJIUzI1NiJ9.eyJnaWQiOjQ5NSwibG9naW5fdGltZSI6MTYyMDA1Mjc1MCwic2FsdCI6IjEyMjAwNWI2LWQ1YjYtNDAzOS05ODcxLTA5MzkwNGQ4NmFjNCJ9.GgFYsJAUDCgushjmLXt6nL0M7RxwmncCm7FvpcBrouU HTTP/1.1[0m" 200 -
127.0.0.1 - - [04/May/2021 00:39:10] "[37mDELETE /clear/v1 HTTP/1.1[0m" 200 -
127.0.0.1 - - [04/May/2021 00:39:10] "[37mPOST /auth/register/v2 HTTP/1.1[0m" 200 -
127.0.0.1 - - [04/May/2021 00:39:10] "[37mPOST /auth/register/v2 HTTP/1.1[0m" 200 -
127.0.0.1 - - [04/May/2021 00:39:10] "[37mPOST /dm/create/v1 HTTP/1.1[0m" 200 -
127.0.0.1 - - [04/May/2021 00:39:10] "[37mPOST /message/senddm/v1 HTTP/1.1[0m" 200 -
127.0.0.1 - - [04/May/2021 00:39:10] "[37mGET /notifications/get/v1?token=eyJ0eXAiOiJKV1QiLCJhbGciOiJIUzI1NiJ9.eyJnaWQiOjUwMCwibG9naW5fdGltZSI6MTYyMDA1Mjc1MCwic2FsdCI6ImE1NTA4MzBiLWRiNjctNDg2My1hZWU0LTkzODUzNzUwZGNmZCJ9.AthNd-JtaS3rF_xtVUR3h7QtCCKpPqbEvWAIIgAuIC0 HTTP/1.1[0m" 200 -
127.0.0.1 - - [04/May/2021 00:39:10] "[37mDELETE /clear/v1 HTTP/1.1[0m" 200 -
127.0.0.1 - - [04/May/2021 00:39:10] "[37mPOST /auth/register/v2 HTTP/1.1[0m" 200 -
127.0.0.1 - - [04/May/2021 00:39:10] "[37mPOST /auth/register/v2 HTTP/1.1[0m" 200 -
127.0.0.1 - - [04/May/2021 00:39:10] "[37mPOST /auth/register/v2 HTTP/1.1[0m" 200 -
127.0.0.1 - - [04/May/2021 00:39:10] "[37mPOST /dm/create/v1 HTTP/1.1[0m" 200 -
127.0.0.1 - - [04/May/2021 00:39:10] "[37mPOST /message/senddm/v1 HTTP/1.1[0m" 200 -
127.0.0.1 - - [04/May/2021 00:39:10] "[37mGET /notifications/get/v1?token=eyJ0eXAiOiJKV1QiLCJhbGciOiJIUzI1NiJ9.eyJnaWQiOjUwNSwibG9naW5fdGltZSI6MTYyMDA1Mjc1MCwic2FsdCI6IjhiMGUyODAwLWY0NDktNDU4ZS04NTM1LTRlOTEzMmNlMzY4NiJ9.a6gl7n8c_2LS7XYLRhjoy99bjUMN4QqjToadoJ9OZoY HTTP/1.1[0m" 200 -
127.0.0.1 - - [04/May/2021 00:39:10] "[37mDELETE /clear/v1 HTTP/1.1[0m" 200 -
127.0.0.1 - - [04/May/2021 00:39:10] "[37mPOST /auth/register/v2 HTTP/1.1[0m" 200 -
127.0.0.1 - - [04/May/2021 00:39:10] "[37mPOST /auth/register/v2 HTTP/1.1[0m" 200 -
127.0.0.1 - - [04/May/2021 00:39:10] "[37mPOST /dm/create/v1 HTTP/1.1[0m" 200 -
127.0.0.1 - - [04/May/2021 00:39:10] "[37mPOST /message/senddm/v1 HTTP/1.1[0m" 200 -
127.0.0.1 - - [04/May/2021 00:39:10] "[37mPOST /message/senddm/v1 HTTP/1.1[0m" 200 -
127.0.0.1 - - [04/May/2021 00:39:10] "[37mPOST /message/senddm/v1 HTTP/1.1[0m" 200 -
127.0.0.1 - - [04/May/2021 00:39:10] "[37mPOST /message/senddm/v1 HTTP/1.1[0m" 200 -
127.0.0.1 - - [04/May/2021 00:39:10] "[37mPOST /message/senddm/v1 HTTP/1.1[0m" 200 -
127.0.0.1 - - [04/May/2021 00:39:10] "[37mPOST /message/senddm/v1 HTTP/1.1[0m" 200 -
127.0.0.1 - - [04/May/2021 00:39:10] "[37mPOST /message/senddm/v1 HTTP/1.1[0m" 200 -
127.0.0.1 - - [04/May/2021 00:39:10] "[37mPOST /message/senddm/v1 HTTP/1.1[0m" 200 -
127.0.0.1 - - [04/May/2021 00:39:10] "[37mPOST /message/senddm/v1 HTTP/1.1[0m" 200 -
127.0.0.1 - - [04/May/2021 00:39:10] "[37mPOST /message/senddm/v1 HTTP/1.1[0m" 200 -
127.0.0.1 - - [04/May/2021 00:39:10] "[37mPOST /message/senddm/v1 HTTP/1.1[0m" 200 -
127.0.0.1 - - [04/May/2021 00:39:10] "[37mPOST /message/senddm/v1 HTTP/1.1[0m" 200 -
127.0.0.1 - - [04/May/2021 00:39:10] "[37mPOST /message/senddm/v1 HTTP/1.1[0m" 200 -
127.0.0.1 - - [04/May/2021 00:39:10] "[37mPOST /message/senddm/v1 HTTP/1.1[0m" 200 -
127.0.0.1 - - [04/May/2021 00:39:10] "[37mPOST /message/senddm/v1 HTTP/1.1[0m" 200 -
127.0.0.1 - - [04/May/2021 00:39:10] "[37mPOST /message/senddm/v1 HTTP/1.1[0m" 200 -
127.0.0.1 - - [04/May/2021 00:39:10] "[37mPOST /message/senddm/v1 HTTP/1.1[0m" 200 -
127.0.0.1 - - [04/May/2021 00:39:10] "[37mPOST /message/senddm/v1 HTTP/1.1[0m" 200 -
127.0.0.1 - - [04/May/2021 00:39:10] "[37mPOST /message/senddm/v1 HTTP/1.1[0m" 200 -
127.0.0.1 - - [04/May/2021 00:39:10] "[37mPOST /message/senddm/v1 HTTP/1.1[0m" 200 -
127.0.0.1 - - [04/May/2021 00:39:10] "[37mPOST /message/senddm/v1 HTTP/1.1[0m" 200 -
127.0.0.1 - - [04/May/2021 00:39:10] "[37mGET /notifications/get/v1?token=eyJ0eXAiOiJKV1QiLCJhbGciOiJIUzI1NiJ9.eyJnaWQiOjUwOSwibG9naW5fdGltZSI6MTYyMDA1Mjc1MCwic2FsdCI6ImQwYzE4YTViLTk4ZWYtNGQ3Ny1hOTViLWJlMTVkZDMxYjUzMyJ9.dJn7OU40ZLEKnDf-mXGjkHegF10Ltmlbny4nPxRxn9c HTTP/1.1[0m" 200 -
127.0.0.1 - - [04/May/2021 00:39:10] "[37mDELETE /clear/v1 HTTP/1.1[0m" 200 -
127.0.0.1 - - [04/May/2021 00:39:10] "[37mPOST /auth/register/v2 HTTP/1.1[0m" 200 -
127.0.0.1 - - [04/May/2021 00:39:10] "[37mPOST /auth/register/v2 HTTP/1.1[0m" 200 -
127.0.0.1 - - [04/May/2021 00:39:10] "[37mPOST /dm/create/v1 HTTP/1.1[0m" 200 -
127.0.0.1 - - [04/May/2021 00:39:10] "[37mPOST /message/senddm/v1 HTTP/1.1[0m" 200 -
127.0.0.1 - - [04/May/2021 00:39:10] "[37mPUT /message/edit/v2 HTTP/1.1[0m" 200 -
127.0.0.1 - - [04/May/2021 00:39:10] "[37mGET /notifications/get/v1?token=eyJ0eXAiOiJKV1QiLCJhbGciOiJIUzI1NiJ9.eyJnaWQiOjUzMiwibG9naW5fdGltZSI6MTYyMDA1Mjc1MCwic2FsdCI6IjA4YjFlOTMwLWQ5NjgtNDBmMC04YmNiLTM0ZThkMzViZWU4NCJ9.1kJLqbEoX6P6GpAaG3QJB8kuBM-6uCz4zYYGl5gYv7Y HTTP/1.1[0m" 200 -
127.0.0.1 - - [04/May/2021 00:39:10] "[37mDELETE /clear/v1 HTTP/1.1[0m" 200 -
127.0.0.1 - - [04/May/2021 00:39:10] "[37mPOST /auth/register/v2 HTTP/1.1[0m" 200 -
127.0.0.1 - - [04/May/2021 00:39:10] "[37mPOST /auth/register/v2 HTTP/1.1[0m" 200 -
127.0.0.1 - - [04/May/2021 00:39:10] "[37mPOST /channels/create/v2 HTTP/1.1[0m" 200 -
127.0.0.1 - - [04/May/2021 00:39:10] "[37mPOST /channel/invite/v2 HTTP/1.1[0m" 200 -
127.0.0.1 - - [04/May/2021 00:39:10] "[37mPOST /message/send/v2 HTTP/1.1[0m" 200 -
127.0.0.1 - - [04/May/2021 00:39:10] "[37mPOST /message/react/v1 HTTP/1.1[0m" 200 -
127.0.0.1 - - [04/May/2021 00:39:10] "[37mGET /notifications/get/v1?token=eyJ0eXAiOiJKV1QiLCJhbGciOiJIUzI1NiJ9.eyJnaWQiOjUzNiwibG9naW5fdGltZSI6MTYyMDA1Mjc1MCwic2FsdCI6ImJiZDUwNGRmLTNhNDktNDgxNC04ZjI2LTE0MDI4YWI1YjVkYiJ9.uanEj1c13qRe6-66KDa2tn7LxSgv2t3FYu_Wl3aw9s4 HTTP/1.1[0m" 200 -
127.0.0.1 - - [04/May/2021 00:39:10] "[37mDELETE /clear/v1 HTTP/1.1[0m" 200 -
127.0.0.1 - - [04/May/2021 00:39:10] "[37mPOST /auth/register/v2 HTTP/1.1[0m" 200 -
127.0.0.1 - - [04/May/2021 00:39:10] "[37mPOST /auth/register/v2 HTTP/1.1[0m" 200 -
127.0.0.1 - - [04/May/2021 00:39:10] "[37mPOST /dm/create/v1 HTTP/1.1[0m" 200 -
127.0.0.1 - - [04/May/2021 00:39:10] "[37mPOST /message/senddm/v1 HTTP/1.1[0m" 200 -
127.0.0.1 - - [04/May/2021 00:39:10] "[37mPOST /message/react/v1 HTTP/1.1[0m" 200 -
127.0.0.1 - - [04/May/2021 00:39:10] "[37mGET /notifications/get/v1?token=eyJ0eXAiOiJKV1QiLCJhbGciOiJIUzI1NiJ9.eyJnaWQiOjU0MCwibG9naW5fdGltZSI6MTYyMDA1Mjc1MCwic2FsdCI6IjZmNDQ0YzJmLTNjMzEtNDA3Mi1hNGU4LTMwNzIyZDEzNmYxYyJ9.lOfcQmA3Wb7Bgyxp30hunesRvx1fWSXNTV7O-8AvWZI HTTP/1.1[0m" 200 -
127.0.0.1 - - [04/May/2021 00:39:10] "[37mDELETE /clear/v1 HTTP/1.1[0m" 200 -
127.0.0.1 - - [04/May/2021 00:39:10] "[37mPOST /auth/register/v2 HTTP/1.1[0m" 200 -
127.0.0.1 - - [04/May/2021 00:39:10] "[37mPOST /auth/register/v2 HTTP/1.1[0m" 200 -
127.0.0.1 - - [04/May/2021 00:39:10] "[37mPOST /auth/register/v2 HTTP/1.1[0m" 200 -
127.0.0.1 - - [04/May/2021 00:39:10] "[37mPOST /auth/register/v2 HTTP/1.1[0m" 200 -
127.0.0.1 - - [04/May/2021 00:39:10] "[37mPOST /auth/register/v2 HTTP/1.1[0m" 200 -
127.0.0.1 - - [04/May/2021 00:39:10] "[37mPOST /channels/create/v2 HTTP/1.1[0m" 200 -
127.0.0.1 - - [04/May/2021 00:39:10] "[37mPOST /channels/create/v2 HTTP/1.1[0m" 200 -
127.0.0.1 - - [04/May/2021 00:39:10] "[37mGET /search/v2?token=eyJ0eXAiOiJKV1QiLCJhbGciOiJIUzI1NiJ9.eyJnaWQiOjU0OCwibG9naW5fdGltZSI6MTYyMDA1Mjc1MCwic2FsdCI6IjRmYmQyYzU2LTllNTUtNDFmZi1hNGRmLWM5MWIyMDU1OTEwZSJ9.9k8J2QgBZR8bOO4uHcnajQbQxJhky6f2_jn0cGG0hF8&query_str=om HTTP/1.1[0m" 200 -
127.0.0.1 - - [04/May/2021 00:39:10] "[37mPOST /channel/join/v2 HTTP/1.1[0m" 200 -
127.0.0.1 - - [04/May/2021 00:39:10] "[37mPOST /channel/invite/v2 HTTP/1.1[0m" 200 -
127.0.0.1 - - [04/May/2021 00:39:10] "[37mPOST /channel/invite/v2 HTTP/1.1[0m" 200 -
127.0.0.1 - - [04/May/2021 00:39:10] "[37mPOST /channel/invite/v2 HTTP/1.1[0m" 200 -
127.0.0.1 - - [04/May/2021 00:39:10] "[37mPOST /message/send/v2 HTTP/1.1[0m" 200 -
127.0.0.1 - - [04/May/2021 00:39:10] "[37mPOST /message/send/v2 HTTP/1.1[0m" 200 -
127.0.0.1 - - [04/May/2021 00:39:10] "[37mPOST /message/send/v2 HTTP/1.1[0m" 200 -
127.0.0.1 - - [04/May/2021 00:39:10] "[37mPOST /message/send/v2 HTTP/1.1[0m" 200 -
127.0.0.1 - - [04/May/2021 00:39:10] "[37mPOST /message/send/v2 HTTP/1.1[0m" 200 -
127.0.0.1 - - [04/May/2021 00:39:10] "[37mGET /search/v2?token=eyJ0eXAiOiJKV1QiLCJhbGciOiJIUzI1NiJ9.eyJnaWQiOjU0OCwibG9naW5fdGltZSI6MTYyMDA1Mjc1MCwic2FsdCI6IjRmYmQyYzU2LTllNTUtNDFmZi1hNGRmLWM5MWIyMDU1OTEwZSJ9.9k8J2QgBZR8bOO4uHcnajQbQxJhky6f2_jn0cGG0hF8&query_str=om HTTP/1.1[0m" 200 -
127.0.0.1 - - [04/May/2021 00:39:10] "[37mGET /search/v2?token=eyJ0eXAiOiJKV1QiLCJhbGciOiJIUzI1NiJ9.eyJnaWQiOjU0OCwibG9naW5fdGltZSI6MTYyMDA1Mjc1MCwic2FsdCI6IjRmYmQyYzU2LTllNTUtNDFmZi1hNGRmLWM5MWIyMDU1OTEwZSJ9.9k8J2QgBZR8bOO4uHcnajQbQxJhky6f2_jn0cGG0hF8&query_str=om HTTP/1.1[0m" 200 -
127.0.0.1 - - [04/May/2021 00:39:10] "[37mGET /search/v2?token=eyJ0eXAiOiJKV1QiLCJhbGciOiJIUzI1NiJ9.eyJnaWQiOjU0OCwibG9naW5fdGltZSI6MTYyMDA1Mjc1MCwic2FsdCI6IjRmYmQyYzU2LTllNTUtNDFmZi1hNGRmLWM5MWIyMDU1OTEwZSJ9.9k8J2QgBZR8bOO4uHcnajQbQxJhky6f2_jn0cGG0hF8&query_str=om HTTP/1.1[0m" 200 -
127.0.0.1 - - [04/May/2021 00:39:10] "[37mGET /search/v2?token=eyJ0eXAiOiJKV1QiLCJhbGciOiJIUzI1NiJ9.eyJnaWQiOjU0OCwibG9naW5fdGltZSI6MTYyMDA1Mjc1MCwic2FsdCI6IjRmYmQyYzU2LTllNTUtNDFmZi1hNGRmLWM5MWIyMDU1OTEwZSJ9.9k8J2QgBZR8bOO4uHcnajQbQxJhky6f2_jn0cGG0hF8&query_str=om HTTP/1.1[0m" 200 -
127.0.0.1 - - [04/May/2021 00:39:10] "[37mGET /search/v2?token=eyJ0eXAiOiJKV1QiLCJhbGciOiJIUzI1NiJ9.eyJnaWQiOjU0OCwibG9naW5fdGltZSI6MTYyMDA1Mjc1MCwic2FsdCI6IjRmYmQyYzU2LTllNTUtNDFmZi1hNGRmLWM5MWIyMDU1OTEwZSJ9.9k8J2QgBZR8bOO4uHcnajQbQxJhky6f2_jn0cGG0hF8&query_str=om HTTP/1.1[0m" 200 -
127.0.0.1 - - [04/May/2021 00:39:10] "[31m[1mGET /search/v2?token=eyJ0eXAiOiJKV1QiLCJhbGciOiJIUzI1NiJ9.eyJnaWQiOjU0OCwibG9naW5fdGltZSI6MTYyMDA1Mjc1MCwic2FsdCI6IjRmYmQyYzU2LTllNTUtNDFmZi1hNGRmLWM5MWIyMDU1OTEwZSJ9.9k8J2QgBZR8bOO4uHcnajQbQxJhky6f2_jn0cGG0hF8&query_str=%40%40%40%40%40%40%40%40%40%40%40%40%40%40%40%40%40%40%40%40%40%40%40%40%40%40%40%40%40%40%40%40%40%40%40%40%40%40%40%40%40%40%40%40%40%40%40%40%40%40%40%40%40%40%40%40%40%40%40%40%40%40%40%40%40%40%40%40%40%40%40%40%40%40%40%40%40%40%40%40%40%40%40%40%40%40%40%40%40%40%40%40%40%40%40%40%40%40%40%40%40%40%40%40%40%40%40%40%40%40%40%40%40%40%40%40%40%40%40%40%40%40%40%40%40%40%40%40%40%40%40%40%40%40%40%40%40%40%40%40%40%40%40%40%40%40%40%40%40%40%40%40%40%40%40%40%40%40%40%40%40%40%40%40%40%40%40%40%40%40%40%40%40%40%40%40%40%40%40%40%40%40%40%40%40%40%40%40%40%40%40%40%40%40%40%40%40%40%40%40%40%40%40%40%40%40%40%40%40%40%40%40%40%40%40%40%40%40%40%40%40%40%40%40%40%40%40%40%40%40%40%40%40%40%40%40%40%40%40%40%40%40%40%40%40%40%40%40%40%40%40%40%40%40%40%40%40%40%40%40%40%40%40%40%40%40%40%40%40%40%40%40%40%40%40%40%40%40%40%40%40%40%40%40%40%40%40%40%40%40%40%40%40%40%40%40%40%40%40%40%40%40%40%40%40%40%40%40%40%40%40%40%40%40%40%40%40%40%40%40%40%40%40%40%40%40%40%40%40%40%40%40%40%40%40%40%40%40%40%40%40%40%40%40%40%40%40%40%40%40%40%40%40%40%40%40%40%40%40%40%40%40%40%40%40%40%40%40%40%40%40%40%40%40%40%40%40%40%40%40%40%40%40%40%40%40%40%40%40%40%40%40%40%40%40%40%40%40%40%40%40%40%40%40%40%40%40%40%40%40%40%40%40%40%40%40%40%40%40%40%40%40%40%40%40%40%40%40%40%40%40%40%40%40%40%40%40%40%40%40%40%40%40%40%40%40%40%40%40%40%40%40%40%40%40%40%40%40%40%40%40%40%40%40%40%40%40%40%40%40%40%40%40%40%40%40%40%40%40%40%40%40%40%40%40%40%40%40%40%40%40%40%40%40%40%40%40%40%40%40%40%40%40%40%40%40%40%40%40%40%40%40%40%40%40%40%40%40%40%40%40%40%40%40%40%40%40%40%40%40%40%40%40%40%40%40%40%40%40%40%40%40%40%40%40%40%40%40%40%40%40%40%40%40%40%40%40%40%40%40%40%40%40%40%40%40%40%40%40%40%40%40%40%40%40%40%40%40%40%40%40%40%40%40%40%40%40%40%40%40%40%40%40%40%40%40%40%40%40%40%40%40%40%40%40%40%40%40%40%40%40%40%40%40%40%40%40%40%40%40%40%40%40%40%40%40%40%40%40%40%40%40%40%40%40%40%40%40%40%40%40%40%40%40%40%40%40%40%40%40%40%40%40%40%40%40%40%40%40%40%40%40%40%40%40%40%40%40%40%40%40%40%40%40%40%40%40%40%40%40%40%40%40%40%40%40%40%40%40%40%40%40%40%40%40%40%40%40%40%40%40%40%40%40%40%40%40%40%40%40%40%40%40%40%40%40%40%40%40%40%40%40%40%40%40%40%40%40%40%40%40%40%40%40%40%40%40%40%40%40%40%40%40%40%40%40%40%40%40%40%40%40%40%40%40%40%40%40%40%40%40%40%40%40%40%40%40%40%40%40%40%40%40%40%40%40%40%40%40%40%40%40%40%40%40%40%40%40%40%40%40%40%40%40%40%40%40%40%40%40%40%40%40%40%40%40%40%40%40%40%40%40%40%40%40%40%40%40%40%40%40%40%40%40%40%40%40%40%40%40%40%40%40%40%40%40%40%40%40%40%40%40%40%40%40%40%40%40%40%40%40%40%40%40%40%40%40%40%40%40%40%40%40%40%40%40%40%40%40%40%40%40%40%40%40%40%40%40%40%40%40%40%40%40%40%40%40%40%40%40%40%40%40%40%40%40%40%40%40%40%40%40%40%40%40%40%40%40%40%40%40%40%40%40%40%40%40%40%40%40%40%40%40%40%40%40%40%40%40%40%40%40%40%40%40%40%40%40%40%40%40%40%40%40%40%40%40%40%40%40%40%40%40%40%40%40%40%40%40%40%40%40%40%40%40%40%40%40%40%40%40%40%40%40%40%40%40%40%40%40%40%40%40%40%40%40%40%40%40%40%40%40%40%40%40%40%40%40%40%40%40%40 HTTP/1.1[0m" 400 -
127.0.0.1 - - [04/May/2021 00:39:10] "[37mGET /search/v2?token=eyJ0eXAiOiJKV1QiLCJhbGciOiJIUzI1NiJ9.eyJnaWQiOjU0NSwibG9naW5fdGltZSI6MTYyMDA1Mjc1MCwic2FsdCI6ImMyZTYwYmY1LTU2ZDktNDJmZi1iNGVlLTEwNWViNmY4YWMwNSJ9.IdIBn9s5RliUzf_0TW1HaLeY7ADKKtkLhG494fVEpL4&query_str=om HTTP/1.1[0m" 200 -
127.0.0.1 - - [04/May/2021 00:39:10] "[37mPOST /message/send/v2 HTTP/1.1[0m" 200 -
127.0.0.1 - - [04/May/2021 00:39:10] "[37mGET /search/v2?token=eyJ0eXAiOiJKV1QiLCJhbGciOiJIUzI1NiJ9.eyJnaWQiOjU0OCwibG9naW5fdGltZSI6MTYyMDA1Mjc1MCwic2FsdCI6IjRmYmQyYzU2LTllNTUtNDFmZi1hNGRmLWM5MWIyMDU1OTEwZSJ9.9k8J2QgBZR8bOO4uHcnajQbQxJhky6f2_jn0cGG0hF8&query_str=jOE+bIDEN HTTP/1.1[0m" 200 -
127.0.0.1 - - [04/May/2021 00:39:10] "[37mDELETE /clear/v1 HTTP/1.1[0m" 200 -
127.0.0.1 - - [04/May/2021 00:39:10] "[37mPOST /auth/register/v2 HTTP/1.1[0m" 200 -
127.0.0.1 - - [04/May/2021 00:39:10] "[37mPOST /auth/register/v2 HTTP/1.1[0m" 200 -
127.0.0.1 - - [04/May/2021 00:39:10] "[37mPOST /auth/register/v2 HTTP/1.1[0m" 200 -
127.0.0.1 - - [04/May/2021 00:39:10] "[37mPOST /dm/create/v1 HTTP/1.1[0m" 200 -
127.0.0.1 - - [04/May/2021 00:39:10] "[37mPOST /message/senddm/v1 HTTP/1.1[0m" 200 -
127.0.0.1 - - [04/May/2021 00:39:10] "[37mGET /search/v2?token=eyJ0eXAiOiJKV1QiLCJhbGciOiJIUzI1NiJ9.eyJnaWQiOjU1OCwibG9naW5fdGltZSI6MTYyMDA1Mjc1MCwic2FsdCI6ImUxZGM5YmY5LWFiYmYtNDg5MS1hZTY5LWJmOThiZmEyMWQ3YiJ9.0_qo-pSGxakeAgVmr0b6GERQNaRdV0Y-RQtvSRIv7pA&query_str=bIDEN+h HTTP/1.1[0m" 200 -
127.0.0.1 - - [04/May/2021 00:39:11] "[31m[1mPOST /standup/start/v1 HTTP/1.1[0m" 403 -
127.0.0.1 - - [04/May/2021 00:39:12] "[31m[1mPOST /channels/create/v2 HTTP/1.1[0m" 403 -
127.0.0.1 - - [04/May/2021 00:39:15] "[31m[1mPOST /channels/create/v2 HTTP/1.1[0m" 403 -
127.0.0.1 - - [04/May/2021 00:39:16] "[31m[1mPOST /channels/create/v2 HTTP/1.1[0m" 403 -
127.0.0.1 - - [04/May/2021 00:39:17] "[31m[1mGET /standup/active/v1?token=eyJ0eXAiOiJKV1QiLCJhbGciOiJIUzI1NiJ9.eyJzZXNzaW9uX2lkIjowLCJ1c2VyX2lkIjowfQ.mNX5f58rMYtTkp9fZydVCSZAXxviyhR8_I5RvFgXpeg&channel_id=-1&length=1 HTTP/1.1[0m" 403 -
127.0.0.1 - - [04/May/2021 00:39:18] "[31m[1mPOST /channels/create/v2 HTTP/1.1[0m" 403 -
127.0.0.1 - - [04/May/2021 00:39:19] "[31m[1mPOST /channels/create/v2 HTTP/1.1[0m" 403 -
127.0.0.1 - - [04/May/2021 00:39:21] "[31m[1mPOST /standup/send/v1 HTTP/1.1[0m" 403 -
127.0.0.1 - - [04/May/2021 00:39:22] "[31m[1mPOST /channels/create/v2 HTTP/1.1[0m" 403 -
127.0.0.1 - - [04/May/2021 00:39:23] "[31m[1mPOST /channels/create/v2 HTTP/1.1[0m" 403 -
127.0.0.1 - - [04/May/2021 00:39:25] "[31m[1mPOST /channels/create/v2 HTTP/1.1[0m" 403 -
127.0.0.1 - - [04/May/2021 00:39:26] "[31m[1mPOST /channels/create/v2 HTTP/1.1[0m" 403 -
127.0.0.1 - - [04/May/2021 00:39:27] "[31m[1mPOST /channels/create/v2 HTTP/1.1[0m" 403 -
127.0.0.1 - - [04/May/2021 00:39:30] "[31m[1mPOST /channels/create/v2 HTTP/1.1[0m" 403 -
127.0.0.1 - - [04/May/2021 00:39:30] "[37mDELETE /clear/v1 HTTP/1.1[0m" 200 -
127.0.0.1 - - [04/May/2021 00:39:30] "[37mPOST /auth/register/v2 HTTP/1.1[0m" 200 -
127.0.0.1 - - [04/May/2021 00:39:30] "[31m[1mPOST /user/profile/uploadphoto/v1 HTTP/1.1[0m" 400 -
127.0.0.1 - - [04/May/2021 00:39:30] "[31m[1mPOST /user/profile/uploadphoto/v1 HTTP/1.1[0m" 400 -
127.0.0.1 - - [04/May/2021 00:39:30] "[31m[1mPOST /user/profile/uploadphoto/v1 HTTP/1.1[0m" 400 -
[2021-05-04 00:39:30,491] ERROR in app: Exception on /user/profile/uploadphoto/v1 [POST]
Traceback (most recent call last):
  File "/import/kamen/3/cs1531/.local/lib/python3.7/site-packages/urllib3/connection.py", line 170, in _new_conn
    (self._dns_host, self.port), self.timeout, **extra_kw
  File "/import/kamen/3/cs1531/.local/lib/python3.7/site-packages/urllib3/util/connection.py", line 73, in create_connection
    for res in socket.getaddrinfo(host, port, family, socket.SOCK_STREAM):
  File "/usr/lib/python3.7/socket.py", line 748, in getaddrinfo
    for res in _socket.getaddrinfo(host, port, family, type, proto, flags):
socket.gaierror: [Errno -2] Name or service not known

During handling of the above exception, another exception occurred:

Traceback (most recent call last):
  File "/import/kamen/3/cs1531/.local/lib/python3.7/site-packages/urllib3/connectionpool.py", line 706, in urlopen
    chunked=chunked,
  File "/import/kamen/3/cs1531/.local/lib/python3.7/site-packages/urllib3/connectionpool.py", line 394, in _make_request
    conn.request(method, url, **httplib_request_kw)
  File "/import/kamen/3/cs1531/.local/lib/python3.7/site-packages/urllib3/connection.py", line 234, in request
    super(HTTPConnection, self).request(method, url, body=body, headers=headers)
  File "/usr/lib/python3.7/http/client.py", line 1244, in request
    self._send_request(method, url, body, headers, encode_chunked)
  File "/usr/lib/python3.7/http/client.py", line 1290, in _send_request
    self.endheaders(body, encode_chunked=encode_chunked)
  File "/usr/lib/python3.7/http/client.py", line 1239, in endheaders
    self._send_output(message_body, encode_chunked=encode_chunked)
  File "/usr/lib/python3.7/http/client.py", line 1026, in _send_output
    self.send(msg)
  File "/usr/lib/python3.7/http/client.py", line 966, in send
    self.connect()
  File "/import/kamen/3/cs1531/.local/lib/python3.7/site-packages/urllib3/connection.py", line 200, in connect
    conn = self._new_conn()
  File "/import/kamen/3/cs1531/.local/lib/python3.7/site-packages/urllib3/connection.py", line 182, in _new_conn
    self, "Failed to establish a new connection: %s" % e
urllib3.exceptions.NewConnectionError: <urllib3.connection.HTTPConnection object at 0x7f1b7c347e80>: Failed to establish a new connection: [Errno -2] Name or service not known

During handling of the above exception, another exception occurred:

Traceback (most recent call last):
  File "/import/kamen/3/cs1531/.local/lib/python3.7/site-packages/requests/adapters.py", line 449, in send
    timeout=timeout
  File "/import/kamen/3/cs1531/.local/lib/python3.7/site-packages/urllib3/connectionpool.py", line 756, in urlopen
    method, url, error=e, _pool=self, _stacktrace=sys.exc_info()[2]
  File "/import/kamen/3/cs1531/.local/lib/python3.7/site-packages/urllib3/util/retry.py", line 574, in increment
    raise MaxRetryError(_pool, url, error or ResponseError(cause))
urllib3.exceptions.MaxRetryError: HTTPConnectionPool(host='agsgasg.com', port=80): Max retries exceeded with url: /nicklam/04/2/hiiiii.jpg (Caused by NewConnectionError('<urllib3.connection.HTTPConnection object at 0x7f1b7c347e80>: Failed to establish a new connection: [Errno -2] Name or service not known'))

During handling of the above exception, another exception occurred:

Traceback (most recent call last):
  File "/import/kamen/3/cs1531/.local/lib/python3.7/site-packages/flask/app.py", line 1950, in full_dispatch_request
    rv = self.dispatch_request()
  File "/import/kamen/3/cs1531/.local/lib/python3.7/site-packages/flask/app.py", line 1936, in dispatch_request
    return self.view_functions[rule.endpoint](**req.view_args)
  File "/tmp_amd/kamen/export/kamen/3/cs1531/automark/src/server.py", line 456, in user_profile_uploadphoto_server
    return api.user_profile_uploadphoto(token, img_url, x_start, y_start, x_end, y_end, ctx)
  File "/tmp_amd/kamen/export/kamen/3/cs1531/automark/src/api/user.py", line 46, in user_profile_uploadphoto
    agent.upload_profile_photo(img_url, xmin, ymin, xmax, ymax, f'{ctx.req.host_url}static/')
  File "/tmp_amd/kamen/export/kamen/3/cs1531/automark/src/domain/user.py", line 218, in upload_profile_photo
    new_dp = self.platform.upload_image(self, src, xmin, ymin, xmax, ymax, fileserver)
  File "/tmp_amd/kamen/export/kamen/3/cs1531/automark/src/domain/workspace.py", line 330, in upload_image
    io.assert_valid_url(src)
  File "/tmp_amd/kamen/export/kamen/3/cs1531/automark/src/domain/input_validation.py", line 66, in assert_valid_url
    res = requests.head(url)
  File "/import/kamen/3/cs1531/.local/lib/python3.7/site-packages/requests/api.py", line 104, in head
    return request('head', url, **kwargs)
  File "/import/kamen/3/cs1531/.local/lib/python3.7/site-packages/requests/api.py", line 61, in request
    return session.request(method=method, url=url, **kwargs)
  File "/import/kamen/3/cs1531/.local/lib/python3.7/site-packages/requests/sessions.py", line 542, in request
    resp = self.send(prep, **send_kwargs)
  File "/import/kamen/3/cs1531/.local/lib/python3.7/site-packages/requests/sessions.py", line 655, in send
    r = adapter.send(request, **kwargs)
  File "/import/kamen/3/cs1531/.local/lib/python3.7/site-packages/requests/adapters.py", line 516, in send
    raise ConnectionError(e, request=request)
requests.exceptions.ConnectionError: HTTPConnectionPool(host='agsgasg.com', port=80): Max retries exceeded with url: /nicklam/04/2/hiiiii.jpg (Caused by NewConnectionError('<urllib3.connection.HTTPConnection object at 0x7f1b7c347e80>: Failed to establish a new connection: [Errno -2] Name or service not known'))

During handling of the above exception, another exception occurred:

Traceback (most recent call last):
  File "/import/kamen/3/cs1531/.local/lib/python3.7/site-packages/flask/app.py", line 2447, in wsgi_app
    response = self.full_dispatch_request()
  File "/import/kamen/3/cs1531/.local/lib/python3.7/site-packages/flask/app.py", line 1952, in full_dispatch_request
    rv = self.handle_user_exception(e)
  File "/import/kamen/3/cs1531/.local/lib/python3.7/site-packages/flask_cors/extension.py", line 165, in wrapped_function
    return cors_after_request(app.make_response(f(*args, **kwargs)))
  File "/import/kamen/3/cs1531/.local/lib/python3.7/site-packages/flask/app.py", line 1822, in handle_user_exception
    return handler(e)
  File "/tmp_amd/kamen/export/kamen/3/cs1531/automark/src/api/error.py", line 5, in default_handler
    response = err.get_response()
AttributeError: 'ConnectionError' object has no attribute 'get_response'
127.0.0.1 - - [04/May/2021 00:39:30] "[35m[1mPOST /user/profile/uploadphoto/v1 HTTP/1.1[0m" 500 -
127.0.0.1 - - [04/May/2021 00:39:30] "[37mDELETE /clear/v1 HTTP/1.1[0m" 200 -
127.0.0.1 - - [04/May/2021 00:39:30] "[37mPOST /auth/register/v2 HTTP/1.1[0m" 200 -
127.0.0.1 - - [04/May/2021 00:39:30] "[37mGET /user/profile/v2?token=eyJ0eXAiOiJKV1QiLCJhbGciOiJIUzI1NiJ9.eyJnaWQiOjU2MywibG9naW5fdGltZSI6MTYyMDA1Mjc3MCwic2FsdCI6IjM0NTA4NGM1LWEyNWYtNDFmYy1iZmM4LWRlYzMwMGJiOTc0YSJ9.qqKs3p_H1hdpvr5THzcU0aZIxXlzPmebu4HrLsDa158&u_id=563 HTTP/1.1[0m" 200 -
127.0.0.1 - - [04/May/2021 00:39:30] "[37mDELETE /clear/v1 HTTP/1.1[0m" 200 -
127.0.0.1 - - [04/May/2021 00:39:30] "[37mPOST /auth/register/v2 HTTP/1.1[0m" 200 -
127.0.0.1 - - [04/May/2021 00:39:30] "[37mPOST /user/profile/uploadphoto/v1 HTTP/1.1[0m" 200 -
127.0.0.1 - - [04/May/2021 00:39:30] "[37mGET /user/profile/v2?token=eyJ0eXAiOiJKV1QiLCJhbGciOiJIUzI1NiJ9.eyJnaWQiOjU2NCwibG9naW5fdGltZSI6MTYyMDA1Mjc3MCwic2FsdCI6IjAzMTU3ZWMxLTc2ODktNGYwMS05YmRhLWE3MDc3NGI0NGZmOSJ9.u2rcHL9T5piBXbpSkptlH0vuAAdUg1JEpAB0kgo-nvk&u_id=564 HTTP/1.1[0m" 200 -
127.0.0.1 - - [04/May/2021 00:39:30] "[37mDELETE /clear/v1 HTTP/1.1[0m" 200 -
127.0.0.1 - - [04/May/2021 00:39:30] "[37mPOST /auth/register/v2 HTTP/1.1[0m" 200 -
127.0.0.1 - - [04/May/2021 00:39:30] "[37mPOST /auth/login/v2 HTTP/1.1[0m" 200 -
127.0.0.1 - - [04/May/2021 00:39:30] "[31m[1mGET /user/profile/v2?token=eyJ0eXAiOiJKV1QiLCJhbGciOiJIUzI1NiJ9.eyJnaWQiOjU2NywibG9naW5fdGltZSI6MTYyMDA1Mjc3MCwic2FsdCI6Ijk1MWE1MDBlLWE2YzctNDcwNy1hOGI0LTA2NjMzOWNjMzQ2OSJ9.4L-IU3eW1ArH_WGAUr8wmXvOBn9pFkXGB1_iJ1eXZK4&u_id=1 HTTP/1.1[0m" 400 -
127.0.0.1 - - [04/May/2021 00:39:30] "[37mDELETE /clear/v1 HTTP/1.1[0m" 200 -
127.0.0.1 - - [04/May/2021 00:39:30] "[37mPOST /auth/register/v2 HTTP/1.1[0m" 200 -
127.0.0.1 - - [04/May/2021 00:39:30] "[37mPOST /auth/login/v2 HTTP/1.1[0m" 200 -
127.0.0.1 - - [04/May/2021 00:39:30] "[37mPUT /user/profile/setname/v2 HTTP/1.1[0m" 200 -
127.0.0.1 - - [04/May/2021 00:39:30] "[31m[1mGET /user/profile/v2?token=eyJ0eXAiOiJKV1QiLCJhbGciOiJIUzI1NiJ9.eyJnaWQiOjU2OCwibG9naW5fdGltZSI6MTYyMDA1Mjc3MCwic2FsdCI6IjgwODcwM2E3LWVmZjAtNDgwNC1hNmM5LTUyZmU2MWQ0MjhmYyJ9.qqrQJabDPXh3ZwCgeDyueMCQg_5sL1tRI1RVFKmBVis&u_id=0 HTTP/1.1[0m" 400 -
127.0.0.1 - - [04/May/2021 00:39:30] "[37mDELETE /clear/v1 HTTP/1.1[0m" 200 -
127.0.0.1 - - [04/May/2021 00:39:30] "[37mPOST /auth/register/v2 HTTP/1.1[0m" 200 -
127.0.0.1 - - [04/May/2021 00:39:30] "[37mPOST /auth/login/v2 HTTP/1.1[0m" 200 -
127.0.0.1 - - [04/May/2021 00:39:30] "[31m[1mPUT /user/profile/setname/v2 HTTP/1.1[0m" 400 -
127.0.0.1 - - [04/May/2021 00:39:30] "[37mDELETE /clear/v1 HTTP/1.1[0m" 200 -
127.0.0.1 - - [04/May/2021 00:39:30] "[37mPOST /auth/register/v2 HTTP/1.1[0m" 200 -
127.0.0.1 - - [04/May/2021 00:39:30] "[37mPOST /auth/login/v2 HTTP/1.1[0m" 200 -
127.0.0.1 - - [04/May/2021 00:39:30] "[31m[1mPUT /user/profile/setname/v2 HTTP/1.1[0m" 400 -
127.0.0.1 - - [04/May/2021 00:39:30] "[37mDELETE /clear/v1 HTTP/1.1[0m" 200 -
127.0.0.1 - - [04/May/2021 00:39:30] "[37mPOST /auth/register/v2 HTTP/1.1[0m" 200 -
127.0.0.1 - - [04/May/2021 00:39:30] "[37mPOST /auth/login/v2 HTTP/1.1[0m" 200 -
127.0.0.1 - - [04/May/2021 00:39:30] "[31m[1mPUT /user/profile/setname/v2 HTTP/1.1[0m" 400 -
127.0.0.1 - - [04/May/2021 00:39:30] "[37mDELETE /clear/v1 HTTP/1.1[0m" 200 -
127.0.0.1 - - [04/May/2021 00:39:30] "[37mPOST /auth/register/v2 HTTP/1.1[0m" 200 -
127.0.0.1 - - [04/May/2021 00:39:30] "[37mPOST /auth/login/v2 HTTP/1.1[0m" 200 -
127.0.0.1 - - [04/May/2021 00:39:30] "[31m[1mPUT /user/profile/setname/v2 HTTP/1.1[0m" 400 -
127.0.0.1 - - [04/May/2021 00:39:30] "[37mDELETE /clear/v1 HTTP/1.1[0m" 200 -
127.0.0.1 - - [04/May/2021 00:39:30] "[37mPOST /auth/register/v2 HTTP/1.1[0m" 200 -
127.0.0.1 - - [04/May/2021 00:39:30] "[37mPOST /auth/login/v2 HTTP/1.1[0m" 200 -
127.0.0.1 - - [04/May/2021 00:39:30] "[37mPUT /user/profile/setemail/v2 HTTP/1.1[0m" 200 -
127.0.0.1 - - [04/May/2021 00:39:30] "[37mGET /user/profile/v2?token=eyJ0eXAiOiJKV1QiLCJhbGciOiJIUzI1NiJ9.eyJnaWQiOjU3MywibG9naW5fdGltZSI6MTYyMDA1Mjc3MCwic2FsdCI6IjlhY2M4Mzg4LWFjMjgtNDhlNS04NzI1LWE5MmU5ZmQ0ZmVjYiJ9.Qu6Nhnjl7kqXIf89FaK9s2lEB2iHk5ppkzdp1tClWlQ&u_id=573 HTTP/1.1[0m" 200 -
127.0.0.1 - - [04/May/2021 00:39:30] "[37mDELETE /clear/v1 HTTP/1.1[0m" 200 -
127.0.0.1 - - [04/May/2021 00:39:30] "[37mPOST /auth/register/v2 HTTP/1.1[0m" 200 -
127.0.0.1 - - [04/May/2021 00:39:30] "[37mPOST /auth/login/v2 HTTP/1.1[0m" 200 -
127.0.0.1 - - [04/May/2021 00:39:30] "[31m[1mPUT /user/profile/setemail/v2 HTTP/1.1[0m" 400 -
127.0.0.1 - - [04/May/2021 00:39:30] "[37mDELETE /clear/v1 HTTP/1.1[0m" 200 -
127.0.0.1 - - [04/May/2021 00:39:30] "[37mPOST /auth/register/v2 HTTP/1.1[0m" 200 -
127.0.0.1 - - [04/May/2021 00:39:30] "[37mPOST /auth/register/v2 HTTP/1.1[0m" 200 -
127.0.0.1 - - [04/May/2021 00:39:30] "[37mPOST /auth/login/v2 HTTP/1.1[0m" 200 -
127.0.0.1 - - [04/May/2021 00:39:30] "[37mPOST /auth/login/v2 HTTP/1.1[0m" 200 -
127.0.0.1 - - [04/May/2021 00:39:30] "[31m[1mPUT /user/profile/setemail/v2 HTTP/1.1[0m" 400 -
127.0.0.1 - - [04/May/2021 00:39:30] "[31m[1mPUT /user/profile/setemail/v2 HTTP/1.1[0m" 400 -
127.0.0.1 - - [04/May/2021 00:39:30] "[37mDELETE /clear/v1 HTTP/1.1[0m" 200 -
127.0.0.1 - - [04/May/2021 00:39:30] "[37mPOST /auth/register/v2 HTTP/1.1[0m" 200 -
127.0.0.1 - - [04/May/2021 00:39:30] "[37mPOST /auth/login/v2 HTTP/1.1[0m" 200 -
127.0.0.1 - - [04/May/2021 00:39:30] "[37mPUT /user/profile/sethandle/v1 HTTP/1.1[0m" 200 -
127.0.0.1 - - [04/May/2021 00:39:30] "[37mGET /user/profile/v2?token=eyJ0eXAiOiJKV1QiLCJhbGciOiJIUzI1NiJ9.eyJnaWQiOjU3NywibG9naW5fdGltZSI6MTYyMDA1Mjc3MCwic2FsdCI6IjY0YjYzM2FmLWZmM2YtNDZkYi1iZWFmLTQ4ZDUwZDRlOWI4MCJ9.xzDJ_yCcGA7TyQN_ZKLYIUa4_MRUqnuG2yDRd3sI0Ls&u_id=577 HTTP/1.1[0m" 200 -
127.0.0.1 - - [04/May/2021 00:39:30] "[37mDELETE /clear/v1 HTTP/1.1[0m" 200 -
127.0.0.1 - - [04/May/2021 00:39:30] "[37mPOST /auth/register/v2 HTTP/1.1[0m" 200 -
127.0.0.1 - - [04/May/2021 00:39:30] "[37mPOST /auth/login/v2 HTTP/1.1[0m" 200 -
127.0.0.1 - - [04/May/2021 00:39:30] "[31m[1mPUT /user/profile/sethandle/v1 HTTP/1.1[0m" 400 -
127.0.0.1 - - [04/May/2021 00:39:30] "[37mDELETE /clear/v1 HTTP/1.1[0m" 200 -
127.0.0.1 - - [04/May/2021 00:39:30] "[37mPOST /auth/register/v2 HTTP/1.1[0m" 200 -
127.0.0.1 - - [04/May/2021 00:39:30] "[37mPOST /auth/login/v2 HTTP/1.1[0m" 200 -
127.0.0.1 - - [04/May/2021 00:39:30] "[31m[1mPUT /user/profile/sethandle/v1 HTTP/1.1[0m" 400 -
127.0.0.1 - - [04/May/2021 00:39:30] "[37mDELETE /clear/v1 HTTP/1.1[0m" 200 -
127.0.0.1 - - [04/May/2021 00:39:30] "[37mPOST /auth/register/v2 HTTP/1.1[0m" 200 -
127.0.0.1 - - [04/May/2021 00:39:30] "[37mPOST /auth/register/v2 HTTP/1.1[0m" 200 -
127.0.0.1 - - [04/May/2021 00:39:31] "[37mPOST /auth/login/v2 HTTP/1.1[0m" 200 -
127.0.0.1 - - [04/May/2021 00:39:31] "[37mPUT /user/profile/sethandle/v1 HTTP/1.1[0m" 200 -
127.0.0.1 - - [04/May/2021 00:39:31] "[37mPOST /auth/login/v2 HTTP/1.1[0m" 200 -
127.0.0.1 - - [04/May/2021 00:39:31] "[37mPUT /user/profile/sethandle/v1 HTTP/1.1[0m" 200 -
127.0.0.1 - - [04/May/2021 00:39:31] "[37mDELETE /clear/v1 HTTP/1.1[0m" 200 -
127.0.0.1 - - [04/May/2021 00:39:31] "[37mPOST /auth/register/v2 HTTP/1.1[0m" 200 -
127.0.0.1 - - [04/May/2021 00:39:31] "[37mPOST /auth/register/v2 HTTP/1.1[0m" 200 -
127.0.0.1 - - [04/May/2021 00:39:31] "[37mPOST /auth/login/v2 HTTP/1.1[0m" 200 -
127.0.0.1 - - [04/May/2021 00:39:31] "[37mPOST /auth/login/v2 HTTP/1.1[0m" 200 -
127.0.0.1 - - [04/May/2021 00:39:31] "[37mGET /users/all/v1?token=eyJ0eXAiOiJKV1QiLCJhbGciOiJIUzI1NiJ9.eyJnaWQiOjU4MiwibG9naW5fdGltZSI6MTYyMDA1Mjc3MSwic2FsdCI6Ijc4OTljMDhmLTg0MmItNGU2Ni1iMmJhLWQ3YjRkNGE3MTgxMCJ9.axXta9UP9dx0QfkvMRI4GnDcri-OSg5SjdZr_BjeJzQ HTTP/1.1[0m" 200 -
127.0.0.1 - - [04/May/2021 00:39:31] "[37mDELETE /clear/v1 HTTP/1.1[0m" 200 -
127.0.0.1 - - [04/May/2021 00:39:31] "[37mPOST /auth/register/v2 HTTP/1.1[0m" 200 -
127.0.0.1 - - [04/May/2021 00:39:31] "[37mPOST /auth/register/v2 HTTP/1.1[0m" 200 -
127.0.0.1 - - [04/May/2021 00:39:31] "[37mPOST /auth/register/v2 HTTP/1.1[0m" 200 -
127.0.0.1 - - [04/May/2021 00:39:31] "[37mPOST /auth/register/v2 HTTP/1.1[0m" 200 -
127.0.0.1 - - [04/May/2021 00:39:31] "[37mPOST /channels/create/v2 HTTP/1.1[0m" 200 -
127.0.0.1 - - [04/May/2021 00:39:31] "[37mPOST /message/send/v2 HTTP/1.1[0m" 200 -
127.0.0.1 - - [04/May/2021 00:39:31] "[33mGET /users/stats/v1?token=eyJ0eXAiOiJKV1QiLCJhbGciOiJIUzI1NiJ9.eyJnaWQiOjU4NCwibG9naW5fdGltZSI6MTYyMDA1Mjc3MSwic2FsdCI6IjBhMmNhMTA1LTNkMzAtNDU4Ni05NTRhLWNlNmZjZmRlNzMyYSJ9.VtJMLX87a4nbSmU9EPlerBlpP9Nrz0_1wsRcQ7CRlSk HTTP/1.1[0m" 404 -
127.0.0.1 - - [04/May/2021 00:39:31] "[37mDELETE /clear/v1 HTTP/1.1[0m" 200 -
127.0.0.1 - - [04/May/2021 00:39:31] "[37mPOST /auth/register/v2 HTTP/1.1[0m" 200 -
127.0.0.1 - - [04/May/2021 00:39:31] "[37mPOST /auth/register/v2 HTTP/1.1[0m" 200 -
127.0.0.1 - - [04/May/2021 00:39:31] "[37mPOST /channels/create/v2 HTTP/1.1[0m" 200 -
127.0.0.1 - - [04/May/2021 00:39:31] "[37mPOST /channel/join/v2 HTTP/1.1[0m" 200 -
127.0.0.1 - - [04/May/2021 00:39:31] "[37mPOST /dm/create/v1 HTTP/1.1[0m" 200 -
127.0.0.1 - - [04/May/2021 00:39:31] "[37mPOST /message/send/v2 HTTP/1.1[0m" 200 -
127.0.0.1 - - [04/May/2021 00:39:31] "[37mGET /user/stats/v1?token=eyJ0eXAiOiJKV1QiLCJhbGciOiJIUzI1NiJ9.eyJnaWQiOjU5MCwibG9naW5fdGltZSI6MTYyMDA1Mjc3MSwic2FsdCI6IjM5NzE3MmU1LWFhZGEtNDIyNC04YTY3LWM3MTI0ZjlmZDZjNyJ9.los3oOEpA6GPmK-EYZ5DjBW7fMvc0LTNs58AQw2EDoU HTTP/1.1[0m" 200 -
127.0.0.1 - - [04/May/2021 00:39:31] "[37mPOST /message/send/v2 HTTP/1.1[0m" 200 -
127.0.0.1 - - [04/May/2021 00:39:31] "[37mGET /user/stats/v1?token=eyJ0eXAiOiJKV1QiLCJhbGciOiJIUzI1NiJ9.eyJnaWQiOjU5MCwibG9naW5fdGltZSI6MTYyMDA1Mjc3MSwic2FsdCI6IjM5NzE3MmU1LWFhZGEtNDIyNC04YTY3LWM3MTI0ZjlmZDZjNyJ9.los3oOEpA6GPmK-EYZ5DjBW7fMvc0LTNs58AQw2EDoU HTTP/1.1[0m" 200 -
127.0.0.1 - - [04/May/2021 00:39:31] "[37mDELETE /message/remove/v1 HTTP/1.1[0m" 200 -
127.0.0.1 - - [04/May/2021 00:39:31] "[37mGET /user/stats/v1?token=eyJ0eXAiOiJKV1QiLCJhbGciOiJIUzI1NiJ9.eyJnaWQiOjU5MCwibG9naW5fdGltZSI6MTYyMDA1Mjc3MSwic2FsdCI6IjM5NzE3MmU1LWFhZGEtNDIyNC04YTY3LWM3MTI0ZjlmZDZjNyJ9.los3oOEpA6GPmK-EYZ5DjBW7fMvc0LTNs58AQw2EDoU HTTP/1.1[0m" 200 -
