 * Serving Flask app "server" (lazy loading)
 * Environment: production
   WARNING: This is a development server. Do not use it in a production deployment.
   Use a production WSGI server instead.
 * Debug mode: off
 * Running on http://127.0.0.1:60811/ (Press CTRL+C to quit)
127.0.0.1 - - [13/Apr/2021 05:47:38] "[37mDELETE /clear/v1 HTTP/1.1[0m" 200 -
127.0.0.1 - - [13/Apr/2021 05:47:38] "[37mPOST /auth/register/v2 HTTP/1.1[0m" 200 -
127.0.0.1 - - [13/Apr/2021 05:47:38] "[37mGET /user/profile/v2?token=eyJ0eXAiOiJKV1QiLCJhbGciOiJIUzI1NiJ9.eyJzZXNzaW9uX2lkIjowLCJ1c2VyX2lkIjowfQ.mNX5f58rMYtTkp9fZydVCSZAXxviyhR8_I5RvFgXpeg&u_id=0 HTTP/1.1[0m" 200 -
127.0.0.1 - - [13/Apr/2021 05:47:38] "[37mPOST /auth/register/v2 HTTP/1.1[0m" 200 -
127.0.0.1 - - [13/Apr/2021 05:47:38] "[37mGET /user/profile/v2?token=eyJ0eXAiOiJKV1QiLCJhbGciOiJIUzI1NiJ9.eyJzZXNzaW9uX2lkIjowLCJ1c2VyX2lkIjoxfQ.5xbRn_BBsTLXugTHkmPy2IGl5OTWXb7MWn1d_NYdOGo&u_id=1 HTTP/1.1[0m" 200 -
127.0.0.1 - - [13/Apr/2021 05:47:38] "[37mPOST /channels/create/v2 HTTP/1.1[0m" 200 -
127.0.0.1 - - [13/Apr/2021 05:47:38] "[37mDELETE /admin/user/remove/v1 HTTP/1.1[0m" 200 -
127.0.0.1 - - [13/Apr/2021 05:47:38] "[31m[1mPOST /auth/logout/v1 HTTP/1.1[0m" 405 -
127.0.0.1 - - [13/Apr/2021 05:47:39] "[37mDELETE /clear/v1 HTTP/1.1[0m" 200 -
127.0.0.1 - - [13/Apr/2021 05:47:39] "[37mPOST /auth/register/v2 HTTP/1.1[0m" 200 -
127.0.0.1 - - [13/Apr/2021 05:47:39] "[37mGET /user/profile/v2?token=eyJ0eXAiOiJKV1QiLCJhbGciOiJIUzI1NiJ9.eyJzZXNzaW9uX2lkIjowLCJ1c2VyX2lkIjowfQ.mNX5f58rMYtTkp9fZydVCSZAXxviyhR8_I5RvFgXpeg&u_id=0 HTTP/1.1[0m" 200 -
127.0.0.1 - - [13/Apr/2021 05:47:39] "[37mPOST /auth/register/v2 HTTP/1.1[0m" 200 -
127.0.0.1 - - [13/Apr/2021 05:47:39] "[37mGET /user/profile/v2?token=eyJ0eXAiOiJKV1QiLCJhbGciOiJIUzI1NiJ9.eyJzZXNzaW9uX2lkIjowLCJ1c2VyX2lkIjoxfQ.5xbRn_BBsTLXugTHkmPy2IGl5OTWXb7MWn1d_NYdOGo&u_id=1 HTTP/1.1[0m" 200 -
127.0.0.1 - - [13/Apr/2021 05:47:39] "[37mPOST /channels/create/v2 HTTP/1.1[0m" 200 -
127.0.0.1 - - [13/Apr/2021 05:47:39] "[37mPOST /channel/join/v2 HTTP/1.1[0m" 200 -
127.0.0.1 - - [13/Apr/2021 05:47:39] "[37mPOST /message/send/v2 HTTP/1.1[0m" 200 -
127.0.0.1 - - [13/Apr/2021 05:47:39] "[37mDELETE /admin/user/remove/v1 HTTP/1.1[0m" 200 -
127.0.0.1 - - [13/Apr/2021 05:47:39] "[37mGET /channel/messages/v2?token=eyJ0eXAiOiJKV1QiLCJhbGciOiJIUzI1NiJ9.eyJzZXNzaW9uX2lkIjowLCJ1c2VyX2lkIjowfQ.mNX5f58rMYtTkp9fZydVCSZAXxviyhR8_I5RvFgXpeg&channel_id=0&start=0 HTTP/1.1[0m" 200 -
127.0.0.1 - - [13/Apr/2021 05:47:39] "[37mDELETE /clear/v1 HTTP/1.1[0m" 200 -
127.0.0.1 - - [13/Apr/2021 05:47:39] "[37mPOST /auth/register/v2 HTTP/1.1[0m" 200 -
127.0.0.1 - - [13/Apr/2021 05:47:39] "[37mGET /user/profile/v2?token=eyJ0eXAiOiJKV1QiLCJhbGciOiJIUzI1NiJ9.eyJzZXNzaW9uX2lkIjowLCJ1c2VyX2lkIjowfQ.mNX5f58rMYtTkp9fZydVCSZAXxviyhR8_I5RvFgXpeg&u_id=0 HTTP/1.1[0m" 200 -
127.0.0.1 - - [13/Apr/2021 05:47:39] "[37mPOST /auth/register/v2 HTTP/1.1[0m" 200 -
127.0.0.1 - - [13/Apr/2021 05:47:39] "[37mGET /user/profile/v2?token=eyJ0eXAiOiJKV1QiLCJhbGciOiJIUzI1NiJ9.eyJzZXNzaW9uX2lkIjowLCJ1c2VyX2lkIjoxfQ.5xbRn_BBsTLXugTHkmPy2IGl5OTWXb7MWn1d_NYdOGo&u_id=1 HTTP/1.1[0m" 200 -
127.0.0.1 - - [13/Apr/2021 05:47:39] "[37mDELETE /admin/user/remove/v1 HTTP/1.1[0m" 200 -
127.0.0.1 - - [13/Apr/2021 05:47:39] "[37mGET /user/profile/v2?token=eyJ0eXAiOiJKV1QiLCJhbGciOiJIUzI1NiJ9.eyJzZXNzaW9uX2lkIjowLCJ1c2VyX2lkIjowfQ.mNX5f58rMYtTkp9fZydVCSZAXxviyhR8_I5RvFgXpeg&u_id=1 HTTP/1.1[0m" 200 -
127.0.0.1 - - [13/Apr/2021 05:47:39] "[37mDELETE /clear/v1 HTTP/1.1[0m" 200 -
127.0.0.1 - - [13/Apr/2021 05:47:39] "[37mPOST /auth/register/v2 HTTP/1.1[0m" 200 -
127.0.0.1 - - [13/Apr/2021 05:47:39] "[37mGET /user/profile/v2?token=eyJ0eXAiOiJKV1QiLCJhbGciOiJIUzI1NiJ9.eyJzZXNzaW9uX2lkIjowLCJ1c2VyX2lkIjowfQ.mNX5f58rMYtTkp9fZydVCSZAXxviyhR8_I5RvFgXpeg&u_id=0 HTTP/1.1[0m" 200 -
127.0.0.1 - - [13/Apr/2021 05:47:39] "[37mPOST /auth/register/v2 HTTP/1.1[0m" 200 -
127.0.0.1 - - [13/Apr/2021 05:47:39] "[37mGET /user/profile/v2?token=eyJ0eXAiOiJKV1QiLCJhbGciOiJIUzI1NiJ9.eyJzZXNzaW9uX2lkIjowLCJ1c2VyX2lkIjoxfQ.5xbRn_BBsTLXugTHkmPy2IGl5OTWXb7MWn1d_NYdOGo&u_id=1 HTTP/1.1[0m" 200 -
127.0.0.1 - - [13/Apr/2021 05:47:39] "[37mPOST /channels/create/v2 HTTP/1.1[0m" 200 -
127.0.0.1 - - [13/Apr/2021 05:47:39] "[37mPOST /channel/join/v2 HTTP/1.1[0m" 200 -
127.0.0.1 - - [13/Apr/2021 05:47:39] "[37mDELETE /admin/user/remove/v1 HTTP/1.1[0m" 200 -
127.0.0.1 - - [13/Apr/2021 05:47:39] "[37mGET /channel/details/v2?token=eyJ0eXAiOiJKV1QiLCJhbGciOiJIUzI1NiJ9.eyJzZXNzaW9uX2lkIjowLCJ1c2VyX2lkIjowfQ.mNX5f58rMYtTkp9fZydVCSZAXxviyhR8_I5RvFgXpeg&channel_id=0 HTTP/1.1[0m" 200 -
127.0.0.1 - - [13/Apr/2021 05:47:39] "[37mDELETE /clear/v1 HTTP/1.1[0m" 200 -
127.0.0.1 - - [13/Apr/2021 05:47:39] "[37mPOST /auth/register/v2 HTTP/1.1[0m" 200 -
127.0.0.1 - - [13/Apr/2021 05:47:39] "[37mGET /user/profile/v2?token=eyJ0eXAiOiJKV1QiLCJhbGciOiJIUzI1NiJ9.eyJzZXNzaW9uX2lkIjowLCJ1c2VyX2lkIjowfQ.mNX5f58rMYtTkp9fZydVCSZAXxviyhR8_I5RvFgXpeg&u_id=0 HTTP/1.1[0m" 200 -
127.0.0.1 - - [13/Apr/2021 05:47:39] "[37mPOST /auth/register/v2 HTTP/1.1[0m" 200 -
127.0.0.1 - - [13/Apr/2021 05:47:39] "[37mGET /user/profile/v2?token=eyJ0eXAiOiJKV1QiLCJhbGciOiJIUzI1NiJ9.eyJzZXNzaW9uX2lkIjowLCJ1c2VyX2lkIjoxfQ.5xbRn_BBsTLXugTHkmPy2IGl5OTWXb7MWn1d_NYdOGo&u_id=1 HTTP/1.1[0m" 200 -
127.0.0.1 - - [13/Apr/2021 05:47:39] "[37mPOST /auth/register/v2 HTTP/1.1[0m" 200 -
127.0.0.1 - - [13/Apr/2021 05:47:39] "[37mGET /user/profile/v2?token=eyJ0eXAiOiJKV1QiLCJhbGciOiJIUzI1NiJ9.eyJzZXNzaW9uX2lkIjowLCJ1c2VyX2lkIjoyfQ.5-bPobRcAy4amwzkV62if7N8xuQjY8hHFI_DUXJyBts&u_id=2 HTTP/1.1[0m" 200 -
127.0.0.1 - - [13/Apr/2021 05:47:39] "[37mPOST /dm/create/v1 HTTP/1.1[0m" 200 -
127.0.0.1 - - [13/Apr/2021 05:47:39] "[37mPOST /dm/invite/v1 HTTP/1.1[0m" 200 -
127.0.0.1 - - [13/Apr/2021 05:47:39] "[37mDELETE /admin/user/remove/v1 HTTP/1.1[0m" 200 -
127.0.0.1 - - [13/Apr/2021 05:47:39] "[37mGET /dm/details/v1?token=eyJ0eXAiOiJKV1QiLCJhbGciOiJIUzI1NiJ9.eyJzZXNzaW9uX2lkIjowLCJ1c2VyX2lkIjowfQ.mNX5f58rMYtTkp9fZydVCSZAXxviyhR8_I5RvFgXpeg&dm_id=0 HTTP/1.1[0m" 200 -
127.0.0.1 - - [13/Apr/2021 05:47:39] "[37mDELETE /clear/v1 HTTP/1.1[0m" 200 -
127.0.0.1 - - [13/Apr/2021 05:47:39] "[37mPOST /auth/register/v2 HTTP/1.1[0m" 200 -
127.0.0.1 - - [13/Apr/2021 05:47:39] "[37mGET /user/profile/v2?token=eyJ0eXAiOiJKV1QiLCJhbGciOiJIUzI1NiJ9.eyJzZXNzaW9uX2lkIjowLCJ1c2VyX2lkIjowfQ.mNX5f58rMYtTkp9fZydVCSZAXxviyhR8_I5RvFgXpeg&u_id=0 HTTP/1.1[0m" 200 -
127.0.0.1 - - [13/Apr/2021 05:47:39] "[37mPOST /auth/register/v2 HTTP/1.1[0m" 200 -
127.0.0.1 - - [13/Apr/2021 05:47:39] "[37mGET /user/profile/v2?token=eyJ0eXAiOiJKV1QiLCJhbGciOiJIUzI1NiJ9.eyJzZXNzaW9uX2lkIjowLCJ1c2VyX2lkIjoxfQ.5xbRn_BBsTLXugTHkmPy2IGl5OTWXb7MWn1d_NYdOGo&u_id=1 HTTP/1.1[0m" 200 -
127.0.0.1 - - [13/Apr/2021 05:47:39] "[37mDELETE /admin/user/remove/v1 HTTP/1.1[0m" 200 -
127.0.0.1 - - [13/Apr/2021 05:47:39] "[37mGET /users/all/v1?token=eyJ0eXAiOiJKV1QiLCJhbGciOiJIUzI1NiJ9.eyJzZXNzaW9uX2lkIjowLCJ1c2VyX2lkIjowfQ.mNX5f58rMYtTkp9fZydVCSZAXxviyhR8_I5RvFgXpeg HTTP/1.1[0m" 200 -
127.0.0.1 - - [13/Apr/2021 05:47:39] "[37mDELETE /clear/v1 HTTP/1.1[0m" 200 -
127.0.0.1 - - [13/Apr/2021 05:47:39] "[37mPOST /auth/register/v2 HTTP/1.1[0m" 200 -
127.0.0.1 - - [13/Apr/2021 05:47:39] "[37mGET /user/profile/v2?token=eyJ0eXAiOiJKV1QiLCJhbGciOiJIUzI1NiJ9.eyJzZXNzaW9uX2lkIjowLCJ1c2VyX2lkIjowfQ.mNX5f58rMYtTkp9fZydVCSZAXxviyhR8_I5RvFgXpeg&u_id=0 HTTP/1.1[0m" 200 -
127.0.0.1 - - [13/Apr/2021 05:47:39] "[31m[1mDELETE /admin/user/remove/v1 HTTP/1.1[0m" 400 -
127.0.0.1 - - [13/Apr/2021 05:47:39] "[37mDELETE /clear/v1 HTTP/1.1[0m" 200 -
127.0.0.1 - - [13/Apr/2021 05:47:39] "[37mPOST /auth/register/v2 HTTP/1.1[0m" 200 -
127.0.0.1 - - [13/Apr/2021 05:47:39] "[37mGET /user/profile/v2?token=eyJ0eXAiOiJKV1QiLCJhbGciOiJIUzI1NiJ9.eyJzZXNzaW9uX2lkIjowLCJ1c2VyX2lkIjowfQ.mNX5f58rMYtTkp9fZydVCSZAXxviyhR8_I5RvFgXpeg&u_id=0 HTTP/1.1[0m" 200 -
127.0.0.1 - - [13/Apr/2021 05:47:39] "[31m[1mDELETE /admin/user/remove/v1 HTTP/1.1[0m" 400 -
127.0.0.1 - - [13/Apr/2021 05:47:39] "[37mDELETE /clear/v1 HTTP/1.1[0m" 200 -
127.0.0.1 - - [13/Apr/2021 05:47:39] "[37mPOST /auth/register/v2 HTTP/1.1[0m" 200 -
127.0.0.1 - - [13/Apr/2021 05:47:39] "[37mGET /user/profile/v2?token=eyJ0eXAiOiJKV1QiLCJhbGciOiJIUzI1NiJ9.eyJzZXNzaW9uX2lkIjowLCJ1c2VyX2lkIjowfQ.mNX5f58rMYtTkp9fZydVCSZAXxviyhR8_I5RvFgXpeg&u_id=0 HTTP/1.1[0m" 200 -
127.0.0.1 - - [13/Apr/2021 05:47:39] "[37mPOST /auth/register/v2 HTTP/1.1[0m" 200 -
127.0.0.1 - - [13/Apr/2021 05:47:39] "[37mGET /user/profile/v2?token=eyJ0eXAiOiJKV1QiLCJhbGciOiJIUzI1NiJ9.eyJzZXNzaW9uX2lkIjowLCJ1c2VyX2lkIjoxfQ.5xbRn_BBsTLXugTHkmPy2IGl5OTWXb7MWn1d_NYdOGo&u_id=1 HTTP/1.1[0m" 200 -
127.0.0.1 - - [13/Apr/2021 05:47:39] "[31m[1mDELETE /admin/user/remove/v1 HTTP/1.1[0m" 403 -
127.0.0.1 - - [13/Apr/2021 05:47:39] "[37mDELETE /clear/v1 HTTP/1.1[0m" 200 -
127.0.0.1 - - [13/Apr/2021 05:47:39] "[37mPOST /auth/register/v2 HTTP/1.1[0m" 200 -
127.0.0.1 - - [13/Apr/2021 05:47:39] "[37mGET /user/profile/v2?token=eyJ0eXAiOiJKV1QiLCJhbGciOiJIUzI1NiJ9.eyJzZXNzaW9uX2lkIjowLCJ1c2VyX2lkIjowfQ.mNX5f58rMYtTkp9fZydVCSZAXxviyhR8_I5RvFgXpeg&u_id=0 HTTP/1.1[0m" 200 -
127.0.0.1 - - [13/Apr/2021 05:47:39] "[37mPOST /auth/register/v2 HTTP/1.1[0m" 200 -
127.0.0.1 - - [13/Apr/2021 05:47:39] "[37mGET /user/profile/v2?token=eyJ0eXAiOiJKV1QiLCJhbGciOiJIUzI1NiJ9.eyJzZXNzaW9uX2lkIjowLCJ1c2VyX2lkIjoxfQ.5xbRn_BBsTLXugTHkmPy2IGl5OTWXb7MWn1d_NYdOGo&u_id=1 HTTP/1.1[0m" 200 -
127.0.0.1 - - [13/Apr/2021 05:47:39] "[31m[1mPOST /auth/logout/v1 HTTP/1.1[0m" 405 -
127.0.0.1 - - [13/Apr/2021 05:47:39] "[37mDELETE /clear/v1 HTTP/1.1[0m" 200 -
127.0.0.1 - - [13/Apr/2021 05:47:39] "[37mPOST /auth/register/v2 HTTP/1.1[0m" 200 -
127.0.0.1 - - [13/Apr/2021 05:47:39] "[37mGET /user/profile/v2?token=eyJ0eXAiOiJKV1QiLCJhbGciOiJIUzI1NiJ9.eyJzZXNzaW9uX2lkIjowLCJ1c2VyX2lkIjowfQ.mNX5f58rMYtTkp9fZydVCSZAXxviyhR8_I5RvFgXpeg&u_id=0 HTTP/1.1[0m" 200 -
127.0.0.1 - - [13/Apr/2021 05:47:39] "[37mPOST /auth/register/v2 HTTP/1.1[0m" 200 -
127.0.0.1 - - [13/Apr/2021 05:47:39] "[37mGET /user/profile/v2?token=eyJ0eXAiOiJKV1QiLCJhbGciOiJIUzI1NiJ9.eyJzZXNzaW9uX2lkIjowLCJ1c2VyX2lkIjoxfQ.5xbRn_BBsTLXugTHkmPy2IGl5OTWXb7MWn1d_NYdOGo&u_id=1 HTTP/1.1[0m" 200 -
127.0.0.1 - - [13/Apr/2021 05:47:39] "[37mPOST /admin/userpermission/change/v1 HTTP/1.1[0m" 200 -
127.0.0.1 - - [13/Apr/2021 05:47:39] "[37mPOST /admin/userpermission/change/v1 HTTP/1.1[0m" 200 -
127.0.0.1 - - [13/Apr/2021 05:47:39] "[37mDELETE /clear/v1 HTTP/1.1[0m" 200 -
127.0.0.1 - - [13/Apr/2021 05:47:39] "[37mPOST /auth/register/v2 HTTP/1.1[0m" 200 -
127.0.0.1 - - [13/Apr/2021 05:47:39] "[37mGET /user/profile/v2?token=eyJ0eXAiOiJKV1QiLCJhbGciOiJIUzI1NiJ9.eyJzZXNzaW9uX2lkIjowLCJ1c2VyX2lkIjowfQ.mNX5f58rMYtTkp9fZydVCSZAXxviyhR8_I5RvFgXpeg&u_id=0 HTTP/1.1[0m" 200 -
127.0.0.1 - - [13/Apr/2021 05:47:39] "[37mPOST /auth/register/v2 HTTP/1.1[0m" 200 -
127.0.0.1 - - [13/Apr/2021 05:47:39] "[37mGET /user/profile/v2?token=eyJ0eXAiOiJKV1QiLCJhbGciOiJIUzI1NiJ9.eyJzZXNzaW9uX2lkIjowLCJ1c2VyX2lkIjoxfQ.5xbRn_BBsTLXugTHkmPy2IGl5OTWXb7MWn1d_NYdOGo&u_id=1 HTTP/1.1[0m" 200 -
127.0.0.1 - - [13/Apr/2021 05:47:39] "[37mPOST /admin/userpermission/change/v1 HTTP/1.1[0m" 200 -
127.0.0.1 - - [13/Apr/2021 05:47:39] "[31m[1mPOST /admin/userpermission/change/v1 HTTP/1.1[0m" 403 -
127.0.0.1 - - [13/Apr/2021 05:47:39] "[37mPOST /admin/userpermission/change/v1 HTTP/1.1[0m" 200 -
127.0.0.1 - - [13/Apr/2021 05:47:39] "[37mPOST /admin/userpermission/change/v1 HTTP/1.1[0m" 200 -
127.0.0.1 - - [13/Apr/2021 05:47:39] "[37mDELETE /clear/v1 HTTP/1.1[0m" 200 -
127.0.0.1 - - [13/Apr/2021 05:47:39] "[37mPOST /auth/register/v2 HTTP/1.1[0m" 200 -
127.0.0.1 - - [13/Apr/2021 05:47:39] "[37mGET /user/profile/v2?token=eyJ0eXAiOiJKV1QiLCJhbGciOiJIUzI1NiJ9.eyJzZXNzaW9uX2lkIjowLCJ1c2VyX2lkIjowfQ.mNX5f58rMYtTkp9fZydVCSZAXxviyhR8_I5RvFgXpeg&u_id=0 HTTP/1.1[0m" 200 -
127.0.0.1 - - [13/Apr/2021 05:47:39] "[37mPOST /auth/register/v2 HTTP/1.1[0m" 200 -
127.0.0.1 - - [13/Apr/2021 05:47:39] "[37mGET /user/profile/v2?token=eyJ0eXAiOiJKV1QiLCJhbGciOiJIUzI1NiJ9.eyJzZXNzaW9uX2lkIjowLCJ1c2VyX2lkIjoxfQ.5xbRn_BBsTLXugTHkmPy2IGl5OTWXb7MWn1d_NYdOGo&u_id=1 HTTP/1.1[0m" 200 -
127.0.0.1 - - [13/Apr/2021 05:47:39] "[31m[1mPOST /admin/userpermission/change/v1 HTTP/1.1[0m" 403 -
127.0.0.1 - - [13/Apr/2021 05:47:39] "[37mDELETE /clear/v1 HTTP/1.1[0m" 200 -
127.0.0.1 - - [13/Apr/2021 05:47:39] "[37mPOST /auth/register/v2 HTTP/1.1[0m" 200 -
127.0.0.1 - - [13/Apr/2021 05:47:39] "[37mGET /user/profile/v2?token=eyJ0eXAiOiJKV1QiLCJhbGciOiJIUzI1NiJ9.eyJzZXNzaW9uX2lkIjowLCJ1c2VyX2lkIjowfQ.mNX5f58rMYtTkp9fZydVCSZAXxviyhR8_I5RvFgXpeg&u_id=0 HTTP/1.1[0m" 200 -
127.0.0.1 - - [13/Apr/2021 05:47:39] "[31m[1mPOST /admin/userpermission/change/v1 HTTP/1.1[0m" 400 -
127.0.0.1 - - [13/Apr/2021 05:47:39] "[37mDELETE /clear/v1 HTTP/1.1[0m" 200 -
127.0.0.1 - - [13/Apr/2021 05:47:39] "[37mPOST /auth/register/v2 HTTP/1.1[0m" 200 -
127.0.0.1 - - [13/Apr/2021 05:47:39] "[37mGET /user/profile/v2?token=eyJ0eXAiOiJKV1QiLCJhbGciOiJIUzI1NiJ9.eyJzZXNzaW9uX2lkIjowLCJ1c2VyX2lkIjowfQ.mNX5f58rMYtTkp9fZydVCSZAXxviyhR8_I5RvFgXpeg&u_id=0 HTTP/1.1[0m" 200 -
127.0.0.1 - - [13/Apr/2021 05:47:39] "[37mPOST /auth/register/v2 HTTP/1.1[0m" 200 -
127.0.0.1 - - [13/Apr/2021 05:47:39] "[37mGET /user/profile/v2?token=eyJ0eXAiOiJKV1QiLCJhbGciOiJIUzI1NiJ9.eyJzZXNzaW9uX2lkIjowLCJ1c2VyX2lkIjoxfQ.5xbRn_BBsTLXugTHkmPy2IGl5OTWXb7MWn1d_NYdOGo&u_id=1 HTTP/1.1[0m" 200 -
127.0.0.1 - - [13/Apr/2021 05:47:39] "[31m[1mPOST /admin/userpermission/change/v1 HTTP/1.1[0m" 400 -
127.0.0.1 - - [13/Apr/2021 05:47:39] "[37mDELETE /clear/v1 HTTP/1.1[0m" 200 -
127.0.0.1 - - [13/Apr/2021 05:47:39] "[37mPOST /auth/register/v2 HTTP/1.1[0m" 200 -
127.0.0.1 - - [13/Apr/2021 05:47:39] "[37mGET /user/profile/v2?token=eyJ0eXAiOiJKV1QiLCJhbGciOiJIUzI1NiJ9.eyJzZXNzaW9uX2lkIjowLCJ1c2VyX2lkIjowfQ.mNX5f58rMYtTkp9fZydVCSZAXxviyhR8_I5RvFgXpeg&u_id=0 HTTP/1.1[0m" 200 -
127.0.0.1 - - [13/Apr/2021 05:47:39] "[37mPOST /auth/register/v2 HTTP/1.1[0m" 200 -
127.0.0.1 - - [13/Apr/2021 05:47:39] "[37mGET /user/profile/v2?token=eyJ0eXAiOiJKV1QiLCJhbGciOiJIUzI1NiJ9.eyJzZXNzaW9uX2lkIjowLCJ1c2VyX2lkIjoxfQ.5xbRn_BBsTLXugTHkmPy2IGl5OTWXb7MWn1d_NYdOGo&u_id=1 HTTP/1.1[0m" 200 -
127.0.0.1 - - [13/Apr/2021 05:47:39] "[31m[1mPOST /auth/logout/v1 HTTP/1.1[0m" 405 -
127.0.0.1 - - [13/Apr/2021 05:47:39] "[37mDELETE /clear/v1 HTTP/1.1[0m" 200 -
127.0.0.1 - - [13/Apr/2021 05:47:39] "[37mPOST /auth/register/v2 HTTP/1.1[0m" 200 -
127.0.0.1 - - [13/Apr/2021 05:47:39] "[37mGET /user/profile/v2?token=eyJ0eXAiOiJKV1QiLCJhbGciOiJIUzI1NiJ9.eyJzZXNzaW9uX2lkIjowLCJ1c2VyX2lkIjowfQ.mNX5f58rMYtTkp9fZydVCSZAXxviyhR8_I5RvFgXpeg&u_id=0 HTTP/1.1[0m" 200 -
127.0.0.1 - - [13/Apr/2021 05:47:39] "[37mPOST /auth/login/v2 HTTP/1.1[0m" 200 -
127.0.0.1 - - [13/Apr/2021 05:47:39] "[37mDELETE /clear/v1 HTTP/1.1[0m" 200 -
127.0.0.1 - - [13/Apr/2021 05:47:39] "[37mPOST /auth/register/v2 HTTP/1.1[0m" 200 -
127.0.0.1 - - [13/Apr/2021 05:47:39] "[37mGET /user/profile/v2?token=eyJ0eXAiOiJKV1QiLCJhbGciOiJIUzI1NiJ9.eyJzZXNzaW9uX2lkIjowLCJ1c2VyX2lkIjowfQ.mNX5f58rMYtTkp9fZydVCSZAXxviyhR8_I5RvFgXpeg&u_id=0 HTTP/1.1[0m" 200 -
127.0.0.1 - - [13/Apr/2021 05:47:39] "[37mPOST /auth/login/v2 HTTP/1.1[0m" 200 -
127.0.0.1 - - [13/Apr/2021 05:47:39] "[37mGET /user/profile/v2?token=eyJ0eXAiOiJKV1QiLCJhbGciOiJIUzI1NiJ9.eyJzZXNzaW9uX2lkIjoxLCJ1c2VyX2lkIjowfQ.gX9zFdDRtGh_zugBZN7DlqAfPD-0_cAT20JYyIi7_YU&u_id=0 HTTP/1.1[0m" 200 -
127.0.0.1 - - [13/Apr/2021 05:47:39] "[37mGET /user/profile/v2?token=eyJ0eXAiOiJKV1QiLCJhbGciOiJIUzI1NiJ9.eyJzZXNzaW9uX2lkIjowLCJ1c2VyX2lkIjowfQ.mNX5f58rMYtTkp9fZydVCSZAXxviyhR8_I5RvFgXpeg&u_id=0 HTTP/1.1[0m" 200 -
127.0.0.1 - - [13/Apr/2021 05:47:39] "[31m[1mPOST /auth/logout/v1 HTTP/1.1[0m" 405 -
127.0.0.1 - - [13/Apr/2021 05:47:39] "[37mDELETE /clear/v1 HTTP/1.1[0m" 200 -
127.0.0.1 - - [13/Apr/2021 05:47:39] "[31m[1mPOST /auth/login/v2 HTTP/1.1[0m" 400 -
127.0.0.1 - - [13/Apr/2021 05:47:39] "[37mDELETE /clear/v1 HTTP/1.1[0m" 200 -
127.0.0.1 - - [13/Apr/2021 05:47:39] "[37mPOST /auth/register/v2 HTTP/1.1[0m" 200 -
127.0.0.1 - - [13/Apr/2021 05:47:39] "[37mGET /user/profile/v2?token=eyJ0eXAiOiJKV1QiLCJhbGciOiJIUzI1NiJ9.eyJzZXNzaW9uX2lkIjowLCJ1c2VyX2lkIjowfQ.mNX5f58rMYtTkp9fZydVCSZAXxviyhR8_I5RvFgXpeg&u_id=0 HTTP/1.1[0m" 200 -
127.0.0.1 - - [13/Apr/2021 05:47:39] "[31m[1mPOST /auth/login/v2 HTTP/1.1[0m" 400 -
127.0.0.1 - - [13/Apr/2021 05:47:39] "[37mDELETE /clear/v1 HTTP/1.1[0m" 200 -
127.0.0.1 - - [13/Apr/2021 05:47:39] "[37mPOST /auth/register/v2 HTTP/1.1[0m" 200 -
127.0.0.1 - - [13/Apr/2021 05:47:39] "[37mGET /user/profile/v2?token=eyJ0eXAiOiJKV1QiLCJhbGciOiJIUzI1NiJ9.eyJzZXNzaW9uX2lkIjowLCJ1c2VyX2lkIjowfQ.mNX5f58rMYtTkp9fZydVCSZAXxviyhR8_I5RvFgXpeg&u_id=0 HTTP/1.1[0m" 200 -
127.0.0.1 - - [13/Apr/2021 05:47:40] "[31m[1mPOST /auth/logout/v1 HTTP/1.1[0m" 405 -
127.0.0.1 - - [13/Apr/2021 05:47:40] "[37mDELETE /clear/v1 HTTP/1.1[0m" 200 -
127.0.0.1 - - [13/Apr/2021 05:47:40] "[37mPOST /auth/register/v2 HTTP/1.1[0m" 200 -
127.0.0.1 - - [13/Apr/2021 05:47:40] "[37mGET /user/profile/v2?token=eyJ0eXAiOiJKV1QiLCJhbGciOiJIUzI1NiJ9.eyJzZXNzaW9uX2lkIjowLCJ1c2VyX2lkIjowfQ.mNX5f58rMYtTkp9fZydVCSZAXxviyhR8_I5RvFgXpeg&u_id=0 HTTP/1.1[0m" 200 -
127.0.0.1 - - [13/Apr/2021 05:47:40] "[31m[1mPOST /auth/logout/v1 HTTP/1.1[0m" 405 -
127.0.0.1 - - [13/Apr/2021 05:47:40] "[37mDELETE /clear/v1 HTTP/1.1[0m" 200 -
127.0.0.1 - - [13/Apr/2021 05:47:40] "[31m[1mPOST /auth/register/v2 HTTP/1.1[0m" 400 -
127.0.0.1 - - [13/Apr/2021 05:47:40] "[37mDELETE /clear/v1 HTTP/1.1[0m" 200 -
127.0.0.1 - - [13/Apr/2021 05:47:40] "[31m[1mPOST /auth/register/v2 HTTP/1.1[0m" 400 -
127.0.0.1 - - [13/Apr/2021 05:47:40] "[37mDELETE /clear/v1 HTTP/1.1[0m" 200 -
127.0.0.1 - - [13/Apr/2021 05:47:40] "[31m[1mPOST /auth/register/v2 HTTP/1.1[0m" 400 -
127.0.0.1 - - [13/Apr/2021 05:47:40] "[37mDELETE /clear/v1 HTTP/1.1[0m" 200 -
127.0.0.1 - - [13/Apr/2021 05:47:40] "[31m[1mPOST /auth/register/v2 HTTP/1.1[0m" 400 -
127.0.0.1 - - [13/Apr/2021 05:47:40] "[37mDELETE /clear/v1 HTTP/1.1[0m" 200 -
127.0.0.1 - - [13/Apr/2021 05:47:40] "[31m[1mPOST /auth/register/v2 HTTP/1.1[0m" 400 -
127.0.0.1 - - [13/Apr/2021 05:47:40] "[37mDELETE /clear/v1 HTTP/1.1[0m" 200 -
127.0.0.1 - - [13/Apr/2021 05:47:40] "[31m[1mPOST /auth/register/v2 HTTP/1.1[0m" 400 -
127.0.0.1 - - [13/Apr/2021 05:47:40] "[37mDELETE /clear/v1 HTTP/1.1[0m" 200 -
127.0.0.1 - - [13/Apr/2021 05:47:40] "[31m[1mPOST /auth/register/v2 HTTP/1.1[0m" 400 -
127.0.0.1 - - [13/Apr/2021 05:47:40] "[37mDELETE /clear/v1 HTTP/1.1[0m" 200 -
127.0.0.1 - - [13/Apr/2021 05:47:40] "[31m[1mPOST /auth/register/v2 HTTP/1.1[0m" 400 -
127.0.0.1 - - [13/Apr/2021 05:47:40] "[37mDELETE /clear/v1 HTTP/1.1[0m" 200 -
127.0.0.1 - - [13/Apr/2021 05:47:40] "[31m[1mPOST /auth/register/v2 HTTP/1.1[0m" 400 -
127.0.0.1 - - [13/Apr/2021 05:47:40] "[37mDELETE /clear/v1 HTTP/1.1[0m" 200 -
127.0.0.1 - - [13/Apr/2021 05:47:40] "[31m[1mPOST /auth/register/v2 HTTP/1.1[0m" 400 -
127.0.0.1 - - [13/Apr/2021 05:47:40] "[37mDELETE /clear/v1 HTTP/1.1[0m" 200 -
127.0.0.1 - - [13/Apr/2021 05:47:40] "[31m[1mPOST /auth/register/v2 HTTP/1.1[0m" 400 -
127.0.0.1 - - [13/Apr/2021 05:47:40] "[37mDELETE /clear/v1 HTTP/1.1[0m" 200 -
127.0.0.1 - - [13/Apr/2021 05:47:40] "[31m[1mPOST /auth/register/v2 HTTP/1.1[0m" 400 -
127.0.0.1 - - [13/Apr/2021 05:47:40] "[37mDELETE /clear/v1 HTTP/1.1[0m" 200 -
127.0.0.1 - - [13/Apr/2021 05:47:40] "[31m[1mPOST /auth/register/v2 HTTP/1.1[0m" 400 -
127.0.0.1 - - [13/Apr/2021 05:47:40] "[37mDELETE /clear/v1 HTTP/1.1[0m" 200 -
127.0.0.1 - - [13/Apr/2021 05:47:40] "[31m[1mPOST /auth/register/v2 HTTP/1.1[0m" 400 -
127.0.0.1 - - [13/Apr/2021 05:47:40] "[37mDELETE /clear/v1 HTTP/1.1[0m" 200 -
127.0.0.1 - - [13/Apr/2021 05:47:40] "[31m[1mPOST /auth/register/v2 HTTP/1.1[0m" 400 -
127.0.0.1 - - [13/Apr/2021 05:47:40] "[37mDELETE /clear/v1 HTTP/1.1[0m" 200 -
127.0.0.1 - - [13/Apr/2021 05:47:40] "[31m[1mPOST /auth/register/v2 HTTP/1.1[0m" 400 -
127.0.0.1 - - [13/Apr/2021 05:47:40] "[37mDELETE /clear/v1 HTTP/1.1[0m" 200 -
127.0.0.1 - - [13/Apr/2021 05:47:40] "[31m[1mPOST /auth/register/v2 HTTP/1.1[0m" 400 -
127.0.0.1 - - [13/Apr/2021 05:47:40] "[37mDELETE /clear/v1 HTTP/1.1[0m" 200 -
127.0.0.1 - - [13/Apr/2021 05:47:40] "[31m[1mPOST /auth/register/v2 HTTP/1.1[0m" 400 -
127.0.0.1 - - [13/Apr/2021 05:47:40] "[37mDELETE /clear/v1 HTTP/1.1[0m" 200 -
127.0.0.1 - - [13/Apr/2021 05:47:40] "[31m[1mPOST /auth/register/v2 HTTP/1.1[0m" 400 -
127.0.0.1 - - [13/Apr/2021 05:47:40] "[37mDELETE /clear/v1 HTTP/1.1[0m" 200 -
127.0.0.1 - - [13/Apr/2021 05:47:40] "[31m[1mPOST /auth/register/v2 HTTP/1.1[0m" 400 -
127.0.0.1 - - [13/Apr/2021 05:47:40] "[37mDELETE /clear/v1 HTTP/1.1[0m" 200 -
127.0.0.1 - - [13/Apr/2021 05:47:40] "[31m[1mPOST /auth/register/v2 HTTP/1.1[0m" 400 -
127.0.0.1 - - [13/Apr/2021 05:47:40] "[37mDELETE /clear/v1 HTTP/1.1[0m" 200 -
127.0.0.1 - - [13/Apr/2021 05:47:40] "[31m[1mPOST /auth/register/v2 HTTP/1.1[0m" 400 -
127.0.0.1 - - [13/Apr/2021 05:47:40] "[37mDELETE /clear/v1 HTTP/1.1[0m" 200 -
127.0.0.1 - - [13/Apr/2021 05:47:40] "[31m[1mPOST /auth/register/v2 HTTP/1.1[0m" 400 -
127.0.0.1 - - [13/Apr/2021 05:47:40] "[37mDELETE /clear/v1 HTTP/1.1[0m" 200 -
127.0.0.1 - - [13/Apr/2021 05:47:40] "[31m[1mPOST /auth/register/v2 HTTP/1.1[0m" 400 -
127.0.0.1 - - [13/Apr/2021 05:47:40] "[37mDELETE /clear/v1 HTTP/1.1[0m" 200 -
127.0.0.1 - - [13/Apr/2021 05:47:40] "[37mPOST /auth/register/v2 HTTP/1.1[0m" 200 -
127.0.0.1 - - [13/Apr/2021 05:47:40] "[31m[1mPOST /auth/register/v2 HTTP/1.1[0m" 400 -
127.0.0.1 - - [13/Apr/2021 05:47:40] "[37mDELETE /clear/v1 HTTP/1.1[0m" 200 -
127.0.0.1 - - [13/Apr/2021 05:47:40] "[37mPOST /auth/register/v2 HTTP/1.1[0m" 200 -
127.0.0.1 - - [13/Apr/2021 05:47:40] "[37mGET /user/profile/v2?token=eyJ0eXAiOiJKV1QiLCJhbGciOiJIUzI1NiJ9.eyJzZXNzaW9uX2lkIjowLCJ1c2VyX2lkIjowfQ.mNX5f58rMYtTkp9fZydVCSZAXxviyhR8_I5RvFgXpeg&u_id=0 HTTP/1.1[0m" 200 -
127.0.0.1 - - [13/Apr/2021 05:47:40] "[37mGET /user/profile/v2?token=eyJ0eXAiOiJKV1QiLCJhbGciOiJIUzI1NiJ9.eyJzZXNzaW9uX2lkIjowLCJ1c2VyX2lkIjowfQ.mNX5f58rMYtTkp9fZydVCSZAXxviyhR8_I5RvFgXpeg&u_id=0 HTTP/1.1[0m" 200 -
127.0.0.1 - - [13/Apr/2021 05:47:40] "[37mDELETE /clear/v1 HTTP/1.1[0m" 200 -
127.0.0.1 - - [13/Apr/2021 05:47:40] "[37mPOST /auth/register/v2 HTTP/1.1[0m" 200 -
127.0.0.1 - - [13/Apr/2021 05:47:40] "[37mGET /user/profile/v2?token=eyJ0eXAiOiJKV1QiLCJhbGciOiJIUzI1NiJ9.eyJzZXNzaW9uX2lkIjowLCJ1c2VyX2lkIjowfQ.mNX5f58rMYtTkp9fZydVCSZAXxviyhR8_I5RvFgXpeg&u_id=0 HTTP/1.1[0m" 200 -
127.0.0.1 - - [13/Apr/2021 05:47:40] "[37mDELETE /clear/v1 HTTP/1.1[0m" 200 -
127.0.0.1 - - [13/Apr/2021 05:47:40] "[37mPOST /auth/register/v2 HTTP/1.1[0m" 200 -
127.0.0.1 - - [13/Apr/2021 05:47:40] "[37mGET /user/profile/v2?token=eyJ0eXAiOiJKV1QiLCJhbGciOiJIUzI1NiJ9.eyJzZXNzaW9uX2lkIjowLCJ1c2VyX2lkIjowfQ.mNX5f58rMYtTkp9fZydVCSZAXxviyhR8_I5RvFgXpeg&u_id=0 HTTP/1.1[0m" 200 -
127.0.0.1 - - [13/Apr/2021 05:47:40] "[37mDELETE /clear/v1 HTTP/1.1[0m" 200 -
127.0.0.1 - - [13/Apr/2021 05:47:40] "[37mPOST /auth/register/v2 HTTP/1.1[0m" 200 -
127.0.0.1 - - [13/Apr/2021 05:47:40] "[37mPOST /auth/register/v2 HTTP/1.1[0m" 200 -
127.0.0.1 - - [13/Apr/2021 05:47:40] "[37mGET /user/profile/v2?token=eyJ0eXAiOiJKV1QiLCJhbGciOiJIUzI1NiJ9.eyJzZXNzaW9uX2lkIjowLCJ1c2VyX2lkIjoxfQ.5xbRn_BBsTLXugTHkmPy2IGl5OTWXb7MWn1d_NYdOGo&u_id=1 HTTP/1.1[0m" 200 -
127.0.0.1 - - [13/Apr/2021 05:47:40] "[37mDELETE /clear/v1 HTTP/1.1[0m" 200 -
127.0.0.1 - - [13/Apr/2021 05:47:40] "[37mPOST /auth/register/v2 HTTP/1.1[0m" 200 -
127.0.0.1 - - [13/Apr/2021 05:47:40] "[37mGET /user/profile/v2?token=eyJ0eXAiOiJKV1QiLCJhbGciOiJIUzI1NiJ9.eyJzZXNzaW9uX2lkIjowLCJ1c2VyX2lkIjowfQ.mNX5f58rMYtTkp9fZydVCSZAXxviyhR8_I5RvFgXpeg&u_id=0 HTTP/1.1[0m" 200 -
127.0.0.1 - - [13/Apr/2021 05:47:40] "[37mPOST /auth/register/v2 HTTP/1.1[0m" 200 -
127.0.0.1 - - [13/Apr/2021 05:47:40] "[37mGET /user/profile/v2?token=eyJ0eXAiOiJKV1QiLCJhbGciOiJIUzI1NiJ9.eyJzZXNzaW9uX2lkIjowLCJ1c2VyX2lkIjoxfQ.5xbRn_BBsTLXugTHkmPy2IGl5OTWXb7MWn1d_NYdOGo&u_id=1 HTTP/1.1[0m" 200 -
127.0.0.1 - - [13/Apr/2021 05:47:40] "[37mPOST /channels/create/v2 HTTP/1.1[0m" 200 -
127.0.0.1 - - [13/Apr/2021 05:47:40] "[37mPOST /channel/addowner/v1 HTTP/1.1[0m" 200 -
127.0.0.1 - - [13/Apr/2021 05:47:40] "[37mGET /channel/details/v2?token=eyJ0eXAiOiJKV1QiLCJhbGciOiJIUzI1NiJ9.eyJzZXNzaW9uX2lkIjowLCJ1c2VyX2lkIjowfQ.mNX5f58rMYtTkp9fZydVCSZAXxviyhR8_I5RvFgXpeg&channel_id=0 HTTP/1.1[0m" 200 -
127.0.0.1 - - [13/Apr/2021 05:47:40] "[37mDELETE /clear/v1 HTTP/1.1[0m" 200 -
127.0.0.1 - - [13/Apr/2021 05:47:40] "[37mPOST /auth/register/v2 HTTP/1.1[0m" 200 -
127.0.0.1 - - [13/Apr/2021 05:47:40] "[37mGET /user/profile/v2?token=eyJ0eXAiOiJKV1QiLCJhbGciOiJIUzI1NiJ9.eyJzZXNzaW9uX2lkIjowLCJ1c2VyX2lkIjowfQ.mNX5f58rMYtTkp9fZydVCSZAXxviyhR8_I5RvFgXpeg&u_id=0 HTTP/1.1[0m" 200 -
127.0.0.1 - - [13/Apr/2021 05:47:40] "[37mPOST /channels/create/v2 HTTP/1.1[0m" 200 -
127.0.0.1 - - [13/Apr/2021 05:47:40] "[37mPOST /auth/register/v2 HTTP/1.1[0m" 200 -
127.0.0.1 - - [13/Apr/2021 05:47:40] "[37mGET /user/profile/v2?token=eyJ0eXAiOiJKV1QiLCJhbGciOiJIUzI1NiJ9.eyJzZXNzaW9uX2lkIjowLCJ1c2VyX2lkIjoxfQ.5xbRn_BBsTLXugTHkmPy2IGl5OTWXb7MWn1d_NYdOGo&u_id=1 HTTP/1.1[0m" 200 -
127.0.0.1 - - [13/Apr/2021 05:47:40] "[37mPOST /channel/join/v2 HTTP/1.1[0m" 200 -
127.0.0.1 - - [13/Apr/2021 05:47:40] "[37mPOST /channel/addowner/v1 HTTP/1.1[0m" 200 -
127.0.0.1 - - [13/Apr/2021 05:47:40] "[37mGET /channel/details/v2?token=eyJ0eXAiOiJKV1QiLCJhbGciOiJIUzI1NiJ9.eyJzZXNzaW9uX2lkIjowLCJ1c2VyX2lkIjoxfQ.5xbRn_BBsTLXugTHkmPy2IGl5OTWXb7MWn1d_NYdOGo&channel_id=0 HTTP/1.1[0m" 200 -
127.0.0.1 - - [13/Apr/2021 05:47:40] "[37mDELETE /clear/v1 HTTP/1.1[0m" 200 -
127.0.0.1 - - [13/Apr/2021 05:47:40] "[37mPOST /auth/register/v2 HTTP/1.1[0m" 200 -
127.0.0.1 - - [13/Apr/2021 05:47:40] "[37mGET /user/profile/v2?token=eyJ0eXAiOiJKV1QiLCJhbGciOiJIUzI1NiJ9.eyJzZXNzaW9uX2lkIjowLCJ1c2VyX2lkIjowfQ.mNX5f58rMYtTkp9fZydVCSZAXxviyhR8_I5RvFgXpeg&u_id=0 HTTP/1.1[0m" 200 -
127.0.0.1 - - [13/Apr/2021 05:47:40] "[37mPOST /channels/create/v2 HTTP/1.1[0m" 200 -
127.0.0.1 - - [13/Apr/2021 05:47:40] "[37mPOST /auth/register/v2 HTTP/1.1[0m" 200 -
127.0.0.1 - - [13/Apr/2021 05:47:40] "[37mGET /user/profile/v2?token=eyJ0eXAiOiJKV1QiLCJhbGciOiJIUzI1NiJ9.eyJzZXNzaW9uX2lkIjowLCJ1c2VyX2lkIjoxfQ.5xbRn_BBsTLXugTHkmPy2IGl5OTWXb7MWn1d_NYdOGo&u_id=1 HTTP/1.1[0m" 200 -
127.0.0.1 - - [13/Apr/2021 05:47:40] "[37mPOST /channel/addowner/v1 HTTP/1.1[0m" 200 -
127.0.0.1 - - [13/Apr/2021 05:47:40] "[37mGET /channel/details/v2?token=eyJ0eXAiOiJKV1QiLCJhbGciOiJIUzI1NiJ9.eyJzZXNzaW9uX2lkIjowLCJ1c2VyX2lkIjoxfQ.5xbRn_BBsTLXugTHkmPy2IGl5OTWXb7MWn1d_NYdOGo&channel_id=0 HTTP/1.1[0m" 200 -
127.0.0.1 - - [13/Apr/2021 05:47:40] "[37mDELETE /clear/v1 HTTP/1.1[0m" 200 -
127.0.0.1 - - [13/Apr/2021 05:47:40] "[37mPOST /auth/register/v2 HTTP/1.1[0m" 200 -
127.0.0.1 - - [13/Apr/2021 05:47:40] "[37mGET /user/profile/v2?token=eyJ0eXAiOiJKV1QiLCJhbGciOiJIUzI1NiJ9.eyJzZXNzaW9uX2lkIjowLCJ1c2VyX2lkIjowfQ.mNX5f58rMYtTkp9fZydVCSZAXxviyhR8_I5RvFgXpeg&u_id=0 HTTP/1.1[0m" 200 -
127.0.0.1 - - [13/Apr/2021 05:47:40] "[37mPOST /channels/create/v2 HTTP/1.1[0m" 200 -
127.0.0.1 - - [13/Apr/2021 05:47:40] "[37mPOST /auth/register/v2 HTTP/1.1[0m" 200 -
127.0.0.1 - - [13/Apr/2021 05:47:40] "[37mGET /user/profile/v2?token=eyJ0eXAiOiJKV1QiLCJhbGciOiJIUzI1NiJ9.eyJzZXNzaW9uX2lkIjowLCJ1c2VyX2lkIjoxfQ.5xbRn_BBsTLXugTHkmPy2IGl5OTWXb7MWn1d_NYdOGo&u_id=1 HTTP/1.1[0m" 200 -
127.0.0.1 - - [13/Apr/2021 05:47:40] "[31m[1mPOST /channel/addowner/v1 HTTP/1.1[0m" 403 -
127.0.0.1 - - [13/Apr/2021 05:47:40] "[37mDELETE /clear/v1 HTTP/1.1[0m" 200 -
127.0.0.1 - - [13/Apr/2021 05:47:40] "[37mPOST /auth/register/v2 HTTP/1.1[0m" 200 -
127.0.0.1 - - [13/Apr/2021 05:47:40] "[37mGET /user/profile/v2?token=eyJ0eXAiOiJKV1QiLCJhbGciOiJIUzI1NiJ9.eyJzZXNzaW9uX2lkIjowLCJ1c2VyX2lkIjowfQ.mNX5f58rMYtTkp9fZydVCSZAXxviyhR8_I5RvFgXpeg&u_id=0 HTTP/1.1[0m" 200 -
127.0.0.1 - - [13/Apr/2021 05:47:40] "[37mPOST /channels/create/v2 HTTP/1.1[0m" 200 -
127.0.0.1 - - [13/Apr/2021 05:47:40] "[37mPOST /auth/register/v2 HTTP/1.1[0m" 200 -
127.0.0.1 - - [13/Apr/2021 05:47:40] "[37mGET /user/profile/v2?token=eyJ0eXAiOiJKV1QiLCJhbGciOiJIUzI1NiJ9.eyJzZXNzaW9uX2lkIjowLCJ1c2VyX2lkIjoxfQ.5xbRn_BBsTLXugTHkmPy2IGl5OTWXb7MWn1d_NYdOGo&u_id=1 HTTP/1.1[0m" 200 -
127.0.0.1 - - [13/Apr/2021 05:47:40] "[37mPOST /channel/join/v2 HTTP/1.1[0m" 200 -
127.0.0.1 - - [13/Apr/2021 05:47:40] "[31m[1mPOST /channel/addowner/v1 HTTP/1.1[0m" 403 -
127.0.0.1 - - [13/Apr/2021 05:47:40] "[37mDELETE /clear/v1 HTTP/1.1[0m" 200 -
127.0.0.1 - - [13/Apr/2021 05:47:40] "[37mPOST /auth/register/v2 HTTP/1.1[0m" 200 -
127.0.0.1 - - [13/Apr/2021 05:47:40] "[37mGET /user/profile/v2?token=eyJ0eXAiOiJKV1QiLCJhbGciOiJIUzI1NiJ9.eyJzZXNzaW9uX2lkIjowLCJ1c2VyX2lkIjowfQ.mNX5f58rMYtTkp9fZydVCSZAXxviyhR8_I5RvFgXpeg&u_id=0 HTTP/1.1[0m" 200 -
127.0.0.1 - - [13/Apr/2021 05:47:40] "[37mPOST /channels/create/v2 HTTP/1.1[0m" 200 -
127.0.0.1 - - [13/Apr/2021 05:47:40] "[31m[1mPOST /channel/addowner/v1 HTTP/1.1[0m" 400 -
127.0.0.1 - - [13/Apr/2021 05:47:40] "[37mDELETE /clear/v1 HTTP/1.1[0m" 200 -
127.0.0.1 - - [13/Apr/2021 05:47:40] "[37mPOST /auth/register/v2 HTTP/1.1[0m" 200 -
127.0.0.1 - - [13/Apr/2021 05:47:40] "[37mGET /user/profile/v2?token=eyJ0eXAiOiJKV1QiLCJhbGciOiJIUzI1NiJ9.eyJzZXNzaW9uX2lkIjowLCJ1c2VyX2lkIjowfQ.mNX5f58rMYtTkp9fZydVCSZAXxviyhR8_I5RvFgXpeg&u_id=0 HTTP/1.1[0m" 200 -
127.0.0.1 - - [13/Apr/2021 05:47:40] "[37mPOST /auth/register/v2 HTTP/1.1[0m" 200 -
127.0.0.1 - - [13/Apr/2021 05:47:40] "[37mGET /user/profile/v2?token=eyJ0eXAiOiJKV1QiLCJhbGciOiJIUzI1NiJ9.eyJzZXNzaW9uX2lkIjowLCJ1c2VyX2lkIjoxfQ.5xbRn_BBsTLXugTHkmPy2IGl5OTWXb7MWn1d_NYdOGo&u_id=1 HTTP/1.1[0m" 200 -
127.0.0.1 - - [13/Apr/2021 05:47:40] "[31m[1mPOST /channel/addowner/v1 HTTP/1.1[0m" 400 -
127.0.0.1 - - [13/Apr/2021 05:47:40] "[37mDELETE /clear/v1 HTTP/1.1[0m" 200 -
127.0.0.1 - - [13/Apr/2021 05:47:40] "[37mPOST /auth/register/v2 HTTP/1.1[0m" 200 -
127.0.0.1 - - [13/Apr/2021 05:47:40] "[37mGET /user/profile/v2?token=eyJ0eXAiOiJKV1QiLCJhbGciOiJIUzI1NiJ9.eyJzZXNzaW9uX2lkIjowLCJ1c2VyX2lkIjowfQ.mNX5f58rMYtTkp9fZydVCSZAXxviyhR8_I5RvFgXpeg&u_id=0 HTTP/1.1[0m" 200 -
127.0.0.1 - - [13/Apr/2021 05:47:40] "[37mPOST /channels/create/v2 HTTP/1.1[0m" 200 -
127.0.0.1 - - [13/Apr/2021 05:47:40] "[37mPOST /auth/register/v2 HTTP/1.1[0m" 200 -
127.0.0.1 - - [13/Apr/2021 05:47:40] "[37mGET /user/profile/v2?token=eyJ0eXAiOiJKV1QiLCJhbGciOiJIUzI1NiJ9.eyJzZXNzaW9uX2lkIjowLCJ1c2VyX2lkIjoxfQ.5xbRn_BBsTLXugTHkmPy2IGl5OTWXb7MWn1d_NYdOGo&u_id=1 HTTP/1.1[0m" 200 -
127.0.0.1 - - [13/Apr/2021 05:47:40] "[31m[1mPOST /auth/logout/v1 HTTP/1.1[0m" 405 -
127.0.0.1 - - [13/Apr/2021 05:47:40] "[37mDELETE /clear/v1 HTTP/1.1[0m" 200 -
127.0.0.1 - - [13/Apr/2021 05:47:40] "[37mPOST /auth/register/v2 HTTP/1.1[0m" 200 -
127.0.0.1 - - [13/Apr/2021 05:47:40] "[37mGET /user/profile/v2?token=eyJ0eXAiOiJKV1QiLCJhbGciOiJIUzI1NiJ9.eyJzZXNzaW9uX2lkIjowLCJ1c2VyX2lkIjowfQ.mNX5f58rMYtTkp9fZydVCSZAXxviyhR8_I5RvFgXpeg&u_id=0 HTTP/1.1[0m" 200 -
127.0.0.1 - - [13/Apr/2021 05:47:40] "[37mPOST /channels/create/v2 HTTP/1.1[0m" 200 -
127.0.0.1 - - [13/Apr/2021 05:47:40] "[37mPOST /auth/register/v2 HTTP/1.1[0m" 200 -
127.0.0.1 - - [13/Apr/2021 05:47:40] "[37mGET /user/profile/v2?token=eyJ0eXAiOiJKV1QiLCJhbGciOiJIUzI1NiJ9.eyJzZXNzaW9uX2lkIjowLCJ1c2VyX2lkIjoxfQ.5xbRn_BBsTLXugTHkmPy2IGl5OTWXb7MWn1d_NYdOGo&u_id=1 HTTP/1.1[0m" 200 -
127.0.0.1 - - [13/Apr/2021 05:47:40] "[37mPOST /channel/join/v2 HTTP/1.1[0m" 200 -
127.0.0.1 - - [13/Apr/2021 05:47:40] "[37mGET /channel/details/v2?token=eyJ0eXAiOiJKV1QiLCJhbGciOiJIUzI1NiJ9.eyJzZXNzaW9uX2lkIjowLCJ1c2VyX2lkIjowfQ.mNX5f58rMYtTkp9fZydVCSZAXxviyhR8_I5RvFgXpeg&channel_id=0 HTTP/1.1[0m" 200 -
127.0.0.1 - - [13/Apr/2021 05:47:40] "[37mGET /channel/details/v2?token=eyJ0eXAiOiJKV1QiLCJhbGciOiJIUzI1NiJ9.eyJzZXNzaW9uX2lkIjowLCJ1c2VyX2lkIjoxfQ.5xbRn_BBsTLXugTHkmPy2IGl5OTWXb7MWn1d_NYdOGo&channel_id=0 HTTP/1.1[0m" 200 -
127.0.0.1 - - [13/Apr/2021 05:47:40] "[37mDELETE /clear/v1 HTTP/1.1[0m" 200 -
127.0.0.1 - - [13/Apr/2021 05:47:40] "[37mPOST /auth/register/v2 HTTP/1.1[0m" 200 -
127.0.0.1 - - [13/Apr/2021 05:47:40] "[37mGET /user/profile/v2?token=eyJ0eXAiOiJKV1QiLCJhbGciOiJIUzI1NiJ9.eyJzZXNzaW9uX2lkIjowLCJ1c2VyX2lkIjowfQ.mNX5f58rMYtTkp9fZydVCSZAXxviyhR8_I5RvFgXpeg&u_id=0 HTTP/1.1[0m" 200 -
127.0.0.1 - - [13/Apr/2021 05:47:40] "[37mPOST /channels/create/v2 HTTP/1.1[0m" 200 -
127.0.0.1 - - [13/Apr/2021 05:47:40] "[37mPOST /auth/register/v2 HTTP/1.1[0m" 200 -
127.0.0.1 - - [13/Apr/2021 05:47:40] "[37mGET /user/profile/v2?token=eyJ0eXAiOiJKV1QiLCJhbGciOiJIUzI1NiJ9.eyJzZXNzaW9uX2lkIjowLCJ1c2VyX2lkIjoxfQ.5xbRn_BBsTLXugTHkmPy2IGl5OTWXb7MWn1d_NYdOGo&u_id=1 HTTP/1.1[0m" 200 -
127.0.0.1 - - [13/Apr/2021 05:47:40] "[31m[1mGET /channel/details/v2?token=eyJ0eXAiOiJKV1QiLCJhbGciOiJIUzI1NiJ9.eyJzZXNzaW9uX2lkIjowLCJ1c2VyX2lkIjoxfQ.5xbRn_BBsTLXugTHkmPy2IGl5OTWXb7MWn1d_NYdOGo&channel_id=0 HTTP/1.1[0m" 403 -
127.0.0.1 - - [13/Apr/2021 05:47:40] "[37mDELETE /clear/v1 HTTP/1.1[0m" 200 -
127.0.0.1 - - [13/Apr/2021 05:47:40] "[37mPOST /auth/register/v2 HTTP/1.1[0m" 200 -
127.0.0.1 - - [13/Apr/2021 05:47:40] "[37mGET /user/profile/v2?token=eyJ0eXAiOiJKV1QiLCJhbGciOiJIUzI1NiJ9.eyJzZXNzaW9uX2lkIjowLCJ1c2VyX2lkIjowfQ.mNX5f58rMYtTkp9fZydVCSZAXxviyhR8_I5RvFgXpeg&u_id=0 HTTP/1.1[0m" 200 -
[2021-04-13 05:47:40,746] ERROR in app: Exception on /channel/details/v2 [GET]
Traceback (most recent call last):
  File "/import/kamen/3/cs1531/.local/lib/python3.7/site-packages/flask/app.py", line 1950, in full_dispatch_request
    rv = self.dispatch_request()
  File "/import/kamen/3/cs1531/.local/lib/python3.7/site-packages/flask/app.py", line 1936, in dispatch_request
    return self.view_functions[rule.endpoint](**req.view_args)
  File "/tmp_amd/kamen/export/kamen/3/cs1531/automark/tempstore/src/server.py", line 88, in channel_detail
    return src.channel.channel_details_v1(token, int(channel_id))
TypeError: int() argument must be a string, a bytes-like object or a number, not 'NoneType'

During handling of the above exception, another exception occurred:

Traceback (most recent call last):
  File "/import/kamen/3/cs1531/.local/lib/python3.7/site-packages/flask/app.py", line 2447, in wsgi_app
    response = self.full_dispatch_request()
  File "/import/kamen/3/cs1531/.local/lib/python3.7/site-packages/flask/app.py", line 1952, in full_dispatch_request
    rv = self.handle_user_exception(e)
  File "/import/kamen/3/cs1531/.local/lib/python3.7/site-packages/flask_cors/extension.py", line 165, in wrapped_function
    return cors_after_request(app.make_response(f(*args, **kwargs)))
  File "/import/kamen/3/cs1531/.local/lib/python3.7/site-packages/flask/app.py", line 1822, in handle_user_exception
    return handler(e)
  File "/tmp_amd/kamen/export/kamen/3/cs1531/automark/tempstore/src/server.py", line 10, in defaultHandler
    response = err.get_response()
AttributeError: 'TypeError' object has no attribute 'get_response'
127.0.0.1 - - [13/Apr/2021 05:47:40] "[35m[1mGET /channel/details/v2?token=eyJ0eXAiOiJKV1QiLCJhbGciOiJIUzI1NiJ9.eyJzZXNzaW9uX2lkIjowLCJ1c2VyX2lkIjowfQ.mNX5f58rMYtTkp9fZydVCSZAXxviyhR8_I5RvFgXpeg HTTP/1.1[0m" 500 -
127.0.0.1 - - [13/Apr/2021 05:47:40] "[37mDELETE /clear/v1 HTTP/1.1[0m" 200 -
127.0.0.1 - - [13/Apr/2021 05:47:40] "[37mPOST /auth/register/v2 HTTP/1.1[0m" 200 -
127.0.0.1 - - [13/Apr/2021 05:47:40] "[37mGET /user/profile/v2?token=eyJ0eXAiOiJKV1QiLCJhbGciOiJIUzI1NiJ9.eyJzZXNzaW9uX2lkIjowLCJ1c2VyX2lkIjowfQ.mNX5f58rMYtTkp9fZydVCSZAXxviyhR8_I5RvFgXpeg&u_id=0 HTTP/1.1[0m" 200 -
127.0.0.1 - - [13/Apr/2021 05:47:40] "[37mPOST /channels/create/v2 HTTP/1.1[0m" 200 -
127.0.0.1 - - [13/Apr/2021 05:47:40] "[31m[1mPOST /auth/logout/v1 HTTP/1.1[0m" 405 -
127.0.0.1 - - [13/Apr/2021 05:47:40] "[37mDELETE /clear/v1 HTTP/1.1[0m" 200 -
127.0.0.1 - - [13/Apr/2021 05:47:40] "[37mPOST /auth/register/v2 HTTP/1.1[0m" 200 -
127.0.0.1 - - [13/Apr/2021 05:47:40] "[37mGET /user/profile/v2?token=eyJ0eXAiOiJKV1QiLCJhbGciOiJIUzI1NiJ9.eyJzZXNzaW9uX2lkIjowLCJ1c2VyX2lkIjowfQ.mNX5f58rMYtTkp9fZydVCSZAXxviyhR8_I5RvFgXpeg&u_id=0 HTTP/1.1[0m" 200 -
127.0.0.1 - - [13/Apr/2021 05:47:40] "[37mPOST /auth/register/v2 HTTP/1.1[0m" 200 -
127.0.0.1 - - [13/Apr/2021 05:47:40] "[37mGET /user/profile/v2?token=eyJ0eXAiOiJKV1QiLCJhbGciOiJIUzI1NiJ9.eyJzZXNzaW9uX2lkIjowLCJ1c2VyX2lkIjoxfQ.5xbRn_BBsTLXugTHkmPy2IGl5OTWXb7MWn1d_NYdOGo&u_id=1 HTTP/1.1[0m" 200 -
127.0.0.1 - - [13/Apr/2021 05:47:40] "[37mPOST /channels/create/v2 HTTP/1.1[0m" 200 -
127.0.0.1 - - [13/Apr/2021 05:47:40] "[37mPOST /channel/invite/v2 HTTP/1.1[0m" 200 -
127.0.0.1 - - [13/Apr/2021 05:47:40] "[37mGET /channel/details/v2?token=eyJ0eXAiOiJKV1QiLCJhbGciOiJIUzI1NiJ9.eyJzZXNzaW9uX2lkIjowLCJ1c2VyX2lkIjowfQ.mNX5f58rMYtTkp9fZydVCSZAXxviyhR8_I5RvFgXpeg&channel_id=0 HTTP/1.1[0m" 200 -
127.0.0.1 - - [13/Apr/2021 05:47:40] "[37mDELETE /clear/v1 HTTP/1.1[0m" 200 -
127.0.0.1 - - [13/Apr/2021 05:47:40] "[37mPOST /auth/register/v2 HTTP/1.1[0m" 200 -
127.0.0.1 - - [13/Apr/2021 05:47:40] "[37mGET /user/profile/v2?token=eyJ0eXAiOiJKV1QiLCJhbGciOiJIUzI1NiJ9.eyJzZXNzaW9uX2lkIjowLCJ1c2VyX2lkIjowfQ.mNX5f58rMYtTkp9fZydVCSZAXxviyhR8_I5RvFgXpeg&u_id=0 HTTP/1.1[0m" 200 -
127.0.0.1 - - [13/Apr/2021 05:47:40] "[37mPOST /auth/register/v2 HTTP/1.1[0m" 200 -
127.0.0.1 - - [13/Apr/2021 05:47:40] "[37mGET /user/profile/v2?token=eyJ0eXAiOiJKV1QiLCJhbGciOiJIUzI1NiJ9.eyJzZXNzaW9uX2lkIjowLCJ1c2VyX2lkIjoxfQ.5xbRn_BBsTLXugTHkmPy2IGl5OTWXb7MWn1d_NYdOGo&u_id=1 HTTP/1.1[0m" 200 -
127.0.0.1 - - [13/Apr/2021 05:47:40] "[37mPOST /channels/create/v2 HTTP/1.1[0m" 200 -
127.0.0.1 - - [13/Apr/2021 05:47:40] "[37mPOST /channel/invite/v2 HTTP/1.1[0m" 200 -
127.0.0.1 - - [13/Apr/2021 05:47:40] "[37mGET /channel/details/v2?token=eyJ0eXAiOiJKV1QiLCJhbGciOiJIUzI1NiJ9.eyJzZXNzaW9uX2lkIjowLCJ1c2VyX2lkIjoxfQ.5xbRn_BBsTLXugTHkmPy2IGl5OTWXb7MWn1d_NYdOGo&channel_id=0 HTTP/1.1[0m" 200 -
127.0.0.1 - - [13/Apr/2021 05:47:40] "[37mDELETE /clear/v1 HTTP/1.1[0m" 200 -
127.0.0.1 - - [13/Apr/2021 05:47:40] "[37mPOST /auth/register/v2 HTTP/1.1[0m" 200 -
127.0.0.1 - - [13/Apr/2021 05:47:40] "[37mGET /user/profile/v2?token=eyJ0eXAiOiJKV1QiLCJhbGciOiJIUzI1NiJ9.eyJzZXNzaW9uX2lkIjowLCJ1c2VyX2lkIjowfQ.mNX5f58rMYtTkp9fZydVCSZAXxviyhR8_I5RvFgXpeg&u_id=0 HTTP/1.1[0m" 200 -
127.0.0.1 - - [13/Apr/2021 05:47:40] "[37mPOST /auth/register/v2 HTTP/1.1[0m" 200 -
127.0.0.1 - - [13/Apr/2021 05:47:40] "[37mGET /user/profile/v2?token=eyJ0eXAiOiJKV1QiLCJhbGciOiJIUzI1NiJ9.eyJzZXNzaW9uX2lkIjowLCJ1c2VyX2lkIjoxfQ.5xbRn_BBsTLXugTHkmPy2IGl5OTWXb7MWn1d_NYdOGo&u_id=1 HTTP/1.1[0m" 200 -
127.0.0.1 - - [13/Apr/2021 05:47:40] "[37mPOST /auth/register/v2 HTTP/1.1[0m" 200 -
127.0.0.1 - - [13/Apr/2021 05:47:40] "[37mGET /user/profile/v2?token=eyJ0eXAiOiJKV1QiLCJhbGciOiJIUzI1NiJ9.eyJzZXNzaW9uX2lkIjowLCJ1c2VyX2lkIjoyfQ.5-bPobRcAy4amwzkV62if7N8xuQjY8hHFI_DUXJyBts&u_id=2 HTTP/1.1[0m" 200 -
127.0.0.1 - - [13/Apr/2021 05:47:40] "[37mPOST /channels/create/v2 HTTP/1.1[0m" 200 -
127.0.0.1 - - [13/Apr/2021 05:47:40] "[31m[1mPOST /channel/invite/v2 HTTP/1.1[0m" 403 -
127.0.0.1 - - [13/Apr/2021 05:47:40] "[37mDELETE /clear/v1 HTTP/1.1[0m" 200 -
127.0.0.1 - - [13/Apr/2021 05:47:40] "[37mPOST /auth/register/v2 HTTP/1.1[0m" 200 -
127.0.0.1 - - [13/Apr/2021 05:47:40] "[37mGET /user/profile/v2?token=eyJ0eXAiOiJKV1QiLCJhbGciOiJIUzI1NiJ9.eyJzZXNzaW9uX2lkIjowLCJ1c2VyX2lkIjowfQ.mNX5f58rMYtTkp9fZydVCSZAXxviyhR8_I5RvFgXpeg&u_id=0 HTTP/1.1[0m" 200 -
127.0.0.1 - - [13/Apr/2021 05:47:40] "[37mPOST /auth/register/v2 HTTP/1.1[0m" 200 -
127.0.0.1 - - [13/Apr/2021 05:47:40] "[37mGET /user/profile/v2?token=eyJ0eXAiOiJKV1QiLCJhbGciOiJIUzI1NiJ9.eyJzZXNzaW9uX2lkIjowLCJ1c2VyX2lkIjoxfQ.5xbRn_BBsTLXugTHkmPy2IGl5OTWXb7MWn1d_NYdOGo&u_id=1 HTTP/1.1[0m" 200 -
127.0.0.1 - - [13/Apr/2021 05:47:40] "[31m[1mPOST /channel/invite/v2 HTTP/1.1[0m" 400 -
127.0.0.1 - - [13/Apr/2021 05:47:40] "[37mDELETE /clear/v1 HTTP/1.1[0m" 200 -
127.0.0.1 - - [13/Apr/2021 05:47:40] "[37mPOST /auth/register/v2 HTTP/1.1[0m" 200 -
127.0.0.1 - - [13/Apr/2021 05:47:40] "[37mGET /user/profile/v2?token=eyJ0eXAiOiJKV1QiLCJhbGciOiJIUzI1NiJ9.eyJzZXNzaW9uX2lkIjowLCJ1c2VyX2lkIjowfQ.mNX5f58rMYtTkp9fZydVCSZAXxviyhR8_I5RvFgXpeg&u_id=0 HTTP/1.1[0m" 200 -
127.0.0.1 - - [13/Apr/2021 05:47:40] "[37mPOST /channels/create/v2 HTTP/1.1[0m" 200 -
127.0.0.1 - - [13/Apr/2021 05:47:40] "[31m[1mPOST /channel/invite/v2 HTTP/1.1[0m" 400 -
127.0.0.1 - - [13/Apr/2021 05:47:40] "[37mDELETE /clear/v1 HTTP/1.1[0m" 200 -
127.0.0.1 - - [13/Apr/2021 05:47:40] "[37mPOST /auth/register/v2 HTTP/1.1[0m" 200 -
127.0.0.1 - - [13/Apr/2021 05:47:40] "[37mGET /user/profile/v2?token=eyJ0eXAiOiJKV1QiLCJhbGciOiJIUzI1NiJ9.eyJzZXNzaW9uX2lkIjowLCJ1c2VyX2lkIjowfQ.mNX5f58rMYtTkp9fZydVCSZAXxviyhR8_I5RvFgXpeg&u_id=0 HTTP/1.1[0m" 200 -
127.0.0.1 - - [13/Apr/2021 05:47:41] "[37mPOST /channels/create/v2 HTTP/1.1[0m" 200 -
127.0.0.1 - - [13/Apr/2021 05:47:41] "[37mPOST /auth/register/v2 HTTP/1.1[0m" 200 -
127.0.0.1 - - [13/Apr/2021 05:47:41] "[37mGET /user/profile/v2?token=eyJ0eXAiOiJKV1QiLCJhbGciOiJIUzI1NiJ9.eyJzZXNzaW9uX2lkIjowLCJ1c2VyX2lkIjoxfQ.5xbRn_BBsTLXugTHkmPy2IGl5OTWXb7MWn1d_NYdOGo&u_id=1 HTTP/1.1[0m" 200 -
127.0.0.1 - - [13/Apr/2021 05:47:41] "[31m[1mPOST /auth/logout/v1 HTTP/1.1[0m" 405 -
127.0.0.1 - - [13/Apr/2021 05:47:41] "[37mDELETE /clear/v1 HTTP/1.1[0m" 200 -
127.0.0.1 - - [13/Apr/2021 05:47:41] "[37mPOST /auth/register/v2 HTTP/1.1[0m" 200 -
127.0.0.1 - - [13/Apr/2021 05:47:41] "[37mGET /user/profile/v2?token=eyJ0eXAiOiJKV1QiLCJhbGciOiJIUzI1NiJ9.eyJzZXNzaW9uX2lkIjowLCJ1c2VyX2lkIjowfQ.mNX5f58rMYtTkp9fZydVCSZAXxviyhR8_I5RvFgXpeg&u_id=0 HTTP/1.1[0m" 200 -
127.0.0.1 - - [13/Apr/2021 05:47:41] "[37mPOST /auth/register/v2 HTTP/1.1[0m" 200 -
127.0.0.1 - - [13/Apr/2021 05:47:41] "[37mGET /user/profile/v2?token=eyJ0eXAiOiJKV1QiLCJhbGciOiJIUzI1NiJ9.eyJzZXNzaW9uX2lkIjowLCJ1c2VyX2lkIjoxfQ.5xbRn_BBsTLXugTHkmPy2IGl5OTWXb7MWn1d_NYdOGo&u_id=1 HTTP/1.1[0m" 200 -
127.0.0.1 - - [13/Apr/2021 05:47:41] "[37mPOST /channels/create/v2 HTTP/1.1[0m" 200 -
127.0.0.1 - - [13/Apr/2021 05:47:41] "[37mPOST /channel/join/v2 HTTP/1.1[0m" 200 -
127.0.0.1 - - [13/Apr/2021 05:47:41] "[37mGET /channel/details/v2?token=eyJ0eXAiOiJKV1QiLCJhbGciOiJIUzI1NiJ9.eyJzZXNzaW9uX2lkIjowLCJ1c2VyX2lkIjowfQ.mNX5f58rMYtTkp9fZydVCSZAXxviyhR8_I5RvFgXpeg&channel_id=0 HTTP/1.1[0m" 200 -
127.0.0.1 - - [13/Apr/2021 05:47:41] "[37mDELETE /clear/v1 HTTP/1.1[0m" 200 -
127.0.0.1 - - [13/Apr/2021 05:47:41] "[37mPOST /auth/register/v2 HTTP/1.1[0m" 200 -
127.0.0.1 - - [13/Apr/2021 05:47:41] "[37mGET /user/profile/v2?token=eyJ0eXAiOiJKV1QiLCJhbGciOiJIUzI1NiJ9.eyJzZXNzaW9uX2lkIjowLCJ1c2VyX2lkIjowfQ.mNX5f58rMYtTkp9fZydVCSZAXxviyhR8_I5RvFgXpeg&u_id=0 HTTP/1.1[0m" 200 -
127.0.0.1 - - [13/Apr/2021 05:47:41] "[37mPOST /auth/register/v2 HTTP/1.1[0m" 200 -
127.0.0.1 - - [13/Apr/2021 05:47:41] "[37mGET /user/profile/v2?token=eyJ0eXAiOiJKV1QiLCJhbGciOiJIUzI1NiJ9.eyJzZXNzaW9uX2lkIjowLCJ1c2VyX2lkIjoxfQ.5xbRn_BBsTLXugTHkmPy2IGl5OTWXb7MWn1d_NYdOGo&u_id=1 HTTP/1.1[0m" 200 -
127.0.0.1 - - [13/Apr/2021 05:47:41] "[37mPOST /channels/create/v2 HTTP/1.1[0m" 200 -
127.0.0.1 - - [13/Apr/2021 05:47:41] "[37mPOST /channel/join/v2 HTTP/1.1[0m" 200 -
127.0.0.1 - - [13/Apr/2021 05:47:41] "[37mGET /channel/details/v2?token=eyJ0eXAiOiJKV1QiLCJhbGciOiJIUzI1NiJ9.eyJzZXNzaW9uX2lkIjowLCJ1c2VyX2lkIjowfQ.mNX5f58rMYtTkp9fZydVCSZAXxviyhR8_I5RvFgXpeg&channel_id=0 HTTP/1.1[0m" 200 -
127.0.0.1 - - [13/Apr/2021 05:47:41] "[37mDELETE /clear/v1 HTTP/1.1[0m" 200 -
127.0.0.1 - - [13/Apr/2021 05:47:41] "[37mPOST /auth/register/v2 HTTP/1.1[0m" 200 -
127.0.0.1 - - [13/Apr/2021 05:47:41] "[37mGET /user/profile/v2?token=eyJ0eXAiOiJKV1QiLCJhbGciOiJIUzI1NiJ9.eyJzZXNzaW9uX2lkIjowLCJ1c2VyX2lkIjowfQ.mNX5f58rMYtTkp9fZydVCSZAXxviyhR8_I5RvFgXpeg&u_id=0 HTTP/1.1[0m" 200 -
127.0.0.1 - - [13/Apr/2021 05:47:41] "[37mPOST /channels/create/v2 HTTP/1.1[0m" 200 -
127.0.0.1 - - [13/Apr/2021 05:47:41] "[37mPOST /auth/register/v2 HTTP/1.1[0m" 200 -
127.0.0.1 - - [13/Apr/2021 05:47:41] "[37mGET /user/profile/v2?token=eyJ0eXAiOiJKV1QiLCJhbGciOiJIUzI1NiJ9.eyJzZXNzaW9uX2lkIjowLCJ1c2VyX2lkIjoxfQ.5xbRn_BBsTLXugTHkmPy2IGl5OTWXb7MWn1d_NYdOGo&u_id=1 HTTP/1.1[0m" 200 -
127.0.0.1 - - [13/Apr/2021 05:47:41] "[37mPOST /channel/join/v2 HTTP/1.1[0m" 200 -
127.0.0.1 - - [13/Apr/2021 05:47:41] "[37mGET /channel/details/v2?token=eyJ0eXAiOiJKV1QiLCJhbGciOiJIUzI1NiJ9.eyJzZXNzaW9uX2lkIjowLCJ1c2VyX2lkIjoxfQ.5xbRn_BBsTLXugTHkmPy2IGl5OTWXb7MWn1d_NYdOGo&channel_id=0 HTTP/1.1[0m" 200 -
127.0.0.1 - - [13/Apr/2021 05:47:41] "[37mDELETE /clear/v1 HTTP/1.1[0m" 200 -
127.0.0.1 - - [13/Apr/2021 05:47:41] "[37mPOST /auth/register/v2 HTTP/1.1[0m" 200 -
127.0.0.1 - - [13/Apr/2021 05:47:41] "[37mGET /user/profile/v2?token=eyJ0eXAiOiJKV1QiLCJhbGciOiJIUzI1NiJ9.eyJzZXNzaW9uX2lkIjowLCJ1c2VyX2lkIjowfQ.mNX5f58rMYtTkp9fZydVCSZAXxviyhR8_I5RvFgXpeg&u_id=0 HTTP/1.1[0m" 200 -
127.0.0.1 - - [13/Apr/2021 05:47:41] "[31m[1mPOST /channel/join/v2 HTTP/1.1[0m" 400 -
127.0.0.1 - - [13/Apr/2021 05:47:41] "[37mDELETE /clear/v1 HTTP/1.1[0m" 200 -
127.0.0.1 - - [13/Apr/2021 05:47:41] "[37mPOST /auth/register/v2 HTTP/1.1[0m" 200 -
127.0.0.1 - - [13/Apr/2021 05:47:41] "[37mGET /user/profile/v2?token=eyJ0eXAiOiJKV1QiLCJhbGciOiJIUzI1NiJ9.eyJzZXNzaW9uX2lkIjowLCJ1c2VyX2lkIjowfQ.mNX5f58rMYtTkp9fZydVCSZAXxviyhR8_I5RvFgXpeg&u_id=0 HTTP/1.1[0m" 200 -
127.0.0.1 - - [13/Apr/2021 05:47:41] "[37mPOST /channels/create/v2 HTTP/1.1[0m" 200 -
127.0.0.1 - - [13/Apr/2021 05:47:41] "[31m[1mPOST /auth/logout/v1 HTTP/1.1[0m" 405 -
127.0.0.1 - - [13/Apr/2021 05:47:41] "[37mDELETE /clear/v1 HTTP/1.1[0m" 200 -
127.0.0.1 - - [13/Apr/2021 05:47:41] "[37mPOST /auth/register/v2 HTTP/1.1[0m" 200 -
127.0.0.1 - - [13/Apr/2021 05:47:41] "[37mGET /user/profile/v2?token=eyJ0eXAiOiJKV1QiLCJhbGciOiJIUzI1NiJ9.eyJzZXNzaW9uX2lkIjowLCJ1c2VyX2lkIjowfQ.mNX5f58rMYtTkp9fZydVCSZAXxviyhR8_I5RvFgXpeg&u_id=0 HTTP/1.1[0m" 200 -
127.0.0.1 - - [13/Apr/2021 05:47:41] "[37mPOST /channels/create/v2 HTTP/1.1[0m" 200 -
127.0.0.1 - - [13/Apr/2021 05:47:41] "[31m[1mPOST /channel/leave/v1 HTTP/1.1[0m" 400 -
127.0.0.1 - - [13/Apr/2021 05:47:41] "[37mDELETE /clear/v1 HTTP/1.1[0m" 200 -
127.0.0.1 - - [13/Apr/2021 05:47:41] "[37mPOST /auth/register/v2 HTTP/1.1[0m" 200 -
127.0.0.1 - - [13/Apr/2021 05:47:41] "[37mGET /user/profile/v2?token=eyJ0eXAiOiJKV1QiLCJhbGciOiJIUzI1NiJ9.eyJzZXNzaW9uX2lkIjowLCJ1c2VyX2lkIjowfQ.mNX5f58rMYtTkp9fZydVCSZAXxviyhR8_I5RvFgXpeg&u_id=0 HTTP/1.1[0m" 200 -
127.0.0.1 - - [13/Apr/2021 05:47:41] "[37mPOST /channels/create/v2 HTTP/1.1[0m" 200 -
127.0.0.1 - - [13/Apr/2021 05:47:41] "[37mPOST /auth/register/v2 HTTP/1.1[0m" 200 -
127.0.0.1 - - [13/Apr/2021 05:47:41] "[37mGET /user/profile/v2?token=eyJ0eXAiOiJKV1QiLCJhbGciOiJIUzI1NiJ9.eyJzZXNzaW9uX2lkIjowLCJ1c2VyX2lkIjoxfQ.5xbRn_BBsTLXugTHkmPy2IGl5OTWXb7MWn1d_NYdOGo&u_id=1 HTTP/1.1[0m" 200 -
127.0.0.1 - - [13/Apr/2021 05:47:41] "[31m[1mPOST /channel/leave/v1 HTTP/1.1[0m" 403 -
127.0.0.1 - - [13/Apr/2021 05:47:41] "[37mDELETE /clear/v1 HTTP/1.1[0m" 200 -
127.0.0.1 - - [13/Apr/2021 05:47:41] "[37mPOST /auth/register/v2 HTTP/1.1[0m" 200 -
127.0.0.1 - - [13/Apr/2021 05:47:41] "[37mGET /user/profile/v2?token=eyJ0eXAiOiJKV1QiLCJhbGciOiJIUzI1NiJ9.eyJzZXNzaW9uX2lkIjowLCJ1c2VyX2lkIjowfQ.mNX5f58rMYtTkp9fZydVCSZAXxviyhR8_I5RvFgXpeg&u_id=0 HTTP/1.1[0m" 200 -
127.0.0.1 - - [13/Apr/2021 05:47:41] "[31m[1mPOST /channel/leave/v1 HTTP/1.1[0m" 400 -
127.0.0.1 - - [13/Apr/2021 05:47:41] "[37mDELETE /clear/v1 HTTP/1.1[0m" 200 -
127.0.0.1 - - [13/Apr/2021 05:47:41] "[37mPOST /auth/register/v2 HTTP/1.1[0m" 200 -
127.0.0.1 - - [13/Apr/2021 05:47:41] "[37mGET /user/profile/v2?token=eyJ0eXAiOiJKV1QiLCJhbGciOiJIUzI1NiJ9.eyJzZXNzaW9uX2lkIjowLCJ1c2VyX2lkIjowfQ.mNX5f58rMYtTkp9fZydVCSZAXxviyhR8_I5RvFgXpeg&u_id=0 HTTP/1.1[0m" 200 -
127.0.0.1 - - [13/Apr/2021 05:47:41] "[37mPOST /channels/create/v2 HTTP/1.1[0m" 200 -
127.0.0.1 - - [13/Apr/2021 05:47:41] "[31m[1mPOST /auth/logout/v1 HTTP/1.1[0m" 405 -
127.0.0.1 - - [13/Apr/2021 05:47:41] "[37mDELETE /clear/v1 HTTP/1.1[0m" 200 -
127.0.0.1 - - [13/Apr/2021 05:47:41] "[37mPOST /auth/register/v2 HTTP/1.1[0m" 200 -
127.0.0.1 - - [13/Apr/2021 05:47:41] "[37mGET /user/profile/v2?token=eyJ0eXAiOiJKV1QiLCJhbGciOiJIUzI1NiJ9.eyJzZXNzaW9uX2lkIjowLCJ1c2VyX2lkIjowfQ.mNX5f58rMYtTkp9fZydVCSZAXxviyhR8_I5RvFgXpeg&u_id=0 HTTP/1.1[0m" 200 -
127.0.0.1 - - [13/Apr/2021 05:47:41] "[37mPOST /channels/create/v2 HTTP/1.1[0m" 200 -
127.0.0.1 - - [13/Apr/2021 05:47:41] "[37mPOST /message/send/v2 HTTP/1.1[0m" 200 -
127.0.0.1 - - [13/Apr/2021 05:47:41] "[37mPOST /message/send/v2 HTTP/1.1[0m" 200 -
127.0.0.1 - - [13/Apr/2021 05:47:41] "[37mPOST /message/send/v2 HTTP/1.1[0m" 200 -
127.0.0.1 - - [13/Apr/2021 05:47:41] "[37mPOST /message/send/v2 HTTP/1.1[0m" 200 -
127.0.0.1 - - [13/Apr/2021 05:47:41] "[37mPOST /message/send/v2 HTTP/1.1[0m" 200 -
127.0.0.1 - - [13/Apr/2021 05:47:41] "[37mPOST /message/send/v2 HTTP/1.1[0m" 200 -
127.0.0.1 - - [13/Apr/2021 05:47:41] "[37mPOST /message/send/v2 HTTP/1.1[0m" 200 -
127.0.0.1 - - [13/Apr/2021 05:47:41] "[37mPOST /message/send/v2 HTTP/1.1[0m" 200 -
127.0.0.1 - - [13/Apr/2021 05:47:41] "[37mPOST /message/send/v2 HTTP/1.1[0m" 200 -
127.0.0.1 - - [13/Apr/2021 05:47:41] "[37mPOST /message/send/v2 HTTP/1.1[0m" 200 -
127.0.0.1 - - [13/Apr/2021 05:47:41] "[37mGET /channel/messages/v2?token=eyJ0eXAiOiJKV1QiLCJhbGciOiJIUzI1NiJ9.eyJzZXNzaW9uX2lkIjowLCJ1c2VyX2lkIjowfQ.mNX5f58rMYtTkp9fZydVCSZAXxviyhR8_I5RvFgXpeg&channel_id=0&start=0 HTTP/1.1[0m" 200 -
127.0.0.1 - - [13/Apr/2021 05:47:41] "[37mDELETE /clear/v1 HTTP/1.1[0m" 200 -
127.0.0.1 - - [13/Apr/2021 05:47:41] "[37mPOST /auth/register/v2 HTTP/1.1[0m" 200 -
127.0.0.1 - - [13/Apr/2021 05:47:41] "[37mGET /user/profile/v2?token=eyJ0eXAiOiJKV1QiLCJhbGciOiJIUzI1NiJ9.eyJzZXNzaW9uX2lkIjowLCJ1c2VyX2lkIjowfQ.mNX5f58rMYtTkp9fZydVCSZAXxviyhR8_I5RvFgXpeg&u_id=0 HTTP/1.1[0m" 200 -
127.0.0.1 - - [13/Apr/2021 05:47:41] "[37mPOST /channels/create/v2 HTTP/1.1[0m" 200 -
127.0.0.1 - - [13/Apr/2021 05:47:41] "[37mPOST /message/send/v2 HTTP/1.1[0m" 200 -
127.0.0.1 - - [13/Apr/2021 05:47:41] "[37mPOST /message/send/v2 HTTP/1.1[0m" 200 -
127.0.0.1 - - [13/Apr/2021 05:47:41] "[37mPOST /message/send/v2 HTTP/1.1[0m" 200 -
127.0.0.1 - - [13/Apr/2021 05:47:41] "[37mPOST /message/send/v2 HTTP/1.1[0m" 200 -
127.0.0.1 - - [13/Apr/2021 05:47:41] "[37mPOST /message/send/v2 HTTP/1.1[0m" 200 -
127.0.0.1 - - [13/Apr/2021 05:47:41] "[37mPOST /message/send/v2 HTTP/1.1[0m" 200 -
127.0.0.1 - - [13/Apr/2021 05:47:41] "[37mPOST /message/send/v2 HTTP/1.1[0m" 200 -
127.0.0.1 - - [13/Apr/2021 05:47:41] "[37mPOST /message/send/v2 HTTP/1.1[0m" 200 -
127.0.0.1 - - [13/Apr/2021 05:47:41] "[37mPOST /message/send/v2 HTTP/1.1[0m" 200 -
127.0.0.1 - - [13/Apr/2021 05:47:41] "[37mPOST /message/send/v2 HTTP/1.1[0m" 200 -
127.0.0.1 - - [13/Apr/2021 05:47:41] "[37mPOST /message/send/v2 HTTP/1.1[0m" 200 -
127.0.0.1 - - [13/Apr/2021 05:47:41] "[37mPOST /message/send/v2 HTTP/1.1[0m" 200 -
127.0.0.1 - - [13/Apr/2021 05:47:41] "[37mPOST /message/send/v2 HTTP/1.1[0m" 200 -
127.0.0.1 - - [13/Apr/2021 05:47:41] "[37mPOST /message/send/v2 HTTP/1.1[0m" 200 -
127.0.0.1 - - [13/Apr/2021 05:47:41] "[37mPOST /message/send/v2 HTTP/1.1[0m" 200 -
127.0.0.1 - - [13/Apr/2021 05:47:41] "[37mPOST /message/send/v2 HTTP/1.1[0m" 200 -
127.0.0.1 - - [13/Apr/2021 05:47:41] "[37mPOST /message/send/v2 HTTP/1.1[0m" 200 -
127.0.0.1 - - [13/Apr/2021 05:47:41] "[37mPOST /message/send/v2 HTTP/1.1[0m" 200 -
127.0.0.1 - - [13/Apr/2021 05:47:41] "[37mPOST /message/send/v2 HTTP/1.1[0m" 200 -
127.0.0.1 - - [13/Apr/2021 05:47:41] "[37mPOST /message/send/v2 HTTP/1.1[0m" 200 -
127.0.0.1 - - [13/Apr/2021 05:47:41] "[37mPOST /message/send/v2 HTTP/1.1[0m" 200 -
127.0.0.1 - - [13/Apr/2021 05:47:41] "[37mPOST /message/send/v2 HTTP/1.1[0m" 200 -
127.0.0.1 - - [13/Apr/2021 05:47:41] "[37mPOST /message/send/v2 HTTP/1.1[0m" 200 -
127.0.0.1 - - [13/Apr/2021 05:47:41] "[37mPOST /message/send/v2 HTTP/1.1[0m" 200 -
127.0.0.1 - - [13/Apr/2021 05:47:41] "[37mPOST /message/send/v2 HTTP/1.1[0m" 200 -
127.0.0.1 - - [13/Apr/2021 05:47:41] "[37mPOST /message/send/v2 HTTP/1.1[0m" 200 -
127.0.0.1 - - [13/Apr/2021 05:47:41] "[37mPOST /message/send/v2 HTTP/1.1[0m" 200 -
127.0.0.1 - - [13/Apr/2021 05:47:41] "[37mPOST /message/send/v2 HTTP/1.1[0m" 200 -
127.0.0.1 - - [13/Apr/2021 05:47:41] "[37mPOST /message/send/v2 HTTP/1.1[0m" 200 -
127.0.0.1 - - [13/Apr/2021 05:47:41] "[37mPOST /message/send/v2 HTTP/1.1[0m" 200 -
127.0.0.1 - - [13/Apr/2021 05:47:41] "[37mPOST /message/send/v2 HTTP/1.1[0m" 200 -
127.0.0.1 - - [13/Apr/2021 05:47:41] "[37mPOST /message/send/v2 HTTP/1.1[0m" 200 -
127.0.0.1 - - [13/Apr/2021 05:47:41] "[37mPOST /message/send/v2 HTTP/1.1[0m" 200 -
127.0.0.1 - - [13/Apr/2021 05:47:41] "[37mPOST /message/send/v2 HTTP/1.1[0m" 200 -
127.0.0.1 - - [13/Apr/2021 05:47:41] "[37mPOST /message/send/v2 HTTP/1.1[0m" 200 -
127.0.0.1 - - [13/Apr/2021 05:47:41] "[37mPOST /message/send/v2 HTTP/1.1[0m" 200 -
127.0.0.1 - - [13/Apr/2021 05:47:41] "[37mPOST /message/send/v2 HTTP/1.1[0m" 200 -
127.0.0.1 - - [13/Apr/2021 05:47:41] "[37mPOST /message/send/v2 HTTP/1.1[0m" 200 -
127.0.0.1 - - [13/Apr/2021 05:47:42] "[37mPOST /message/send/v2 HTTP/1.1[0m" 200 -
127.0.0.1 - - [13/Apr/2021 05:47:42] "[37mPOST /message/send/v2 HTTP/1.1[0m" 200 -
127.0.0.1 - - [13/Apr/2021 05:47:42] "[37mPOST /message/send/v2 HTTP/1.1[0m" 200 -
127.0.0.1 - - [13/Apr/2021 05:47:42] "[37mPOST /message/send/v2 HTTP/1.1[0m" 200 -
127.0.0.1 - - [13/Apr/2021 05:47:42] "[37mPOST /message/send/v2 HTTP/1.1[0m" 200 -
127.0.0.1 - - [13/Apr/2021 05:47:42] "[37mPOST /message/send/v2 HTTP/1.1[0m" 200 -
127.0.0.1 - - [13/Apr/2021 05:47:42] "[37mPOST /message/send/v2 HTTP/1.1[0m" 200 -
127.0.0.1 - - [13/Apr/2021 05:47:42] "[37mPOST /message/send/v2 HTTP/1.1[0m" 200 -
127.0.0.1 - - [13/Apr/2021 05:47:42] "[37mPOST /message/send/v2 HTTP/1.1[0m" 200 -
127.0.0.1 - - [13/Apr/2021 05:47:42] "[37mPOST /message/send/v2 HTTP/1.1[0m" 200 -
127.0.0.1 - - [13/Apr/2021 05:47:42] "[37mPOST /message/send/v2 HTTP/1.1[0m" 200 -
127.0.0.1 - - [13/Apr/2021 05:47:42] "[37mPOST /message/send/v2 HTTP/1.1[0m" 200 -
127.0.0.1 - - [13/Apr/2021 05:47:42] "[37mPOST /message/send/v2 HTTP/1.1[0m" 200 -
127.0.0.1 - - [13/Apr/2021 05:47:42] "[37mGET /channel/messages/v2?token=eyJ0eXAiOiJKV1QiLCJhbGciOiJIUzI1NiJ9.eyJzZXNzaW9uX2lkIjowLCJ1c2VyX2lkIjowfQ.mNX5f58rMYtTkp9fZydVCSZAXxviyhR8_I5RvFgXpeg&channel_id=0&start=0 HTTP/1.1[0m" 200 -
127.0.0.1 - - [13/Apr/2021 05:47:42] "[37mGET /channel/messages/v2?token=eyJ0eXAiOiJKV1QiLCJhbGciOiJIUzI1NiJ9.eyJzZXNzaW9uX2lkIjowLCJ1c2VyX2lkIjowfQ.mNX5f58rMYtTkp9fZydVCSZAXxviyhR8_I5RvFgXpeg&channel_id=0&start=50 HTTP/1.1[0m" 200 -
127.0.0.1 - - [13/Apr/2021 05:47:42] "[37mDELETE /clear/v1 HTTP/1.1[0m" 200 -
127.0.0.1 - - [13/Apr/2021 05:47:42] "[37mPOST /auth/register/v2 HTTP/1.1[0m" 200 -
127.0.0.1 - - [13/Apr/2021 05:47:42] "[37mGET /user/profile/v2?token=eyJ0eXAiOiJKV1QiLCJhbGciOiJIUzI1NiJ9.eyJzZXNzaW9uX2lkIjowLCJ1c2VyX2lkIjowfQ.mNX5f58rMYtTkp9fZydVCSZAXxviyhR8_I5RvFgXpeg&u_id=0 HTTP/1.1[0m" 200 -
127.0.0.1 - - [13/Apr/2021 05:47:42] "[37mPOST /channels/create/v2 HTTP/1.1[0m" 200 -
127.0.0.1 - - [13/Apr/2021 05:47:42] "[37mPOST /message/send/v2 HTTP/1.1[0m" 200 -
127.0.0.1 - - [13/Apr/2021 05:47:42] "[37mGET /channel/messages/v2?token=eyJ0eXAiOiJKV1QiLCJhbGciOiJIUzI1NiJ9.eyJzZXNzaW9uX2lkIjowLCJ1c2VyX2lkIjowfQ.mNX5f58rMYtTkp9fZydVCSZAXxviyhR8_I5RvFgXpeg&channel_id=0&start=0 HTTP/1.1[0m" 200 -
[2021-04-13 05:47:42,259] ERROR in app: Exception on /message/edit/v2 [PUT]
Traceback (most recent call last):
  File "/import/kamen/3/cs1531/.local/lib/python3.7/site-packages/flask/app.py", line 1950, in full_dispatch_request
    rv = self.dispatch_request()
  File "/import/kamen/3/cs1531/.local/lib/python3.7/site-packages/flask/app.py", line 1936, in dispatch_request
    return self.view_functions[rule.endpoint](**req.view_args)
  File "/tmp_amd/kamen/export/kamen/3/cs1531/automark/tempstore/src/server.py", line 131, in message_edit
    return src.message.message_edit_v1(payload['token'], payload['message_id'], payload['message'])
  File "/tmp_amd/kamen/export/kamen/3/cs1531/automark/tempstore/src/message.py", line 206, in message_edit_v1
    if data['messages_log'][i]['channel_id'] != -1:     #* If message is in a channel
IndexError: list index out of range

During handling of the above exception, another exception occurred:

Traceback (most recent call last):
  File "/import/kamen/3/cs1531/.local/lib/python3.7/site-packages/flask/app.py", line 2447, in wsgi_app
    response = self.full_dispatch_request()
  File "/import/kamen/3/cs1531/.local/lib/python3.7/site-packages/flask/app.py", line 1952, in full_dispatch_request
    rv = self.handle_user_exception(e)
  File "/import/kamen/3/cs1531/.local/lib/python3.7/site-packages/flask_cors/extension.py", line 165, in wrapped_function
    return cors_after_request(app.make_response(f(*args, **kwargs)))
  File "/import/kamen/3/cs1531/.local/lib/python3.7/site-packages/flask/app.py", line 1822, in handle_user_exception
    return handler(e)
  File "/tmp_amd/kamen/export/kamen/3/cs1531/automark/tempstore/src/server.py", line 10, in defaultHandler
    response = err.get_response()
AttributeError: 'IndexError' object has no attribute 'get_response'
127.0.0.1 - - [13/Apr/2021 05:47:42] "[35m[1mPUT /message/edit/v2 HTTP/1.1[0m" 500 -
127.0.0.1 - - [13/Apr/2021 05:47:42] "[37mDELETE /clear/v1 HTTP/1.1[0m" 200 -
127.0.0.1 - - [13/Apr/2021 05:47:42] "[37mPOST /auth/register/v2 HTTP/1.1[0m" 200 -
127.0.0.1 - - [13/Apr/2021 05:47:42] "[37mGET /user/profile/v2?token=eyJ0eXAiOiJKV1QiLCJhbGciOiJIUzI1NiJ9.eyJzZXNzaW9uX2lkIjowLCJ1c2VyX2lkIjowfQ.mNX5f58rMYtTkp9fZydVCSZAXxviyhR8_I5RvFgXpeg&u_id=0 HTTP/1.1[0m" 200 -
127.0.0.1 - - [13/Apr/2021 05:47:42] "[37mPOST /channels/create/v2 HTTP/1.1[0m" 200 -
127.0.0.1 - - [13/Apr/2021 05:47:42] "[37mPOST /message/send/v2 HTTP/1.1[0m" 200 -
127.0.0.1 - - [13/Apr/2021 05:47:42] "[37mGET /channel/messages/v2?token=eyJ0eXAiOiJKV1QiLCJhbGciOiJIUzI1NiJ9.eyJzZXNzaW9uX2lkIjowLCJ1c2VyX2lkIjowfQ.mNX5f58rMYtTkp9fZydVCSZAXxviyhR8_I5RvFgXpeg&channel_id=0&start=0 HTTP/1.1[0m" 200 -
127.0.0.1 - - [13/Apr/2021 05:47:42] "[37mDELETE /message/remove/v1 HTTP/1.1[0m" 200 -
127.0.0.1 - - [13/Apr/2021 05:47:42] "[37mGET /channel/messages/v2?token=eyJ0eXAiOiJKV1QiLCJhbGciOiJIUzI1NiJ9.eyJzZXNzaW9uX2lkIjowLCJ1c2VyX2lkIjowfQ.mNX5f58rMYtTkp9fZydVCSZAXxviyhR8_I5RvFgXpeg&channel_id=0&start=0 HTTP/1.1[0m" 200 -
127.0.0.1 - - [13/Apr/2021 05:47:42] "[37mDELETE /clear/v1 HTTP/1.1[0m" 200 -
127.0.0.1 - - [13/Apr/2021 05:47:42] "[37mPOST /auth/register/v2 HTTP/1.1[0m" 200 -
127.0.0.1 - - [13/Apr/2021 05:47:42] "[37mGET /user/profile/v2?token=eyJ0eXAiOiJKV1QiLCJhbGciOiJIUzI1NiJ9.eyJzZXNzaW9uX2lkIjowLCJ1c2VyX2lkIjowfQ.mNX5f58rMYtTkp9fZydVCSZAXxviyhR8_I5RvFgXpeg&u_id=0 HTTP/1.1[0m" 200 -
127.0.0.1 - - [13/Apr/2021 05:47:42] "[37mPOST /channels/create/v2 HTTP/1.1[0m" 200 -
127.0.0.1 - - [13/Apr/2021 05:47:42] "[31m[1mGET /channel/messages/v2?token=eyJ0eXAiOiJKV1QiLCJhbGciOiJIUzI1NiJ9.eyJzZXNzaW9uX2lkIjowLCJ1c2VyX2lkIjowfQ.mNX5f58rMYtTkp9fZydVCSZAXxviyhR8_I5RvFgXpeg&channel_id=0&start=21389429 HTTP/1.1[0m" 400 -
127.0.0.1 - - [13/Apr/2021 05:47:42] "[37mDELETE /clear/v1 HTTP/1.1[0m" 200 -
127.0.0.1 - - [13/Apr/2021 05:47:42] "[37mPOST /auth/register/v2 HTTP/1.1[0m" 200 -
127.0.0.1 - - [13/Apr/2021 05:47:42] "[37mGET /user/profile/v2?token=eyJ0eXAiOiJKV1QiLCJhbGciOiJIUzI1NiJ9.eyJzZXNzaW9uX2lkIjowLCJ1c2VyX2lkIjowfQ.mNX5f58rMYtTkp9fZydVCSZAXxviyhR8_I5RvFgXpeg&u_id=0 HTTP/1.1[0m" 200 -
127.0.0.1 - - [13/Apr/2021 05:47:42] "[37mPOST /channels/create/v2 HTTP/1.1[0m" 200 -
127.0.0.1 - - [13/Apr/2021 05:47:42] "[37mPOST /auth/register/v2 HTTP/1.1[0m" 200 -
127.0.0.1 - - [13/Apr/2021 05:47:42] "[37mGET /user/profile/v2?token=eyJ0eXAiOiJKV1QiLCJhbGciOiJIUzI1NiJ9.eyJzZXNzaW9uX2lkIjowLCJ1c2VyX2lkIjoxfQ.5xbRn_BBsTLXugTHkmPy2IGl5OTWXb7MWn1d_NYdOGo&u_id=1 HTTP/1.1[0m" 200 -
127.0.0.1 - - [13/Apr/2021 05:47:42] "[31m[1mGET /channel/messages/v2?token=eyJ0eXAiOiJKV1QiLCJhbGciOiJIUzI1NiJ9.eyJzZXNzaW9uX2lkIjowLCJ1c2VyX2lkIjoxfQ.5xbRn_BBsTLXugTHkmPy2IGl5OTWXb7MWn1d_NYdOGo&channel_id=0&start=0 HTTP/1.1[0m" 403 -
127.0.0.1 - - [13/Apr/2021 05:47:42] "[37mDELETE /clear/v1 HTTP/1.1[0m" 200 -
127.0.0.1 - - [13/Apr/2021 05:47:42] "[37mPOST /auth/register/v2 HTTP/1.1[0m" 200 -
127.0.0.1 - - [13/Apr/2021 05:47:42] "[37mGET /user/profile/v2?token=eyJ0eXAiOiJKV1QiLCJhbGciOiJIUzI1NiJ9.eyJzZXNzaW9uX2lkIjowLCJ1c2VyX2lkIjowfQ.mNX5f58rMYtTkp9fZydVCSZAXxviyhR8_I5RvFgXpeg&u_id=0 HTTP/1.1[0m" 200 -
127.0.0.1 - - [13/Apr/2021 05:47:42] "[31m[1mGET /channel/messages/v2?token=eyJ0eXAiOiJKV1QiLCJhbGciOiJIUzI1NiJ9.eyJzZXNzaW9uX2lkIjowLCJ1c2VyX2lkIjowfQ.mNX5f58rMYtTkp9fZydVCSZAXxviyhR8_I5RvFgXpeg&channel_id=-1&start=0 HTTP/1.1[0m" 400 -
127.0.0.1 - - [13/Apr/2021 05:47:42] "[37mDELETE /clear/v1 HTTP/1.1[0m" 200 -
127.0.0.1 - - [13/Apr/2021 05:47:42] "[37mPOST /auth/register/v2 HTTP/1.1[0m" 200 -
127.0.0.1 - - [13/Apr/2021 05:47:42] "[37mGET /user/profile/v2?token=eyJ0eXAiOiJKV1QiLCJhbGciOiJIUzI1NiJ9.eyJzZXNzaW9uX2lkIjowLCJ1c2VyX2lkIjowfQ.mNX5f58rMYtTkp9fZydVCSZAXxviyhR8_I5RvFgXpeg&u_id=0 HTTP/1.1[0m" 200 -
127.0.0.1 - - [13/Apr/2021 05:47:42] "[37mPOST /channels/create/v2 HTTP/1.1[0m" 200 -
127.0.0.1 - - [13/Apr/2021 05:47:42] "[31m[1mPOST /auth/logout/v1 HTTP/1.1[0m" 405 -
127.0.0.1 - - [13/Apr/2021 05:47:42] "[37mDELETE /clear/v1 HTTP/1.1[0m" 200 -
127.0.0.1 - - [13/Apr/2021 05:47:42] "[37mPOST /auth/register/v2 HTTP/1.1[0m" 200 -
127.0.0.1 - - [13/Apr/2021 05:47:42] "[37mGET /user/profile/v2?token=eyJ0eXAiOiJKV1QiLCJhbGciOiJIUzI1NiJ9.eyJzZXNzaW9uX2lkIjowLCJ1c2VyX2lkIjowfQ.mNX5f58rMYtTkp9fZydVCSZAXxviyhR8_I5RvFgXpeg&u_id=0 HTTP/1.1[0m" 200 -
127.0.0.1 - - [13/Apr/2021 05:47:42] "[37mPOST /channels/create/v2 HTTP/1.1[0m" 200 -
127.0.0.1 - - [13/Apr/2021 05:47:42] "[37mPOST /auth/register/v2 HTTP/1.1[0m" 200 -
127.0.0.1 - - [13/Apr/2021 05:47:42] "[37mGET /user/profile/v2?token=eyJ0eXAiOiJKV1QiLCJhbGciOiJIUzI1NiJ9.eyJzZXNzaW9uX2lkIjowLCJ1c2VyX2lkIjoxfQ.5xbRn_BBsTLXugTHkmPy2IGl5OTWXb7MWn1d_NYdOGo&u_id=1 HTTP/1.1[0m" 200 -
127.0.0.1 - - [13/Apr/2021 05:47:42] "[37mPOST /channel/addowner/v1 HTTP/1.1[0m" 200 -
127.0.0.1 - - [13/Apr/2021 05:47:42] "[37mPOST /channel/removeowner/v1 HTTP/1.1[0m" 200 -
127.0.0.1 - - [13/Apr/2021 05:47:42] "[37mGET /channel/details/v2?token=eyJ0eXAiOiJKV1QiLCJhbGciOiJIUzI1NiJ9.eyJzZXNzaW9uX2lkIjowLCJ1c2VyX2lkIjoxfQ.5xbRn_BBsTLXugTHkmPy2IGl5OTWXb7MWn1d_NYdOGo&channel_id=0 HTTP/1.1[0m" 200 -
127.0.0.1 - - [13/Apr/2021 05:47:42] "[37mDELETE /clear/v1 HTTP/1.1[0m" 200 -
127.0.0.1 - - [13/Apr/2021 05:47:42] "[37mPOST /auth/register/v2 HTTP/1.1[0m" 200 -
127.0.0.1 - - [13/Apr/2021 05:47:42] "[37mGET /user/profile/v2?token=eyJ0eXAiOiJKV1QiLCJhbGciOiJIUzI1NiJ9.eyJzZXNzaW9uX2lkIjowLCJ1c2VyX2lkIjowfQ.mNX5f58rMYtTkp9fZydVCSZAXxviyhR8_I5RvFgXpeg&u_id=0 HTTP/1.1[0m" 200 -
127.0.0.1 - - [13/Apr/2021 05:47:42] "[37mPOST /auth/register/v2 HTTP/1.1[0m" 200 -
127.0.0.1 - - [13/Apr/2021 05:47:42] "[37mGET /user/profile/v2?token=eyJ0eXAiOiJKV1QiLCJhbGciOiJIUzI1NiJ9.eyJzZXNzaW9uX2lkIjowLCJ1c2VyX2lkIjoxfQ.5xbRn_BBsTLXugTHkmPy2IGl5OTWXb7MWn1d_NYdOGo&u_id=1 HTTP/1.1[0m" 200 -
127.0.0.1 - - [13/Apr/2021 05:47:42] "[37mPOST /channels/create/v2 HTTP/1.1[0m" 200 -
127.0.0.1 - - [13/Apr/2021 05:47:42] "[37mPOST /auth/register/v2 HTTP/1.1[0m" 200 -
127.0.0.1 - - [13/Apr/2021 05:47:42] "[37mGET /user/profile/v2?token=eyJ0eXAiOiJKV1QiLCJhbGciOiJIUzI1NiJ9.eyJzZXNzaW9uX2lkIjowLCJ1c2VyX2lkIjoyfQ.5-bPobRcAy4amwzkV62if7N8xuQjY8hHFI_DUXJyBts&u_id=2 HTTP/1.1[0m" 200 -
127.0.0.1 - - [13/Apr/2021 05:47:42] "[37mPOST /channel/addowner/v1 HTTP/1.1[0m" 200 -
127.0.0.1 - - [13/Apr/2021 05:47:42] "[37mPOST /channel/removeowner/v1 HTTP/1.1[0m" 200 -
127.0.0.1 - - [13/Apr/2021 05:47:42] "[37mGET /channel/details/v2?token=eyJ0eXAiOiJKV1QiLCJhbGciOiJIUzI1NiJ9.eyJzZXNzaW9uX2lkIjowLCJ1c2VyX2lkIjoyfQ.5-bPobRcAy4amwzkV62if7N8xuQjY8hHFI_DUXJyBts&channel_id=0 HTTP/1.1[0m" 200 -
127.0.0.1 - - [13/Apr/2021 05:47:42] "[37mDELETE /clear/v1 HTTP/1.1[0m" 200 -
127.0.0.1 - - [13/Apr/2021 05:47:42] "[37mPOST /auth/register/v2 HTTP/1.1[0m" 200 -
127.0.0.1 - - [13/Apr/2021 05:47:42] "[37mGET /user/profile/v2?token=eyJ0eXAiOiJKV1QiLCJhbGciOiJIUzI1NiJ9.eyJzZXNzaW9uX2lkIjowLCJ1c2VyX2lkIjowfQ.mNX5f58rMYtTkp9fZydVCSZAXxviyhR8_I5RvFgXpeg&u_id=0 HTTP/1.1[0m" 200 -
127.0.0.1 - - [13/Apr/2021 05:47:42] "[37mPOST /channels/create/v2 HTTP/1.1[0m" 200 -
127.0.0.1 - - [13/Apr/2021 05:47:42] "[37mPOST /auth/register/v2 HTTP/1.1[0m" 200 -
127.0.0.1 - - [13/Apr/2021 05:47:42] "[37mGET /user/profile/v2?token=eyJ0eXAiOiJKV1QiLCJhbGciOiJIUzI1NiJ9.eyJzZXNzaW9uX2lkIjowLCJ1c2VyX2lkIjoxfQ.5xbRn_BBsTLXugTHkmPy2IGl5OTWXb7MWn1d_NYdOGo&u_id=1 HTTP/1.1[0m" 200 -
127.0.0.1 - - [13/Apr/2021 05:47:42] "[31m[1mPOST /channel/removeowner/v1 HTTP/1.1[0m" 400 -
127.0.0.1 - - [13/Apr/2021 05:47:42] "[37mDELETE /clear/v1 HTTP/1.1[0m" 200 -
127.0.0.1 - - [13/Apr/2021 05:47:42] "[37mPOST /auth/register/v2 HTTP/1.1[0m" 200 -
127.0.0.1 - - [13/Apr/2021 05:47:42] "[37mGET /user/profile/v2?token=eyJ0eXAiOiJKV1QiLCJhbGciOiJIUzI1NiJ9.eyJzZXNzaW9uX2lkIjowLCJ1c2VyX2lkIjowfQ.mNX5f58rMYtTkp9fZydVCSZAXxviyhR8_I5RvFgXpeg&u_id=0 HTTP/1.1[0m" 200 -
127.0.0.1 - - [13/Apr/2021 05:47:42] "[37mPOST /channels/create/v2 HTTP/1.1[0m" 200 -
127.0.0.1 - - [13/Apr/2021 05:47:42] "[37mPOST /auth/register/v2 HTTP/1.1[0m" 200 -
127.0.0.1 - - [13/Apr/2021 05:47:42] "[37mGET /user/profile/v2?token=eyJ0eXAiOiJKV1QiLCJhbGciOiJIUzI1NiJ9.eyJzZXNzaW9uX2lkIjowLCJ1c2VyX2lkIjoxfQ.5xbRn_BBsTLXugTHkmPy2IGl5OTWXb7MWn1d_NYdOGo&u_id=1 HTTP/1.1[0m" 200 -
127.0.0.1 - - [13/Apr/2021 05:47:42] "[37mPOST /channel/join/v2 HTTP/1.1[0m" 200 -
127.0.0.1 - - [13/Apr/2021 05:47:42] "[31m[1mPOST /channel/removeowner/v1 HTTP/1.1[0m" 400 -
127.0.0.1 - - [13/Apr/2021 05:47:42] "[37mDELETE /clear/v1 HTTP/1.1[0m" 200 -
127.0.0.1 - - [13/Apr/2021 05:47:42] "[37mPOST /auth/register/v2 HTTP/1.1[0m" 200 -
127.0.0.1 - - [13/Apr/2021 05:47:42] "[37mGET /user/profile/v2?token=eyJ0eXAiOiJKV1QiLCJhbGciOiJIUzI1NiJ9.eyJzZXNzaW9uX2lkIjowLCJ1c2VyX2lkIjowfQ.mNX5f58rMYtTkp9fZydVCSZAXxviyhR8_I5RvFgXpeg&u_id=0 HTTP/1.1[0m" 200 -
127.0.0.1 - - [13/Apr/2021 05:47:42] "[37mPOST /channels/create/v2 HTTP/1.1[0m" 200 -
127.0.0.1 - - [13/Apr/2021 05:47:42] "[31m[1mPOST /channel/removeowner/v1 HTTP/1.1[0m" 400 -
127.0.0.1 - - [13/Apr/2021 05:47:42] "[37mDELETE /clear/v1 HTTP/1.1[0m" 200 -
127.0.0.1 - - [13/Apr/2021 05:47:42] "[37mPOST /auth/register/v2 HTTP/1.1[0m" 200 -
127.0.0.1 - - [13/Apr/2021 05:47:42] "[37mGET /user/profile/v2?token=eyJ0eXAiOiJKV1QiLCJhbGciOiJIUzI1NiJ9.eyJzZXNzaW9uX2lkIjowLCJ1c2VyX2lkIjowfQ.mNX5f58rMYtTkp9fZydVCSZAXxviyhR8_I5RvFgXpeg&u_id=0 HTTP/1.1[0m" 200 -
127.0.0.1 - - [13/Apr/2021 05:47:42] "[37mPOST /channels/create/v2 HTTP/1.1[0m" 200 -
127.0.0.1 - - [13/Apr/2021 05:47:42] "[37mPOST /auth/register/v2 HTTP/1.1[0m" 200 -
127.0.0.1 - - [13/Apr/2021 05:47:42] "[37mGET /user/profile/v2?token=eyJ0eXAiOiJKV1QiLCJhbGciOiJIUzI1NiJ9.eyJzZXNzaW9uX2lkIjowLCJ1c2VyX2lkIjoxfQ.5xbRn_BBsTLXugTHkmPy2IGl5OTWXb7MWn1d_NYdOGo&u_id=1 HTTP/1.1[0m" 200 -
127.0.0.1 - - [13/Apr/2021 05:47:42] "[31m[1mPOST /channel/removeowner/v1 HTTP/1.1[0m" 400 -
127.0.0.1 - - [13/Apr/2021 05:47:42] "[37mDELETE /clear/v1 HTTP/1.1[0m" 200 -
127.0.0.1 - - [13/Apr/2021 05:47:42] "[37mPOST /auth/register/v2 HTTP/1.1[0m" 200 -
127.0.0.1 - - [13/Apr/2021 05:47:42] "[37mGET /user/profile/v2?token=eyJ0eXAiOiJKV1QiLCJhbGciOiJIUzI1NiJ9.eyJzZXNzaW9uX2lkIjowLCJ1c2VyX2lkIjowfQ.mNX5f58rMYtTkp9fZydVCSZAXxviyhR8_I5RvFgXpeg&u_id=0 HTTP/1.1[0m" 200 -
127.0.0.1 - - [13/Apr/2021 05:47:42] "[37mPOST /auth/register/v2 HTTP/1.1[0m" 200 -
127.0.0.1 - - [13/Apr/2021 05:47:42] "[37mGET /user/profile/v2?token=eyJ0eXAiOiJKV1QiLCJhbGciOiJIUzI1NiJ9.eyJzZXNzaW9uX2lkIjowLCJ1c2VyX2lkIjoxfQ.5xbRn_BBsTLXugTHkmPy2IGl5OTWXb7MWn1d_NYdOGo&u_id=1 HTTP/1.1[0m" 200 -
127.0.0.1 - - [13/Apr/2021 05:47:42] "[31m[1mPOST /channel/removeowner/v1 HTTP/1.1[0m" 400 -
127.0.0.1 - - [13/Apr/2021 05:47:42] "[37mDELETE /clear/v1 HTTP/1.1[0m" 200 -
127.0.0.1 - - [13/Apr/2021 05:47:42] "[37mPOST /auth/register/v2 HTTP/1.1[0m" 200 -
127.0.0.1 - - [13/Apr/2021 05:47:42] "[37mGET /user/profile/v2?token=eyJ0eXAiOiJKV1QiLCJhbGciOiJIUzI1NiJ9.eyJzZXNzaW9uX2lkIjowLCJ1c2VyX2lkIjowfQ.mNX5f58rMYtTkp9fZydVCSZAXxviyhR8_I5RvFgXpeg&u_id=0 HTTP/1.1[0m" 200 -
127.0.0.1 - - [13/Apr/2021 05:47:42] "[37mPOST /channels/create/v2 HTTP/1.1[0m" 200 -
127.0.0.1 - - [13/Apr/2021 05:47:42] "[37mPOST /auth/register/v2 HTTP/1.1[0m" 200 -
127.0.0.1 - - [13/Apr/2021 05:47:42] "[37mGET /user/profile/v2?token=eyJ0eXAiOiJKV1QiLCJhbGciOiJIUzI1NiJ9.eyJzZXNzaW9uX2lkIjowLCJ1c2VyX2lkIjoxfQ.5xbRn_BBsTLXugTHkmPy2IGl5OTWXb7MWn1d_NYdOGo&u_id=1 HTTP/1.1[0m" 200 -
127.0.0.1 - - [13/Apr/2021 05:47:42] "[31m[1mPOST /auth/logout/v1 HTTP/1.1[0m" 405 -
127.0.0.1 - - [13/Apr/2021 05:47:42] "[37mDELETE /clear/v1 HTTP/1.1[0m" 200 -
127.0.0.1 - - [13/Apr/2021 05:47:42] "[37mPOST /auth/register/v2 HTTP/1.1[0m" 200 -
127.0.0.1 - - [13/Apr/2021 05:47:42] "[37mGET /user/profile/v2?token=eyJ0eXAiOiJKV1QiLCJhbGciOiJIUzI1NiJ9.eyJzZXNzaW9uX2lkIjowLCJ1c2VyX2lkIjowfQ.mNX5f58rMYtTkp9fZydVCSZAXxviyhR8_I5RvFgXpeg&u_id=0 HTTP/1.1[0m" 200 -
127.0.0.1 - - [13/Apr/2021 05:47:42] "[37mPOST /auth/register/v2 HTTP/1.1[0m" 200 -
127.0.0.1 - - [13/Apr/2021 05:47:42] "[37mGET /user/profile/v2?token=eyJ0eXAiOiJKV1QiLCJhbGciOiJIUzI1NiJ9.eyJzZXNzaW9uX2lkIjowLCJ1c2VyX2lkIjoxfQ.5xbRn_BBsTLXugTHkmPy2IGl5OTWXb7MWn1d_NYdOGo&u_id=1 HTTP/1.1[0m" 200 -
127.0.0.1 - - [13/Apr/2021 05:47:42] "[37mPOST /channels/create/v2 HTTP/1.1[0m" 200 -
127.0.0.1 - - [13/Apr/2021 05:47:42] "[37mGET /channel/details/v2?token=eyJ0eXAiOiJKV1QiLCJhbGciOiJIUzI1NiJ9.eyJzZXNzaW9uX2lkIjowLCJ1c2VyX2lkIjowfQ.mNX5f58rMYtTkp9fZydVCSZAXxviyhR8_I5RvFgXpeg&channel_id=0 HTTP/1.1[0m" 200 -
127.0.0.1 - - [13/Apr/2021 05:47:42] "[37mDELETE /clear/v1 HTTP/1.1[0m" 200 -
127.0.0.1 - - [13/Apr/2021 05:47:42] "[37mPOST /auth/register/v2 HTTP/1.1[0m" 200 -
127.0.0.1 - - [13/Apr/2021 05:47:42] "[37mGET /user/profile/v2?token=eyJ0eXAiOiJKV1QiLCJhbGciOiJIUzI1NiJ9.eyJzZXNzaW9uX2lkIjowLCJ1c2VyX2lkIjowfQ.mNX5f58rMYtTkp9fZydVCSZAXxviyhR8_I5RvFgXpeg&u_id=0 HTTP/1.1[0m" 200 -
127.0.0.1 - - [13/Apr/2021 05:47:42] "[37mPOST /auth/register/v2 HTTP/1.1[0m" 200 -
127.0.0.1 - - [13/Apr/2021 05:47:42] "[37mGET /user/profile/v2?token=eyJ0eXAiOiJKV1QiLCJhbGciOiJIUzI1NiJ9.eyJzZXNzaW9uX2lkIjowLCJ1c2VyX2lkIjoxfQ.5xbRn_BBsTLXugTHkmPy2IGl5OTWXb7MWn1d_NYdOGo&u_id=1 HTTP/1.1[0m" 200 -
127.0.0.1 - - [13/Apr/2021 05:47:42] "[37mPOST /channels/create/v2 HTTP/1.1[0m" 200 -
127.0.0.1 - - [13/Apr/2021 05:47:42] "[37mGET /channel/details/v2?token=eyJ0eXAiOiJKV1QiLCJhbGciOiJIUzI1NiJ9.eyJzZXNzaW9uX2lkIjowLCJ1c2VyX2lkIjowfQ.mNX5f58rMYtTkp9fZydVCSZAXxviyhR8_I5RvFgXpeg&channel_id=0 HTTP/1.1[0m" 200 -
127.0.0.1 - - [13/Apr/2021 05:47:42] "[31m[1mPOST /channel/join/v2 HTTP/1.1[0m" 403 -
127.0.0.1 - - [13/Apr/2021 05:47:42] "[37mDELETE /clear/v1 HTTP/1.1[0m" 200 -
127.0.0.1 - - [13/Apr/2021 05:47:42] "[37mPOST /auth/register/v2 HTTP/1.1[0m" 200 -
127.0.0.1 - - [13/Apr/2021 05:47:42] "[37mGET /user/profile/v2?token=eyJ0eXAiOiJKV1QiLCJhbGciOiJIUzI1NiJ9.eyJzZXNzaW9uX2lkIjowLCJ1c2VyX2lkIjowfQ.mNX5f58rMYtTkp9fZydVCSZAXxviyhR8_I5RvFgXpeg&u_id=0 HTTP/1.1[0m" 200 -
127.0.0.1 - - [13/Apr/2021 05:47:42] "[31m[1mPOST /channels/create/v2 HTTP/1.1[0m" 400 -
127.0.0.1 - - [13/Apr/2021 05:47:42] "[37mDELETE /clear/v1 HTTP/1.1[0m" 200 -
127.0.0.1 - - [13/Apr/2021 05:47:42] "[37mPOST /auth/register/v2 HTTP/1.1[0m" 200 -
127.0.0.1 - - [13/Apr/2021 05:47:42] "[37mGET /user/profile/v2?token=eyJ0eXAiOiJKV1QiLCJhbGciOiJIUzI1NiJ9.eyJzZXNzaW9uX2lkIjowLCJ1c2VyX2lkIjowfQ.mNX5f58rMYtTkp9fZydVCSZAXxviyhR8_I5RvFgXpeg&u_id=0 HTTP/1.1[0m" 200 -
127.0.0.1 - - [13/Apr/2021 05:47:42] "[31m[1mPOST /channels/create/v2 HTTP/1.1[0m" 400 -
127.0.0.1 - - [13/Apr/2021 05:47:42] "[37mDELETE /clear/v1 HTTP/1.1[0m" 200 -
127.0.0.1 - - [13/Apr/2021 05:47:42] "[37mPOST /auth/register/v2 HTTP/1.1[0m" 200 -
127.0.0.1 - - [13/Apr/2021 05:47:42] "[37mGET /user/profile/v2?token=eyJ0eXAiOiJKV1QiLCJhbGciOiJIUzI1NiJ9.eyJzZXNzaW9uX2lkIjowLCJ1c2VyX2lkIjowfQ.mNX5f58rMYtTkp9fZydVCSZAXxviyhR8_I5RvFgXpeg&u_id=0 HTTP/1.1[0m" 200 -
127.0.0.1 - - [13/Apr/2021 05:47:42] "[31m[1mPOST /auth/logout/v1 HTTP/1.1[0m" 405 -
127.0.0.1 - - [13/Apr/2021 05:47:42] "[37mDELETE /clear/v1 HTTP/1.1[0m" 200 -
127.0.0.1 - - [13/Apr/2021 05:47:42] "[37mPOST /auth/register/v2 HTTP/1.1[0m" 200 -
127.0.0.1 - - [13/Apr/2021 05:47:42] "[37mGET /user/profile/v2?token=eyJ0eXAiOiJKV1QiLCJhbGciOiJIUzI1NiJ9.eyJzZXNzaW9uX2lkIjowLCJ1c2VyX2lkIjowfQ.mNX5f58rMYtTkp9fZydVCSZAXxviyhR8_I5RvFgXpeg&u_id=0 HTTP/1.1[0m" 200 -
127.0.0.1 - - [13/Apr/2021 05:47:42] "[37mGET /channels/list/v2?token=eyJ0eXAiOiJKV1QiLCJhbGciOiJIUzI1NiJ9.eyJzZXNzaW9uX2lkIjowLCJ1c2VyX2lkIjowfQ.mNX5f58rMYtTkp9fZydVCSZAXxviyhR8_I5RvFgXpeg HTTP/1.1[0m" 200 -
127.0.0.1 - - [13/Apr/2021 05:47:42] "[37mDELETE /clear/v1 HTTP/1.1[0m" 200 -
127.0.0.1 - - [13/Apr/2021 05:47:42] "[37mPOST /auth/register/v2 HTTP/1.1[0m" 200 -
127.0.0.1 - - [13/Apr/2021 05:47:42] "[37mGET /user/profile/v2?token=eyJ0eXAiOiJKV1QiLCJhbGciOiJIUzI1NiJ9.eyJzZXNzaW9uX2lkIjowLCJ1c2VyX2lkIjowfQ.mNX5f58rMYtTkp9fZydVCSZAXxviyhR8_I5RvFgXpeg&u_id=0 HTTP/1.1[0m" 200 -
127.0.0.1 - - [13/Apr/2021 05:47:42] "[37mPOST /channels/create/v2 HTTP/1.1[0m" 200 -
127.0.0.1 - - [13/Apr/2021 05:47:42] "[37mGET /channels/list/v2?token=eyJ0eXAiOiJKV1QiLCJhbGciOiJIUzI1NiJ9.eyJzZXNzaW9uX2lkIjowLCJ1c2VyX2lkIjowfQ.mNX5f58rMYtTkp9fZydVCSZAXxviyhR8_I5RvFgXpeg HTTP/1.1[0m" 200 -
127.0.0.1 - - [13/Apr/2021 05:47:43] "[37mDELETE /clear/v1 HTTP/1.1[0m" 200 -
127.0.0.1 - - [13/Apr/2021 05:47:43] "[37mPOST /auth/register/v2 HTTP/1.1[0m" 200 -
127.0.0.1 - - [13/Apr/2021 05:47:43] "[37mGET /user/profile/v2?token=eyJ0eXAiOiJKV1QiLCJhbGciOiJIUzI1NiJ9.eyJzZXNzaW9uX2lkIjowLCJ1c2VyX2lkIjowfQ.mNX5f58rMYtTkp9fZydVCSZAXxviyhR8_I5RvFgXpeg&u_id=0 HTTP/1.1[0m" 200 -
127.0.0.1 - - [13/Apr/2021 05:47:43] "[37mPOST /channels/create/v2 HTTP/1.1[0m" 200 -
127.0.0.1 - - [13/Apr/2021 05:47:43] "[37mGET /channels/list/v2?token=eyJ0eXAiOiJKV1QiLCJhbGciOiJIUzI1NiJ9.eyJzZXNzaW9uX2lkIjowLCJ1c2VyX2lkIjowfQ.mNX5f58rMYtTkp9fZydVCSZAXxviyhR8_I5RvFgXpeg HTTP/1.1[0m" 200 -
127.0.0.1 - - [13/Apr/2021 05:47:43] "[37mDELETE /clear/v1 HTTP/1.1[0m" 200 -
127.0.0.1 - - [13/Apr/2021 05:47:43] "[37mPOST /auth/register/v2 HTTP/1.1[0m" 200 -
127.0.0.1 - - [13/Apr/2021 05:47:43] "[37mGET /user/profile/v2?token=eyJ0eXAiOiJKV1QiLCJhbGciOiJIUzI1NiJ9.eyJzZXNzaW9uX2lkIjowLCJ1c2VyX2lkIjowfQ.mNX5f58rMYtTkp9fZydVCSZAXxviyhR8_I5RvFgXpeg&u_id=0 HTTP/1.1[0m" 200 -
127.0.0.1 - - [13/Apr/2021 05:47:43] "[37mPOST /channels/create/v2 HTTP/1.1[0m" 200 -
127.0.0.1 - - [13/Apr/2021 05:47:43] "[37mPOST /channels/create/v2 HTTP/1.1[0m" 200 -
127.0.0.1 - - [13/Apr/2021 05:47:43] "[37mGET /channels/list/v2?token=eyJ0eXAiOiJKV1QiLCJhbGciOiJIUzI1NiJ9.eyJzZXNzaW9uX2lkIjowLCJ1c2VyX2lkIjowfQ.mNX5f58rMYtTkp9fZydVCSZAXxviyhR8_I5RvFgXpeg HTTP/1.1[0m" 200 -
127.0.0.1 - - [13/Apr/2021 05:47:43] "[37mDELETE /clear/v1 HTTP/1.1[0m" 200 -
127.0.0.1 - - [13/Apr/2021 05:47:43] "[37mPOST /auth/register/v2 HTTP/1.1[0m" 200 -
127.0.0.1 - - [13/Apr/2021 05:47:43] "[37mGET /user/profile/v2?token=eyJ0eXAiOiJKV1QiLCJhbGciOiJIUzI1NiJ9.eyJzZXNzaW9uX2lkIjowLCJ1c2VyX2lkIjowfQ.mNX5f58rMYtTkp9fZydVCSZAXxviyhR8_I5RvFgXpeg&u_id=0 HTTP/1.1[0m" 200 -
127.0.0.1 - - [13/Apr/2021 05:47:43] "[37mPOST /channels/create/v2 HTTP/1.1[0m" 200 -
127.0.0.1 - - [13/Apr/2021 05:47:43] "[37mPOST /channels/create/v2 HTTP/1.1[0m" 200 -
127.0.0.1 - - [13/Apr/2021 05:47:43] "[37mGET /channels/list/v2?token=eyJ0eXAiOiJKV1QiLCJhbGciOiJIUzI1NiJ9.eyJzZXNzaW9uX2lkIjowLCJ1c2VyX2lkIjowfQ.mNX5f58rMYtTkp9fZydVCSZAXxviyhR8_I5RvFgXpeg HTTP/1.1[0m" 200 -
127.0.0.1 - - [13/Apr/2021 05:47:43] "[37mDELETE /clear/v1 HTTP/1.1[0m" 200 -
127.0.0.1 - - [13/Apr/2021 05:47:43] "[37mPOST /auth/register/v2 HTTP/1.1[0m" 200 -
127.0.0.1 - - [13/Apr/2021 05:47:43] "[37mGET /user/profile/v2?token=eyJ0eXAiOiJKV1QiLCJhbGciOiJIUzI1NiJ9.eyJzZXNzaW9uX2lkIjowLCJ1c2VyX2lkIjowfQ.mNX5f58rMYtTkp9fZydVCSZAXxviyhR8_I5RvFgXpeg&u_id=0 HTTP/1.1[0m" 200 -
127.0.0.1 - - [13/Apr/2021 05:47:43] "[37mPOST /channels/create/v2 HTTP/1.1[0m" 200 -
127.0.0.1 - - [13/Apr/2021 05:47:43] "[37mPOST /channels/create/v2 HTTP/1.1[0m" 200 -
127.0.0.1 - - [13/Apr/2021 05:47:43] "[37mGET /channels/list/v2?token=eyJ0eXAiOiJKV1QiLCJhbGciOiJIUzI1NiJ9.eyJzZXNzaW9uX2lkIjowLCJ1c2VyX2lkIjowfQ.mNX5f58rMYtTkp9fZydVCSZAXxviyhR8_I5RvFgXpeg HTTP/1.1[0m" 200 -
127.0.0.1 - - [13/Apr/2021 05:47:43] "[37mDELETE /clear/v1 HTTP/1.1[0m" 200 -
127.0.0.1 - - [13/Apr/2021 05:47:43] "[37mPOST /auth/register/v2 HTTP/1.1[0m" 200 -
127.0.0.1 - - [13/Apr/2021 05:47:43] "[37mGET /user/profile/v2?token=eyJ0eXAiOiJKV1QiLCJhbGciOiJIUzI1NiJ9.eyJzZXNzaW9uX2lkIjowLCJ1c2VyX2lkIjowfQ.mNX5f58rMYtTkp9fZydVCSZAXxviyhR8_I5RvFgXpeg&u_id=0 HTTP/1.1[0m" 200 -
127.0.0.1 - - [13/Apr/2021 05:47:43] "[37mPOST /channels/create/v2 HTTP/1.1[0m" 200 -
127.0.0.1 - - [13/Apr/2021 05:47:43] "[37mPOST /channels/create/v2 HTTP/1.1[0m" 200 -
127.0.0.1 - - [13/Apr/2021 05:47:43] "[37mGET /channels/list/v2?token=eyJ0eXAiOiJKV1QiLCJhbGciOiJIUzI1NiJ9.eyJzZXNzaW9uX2lkIjowLCJ1c2VyX2lkIjowfQ.mNX5f58rMYtTkp9fZydVCSZAXxviyhR8_I5RvFgXpeg HTTP/1.1[0m" 200 -
127.0.0.1 - - [13/Apr/2021 05:47:43] "[37mDELETE /clear/v1 HTTP/1.1[0m" 200 -
127.0.0.1 - - [13/Apr/2021 05:47:43] "[37mPOST /auth/register/v2 HTTP/1.1[0m" 200 -
127.0.0.1 - - [13/Apr/2021 05:47:43] "[37mGET /user/profile/v2?token=eyJ0eXAiOiJKV1QiLCJhbGciOiJIUzI1NiJ9.eyJzZXNzaW9uX2lkIjowLCJ1c2VyX2lkIjowfQ.mNX5f58rMYtTkp9fZydVCSZAXxviyhR8_I5RvFgXpeg&u_id=0 HTTP/1.1[0m" 200 -
127.0.0.1 - - [13/Apr/2021 05:47:43] "[37mPOST /channels/create/v2 HTTP/1.1[0m" 200 -
127.0.0.1 - - [13/Apr/2021 05:47:43] "[37mPOST /auth/register/v2 HTTP/1.1[0m" 200 -
127.0.0.1 - - [13/Apr/2021 05:47:43] "[37mGET /user/profile/v2?token=eyJ0eXAiOiJKV1QiLCJhbGciOiJIUzI1NiJ9.eyJzZXNzaW9uX2lkIjowLCJ1c2VyX2lkIjoxfQ.5xbRn_BBsTLXugTHkmPy2IGl5OTWXb7MWn1d_NYdOGo&u_id=1 HTTP/1.1[0m" 200 -
127.0.0.1 - - [13/Apr/2021 05:47:43] "[37mPOST /channel/invite/v2 HTTP/1.1[0m" 200 -
127.0.0.1 - - [13/Apr/2021 05:47:43] "[37mPOST /channel/leave/v1 HTTP/1.1[0m" 200 -
127.0.0.1 - - [13/Apr/2021 05:47:43] "[37mGET /channels/list/v2?token=eyJ0eXAiOiJKV1QiLCJhbGciOiJIUzI1NiJ9.eyJzZXNzaW9uX2lkIjowLCJ1c2VyX2lkIjoxfQ.5xbRn_BBsTLXugTHkmPy2IGl5OTWXb7MWn1d_NYdOGo HTTP/1.1[0m" 200 -
127.0.0.1 - - [13/Apr/2021 05:47:43] "[37mDELETE /clear/v1 HTTP/1.1[0m" 200 -
127.0.0.1 - - [13/Apr/2021 05:47:43] "[37mPOST /auth/register/v2 HTTP/1.1[0m" 200 -
127.0.0.1 - - [13/Apr/2021 05:47:43] "[37mGET /user/profile/v2?token=eyJ0eXAiOiJKV1QiLCJhbGciOiJIUzI1NiJ9.eyJzZXNzaW9uX2lkIjowLCJ1c2VyX2lkIjowfQ.mNX5f58rMYtTkp9fZydVCSZAXxviyhR8_I5RvFgXpeg&u_id=0 HTTP/1.1[0m" 200 -
127.0.0.1 - - [13/Apr/2021 05:47:43] "[31m[1mPOST /auth/logout/v1 HTTP/1.1[0m" 405 -
127.0.0.1 - - [13/Apr/2021 05:47:43] "[37mDELETE /clear/v1 HTTP/1.1[0m" 200 -
127.0.0.1 - - [13/Apr/2021 05:47:43] "[37mPOST /auth/register/v2 HTTP/1.1[0m" 200 -
127.0.0.1 - - [13/Apr/2021 05:47:43] "[37mGET /user/profile/v2?token=eyJ0eXAiOiJKV1QiLCJhbGciOiJIUzI1NiJ9.eyJzZXNzaW9uX2lkIjowLCJ1c2VyX2lkIjowfQ.mNX5f58rMYtTkp9fZydVCSZAXxviyhR8_I5RvFgXpeg&u_id=0 HTTP/1.1[0m" 200 -
127.0.0.1 - - [13/Apr/2021 05:47:43] "[37mGET /channels/listall/v2?token=eyJ0eXAiOiJKV1QiLCJhbGciOiJIUzI1NiJ9.eyJzZXNzaW9uX2lkIjowLCJ1c2VyX2lkIjowfQ.mNX5f58rMYtTkp9fZydVCSZAXxviyhR8_I5RvFgXpeg HTTP/1.1[0m" 200 -
127.0.0.1 - - [13/Apr/2021 05:47:43] "[37mDELETE /clear/v1 HTTP/1.1[0m" 200 -
127.0.0.1 - - [13/Apr/2021 05:47:43] "[37mPOST /auth/register/v2 HTTP/1.1[0m" 200 -
127.0.0.1 - - [13/Apr/2021 05:47:43] "[37mGET /user/profile/v2?token=eyJ0eXAiOiJKV1QiLCJhbGciOiJIUzI1NiJ9.eyJzZXNzaW9uX2lkIjowLCJ1c2VyX2lkIjowfQ.mNX5f58rMYtTkp9fZydVCSZAXxviyhR8_I5RvFgXpeg&u_id=0 HTTP/1.1[0m" 200 -
127.0.0.1 - - [13/Apr/2021 05:47:43] "[37mPOST /auth/register/v2 HTTP/1.1[0m" 200 -
127.0.0.1 - - [13/Apr/2021 05:47:43] "[37mGET /user/profile/v2?token=eyJ0eXAiOiJKV1QiLCJhbGciOiJIUzI1NiJ9.eyJzZXNzaW9uX2lkIjowLCJ1c2VyX2lkIjoxfQ.5xbRn_BBsTLXugTHkmPy2IGl5OTWXb7MWn1d_NYdOGo&u_id=1 HTTP/1.1[0m" 200 -
127.0.0.1 - - [13/Apr/2021 05:47:43] "[37mPOST /channels/create/v2 HTTP/1.1[0m" 200 -
127.0.0.1 - - [13/Apr/2021 05:47:43] "[37mGET /channels/listall/v2?token=eyJ0eXAiOiJKV1QiLCJhbGciOiJIUzI1NiJ9.eyJzZXNzaW9uX2lkIjowLCJ1c2VyX2lkIjowfQ.mNX5f58rMYtTkp9fZydVCSZAXxviyhR8_I5RvFgXpeg HTTP/1.1[0m" 200 -
127.0.0.1 - - [13/Apr/2021 05:47:43] "[37mDELETE /clear/v1 HTTP/1.1[0m" 200 -
127.0.0.1 - - [13/Apr/2021 05:47:43] "[37mPOST /auth/register/v2 HTTP/1.1[0m" 200 -
127.0.0.1 - - [13/Apr/2021 05:47:43] "[37mGET /user/profile/v2?token=eyJ0eXAiOiJKV1QiLCJhbGciOiJIUzI1NiJ9.eyJzZXNzaW9uX2lkIjowLCJ1c2VyX2lkIjowfQ.mNX5f58rMYtTkp9fZydVCSZAXxviyhR8_I5RvFgXpeg&u_id=0 HTTP/1.1[0m" 200 -
127.0.0.1 - - [13/Apr/2021 05:47:43] "[37mPOST /auth/register/v2 HTTP/1.1[0m" 200 -
127.0.0.1 - - [13/Apr/2021 05:47:43] "[37mGET /user/profile/v2?token=eyJ0eXAiOiJKV1QiLCJhbGciOiJIUzI1NiJ9.eyJzZXNzaW9uX2lkIjowLCJ1c2VyX2lkIjoxfQ.5xbRn_BBsTLXugTHkmPy2IGl5OTWXb7MWn1d_NYdOGo&u_id=1 HTTP/1.1[0m" 200 -
127.0.0.1 - - [13/Apr/2021 05:47:43] "[37mPOST /channels/create/v2 HTTP/1.1[0m" 200 -
127.0.0.1 - - [13/Apr/2021 05:47:43] "[37mGET /channels/listall/v2?token=eyJ0eXAiOiJKV1QiLCJhbGciOiJIUzI1NiJ9.eyJzZXNzaW9uX2lkIjowLCJ1c2VyX2lkIjowfQ.mNX5f58rMYtTkp9fZydVCSZAXxviyhR8_I5RvFgXpeg HTTP/1.1[0m" 200 -
127.0.0.1 - - [13/Apr/2021 05:47:43] "[37mDELETE /clear/v1 HTTP/1.1[0m" 200 -
127.0.0.1 - - [13/Apr/2021 05:47:43] "[37mPOST /auth/register/v2 HTTP/1.1[0m" 200 -
127.0.0.1 - - [13/Apr/2021 05:47:43] "[37mGET /user/profile/v2?token=eyJ0eXAiOiJKV1QiLCJhbGciOiJIUzI1NiJ9.eyJzZXNzaW9uX2lkIjowLCJ1c2VyX2lkIjowfQ.mNX5f58rMYtTkp9fZydVCSZAXxviyhR8_I5RvFgXpeg&u_id=0 HTTP/1.1[0m" 200 -
127.0.0.1 - - [13/Apr/2021 05:47:43] "[37mPOST /channels/create/v2 HTTP/1.1[0m" 200 -
127.0.0.1 - - [13/Apr/2021 05:47:43] "[37mPOST /auth/register/v2 HTTP/1.1[0m" 200 -
127.0.0.1 - - [13/Apr/2021 05:47:43] "[37mGET /user/profile/v2?token=eyJ0eXAiOiJKV1QiLCJhbGciOiJIUzI1NiJ9.eyJzZXNzaW9uX2lkIjowLCJ1c2VyX2lkIjoxfQ.5xbRn_BBsTLXugTHkmPy2IGl5OTWXb7MWn1d_NYdOGo&u_id=1 HTTP/1.1[0m" 200 -
127.0.0.1 - - [13/Apr/2021 05:47:43] "[37mPOST /channels/create/v2 HTTP/1.1[0m" 200 -
127.0.0.1 - - [13/Apr/2021 05:47:43] "[37mPOST /auth/register/v2 HTTP/1.1[0m" 200 -
127.0.0.1 - - [13/Apr/2021 05:47:43] "[37mGET /user/profile/v2?token=eyJ0eXAiOiJKV1QiLCJhbGciOiJIUzI1NiJ9.eyJzZXNzaW9uX2lkIjowLCJ1c2VyX2lkIjoyfQ.5-bPobRcAy4amwzkV62if7N8xuQjY8hHFI_DUXJyBts&u_id=2 HTTP/1.1[0m" 200 -
127.0.0.1 - - [13/Apr/2021 05:47:43] "[37mGET /channels/listall/v2?token=eyJ0eXAiOiJKV1QiLCJhbGciOiJIUzI1NiJ9.eyJzZXNzaW9uX2lkIjowLCJ1c2VyX2lkIjoyfQ.5-bPobRcAy4amwzkV62if7N8xuQjY8hHFI_DUXJyBts HTTP/1.1[0m" 200 -
127.0.0.1 - - [13/Apr/2021 05:47:43] "[37mDELETE /clear/v1 HTTP/1.1[0m" 200 -
127.0.0.1 - - [13/Apr/2021 05:47:43] "[37mPOST /auth/register/v2 HTTP/1.1[0m" 200 -
127.0.0.1 - - [13/Apr/2021 05:47:43] "[37mGET /user/profile/v2?token=eyJ0eXAiOiJKV1QiLCJhbGciOiJIUzI1NiJ9.eyJzZXNzaW9uX2lkIjowLCJ1c2VyX2lkIjowfQ.mNX5f58rMYtTkp9fZydVCSZAXxviyhR8_I5RvFgXpeg&u_id=0 HTTP/1.1[0m" 200 -
127.0.0.1 - - [13/Apr/2021 05:47:43] "[31m[1mPOST /auth/logout/v1 HTTP/1.1[0m" 405 -
127.0.0.1 - - [13/Apr/2021 05:47:43] "[37mDELETE /clear/v1 HTTP/1.1[0m" 200 -
127.0.0.1 - - [13/Apr/2021 05:47:43] "[37mPOST /auth/register/v2 HTTP/1.1[0m" 200 -
127.0.0.1 - - [13/Apr/2021 05:47:43] "[37mGET /user/profile/v2?token=eyJ0eXAiOiJKV1QiLCJhbGciOiJIUzI1NiJ9.eyJzZXNzaW9uX2lkIjowLCJ1c2VyX2lkIjowfQ.mNX5f58rMYtTkp9fZydVCSZAXxviyhR8_I5RvFgXpeg&u_id=0 HTTP/1.1[0m" 200 -
127.0.0.1 - - [13/Apr/2021 05:47:43] "[37mPOST /auth/register/v2 HTTP/1.1[0m" 200 -
127.0.0.1 - - [13/Apr/2021 05:47:43] "[37mGET /user/profile/v2?token=eyJ0eXAiOiJKV1QiLCJhbGciOiJIUzI1NiJ9.eyJzZXNzaW9uX2lkIjowLCJ1c2VyX2lkIjoxfQ.5xbRn_BBsTLXugTHkmPy2IGl5OTWXb7MWn1d_NYdOGo&u_id=1 HTTP/1.1[0m" 200 -
127.0.0.1 - - [13/Apr/2021 05:47:43] "[37mPOST /dm/create/v1 HTTP/1.1[0m" 200 -
127.0.0.1 - - [13/Apr/2021 05:47:43] "[37mGET /dm/list/v1?token=eyJ0eXAiOiJKV1QiLCJhbGciOiJIUzI1NiJ9.eyJzZXNzaW9uX2lkIjowLCJ1c2VyX2lkIjowfQ.mNX5f58rMYtTkp9fZydVCSZAXxviyhR8_I5RvFgXpeg HTTP/1.1[0m" 200 -
127.0.0.1 - - [13/Apr/2021 05:47:43] "[37mGET /dm/list/v1?token=eyJ0eXAiOiJKV1QiLCJhbGciOiJIUzI1NiJ9.eyJzZXNzaW9uX2lkIjowLCJ1c2VyX2lkIjoxfQ.5xbRn_BBsTLXugTHkmPy2IGl5OTWXb7MWn1d_NYdOGo HTTP/1.1[0m" 200 -
127.0.0.1 - - [13/Apr/2021 05:47:43] "[37mDELETE /clear/v1 HTTP/1.1[0m" 200 -
127.0.0.1 - - [13/Apr/2021 05:47:43] "[37mPOST /auth/register/v2 HTTP/1.1[0m" 200 -
127.0.0.1 - - [13/Apr/2021 05:47:43] "[37mGET /user/profile/v2?token=eyJ0eXAiOiJKV1QiLCJhbGciOiJIUzI1NiJ9.eyJzZXNzaW9uX2lkIjowLCJ1c2VyX2lkIjowfQ.mNX5f58rMYtTkp9fZydVCSZAXxviyhR8_I5RvFgXpeg&u_id=0 HTTP/1.1[0m" 200 -
127.0.0.1 - - [13/Apr/2021 05:47:43] "[37mPOST /dm/create/v1 HTTP/1.1[0m" 200 -
127.0.0.1 - - [13/Apr/2021 05:47:43] "[37mDELETE /clear/v1 HTTP/1.1[0m" 200 -
127.0.0.1 - - [13/Apr/2021 05:47:43] "[37mPOST /auth/register/v2 HTTP/1.1[0m" 200 -
127.0.0.1 - - [13/Apr/2021 05:47:43] "[37mGET /user/profile/v2?token=eyJ0eXAiOiJKV1QiLCJhbGciOiJIUzI1NiJ9.eyJzZXNzaW9uX2lkIjowLCJ1c2VyX2lkIjowfQ.mNX5f58rMYtTkp9fZydVCSZAXxviyhR8_I5RvFgXpeg&u_id=0 HTTP/1.1[0m" 200 -
127.0.0.1 - - [13/Apr/2021 05:47:43] "[37mPOST /auth/register/v2 HTTP/1.1[0m" 200 -
127.0.0.1 - - [13/Apr/2021 05:47:43] "[37mGET /user/profile/v2?token=eyJ0eXAiOiJKV1QiLCJhbGciOiJIUzI1NiJ9.eyJzZXNzaW9uX2lkIjowLCJ1c2VyX2lkIjoxfQ.5xbRn_BBsTLXugTHkmPy2IGl5OTWXb7MWn1d_NYdOGo&u_id=1 HTTP/1.1[0m" 200 -
127.0.0.1 - - [13/Apr/2021 05:47:43] "[37mPOST /dm/create/v1 HTTP/1.1[0m" 200 -
127.0.0.1 - - [13/Apr/2021 05:47:43] "[37mDELETE /clear/v1 HTTP/1.1[0m" 200 -
127.0.0.1 - - [13/Apr/2021 05:47:43] "[37mPOST /auth/register/v2 HTTP/1.1[0m" 200 -
127.0.0.1 - - [13/Apr/2021 05:47:43] "[37mGET /user/profile/v2?token=eyJ0eXAiOiJKV1QiLCJhbGciOiJIUzI1NiJ9.eyJzZXNzaW9uX2lkIjowLCJ1c2VyX2lkIjowfQ.mNX5f58rMYtTkp9fZydVCSZAXxviyhR8_I5RvFgXpeg&u_id=0 HTTP/1.1[0m" 200 -
127.0.0.1 - - [13/Apr/2021 05:47:43] "[31m[1mPOST /dm/create/v1 HTTP/1.1[0m" 400 -
127.0.0.1 - - [13/Apr/2021 05:47:43] "[37mDELETE /clear/v1 HTTP/1.1[0m" 200 -
127.0.0.1 - - [13/Apr/2021 05:47:43] "[37mPOST /auth/register/v2 HTTP/1.1[0m" 200 -
127.0.0.1 - - [13/Apr/2021 05:47:43] "[37mGET /user/profile/v2?token=eyJ0eXAiOiJKV1QiLCJhbGciOiJIUzI1NiJ9.eyJzZXNzaW9uX2lkIjowLCJ1c2VyX2lkIjowfQ.mNX5f58rMYtTkp9fZydVCSZAXxviyhR8_I5RvFgXpeg&u_id=0 HTTP/1.1[0m" 200 -
127.0.0.1 - - [13/Apr/2021 05:47:43] "[31m[1mPOST /auth/logout/v1 HTTP/1.1[0m" 405 -
127.0.0.1 - - [13/Apr/2021 05:47:43] "[37mDELETE /clear/v1 HTTP/1.1[0m" 200 -
127.0.0.1 - - [13/Apr/2021 05:47:43] "[37mPOST /auth/register/v2 HTTP/1.1[0m" 200 -
127.0.0.1 - - [13/Apr/2021 05:47:43] "[37mGET /user/profile/v2?token=eyJ0eXAiOiJKV1QiLCJhbGciOiJIUzI1NiJ9.eyJzZXNzaW9uX2lkIjowLCJ1c2VyX2lkIjowfQ.mNX5f58rMYtTkp9fZydVCSZAXxviyhR8_I5RvFgXpeg&u_id=0 HTTP/1.1[0m" 200 -
127.0.0.1 - - [13/Apr/2021 05:47:43] "[37mPOST /auth/register/v2 HTTP/1.1[0m" 200 -
127.0.0.1 - - [13/Apr/2021 05:47:43] "[37mGET /user/profile/v2?token=eyJ0eXAiOiJKV1QiLCJhbGciOiJIUzI1NiJ9.eyJzZXNzaW9uX2lkIjowLCJ1c2VyX2lkIjoxfQ.5xbRn_BBsTLXugTHkmPy2IGl5OTWXb7MWn1d_NYdOGo&u_id=1 HTTP/1.1[0m" 200 -
127.0.0.1 - - [13/Apr/2021 05:47:43] "[37mPOST /dm/create/v1 HTTP/1.1[0m" 200 -
127.0.0.1 - - [13/Apr/2021 05:47:43] "[37mGET /dm/details/v1?token=eyJ0eXAiOiJKV1QiLCJhbGciOiJIUzI1NiJ9.eyJzZXNzaW9uX2lkIjowLCJ1c2VyX2lkIjoxfQ.5xbRn_BBsTLXugTHkmPy2IGl5OTWXb7MWn1d_NYdOGo&dm_id=0 HTTP/1.1[0m" 200 -
127.0.0.1 - - [13/Apr/2021 05:47:43] "[37mDELETE /clear/v1 HTTP/1.1[0m" 200 -
127.0.0.1 - - [13/Apr/2021 05:47:43] "[37mPOST /auth/register/v2 HTTP/1.1[0m" 200 -
127.0.0.1 - - [13/Apr/2021 05:47:43] "[37mGET /user/profile/v2?token=eyJ0eXAiOiJKV1QiLCJhbGciOiJIUzI1NiJ9.eyJzZXNzaW9uX2lkIjowLCJ1c2VyX2lkIjowfQ.mNX5f58rMYtTkp9fZydVCSZAXxviyhR8_I5RvFgXpeg&u_id=0 HTTP/1.1[0m" 200 -
127.0.0.1 - - [13/Apr/2021 05:47:43] "[37mPOST /auth/register/v2 HTTP/1.1[0m" 200 -
127.0.0.1 - - [13/Apr/2021 05:47:43] "[37mGET /user/profile/v2?token=eyJ0eXAiOiJKV1QiLCJhbGciOiJIUzI1NiJ9.eyJzZXNzaW9uX2lkIjowLCJ1c2VyX2lkIjoxfQ.5xbRn_BBsTLXugTHkmPy2IGl5OTWXb7MWn1d_NYdOGo&u_id=1 HTTP/1.1[0m" 200 -
127.0.0.1 - - [13/Apr/2021 05:47:43] "[37mPOST /dm/create/v1 HTTP/1.1[0m" 200 -
127.0.0.1 - - [13/Apr/2021 05:47:43] "[37mPOST /auth/register/v2 HTTP/1.1[0m" 200 -
127.0.0.1 - - [13/Apr/2021 05:47:43] "[37mGET /user/profile/v2?token=eyJ0eXAiOiJKV1QiLCJhbGciOiJIUzI1NiJ9.eyJzZXNzaW9uX2lkIjowLCJ1c2VyX2lkIjoyfQ.5-bPobRcAy4amwzkV62if7N8xuQjY8hHFI_DUXJyBts&u_id=2 HTTP/1.1[0m" 200 -
127.0.0.1 - - [13/Apr/2021 05:47:43] "[31m[1mGET /dm/details/v1?token=eyJ0eXAiOiJKV1QiLCJhbGciOiJIUzI1NiJ9.eyJzZXNzaW9uX2lkIjowLCJ1c2VyX2lkIjoyfQ.5-bPobRcAy4amwzkV62if7N8xuQjY8hHFI_DUXJyBts&dm_id=0 HTTP/1.1[0m" 403 -
127.0.0.1 - - [13/Apr/2021 05:47:43] "[37mDELETE /clear/v1 HTTP/1.1[0m" 200 -
127.0.0.1 - - [13/Apr/2021 05:47:43] "[37mPOST /auth/register/v2 HTTP/1.1[0m" 200 -
127.0.0.1 - - [13/Apr/2021 05:47:43] "[37mGET /user/profile/v2?token=eyJ0eXAiOiJKV1QiLCJhbGciOiJIUzI1NiJ9.eyJzZXNzaW9uX2lkIjowLCJ1c2VyX2lkIjowfQ.mNX5f58rMYtTkp9fZydVCSZAXxviyhR8_I5RvFgXpeg&u_id=0 HTTP/1.1[0m" 200 -
[2021-04-13 05:47:43,664] ERROR in app: Exception on /dm/details/v1 [GET]
Traceback (most recent call last):
  File "/import/kamen/3/cs1531/.local/lib/python3.7/site-packages/flask/app.py", line 1950, in full_dispatch_request
    rv = self.dispatch_request()
  File "/import/kamen/3/cs1531/.local/lib/python3.7/site-packages/flask/app.py", line 1936, in dispatch_request
    return self.view_functions[rule.endpoint](**req.view_args)
  File "/tmp_amd/kamen/export/kamen/3/cs1531/automark/tempstore/src/server.py", line 162, in dm_details
    return src.dm.dm_details_v1(token, int(dm_id))
TypeError: int() argument must be a string, a bytes-like object or a number, not 'NoneType'

During handling of the above exception, another exception occurred:

Traceback (most recent call last):
  File "/import/kamen/3/cs1531/.local/lib/python3.7/site-packages/flask/app.py", line 2447, in wsgi_app
    response = self.full_dispatch_request()
  File "/import/kamen/3/cs1531/.local/lib/python3.7/site-packages/flask/app.py", line 1952, in full_dispatch_request
    rv = self.handle_user_exception(e)
  File "/import/kamen/3/cs1531/.local/lib/python3.7/site-packages/flask_cors/extension.py", line 165, in wrapped_function
    return cors_after_request(app.make_response(f(*args, **kwargs)))
  File "/import/kamen/3/cs1531/.local/lib/python3.7/site-packages/flask/app.py", line 1822, in handle_user_exception
    return handler(e)
  File "/tmp_amd/kamen/export/kamen/3/cs1531/automark/tempstore/src/server.py", line 10, in defaultHandler
    response = err.get_response()
AttributeError: 'TypeError' object has no attribute 'get_response'
127.0.0.1 - - [13/Apr/2021 05:47:43] "[35m[1mGET /dm/details/v1?token=eyJ0eXAiOiJKV1QiLCJhbGciOiJIUzI1NiJ9.eyJzZXNzaW9uX2lkIjowLCJ1c2VyX2lkIjowfQ.mNX5f58rMYtTkp9fZydVCSZAXxviyhR8_I5RvFgXpeg HTTP/1.1[0m" 500 -
127.0.0.1 - - [13/Apr/2021 05:47:43] "[37mDELETE /clear/v1 HTTP/1.1[0m" 200 -
127.0.0.1 - - [13/Apr/2021 05:47:43] "[37mPOST /auth/register/v2 HTTP/1.1[0m" 200 -
127.0.0.1 - - [13/Apr/2021 05:47:43] "[37mGET /user/profile/v2?token=eyJ0eXAiOiJKV1QiLCJhbGciOiJIUzI1NiJ9.eyJzZXNzaW9uX2lkIjowLCJ1c2VyX2lkIjowfQ.mNX5f58rMYtTkp9fZydVCSZAXxviyhR8_I5RvFgXpeg&u_id=0 HTTP/1.1[0m" 200 -
127.0.0.1 - - [13/Apr/2021 05:47:43] "[37mPOST /auth/register/v2 HTTP/1.1[0m" 200 -
127.0.0.1 - - [13/Apr/2021 05:47:43] "[37mGET /user/profile/v2?token=eyJ0eXAiOiJKV1QiLCJhbGciOiJIUzI1NiJ9.eyJzZXNzaW9uX2lkIjowLCJ1c2VyX2lkIjoxfQ.5xbRn_BBsTLXugTHkmPy2IGl5OTWXb7MWn1d_NYdOGo&u_id=1 HTTP/1.1[0m" 200 -
127.0.0.1 - - [13/Apr/2021 05:47:43] "[37mPOST /dm/create/v1 HTTP/1.1[0m" 200 -
127.0.0.1 - - [13/Apr/2021 05:47:43] "[31m[1mPOST /auth/logout/v1 HTTP/1.1[0m" 405 -
127.0.0.1 - - [13/Apr/2021 05:47:43] "[37mDELETE /clear/v1 HTTP/1.1[0m" 200 -
127.0.0.1 - - [13/Apr/2021 05:47:43] "[37mPOST /auth/register/v2 HTTP/1.1[0m" 200 -
127.0.0.1 - - [13/Apr/2021 05:47:43] "[37mGET /user/profile/v2?token=eyJ0eXAiOiJKV1QiLCJhbGciOiJIUzI1NiJ9.eyJzZXNzaW9uX2lkIjowLCJ1c2VyX2lkIjowfQ.mNX5f58rMYtTkp9fZydVCSZAXxviyhR8_I5RvFgXpeg&u_id=0 HTTP/1.1[0m" 200 -
127.0.0.1 - - [13/Apr/2021 05:47:43] "[37mPOST /auth/register/v2 HTTP/1.1[0m" 200 -
127.0.0.1 - - [13/Apr/2021 05:47:43] "[37mGET /user/profile/v2?token=eyJ0eXAiOiJKV1QiLCJhbGciOiJIUzI1NiJ9.eyJzZXNzaW9uX2lkIjowLCJ1c2VyX2lkIjoxfQ.5xbRn_BBsTLXugTHkmPy2IGl5OTWXb7MWn1d_NYdOGo&u_id=1 HTTP/1.1[0m" 200 -
127.0.0.1 - - [13/Apr/2021 05:47:43] "[37mPOST /auth/register/v2 HTTP/1.1[0m" 200 -
127.0.0.1 - - [13/Apr/2021 05:47:43] "[37mGET /user/profile/v2?token=eyJ0eXAiOiJKV1QiLCJhbGciOiJIUzI1NiJ9.eyJzZXNzaW9uX2lkIjowLCJ1c2VyX2lkIjoyfQ.5-bPobRcAy4amwzkV62if7N8xuQjY8hHFI_DUXJyBts&u_id=2 HTTP/1.1[0m" 200 -
127.0.0.1 - - [13/Apr/2021 05:47:43] "[37mPOST /dm/create/v1 HTTP/1.1[0m" 200 -
127.0.0.1 - - [13/Apr/2021 05:47:43] "[37mPOST /dm/invite/v1 HTTP/1.1[0m" 200 -
127.0.0.1 - - [13/Apr/2021 05:47:43] "[37mGET /dm/list/v1?token=eyJ0eXAiOiJKV1QiLCJhbGciOiJIUzI1NiJ9.eyJzZXNzaW9uX2lkIjowLCJ1c2VyX2lkIjoxfQ.5xbRn_BBsTLXugTHkmPy2IGl5OTWXb7MWn1d_NYdOGo HTTP/1.1[0m" 200 -
127.0.0.1 - - [13/Apr/2021 05:47:43] "[37mGET /dm/details/v1?token=eyJ0eXAiOiJKV1QiLCJhbGciOiJIUzI1NiJ9.eyJzZXNzaW9uX2lkIjowLCJ1c2VyX2lkIjoxfQ.5xbRn_BBsTLXugTHkmPy2IGl5OTWXb7MWn1d_NYdOGo&dm_id=0 HTTP/1.1[0m" 200 -
127.0.0.1 - - [13/Apr/2021 05:47:43] "[37mDELETE /clear/v1 HTTP/1.1[0m" 200 -
127.0.0.1 - - [13/Apr/2021 05:47:43] "[37mPOST /auth/register/v2 HTTP/1.1[0m" 200 -
127.0.0.1 - - [13/Apr/2021 05:47:43] "[37mGET /user/profile/v2?token=eyJ0eXAiOiJKV1QiLCJhbGciOiJIUzI1NiJ9.eyJzZXNzaW9uX2lkIjowLCJ1c2VyX2lkIjowfQ.mNX5f58rMYtTkp9fZydVCSZAXxviyhR8_I5RvFgXpeg&u_id=0 HTTP/1.1[0m" 200 -
127.0.0.1 - - [13/Apr/2021 05:47:43] "[37mPOST /auth/register/v2 HTTP/1.1[0m" 200 -
127.0.0.1 - - [13/Apr/2021 05:47:43] "[37mGET /user/profile/v2?token=eyJ0eXAiOiJKV1QiLCJhbGciOiJIUzI1NiJ9.eyJzZXNzaW9uX2lkIjowLCJ1c2VyX2lkIjoxfQ.5xbRn_BBsTLXugTHkmPy2IGl5OTWXb7MWn1d_NYdOGo&u_id=1 HTTP/1.1[0m" 200 -
127.0.0.1 - - [13/Apr/2021 05:47:43] "[37mPOST /auth/register/v2 HTTP/1.1[0m" 200 -
127.0.0.1 - - [13/Apr/2021 05:47:43] "[37mGET /user/profile/v2?token=eyJ0eXAiOiJKV1QiLCJhbGciOiJIUzI1NiJ9.eyJzZXNzaW9uX2lkIjowLCJ1c2VyX2lkIjoyfQ.5-bPobRcAy4amwzkV62if7N8xuQjY8hHFI_DUXJyBts&u_id=2 HTTP/1.1[0m" 200 -
127.0.0.1 - - [13/Apr/2021 05:47:43] "[37mPOST /dm/create/v1 HTTP/1.1[0m" 200 -
127.0.0.1 - - [13/Apr/2021 05:47:43] "[31m[1mPOST /dm/invite/v1 HTTP/1.1[0m" 403 -
127.0.0.1 - - [13/Apr/2021 05:47:43] "[37mDELETE /clear/v1 HTTP/1.1[0m" 200 -
127.0.0.1 - - [13/Apr/2021 05:47:43] "[37mPOST /auth/register/v2 HTTP/1.1[0m" 200 -
127.0.0.1 - - [13/Apr/2021 05:47:43] "[37mGET /user/profile/v2?token=eyJ0eXAiOiJKV1QiLCJhbGciOiJIUzI1NiJ9.eyJzZXNzaW9uX2lkIjowLCJ1c2VyX2lkIjowfQ.mNX5f58rMYtTkp9fZydVCSZAXxviyhR8_I5RvFgXpeg&u_id=0 HTTP/1.1[0m" 200 -
127.0.0.1 - - [13/Apr/2021 05:47:43] "[37mPOST /auth/register/v2 HTTP/1.1[0m" 200 -
127.0.0.1 - - [13/Apr/2021 05:47:43] "[37mGET /user/profile/v2?token=eyJ0eXAiOiJKV1QiLCJhbGciOiJIUzI1NiJ9.eyJzZXNzaW9uX2lkIjowLCJ1c2VyX2lkIjoxfQ.5xbRn_BBsTLXugTHkmPy2IGl5OTWXb7MWn1d_NYdOGo&u_id=1 HTTP/1.1[0m" 200 -
127.0.0.1 - - [13/Apr/2021 05:47:43] "[31m[1mPOST /dm/invite/v1 HTTP/1.1[0m" 400 -
127.0.0.1 - - [13/Apr/2021 05:47:43] "[37mDELETE /clear/v1 HTTP/1.1[0m" 200 -
127.0.0.1 - - [13/Apr/2021 05:47:43] "[37mPOST /auth/register/v2 HTTP/1.1[0m" 200 -
127.0.0.1 - - [13/Apr/2021 05:47:43] "[37mGET /user/profile/v2?token=eyJ0eXAiOiJKV1QiLCJhbGciOiJIUzI1NiJ9.eyJzZXNzaW9uX2lkIjowLCJ1c2VyX2lkIjowfQ.mNX5f58rMYtTkp9fZydVCSZAXxviyhR8_I5RvFgXpeg&u_id=0 HTTP/1.1[0m" 200 -
127.0.0.1 - - [13/Apr/2021 05:47:43] "[37mPOST /auth/register/v2 HTTP/1.1[0m" 200 -
127.0.0.1 - - [13/Apr/2021 05:47:43] "[37mGET /user/profile/v2?token=eyJ0eXAiOiJKV1QiLCJhbGciOiJIUzI1NiJ9.eyJzZXNzaW9uX2lkIjowLCJ1c2VyX2lkIjoxfQ.5xbRn_BBsTLXugTHkmPy2IGl5OTWXb7MWn1d_NYdOGo&u_id=1 HTTP/1.1[0m" 200 -
127.0.0.1 - - [13/Apr/2021 05:47:43] "[37mPOST /dm/create/v1 HTTP/1.1[0m" 200 -
127.0.0.1 - - [13/Apr/2021 05:47:43] "[31m[1mPOST /dm/invite/v1 HTTP/1.1[0m" 400 -
127.0.0.1 - - [13/Apr/2021 05:47:43] "[37mDELETE /clear/v1 HTTP/1.1[0m" 200 -
127.0.0.1 - - [13/Apr/2021 05:47:43] "[37mPOST /auth/register/v2 HTTP/1.1[0m" 200 -
127.0.0.1 - - [13/Apr/2021 05:47:43] "[37mGET /user/profile/v2?token=eyJ0eXAiOiJKV1QiLCJhbGciOiJIUzI1NiJ9.eyJzZXNzaW9uX2lkIjowLCJ1c2VyX2lkIjowfQ.mNX5f58rMYtTkp9fZydVCSZAXxviyhR8_I5RvFgXpeg&u_id=0 HTTP/1.1[0m" 200 -
127.0.0.1 - - [13/Apr/2021 05:47:43] "[37mPOST /auth/register/v2 HTTP/1.1[0m" 200 -
127.0.0.1 - - [13/Apr/2021 05:47:43] "[37mGET /user/profile/v2?token=eyJ0eXAiOiJKV1QiLCJhbGciOiJIUzI1NiJ9.eyJzZXNzaW9uX2lkIjowLCJ1c2VyX2lkIjoxfQ.5xbRn_BBsTLXugTHkmPy2IGl5OTWXb7MWn1d_NYdOGo&u_id=1 HTTP/1.1[0m" 200 -
127.0.0.1 - - [13/Apr/2021 05:47:43] "[37mPOST /dm/create/v1 HTTP/1.1[0m" 200 -
127.0.0.1 - - [13/Apr/2021 05:47:43] "[31m[1mPOST /auth/logout/v1 HTTP/1.1[0m" 405 -
127.0.0.1 - - [13/Apr/2021 05:47:43] "[37mDELETE /clear/v1 HTTP/1.1[0m" 200 -
127.0.0.1 - - [13/Apr/2021 05:47:43] "[37mPOST /auth/register/v2 HTTP/1.1[0m" 200 -
127.0.0.1 - - [13/Apr/2021 05:47:43] "[37mGET /user/profile/v2?token=eyJ0eXAiOiJKV1QiLCJhbGciOiJIUzI1NiJ9.eyJzZXNzaW9uX2lkIjowLCJ1c2VyX2lkIjowfQ.mNX5f58rMYtTkp9fZydVCSZAXxviyhR8_I5RvFgXpeg&u_id=0 HTTP/1.1[0m" 200 -
127.0.0.1 - - [13/Apr/2021 05:47:43] "[37mPOST /auth/register/v2 HTTP/1.1[0m" 200 -
127.0.0.1 - - [13/Apr/2021 05:47:43] "[37mGET /user/profile/v2?token=eyJ0eXAiOiJKV1QiLCJhbGciOiJIUzI1NiJ9.eyJzZXNzaW9uX2lkIjowLCJ1c2VyX2lkIjoxfQ.5xbRn_BBsTLXugTHkmPy2IGl5OTWXb7MWn1d_NYdOGo&u_id=1 HTTP/1.1[0m" 200 -
127.0.0.1 - - [13/Apr/2021 05:47:43] "[37mPOST /dm/create/v1 HTTP/1.1[0m" 200 -
127.0.0.1 - - [13/Apr/2021 05:47:43] "[37mPOST /dm/leave/v1 HTTP/1.1[0m" 200 -
127.0.0.1 - - [13/Apr/2021 05:47:44] "[37mGET /dm/list/v1?token=eyJ0eXAiOiJKV1QiLCJhbGciOiJIUzI1NiJ9.eyJzZXNzaW9uX2lkIjowLCJ1c2VyX2lkIjoxfQ.5xbRn_BBsTLXugTHkmPy2IGl5OTWXb7MWn1d_NYdOGo HTTP/1.1[0m" 200 -
127.0.0.1 - - [13/Apr/2021 05:47:44] "[37mGET /dm/details/v1?token=eyJ0eXAiOiJKV1QiLCJhbGciOiJIUzI1NiJ9.eyJzZXNzaW9uX2lkIjowLCJ1c2VyX2lkIjowfQ.mNX5f58rMYtTkp9fZydVCSZAXxviyhR8_I5RvFgXpeg&dm_id=0 HTTP/1.1[0m" 200 -
127.0.0.1 - - [13/Apr/2021 05:47:44] "[37mDELETE /clear/v1 HTTP/1.1[0m" 200 -
127.0.0.1 - - [13/Apr/2021 05:47:44] "[37mPOST /auth/register/v2 HTTP/1.1[0m" 200 -
127.0.0.1 - - [13/Apr/2021 05:47:44] "[37mGET /user/profile/v2?token=eyJ0eXAiOiJKV1QiLCJhbGciOiJIUzI1NiJ9.eyJzZXNzaW9uX2lkIjowLCJ1c2VyX2lkIjowfQ.mNX5f58rMYtTkp9fZydVCSZAXxviyhR8_I5RvFgXpeg&u_id=0 HTTP/1.1[0m" 200 -
127.0.0.1 - - [13/Apr/2021 05:47:44] "[37mPOST /auth/register/v2 HTTP/1.1[0m" 200 -
127.0.0.1 - - [13/Apr/2021 05:47:44] "[37mGET /user/profile/v2?token=eyJ0eXAiOiJKV1QiLCJhbGciOiJIUzI1NiJ9.eyJzZXNzaW9uX2lkIjowLCJ1c2VyX2lkIjoxfQ.5xbRn_BBsTLXugTHkmPy2IGl5OTWXb7MWn1d_NYdOGo&u_id=1 HTTP/1.1[0m" 200 -
127.0.0.1 - - [13/Apr/2021 05:47:44] "[37mPOST /auth/register/v2 HTTP/1.1[0m" 200 -
127.0.0.1 - - [13/Apr/2021 05:47:44] "[37mGET /user/profile/v2?token=eyJ0eXAiOiJKV1QiLCJhbGciOiJIUzI1NiJ9.eyJzZXNzaW9uX2lkIjowLCJ1c2VyX2lkIjoyfQ.5-bPobRcAy4amwzkV62if7N8xuQjY8hHFI_DUXJyBts&u_id=2 HTTP/1.1[0m" 200 -
127.0.0.1 - - [13/Apr/2021 05:47:44] "[37mPOST /dm/create/v1 HTTP/1.1[0m" 200 -
127.0.0.1 - - [13/Apr/2021 05:47:44] "[31m[1mPOST /dm/leave/v1 HTTP/1.1[0m" 403 -
127.0.0.1 - - [13/Apr/2021 05:47:44] "[37mDELETE /clear/v1 HTTP/1.1[0m" 200 -
127.0.0.1 - - [13/Apr/2021 05:47:44] "[37mPOST /auth/register/v2 HTTP/1.1[0m" 200 -
127.0.0.1 - - [13/Apr/2021 05:47:44] "[37mGET /user/profile/v2?token=eyJ0eXAiOiJKV1QiLCJhbGciOiJIUzI1NiJ9.eyJzZXNzaW9uX2lkIjowLCJ1c2VyX2lkIjowfQ.mNX5f58rMYtTkp9fZydVCSZAXxviyhR8_I5RvFgXpeg&u_id=0 HTTP/1.1[0m" 200 -
127.0.0.1 - - [13/Apr/2021 05:47:44] "[31m[1mPOST /dm/leave/v1 HTTP/1.1[0m" 400 -
127.0.0.1 - - [13/Apr/2021 05:47:44] "[37mDELETE /clear/v1 HTTP/1.1[0m" 200 -
127.0.0.1 - - [13/Apr/2021 05:47:44] "[37mPOST /auth/register/v2 HTTP/1.1[0m" 200 -
127.0.0.1 - - [13/Apr/2021 05:47:44] "[37mGET /user/profile/v2?token=eyJ0eXAiOiJKV1QiLCJhbGciOiJIUzI1NiJ9.eyJzZXNzaW9uX2lkIjowLCJ1c2VyX2lkIjowfQ.mNX5f58rMYtTkp9fZydVCSZAXxviyhR8_I5RvFgXpeg&u_id=0 HTTP/1.1[0m" 200 -
127.0.0.1 - - [13/Apr/2021 05:47:44] "[37mPOST /auth/register/v2 HTTP/1.1[0m" 200 -
127.0.0.1 - - [13/Apr/2021 05:47:44] "[37mGET /user/profile/v2?token=eyJ0eXAiOiJKV1QiLCJhbGciOiJIUzI1NiJ9.eyJzZXNzaW9uX2lkIjowLCJ1c2VyX2lkIjoxfQ.5xbRn_BBsTLXugTHkmPy2IGl5OTWXb7MWn1d_NYdOGo&u_id=1 HTTP/1.1[0m" 200 -
127.0.0.1 - - [13/Apr/2021 05:47:44] "[37mPOST /dm/create/v1 HTTP/1.1[0m" 200 -
127.0.0.1 - - [13/Apr/2021 05:47:44] "[31m[1mPOST /auth/logout/v1 HTTP/1.1[0m" 405 -
127.0.0.1 - - [13/Apr/2021 05:47:44] "[37mDELETE /clear/v1 HTTP/1.1[0m" 200 -
127.0.0.1 - - [13/Apr/2021 05:47:44] "[37mPOST /auth/register/v2 HTTP/1.1[0m" 200 -
127.0.0.1 - - [13/Apr/2021 05:47:44] "[37mGET /user/profile/v2?token=eyJ0eXAiOiJKV1QiLCJhbGciOiJIUzI1NiJ9.eyJzZXNzaW9uX2lkIjowLCJ1c2VyX2lkIjowfQ.mNX5f58rMYtTkp9fZydVCSZAXxviyhR8_I5RvFgXpeg&u_id=0 HTTP/1.1[0m" 200 -
127.0.0.1 - - [13/Apr/2021 05:47:44] "[37mGET /dm/list/v1?token=eyJ0eXAiOiJKV1QiLCJhbGciOiJIUzI1NiJ9.eyJzZXNzaW9uX2lkIjowLCJ1c2VyX2lkIjowfQ.mNX5f58rMYtTkp9fZydVCSZAXxviyhR8_I5RvFgXpeg HTTP/1.1[0m" 200 -
127.0.0.1 - - [13/Apr/2021 05:47:44] "[37mDELETE /clear/v1 HTTP/1.1[0m" 200 -
127.0.0.1 - - [13/Apr/2021 05:47:44] "[37mPOST /auth/register/v2 HTTP/1.1[0m" 200 -
127.0.0.1 - - [13/Apr/2021 05:47:44] "[37mGET /user/profile/v2?token=eyJ0eXAiOiJKV1QiLCJhbGciOiJIUzI1NiJ9.eyJzZXNzaW9uX2lkIjowLCJ1c2VyX2lkIjowfQ.mNX5f58rMYtTkp9fZydVCSZAXxviyhR8_I5RvFgXpeg&u_id=0 HTTP/1.1[0m" 200 -
127.0.0.1 - - [13/Apr/2021 05:47:44] "[37mPOST /auth/register/v2 HTTP/1.1[0m" 200 -
127.0.0.1 - - [13/Apr/2021 05:47:44] "[37mGET /user/profile/v2?token=eyJ0eXAiOiJKV1QiLCJhbGciOiJIUzI1NiJ9.eyJzZXNzaW9uX2lkIjowLCJ1c2VyX2lkIjoxfQ.5xbRn_BBsTLXugTHkmPy2IGl5OTWXb7MWn1d_NYdOGo&u_id=1 HTTP/1.1[0m" 200 -
127.0.0.1 - - [13/Apr/2021 05:47:44] "[37mPOST /dm/create/v1 HTTP/1.1[0m" 200 -
127.0.0.1 - - [13/Apr/2021 05:47:44] "[37mGET /dm/list/v1?token=eyJ0eXAiOiJKV1QiLCJhbGciOiJIUzI1NiJ9.eyJzZXNzaW9uX2lkIjowLCJ1c2VyX2lkIjowfQ.mNX5f58rMYtTkp9fZydVCSZAXxviyhR8_I5RvFgXpeg HTTP/1.1[0m" 200 -
127.0.0.1 - - [13/Apr/2021 05:47:44] "[37mDELETE /clear/v1 HTTP/1.1[0m" 200 -
127.0.0.1 - - [13/Apr/2021 05:47:44] "[37mPOST /auth/register/v2 HTTP/1.1[0m" 200 -
127.0.0.1 - - [13/Apr/2021 05:47:44] "[37mGET /user/profile/v2?token=eyJ0eXAiOiJKV1QiLCJhbGciOiJIUzI1NiJ9.eyJzZXNzaW9uX2lkIjowLCJ1c2VyX2lkIjowfQ.mNX5f58rMYtTkp9fZydVCSZAXxviyhR8_I5RvFgXpeg&u_id=0 HTTP/1.1[0m" 200 -
127.0.0.1 - - [13/Apr/2021 05:47:44] "[37mPOST /dm/create/v1 HTTP/1.1[0m" 200 -
127.0.0.1 - - [13/Apr/2021 05:47:44] "[37mPOST /dm/create/v1 HTTP/1.1[0m" 200 -
127.0.0.1 - - [13/Apr/2021 05:47:44] "[37mGET /dm/list/v1?token=eyJ0eXAiOiJKV1QiLCJhbGciOiJIUzI1NiJ9.eyJzZXNzaW9uX2lkIjowLCJ1c2VyX2lkIjowfQ.mNX5f58rMYtTkp9fZydVCSZAXxviyhR8_I5RvFgXpeg HTTP/1.1[0m" 200 -
127.0.0.1 - - [13/Apr/2021 05:47:44] "[37mDELETE /clear/v1 HTTP/1.1[0m" 200 -
127.0.0.1 - - [13/Apr/2021 05:47:44] "[37mPOST /auth/register/v2 HTTP/1.1[0m" 200 -
127.0.0.1 - - [13/Apr/2021 05:47:44] "[37mGET /user/profile/v2?token=eyJ0eXAiOiJKV1QiLCJhbGciOiJIUzI1NiJ9.eyJzZXNzaW9uX2lkIjowLCJ1c2VyX2lkIjowfQ.mNX5f58rMYtTkp9fZydVCSZAXxviyhR8_I5RvFgXpeg&u_id=0 HTTP/1.1[0m" 200 -
127.0.0.1 - - [13/Apr/2021 05:47:44] "[37mPOST /auth/register/v2 HTTP/1.1[0m" 200 -
127.0.0.1 - - [13/Apr/2021 05:47:44] "[37mGET /user/profile/v2?token=eyJ0eXAiOiJKV1QiLCJhbGciOiJIUzI1NiJ9.eyJzZXNzaW9uX2lkIjowLCJ1c2VyX2lkIjoxfQ.5xbRn_BBsTLXugTHkmPy2IGl5OTWXb7MWn1d_NYdOGo&u_id=1 HTTP/1.1[0m" 200 -
127.0.0.1 - - [13/Apr/2021 05:47:44] "[37mPOST /dm/create/v1 HTTP/1.1[0m" 200 -
127.0.0.1 - - [13/Apr/2021 05:47:44] "[37mPOST /dm/leave/v1 HTTP/1.1[0m" 200 -
127.0.0.1 - - [13/Apr/2021 05:47:44] "[37mGET /dm/list/v1?token=eyJ0eXAiOiJKV1QiLCJhbGciOiJIUzI1NiJ9.eyJzZXNzaW9uX2lkIjowLCJ1c2VyX2lkIjowfQ.mNX5f58rMYtTkp9fZydVCSZAXxviyhR8_I5RvFgXpeg HTTP/1.1[0m" 200 -
127.0.0.1 - - [13/Apr/2021 05:47:44] "[37mDELETE /clear/v1 HTTP/1.1[0m" 200 -
127.0.0.1 - - [13/Apr/2021 05:47:44] "[37mPOST /auth/register/v2 HTTP/1.1[0m" 200 -
127.0.0.1 - - [13/Apr/2021 05:47:44] "[37mGET /user/profile/v2?token=eyJ0eXAiOiJKV1QiLCJhbGciOiJIUzI1NiJ9.eyJzZXNzaW9uX2lkIjowLCJ1c2VyX2lkIjowfQ.mNX5f58rMYtTkp9fZydVCSZAXxviyhR8_I5RvFgXpeg&u_id=0 HTTP/1.1[0m" 200 -
127.0.0.1 - - [13/Apr/2021 05:47:44] "[31m[1mPOST /auth/logout/v1 HTTP/1.1[0m" 405 -
127.0.0.1 - - [13/Apr/2021 05:47:44] "[37mDELETE /clear/v1 HTTP/1.1[0m" 200 -
127.0.0.1 - - [13/Apr/2021 05:47:44] "[37mPOST /auth/register/v2 HTTP/1.1[0m" 200 -
127.0.0.1 - - [13/Apr/2021 05:47:44] "[37mGET /user/profile/v2?token=eyJ0eXAiOiJKV1QiLCJhbGciOiJIUzI1NiJ9.eyJzZXNzaW9uX2lkIjowLCJ1c2VyX2lkIjowfQ.mNX5f58rMYtTkp9fZydVCSZAXxviyhR8_I5RvFgXpeg&u_id=0 HTTP/1.1[0m" 200 -
127.0.0.1 - - [13/Apr/2021 05:47:44] "[37mPOST /auth/register/v2 HTTP/1.1[0m" 200 -
127.0.0.1 - - [13/Apr/2021 05:47:44] "[37mGET /user/profile/v2?token=eyJ0eXAiOiJKV1QiLCJhbGciOiJIUzI1NiJ9.eyJzZXNzaW9uX2lkIjowLCJ1c2VyX2lkIjoxfQ.5xbRn_BBsTLXugTHkmPy2IGl5OTWXb7MWn1d_NYdOGo&u_id=1 HTTP/1.1[0m" 200 -
127.0.0.1 - - [13/Apr/2021 05:47:44] "[37mPOST /dm/create/v1 HTTP/1.1[0m" 200 -
127.0.0.1 - - [13/Apr/2021 05:47:44] "[37mPOST /message/senddm/v1 HTTP/1.1[0m" 200 -
127.0.0.1 - - [13/Apr/2021 05:47:44] "[37mPOST /message/senddm/v1 HTTP/1.1[0m" 200 -
127.0.0.1 - - [13/Apr/2021 05:47:44] "[37mPOST /message/senddm/v1 HTTP/1.1[0m" 200 -
127.0.0.1 - - [13/Apr/2021 05:47:44] "[37mPOST /message/senddm/v1 HTTP/1.1[0m" 200 -
127.0.0.1 - - [13/Apr/2021 05:47:44] "[37mPOST /message/senddm/v1 HTTP/1.1[0m" 200 -
127.0.0.1 - - [13/Apr/2021 05:47:44] "[37mPOST /message/senddm/v1 HTTP/1.1[0m" 200 -
127.0.0.1 - - [13/Apr/2021 05:47:44] "[37mPOST /message/senddm/v1 HTTP/1.1[0m" 200 -
127.0.0.1 - - [13/Apr/2021 05:47:44] "[37mPOST /message/senddm/v1 HTTP/1.1[0m" 200 -
127.0.0.1 - - [13/Apr/2021 05:47:44] "[37mPOST /message/senddm/v1 HTTP/1.1[0m" 200 -
127.0.0.1 - - [13/Apr/2021 05:47:44] "[37mPOST /message/senddm/v1 HTTP/1.1[0m" 200 -
127.0.0.1 - - [13/Apr/2021 05:47:44] "[37mGET /dm/messages/v1?token=eyJ0eXAiOiJKV1QiLCJhbGciOiJIUzI1NiJ9.eyJzZXNzaW9uX2lkIjowLCJ1c2VyX2lkIjowfQ.mNX5f58rMYtTkp9fZydVCSZAXxviyhR8_I5RvFgXpeg&dm_id=0&start=0 HTTP/1.1[0m" 200 -
127.0.0.1 - - [13/Apr/2021 05:47:44] "[37mDELETE /clear/v1 HTTP/1.1[0m" 200 -
127.0.0.1 - - [13/Apr/2021 05:47:44] "[37mPOST /auth/register/v2 HTTP/1.1[0m" 200 -
127.0.0.1 - - [13/Apr/2021 05:47:44] "[37mGET /user/profile/v2?token=eyJ0eXAiOiJKV1QiLCJhbGciOiJIUzI1NiJ9.eyJzZXNzaW9uX2lkIjowLCJ1c2VyX2lkIjowfQ.mNX5f58rMYtTkp9fZydVCSZAXxviyhR8_I5RvFgXpeg&u_id=0 HTTP/1.1[0m" 200 -
127.0.0.1 - - [13/Apr/2021 05:47:44] "[37mPOST /auth/register/v2 HTTP/1.1[0m" 200 -
127.0.0.1 - - [13/Apr/2021 05:47:44] "[37mGET /user/profile/v2?token=eyJ0eXAiOiJKV1QiLCJhbGciOiJIUzI1NiJ9.eyJzZXNzaW9uX2lkIjowLCJ1c2VyX2lkIjoxfQ.5xbRn_BBsTLXugTHkmPy2IGl5OTWXb7MWn1d_NYdOGo&u_id=1 HTTP/1.1[0m" 200 -
127.0.0.1 - - [13/Apr/2021 05:47:44] "[37mPOST /dm/create/v1 HTTP/1.1[0m" 200 -
127.0.0.1 - - [13/Apr/2021 05:47:44] "[37mPOST /message/senddm/v1 HTTP/1.1[0m" 200 -
127.0.0.1 - - [13/Apr/2021 05:47:44] "[37mPOST /message/senddm/v1 HTTP/1.1[0m" 200 -
127.0.0.1 - - [13/Apr/2021 05:47:44] "[37mPOST /message/senddm/v1 HTTP/1.1[0m" 200 -
127.0.0.1 - - [13/Apr/2021 05:47:44] "[37mPOST /message/senddm/v1 HTTP/1.1[0m" 200 -
127.0.0.1 - - [13/Apr/2021 05:47:44] "[37mPOST /message/senddm/v1 HTTP/1.1[0m" 200 -
127.0.0.1 - - [13/Apr/2021 05:47:44] "[37mPOST /message/senddm/v1 HTTP/1.1[0m" 200 -
127.0.0.1 - - [13/Apr/2021 05:47:44] "[37mPOST /message/senddm/v1 HTTP/1.1[0m" 200 -
127.0.0.1 - - [13/Apr/2021 05:47:44] "[37mPOST /message/senddm/v1 HTTP/1.1[0m" 200 -
127.0.0.1 - - [13/Apr/2021 05:47:44] "[37mPOST /message/senddm/v1 HTTP/1.1[0m" 200 -
127.0.0.1 - - [13/Apr/2021 05:47:44] "[37mPOST /message/senddm/v1 HTTP/1.1[0m" 200 -
127.0.0.1 - - [13/Apr/2021 05:47:44] "[37mPOST /message/senddm/v1 HTTP/1.1[0m" 200 -
127.0.0.1 - - [13/Apr/2021 05:47:44] "[37mPOST /message/senddm/v1 HTTP/1.1[0m" 200 -
127.0.0.1 - - [13/Apr/2021 05:47:44] "[37mPOST /message/senddm/v1 HTTP/1.1[0m" 200 -
127.0.0.1 - - [13/Apr/2021 05:47:44] "[37mPOST /message/senddm/v1 HTTP/1.1[0m" 200 -
127.0.0.1 - - [13/Apr/2021 05:47:44] "[37mPOST /message/senddm/v1 HTTP/1.1[0m" 200 -
127.0.0.1 - - [13/Apr/2021 05:47:44] "[37mPOST /message/senddm/v1 HTTP/1.1[0m" 200 -
127.0.0.1 - - [13/Apr/2021 05:47:44] "[37mPOST /message/senddm/v1 HTTP/1.1[0m" 200 -
127.0.0.1 - - [13/Apr/2021 05:47:44] "[37mPOST /message/senddm/v1 HTTP/1.1[0m" 200 -
127.0.0.1 - - [13/Apr/2021 05:47:44] "[37mPOST /message/senddm/v1 HTTP/1.1[0m" 200 -
127.0.0.1 - - [13/Apr/2021 05:47:44] "[37mPOST /message/senddm/v1 HTTP/1.1[0m" 200 -
127.0.0.1 - - [13/Apr/2021 05:47:44] "[37mPOST /message/senddm/v1 HTTP/1.1[0m" 200 -
127.0.0.1 - - [13/Apr/2021 05:47:44] "[37mPOST /message/senddm/v1 HTTP/1.1[0m" 200 -
127.0.0.1 - - [13/Apr/2021 05:47:44] "[37mPOST /message/senddm/v1 HTTP/1.1[0m" 200 -
127.0.0.1 - - [13/Apr/2021 05:47:44] "[37mPOST /message/senddm/v1 HTTP/1.1[0m" 200 -
127.0.0.1 - - [13/Apr/2021 05:47:44] "[37mPOST /message/senddm/v1 HTTP/1.1[0m" 200 -
127.0.0.1 - - [13/Apr/2021 05:47:44] "[37mPOST /message/senddm/v1 HTTP/1.1[0m" 200 -
127.0.0.1 - - [13/Apr/2021 05:47:44] "[37mPOST /message/senddm/v1 HTTP/1.1[0m" 200 -
127.0.0.1 - - [13/Apr/2021 05:47:44] "[37mPOST /message/senddm/v1 HTTP/1.1[0m" 200 -
127.0.0.1 - - [13/Apr/2021 05:47:44] "[37mPOST /message/senddm/v1 HTTP/1.1[0m" 200 -
127.0.0.1 - - [13/Apr/2021 05:47:44] "[37mPOST /message/senddm/v1 HTTP/1.1[0m" 200 -
127.0.0.1 - - [13/Apr/2021 05:47:44] "[37mPOST /message/senddm/v1 HTTP/1.1[0m" 200 -
127.0.0.1 - - [13/Apr/2021 05:47:44] "[37mPOST /message/senddm/v1 HTTP/1.1[0m" 200 -
127.0.0.1 - - [13/Apr/2021 05:47:44] "[37mPOST /message/senddm/v1 HTTP/1.1[0m" 200 -
127.0.0.1 - - [13/Apr/2021 05:47:44] "[37mPOST /message/senddm/v1 HTTP/1.1[0m" 200 -
127.0.0.1 - - [13/Apr/2021 05:47:44] "[37mPOST /message/senddm/v1 HTTP/1.1[0m" 200 -
127.0.0.1 - - [13/Apr/2021 05:47:44] "[37mPOST /message/senddm/v1 HTTP/1.1[0m" 200 -
127.0.0.1 - - [13/Apr/2021 05:47:44] "[37mPOST /message/senddm/v1 HTTP/1.1[0m" 200 -
127.0.0.1 - - [13/Apr/2021 05:47:44] "[37mPOST /message/senddm/v1 HTTP/1.1[0m" 200 -
127.0.0.1 - - [13/Apr/2021 05:47:44] "[37mPOST /message/senddm/v1 HTTP/1.1[0m" 200 -
127.0.0.1 - - [13/Apr/2021 05:47:44] "[37mPOST /message/senddm/v1 HTTP/1.1[0m" 200 -
127.0.0.1 - - [13/Apr/2021 05:47:44] "[37mPOST /message/senddm/v1 HTTP/1.1[0m" 200 -
127.0.0.1 - - [13/Apr/2021 05:47:44] "[37mPOST /message/senddm/v1 HTTP/1.1[0m" 200 -
127.0.0.1 - - [13/Apr/2021 05:47:44] "[37mPOST /message/senddm/v1 HTTP/1.1[0m" 200 -
127.0.0.1 - - [13/Apr/2021 05:47:44] "[37mPOST /message/senddm/v1 HTTP/1.1[0m" 200 -
127.0.0.1 - - [13/Apr/2021 05:47:44] "[37mPOST /message/senddm/v1 HTTP/1.1[0m" 200 -
127.0.0.1 - - [13/Apr/2021 05:47:44] "[37mPOST /message/senddm/v1 HTTP/1.1[0m" 200 -
127.0.0.1 - - [13/Apr/2021 05:47:44] "[37mPOST /message/senddm/v1 HTTP/1.1[0m" 200 -
127.0.0.1 - - [13/Apr/2021 05:47:44] "[37mPOST /message/senddm/v1 HTTP/1.1[0m" 200 -
127.0.0.1 - - [13/Apr/2021 05:47:44] "[37mPOST /message/senddm/v1 HTTP/1.1[0m" 200 -
127.0.0.1 - - [13/Apr/2021 05:47:44] "[37mPOST /message/senddm/v1 HTTP/1.1[0m" 200 -
127.0.0.1 - - [13/Apr/2021 05:47:44] "[37mPOST /message/senddm/v1 HTTP/1.1[0m" 200 -
127.0.0.1 - - [13/Apr/2021 05:47:44] "[37mGET /dm/messages/v1?token=eyJ0eXAiOiJKV1QiLCJhbGciOiJIUzI1NiJ9.eyJzZXNzaW9uX2lkIjowLCJ1c2VyX2lkIjowfQ.mNX5f58rMYtTkp9fZydVCSZAXxviyhR8_I5RvFgXpeg&dm_id=0&start=0 HTTP/1.1[0m" 200 -
127.0.0.1 - - [13/Apr/2021 05:47:44] "[37mGET /dm/messages/v1?token=eyJ0eXAiOiJKV1QiLCJhbGciOiJIUzI1NiJ9.eyJzZXNzaW9uX2lkIjowLCJ1c2VyX2lkIjowfQ.mNX5f58rMYtTkp9fZydVCSZAXxviyhR8_I5RvFgXpeg&dm_id=0&start=50 HTTP/1.1[0m" 200 -
127.0.0.1 - - [13/Apr/2021 05:47:44] "[37mDELETE /clear/v1 HTTP/1.1[0m" 200 -
127.0.0.1 - - [13/Apr/2021 05:47:44] "[37mPOST /auth/register/v2 HTTP/1.1[0m" 200 -
127.0.0.1 - - [13/Apr/2021 05:47:44] "[37mGET /user/profile/v2?token=eyJ0eXAiOiJKV1QiLCJhbGciOiJIUzI1NiJ9.eyJzZXNzaW9uX2lkIjowLCJ1c2VyX2lkIjowfQ.mNX5f58rMYtTkp9fZydVCSZAXxviyhR8_I5RvFgXpeg&u_id=0 HTTP/1.1[0m" 200 -
127.0.0.1 - - [13/Apr/2021 05:47:44] "[37mPOST /auth/register/v2 HTTP/1.1[0m" 200 -
127.0.0.1 - - [13/Apr/2021 05:47:44] "[37mGET /user/profile/v2?token=eyJ0eXAiOiJKV1QiLCJhbGciOiJIUzI1NiJ9.eyJzZXNzaW9uX2lkIjowLCJ1c2VyX2lkIjoxfQ.5xbRn_BBsTLXugTHkmPy2IGl5OTWXb7MWn1d_NYdOGo&u_id=1 HTTP/1.1[0m" 200 -
127.0.0.1 - - [13/Apr/2021 05:47:44] "[37mPOST /dm/create/v1 HTTP/1.1[0m" 200 -
127.0.0.1 - - [13/Apr/2021 05:47:44] "[37mPOST /message/senddm/v1 HTTP/1.1[0m" 200 -
127.0.0.1 - - [13/Apr/2021 05:47:44] "[37mGET /dm/messages/v1?token=eyJ0eXAiOiJKV1QiLCJhbGciOiJIUzI1NiJ9.eyJzZXNzaW9uX2lkIjowLCJ1c2VyX2lkIjowfQ.mNX5f58rMYtTkp9fZydVCSZAXxviyhR8_I5RvFgXpeg&dm_id=0&start=0 HTTP/1.1[0m" 200 -
[2021-04-13 05:47:44,951] ERROR in app: Exception on /message/edit/v2 [PUT]
Traceback (most recent call last):
  File "/import/kamen/3/cs1531/.local/lib/python3.7/site-packages/flask/app.py", line 1950, in full_dispatch_request
    rv = self.dispatch_request()
  File "/import/kamen/3/cs1531/.local/lib/python3.7/site-packages/flask/app.py", line 1936, in dispatch_request
    return self.view_functions[rule.endpoint](**req.view_args)
  File "/tmp_amd/kamen/export/kamen/3/cs1531/automark/tempstore/src/server.py", line 131, in message_edit
    return src.message.message_edit_v1(payload['token'], payload['message_id'], payload['message'])
  File "/tmp_amd/kamen/export/kamen/3/cs1531/automark/tempstore/src/message.py", line 206, in message_edit_v1
    if data['messages_log'][i]['channel_id'] != -1:     #* If message is in a channel
IndexError: list index out of range

During handling of the above exception, another exception occurred:

Traceback (most recent call last):
  File "/import/kamen/3/cs1531/.local/lib/python3.7/site-packages/flask/app.py", line 2447, in wsgi_app
    response = self.full_dispatch_request()
  File "/import/kamen/3/cs1531/.local/lib/python3.7/site-packages/flask/app.py", line 1952, in full_dispatch_request
    rv = self.handle_user_exception(e)
  File "/import/kamen/3/cs1531/.local/lib/python3.7/site-packages/flask_cors/extension.py", line 165, in wrapped_function
    return cors_after_request(app.make_response(f(*args, **kwargs)))
  File "/import/kamen/3/cs1531/.local/lib/python3.7/site-packages/flask/app.py", line 1822, in handle_user_exception
    return handler(e)
  File "/tmp_amd/kamen/export/kamen/3/cs1531/automark/tempstore/src/server.py", line 10, in defaultHandler
    response = err.get_response()
AttributeError: 'IndexError' object has no attribute 'get_response'
127.0.0.1 - - [13/Apr/2021 05:47:44] "[35m[1mPUT /message/edit/v2 HTTP/1.1[0m" 500 -
127.0.0.1 - - [13/Apr/2021 05:47:44] "[37mDELETE /clear/v1 HTTP/1.1[0m" 200 -
127.0.0.1 - - [13/Apr/2021 05:47:44] "[37mPOST /auth/register/v2 HTTP/1.1[0m" 200 -
127.0.0.1 - - [13/Apr/2021 05:47:44] "[37mGET /user/profile/v2?token=eyJ0eXAiOiJKV1QiLCJhbGciOiJIUzI1NiJ9.eyJzZXNzaW9uX2lkIjowLCJ1c2VyX2lkIjowfQ.mNX5f58rMYtTkp9fZydVCSZAXxviyhR8_I5RvFgXpeg&u_id=0 HTTP/1.1[0m" 200 -
127.0.0.1 - - [13/Apr/2021 05:47:44] "[37mPOST /auth/register/v2 HTTP/1.1[0m" 200 -
127.0.0.1 - - [13/Apr/2021 05:47:44] "[37mGET /user/profile/v2?token=eyJ0eXAiOiJKV1QiLCJhbGciOiJIUzI1NiJ9.eyJzZXNzaW9uX2lkIjowLCJ1c2VyX2lkIjoxfQ.5xbRn_BBsTLXugTHkmPy2IGl5OTWXb7MWn1d_NYdOGo&u_id=1 HTTP/1.1[0m" 200 -
127.0.0.1 - - [13/Apr/2021 05:47:44] "[37mPOST /dm/create/v1 HTTP/1.1[0m" 200 -
127.0.0.1 - - [13/Apr/2021 05:47:45] "[37mPOST /message/senddm/v1 HTTP/1.1[0m" 200 -
127.0.0.1 - - [13/Apr/2021 05:47:45] "[37mGET /dm/messages/v1?token=eyJ0eXAiOiJKV1QiLCJhbGciOiJIUzI1NiJ9.eyJzZXNzaW9uX2lkIjowLCJ1c2VyX2lkIjowfQ.mNX5f58rMYtTkp9fZydVCSZAXxviyhR8_I5RvFgXpeg&dm_id=0&start=0 HTTP/1.1[0m" 200 -
127.0.0.1 - - [13/Apr/2021 05:47:45] "[37mDELETE /message/remove/v1 HTTP/1.1[0m" 200 -
127.0.0.1 - - [13/Apr/2021 05:47:45] "[37mGET /dm/messages/v1?token=eyJ0eXAiOiJKV1QiLCJhbGciOiJIUzI1NiJ9.eyJzZXNzaW9uX2lkIjowLCJ1c2VyX2lkIjowfQ.mNX5f58rMYtTkp9fZydVCSZAXxviyhR8_I5RvFgXpeg&dm_id=0&start=0 HTTP/1.1[0m" 200 -
127.0.0.1 - - [13/Apr/2021 05:47:45] "[37mDELETE /clear/v1 HTTP/1.1[0m" 200 -
127.0.0.1 - - [13/Apr/2021 05:47:45] "[37mPOST /auth/register/v2 HTTP/1.1[0m" 200 -
127.0.0.1 - - [13/Apr/2021 05:47:45] "[37mGET /user/profile/v2?token=eyJ0eXAiOiJKV1QiLCJhbGciOiJIUzI1NiJ9.eyJzZXNzaW9uX2lkIjowLCJ1c2VyX2lkIjowfQ.mNX5f58rMYtTkp9fZydVCSZAXxviyhR8_I5RvFgXpeg&u_id=0 HTTP/1.1[0m" 200 -
127.0.0.1 - - [13/Apr/2021 05:47:45] "[37mPOST /auth/register/v2 HTTP/1.1[0m" 200 -
127.0.0.1 - - [13/Apr/2021 05:47:45] "[37mGET /user/profile/v2?token=eyJ0eXAiOiJKV1QiLCJhbGciOiJIUzI1NiJ9.eyJzZXNzaW9uX2lkIjowLCJ1c2VyX2lkIjoxfQ.5xbRn_BBsTLXugTHkmPy2IGl5OTWXb7MWn1d_NYdOGo&u_id=1 HTTP/1.1[0m" 200 -
127.0.0.1 - - [13/Apr/2021 05:47:45] "[37mPOST /dm/create/v1 HTTP/1.1[0m" 200 -
127.0.0.1 - - [13/Apr/2021 05:47:45] "[31m[1mGET /dm/messages/v1?token=eyJ0eXAiOiJKV1QiLCJhbGciOiJIUzI1NiJ9.eyJzZXNzaW9uX2lkIjowLCJ1c2VyX2lkIjowfQ.mNX5f58rMYtTkp9fZydVCSZAXxviyhR8_I5RvFgXpeg&dm_id=0&start=21389429 HTTP/1.1[0m" 400 -
127.0.0.1 - - [13/Apr/2021 05:47:45] "[37mDELETE /clear/v1 HTTP/1.1[0m" 200 -
127.0.0.1 - - [13/Apr/2021 05:47:45] "[37mPOST /auth/register/v2 HTTP/1.1[0m" 200 -
127.0.0.1 - - [13/Apr/2021 05:47:45] "[37mGET /user/profile/v2?token=eyJ0eXAiOiJKV1QiLCJhbGciOiJIUzI1NiJ9.eyJzZXNzaW9uX2lkIjowLCJ1c2VyX2lkIjowfQ.mNX5f58rMYtTkp9fZydVCSZAXxviyhR8_I5RvFgXpeg&u_id=0 HTTP/1.1[0m" 200 -
127.0.0.1 - - [13/Apr/2021 05:47:45] "[37mPOST /auth/register/v2 HTTP/1.1[0m" 200 -
127.0.0.1 - - [13/Apr/2021 05:47:45] "[37mGET /user/profile/v2?token=eyJ0eXAiOiJKV1QiLCJhbGciOiJIUzI1NiJ9.eyJzZXNzaW9uX2lkIjowLCJ1c2VyX2lkIjoxfQ.5xbRn_BBsTLXugTHkmPy2IGl5OTWXb7MWn1d_NYdOGo&u_id=1 HTTP/1.1[0m" 200 -
127.0.0.1 - - [13/Apr/2021 05:47:45] "[37mPOST /auth/register/v2 HTTP/1.1[0m" 200 -
127.0.0.1 - - [13/Apr/2021 05:47:45] "[37mGET /user/profile/v2?token=eyJ0eXAiOiJKV1QiLCJhbGciOiJIUzI1NiJ9.eyJzZXNzaW9uX2lkIjowLCJ1c2VyX2lkIjoyfQ.5-bPobRcAy4amwzkV62if7N8xuQjY8hHFI_DUXJyBts&u_id=2 HTTP/1.1[0m" 200 -
127.0.0.1 - - [13/Apr/2021 05:47:45] "[37mPOST /dm/create/v1 HTTP/1.1[0m" 200 -
127.0.0.1 - - [13/Apr/2021 05:47:45] "[31m[1mGET /dm/messages/v1?token=eyJ0eXAiOiJKV1QiLCJhbGciOiJIUzI1NiJ9.eyJzZXNzaW9uX2lkIjowLCJ1c2VyX2lkIjowfQ.mNX5f58rMYtTkp9fZydVCSZAXxviyhR8_I5RvFgXpeg&dm_id=0&start=0 HTTP/1.1[0m" 403 -
127.0.0.1 - - [13/Apr/2021 05:47:45] "[37mDELETE /clear/v1 HTTP/1.1[0m" 200 -
127.0.0.1 - - [13/Apr/2021 05:47:45] "[37mPOST /auth/register/v2 HTTP/1.1[0m" 200 -
127.0.0.1 - - [13/Apr/2021 05:47:45] "[37mGET /user/profile/v2?token=eyJ0eXAiOiJKV1QiLCJhbGciOiJIUzI1NiJ9.eyJzZXNzaW9uX2lkIjowLCJ1c2VyX2lkIjowfQ.mNX5f58rMYtTkp9fZydVCSZAXxviyhR8_I5RvFgXpeg&u_id=0 HTTP/1.1[0m" 200 -
127.0.0.1 - - [13/Apr/2021 05:47:45] "[31m[1mGET /dm/messages/v1?token=eyJ0eXAiOiJKV1QiLCJhbGciOiJIUzI1NiJ9.eyJzZXNzaW9uX2lkIjowLCJ1c2VyX2lkIjowfQ.mNX5f58rMYtTkp9fZydVCSZAXxviyhR8_I5RvFgXpeg&dm_id=-1&start=0 HTTP/1.1[0m" 400 -
127.0.0.1 - - [13/Apr/2021 05:47:45] "[37mDELETE /clear/v1 HTTP/1.1[0m" 200 -
127.0.0.1 - - [13/Apr/2021 05:47:45] "[37mPOST /auth/register/v2 HTTP/1.1[0m" 200 -
127.0.0.1 - - [13/Apr/2021 05:47:45] "[37mGET /user/profile/v2?token=eyJ0eXAiOiJKV1QiLCJhbGciOiJIUzI1NiJ9.eyJzZXNzaW9uX2lkIjowLCJ1c2VyX2lkIjowfQ.mNX5f58rMYtTkp9fZydVCSZAXxviyhR8_I5RvFgXpeg&u_id=0 HTTP/1.1[0m" 200 -
127.0.0.1 - - [13/Apr/2021 05:47:45] "[37mPOST /auth/register/v2 HTTP/1.1[0m" 200 -
127.0.0.1 - - [13/Apr/2021 05:47:45] "[37mGET /user/profile/v2?token=eyJ0eXAiOiJKV1QiLCJhbGciOiJIUzI1NiJ9.eyJzZXNzaW9uX2lkIjowLCJ1c2VyX2lkIjoxfQ.5xbRn_BBsTLXugTHkmPy2IGl5OTWXb7MWn1d_NYdOGo&u_id=1 HTTP/1.1[0m" 200 -
127.0.0.1 - - [13/Apr/2021 05:47:45] "[37mPOST /dm/create/v1 HTTP/1.1[0m" 200 -
127.0.0.1 - - [13/Apr/2021 05:47:45] "[31m[1mPOST /auth/logout/v1 HTTP/1.1[0m" 405 -
127.0.0.1 - - [13/Apr/2021 05:47:45] "[37mDELETE /clear/v1 HTTP/1.1[0m" 200 -
127.0.0.1 - - [13/Apr/2021 05:47:45] "[37mPOST /auth/register/v2 HTTP/1.1[0m" 200 -
127.0.0.1 - - [13/Apr/2021 05:47:45] "[37mGET /user/profile/v2?token=eyJ0eXAiOiJKV1QiLCJhbGciOiJIUzI1NiJ9.eyJzZXNzaW9uX2lkIjowLCJ1c2VyX2lkIjowfQ.mNX5f58rMYtTkp9fZydVCSZAXxviyhR8_I5RvFgXpeg&u_id=0 HTTP/1.1[0m" 200 -
127.0.0.1 - - [13/Apr/2021 05:47:45] "[37mPOST /auth/register/v2 HTTP/1.1[0m" 200 -
127.0.0.1 - - [13/Apr/2021 05:47:45] "[37mGET /user/profile/v2?token=eyJ0eXAiOiJKV1QiLCJhbGciOiJIUzI1NiJ9.eyJzZXNzaW9uX2lkIjowLCJ1c2VyX2lkIjoxfQ.5xbRn_BBsTLXugTHkmPy2IGl5OTWXb7MWn1d_NYdOGo&u_id=1 HTTP/1.1[0m" 200 -
127.0.0.1 - - [13/Apr/2021 05:47:45] "[37mPOST /dm/create/v1 HTTP/1.1[0m" 200 -
127.0.0.1 - - [13/Apr/2021 05:47:45] "[37mDELETE /dm/remove/v1 HTTP/1.1[0m" 200 -
127.0.0.1 - - [13/Apr/2021 05:47:45] "[37mGET /dm/list/v1?token=eyJ0eXAiOiJKV1QiLCJhbGciOiJIUzI1NiJ9.eyJzZXNzaW9uX2lkIjowLCJ1c2VyX2lkIjowfQ.mNX5f58rMYtTkp9fZydVCSZAXxviyhR8_I5RvFgXpeg HTTP/1.1[0m" 200 -
127.0.0.1 - - [13/Apr/2021 05:47:45] "[37mGET /dm/list/v1?token=eyJ0eXAiOiJKV1QiLCJhbGciOiJIUzI1NiJ9.eyJzZXNzaW9uX2lkIjowLCJ1c2VyX2lkIjoxfQ.5xbRn_BBsTLXugTHkmPy2IGl5OTWXb7MWn1d_NYdOGo HTTP/1.1[0m" 200 -
127.0.0.1 - - [13/Apr/2021 05:47:45] "[37mDELETE /clear/v1 HTTP/1.1[0m" 200 -
127.0.0.1 - - [13/Apr/2021 05:47:45] "[37mPOST /auth/register/v2 HTTP/1.1[0m" 200 -
127.0.0.1 - - [13/Apr/2021 05:47:45] "[37mGET /user/profile/v2?token=eyJ0eXAiOiJKV1QiLCJhbGciOiJIUzI1NiJ9.eyJzZXNzaW9uX2lkIjowLCJ1c2VyX2lkIjowfQ.mNX5f58rMYtTkp9fZydVCSZAXxviyhR8_I5RvFgXpeg&u_id=0 HTTP/1.1[0m" 200 -
127.0.0.1 - - [13/Apr/2021 05:47:45] "[37mPOST /auth/register/v2 HTTP/1.1[0m" 200 -
127.0.0.1 - - [13/Apr/2021 05:47:45] "[37mGET /user/profile/v2?token=eyJ0eXAiOiJKV1QiLCJhbGciOiJIUzI1NiJ9.eyJzZXNzaW9uX2lkIjowLCJ1c2VyX2lkIjoxfQ.5xbRn_BBsTLXugTHkmPy2IGl5OTWXb7MWn1d_NYdOGo&u_id=1 HTTP/1.1[0m" 200 -
127.0.0.1 - - [13/Apr/2021 05:47:45] "[37mPOST /dm/create/v1 HTTP/1.1[0m" 200 -
127.0.0.1 - - [13/Apr/2021 05:47:45] "[37mPOST /message/senddm/v1 HTTP/1.1[0m" 200 -
127.0.0.1 - - [13/Apr/2021 05:47:45] "[37mPOST /message/senddm/v1 HTTP/1.1[0m" 200 -
127.0.0.1 - - [13/Apr/2021 05:47:45] "[37mPOST /message/senddm/v1 HTTP/1.1[0m" 200 -
127.0.0.1 - - [13/Apr/2021 05:47:45] "[37mGET /search/v2?token=eyJ0eXAiOiJKV1QiLCJhbGciOiJIUzI1NiJ9.eyJzZXNzaW9uX2lkIjowLCJ1c2VyX2lkIjowfQ.mNX5f58rMYtTkp9fZydVCSZAXxviyhR8_I5RvFgXpeg&query_str=electric HTTP/1.1[0m" 200 -
127.0.0.1 - - [13/Apr/2021 05:47:45] "[37mDELETE /dm/remove/v1 HTTP/1.1[0m" 200 -
127.0.0.1 - - [13/Apr/2021 05:47:45] "[37mGET /search/v2?token=eyJ0eXAiOiJKV1QiLCJhbGciOiJIUzI1NiJ9.eyJzZXNzaW9uX2lkIjowLCJ1c2VyX2lkIjowfQ.mNX5f58rMYtTkp9fZydVCSZAXxviyhR8_I5RvFgXpeg&query_str=electric HTTP/1.1[0m" 200 -
127.0.0.1 - - [13/Apr/2021 05:47:45] "[37mDELETE /clear/v1 HTTP/1.1[0m" 200 -
127.0.0.1 - - [13/Apr/2021 05:47:45] "[37mPOST /auth/register/v2 HTTP/1.1[0m" 200 -
127.0.0.1 - - [13/Apr/2021 05:47:45] "[37mGET /user/profile/v2?token=eyJ0eXAiOiJKV1QiLCJhbGciOiJIUzI1NiJ9.eyJzZXNzaW9uX2lkIjowLCJ1c2VyX2lkIjowfQ.mNX5f58rMYtTkp9fZydVCSZAXxviyhR8_I5RvFgXpeg&u_id=0 HTTP/1.1[0m" 200 -
127.0.0.1 - - [13/Apr/2021 05:47:45] "[37mPOST /auth/register/v2 HTTP/1.1[0m" 200 -
127.0.0.1 - - [13/Apr/2021 05:47:45] "[37mGET /user/profile/v2?token=eyJ0eXAiOiJKV1QiLCJhbGciOiJIUzI1NiJ9.eyJzZXNzaW9uX2lkIjowLCJ1c2VyX2lkIjoxfQ.5xbRn_BBsTLXugTHkmPy2IGl5OTWXb7MWn1d_NYdOGo&u_id=1 HTTP/1.1[0m" 200 -
127.0.0.1 - - [13/Apr/2021 05:47:45] "[37mPOST /dm/create/v1 HTTP/1.1[0m" 200 -
127.0.0.1 - - [13/Apr/2021 05:47:45] "[31m[1mDELETE /dm/remove/v1 HTTP/1.1[0m" 403 -
127.0.0.1 - - [13/Apr/2021 05:47:45] "[37mDELETE /clear/v1 HTTP/1.1[0m" 200 -
127.0.0.1 - - [13/Apr/2021 05:47:45] "[37mPOST /auth/register/v2 HTTP/1.1[0m" 200 -
127.0.0.1 - - [13/Apr/2021 05:47:45] "[37mGET /user/profile/v2?token=eyJ0eXAiOiJKV1QiLCJhbGciOiJIUzI1NiJ9.eyJzZXNzaW9uX2lkIjowLCJ1c2VyX2lkIjowfQ.mNX5f58rMYtTkp9fZydVCSZAXxviyhR8_I5RvFgXpeg&u_id=0 HTTP/1.1[0m" 200 -
127.0.0.1 - - [13/Apr/2021 05:47:45] "[37mPOST /auth/register/v2 HTTP/1.1[0m" 200 -
127.0.0.1 - - [13/Apr/2021 05:47:45] "[37mGET /user/profile/v2?token=eyJ0eXAiOiJKV1QiLCJhbGciOiJIUzI1NiJ9.eyJzZXNzaW9uX2lkIjowLCJ1c2VyX2lkIjoxfQ.5xbRn_BBsTLXugTHkmPy2IGl5OTWXb7MWn1d_NYdOGo&u_id=1 HTTP/1.1[0m" 200 -
127.0.0.1 - - [13/Apr/2021 05:47:45] "[37mPOST /dm/create/v1 HTTP/1.1[0m" 200 -
127.0.0.1 - - [13/Apr/2021 05:47:45] "[37mDELETE /dm/remove/v1 HTTP/1.1[0m" 200 -
127.0.0.1 - - [13/Apr/2021 05:47:45] "[31m[1mDELETE /dm/remove/v1 HTTP/1.1[0m" 400 -
127.0.0.1 - - [13/Apr/2021 05:47:45] "[37mDELETE /clear/v1 HTTP/1.1[0m" 200 -
127.0.0.1 - - [13/Apr/2021 05:47:45] "[37mPOST /auth/register/v2 HTTP/1.1[0m" 200 -
127.0.0.1 - - [13/Apr/2021 05:47:45] "[37mGET /user/profile/v2?token=eyJ0eXAiOiJKV1QiLCJhbGciOiJIUzI1NiJ9.eyJzZXNzaW9uX2lkIjowLCJ1c2VyX2lkIjowfQ.mNX5f58rMYtTkp9fZydVCSZAXxviyhR8_I5RvFgXpeg&u_id=0 HTTP/1.1[0m" 200 -
127.0.0.1 - - [13/Apr/2021 05:47:45] "[37mPOST /auth/register/v2 HTTP/1.1[0m" 200 -
127.0.0.1 - - [13/Apr/2021 05:47:45] "[37mGET /user/profile/v2?token=eyJ0eXAiOiJKV1QiLCJhbGciOiJIUzI1NiJ9.eyJzZXNzaW9uX2lkIjowLCJ1c2VyX2lkIjoxfQ.5xbRn_BBsTLXugTHkmPy2IGl5OTWXb7MWn1d_NYdOGo&u_id=1 HTTP/1.1[0m" 200 -
127.0.0.1 - - [13/Apr/2021 05:47:45] "[37mPOST /dm/create/v1 HTTP/1.1[0m" 200 -
127.0.0.1 - - [13/Apr/2021 05:47:45] "[31m[1mPOST /auth/logout/v1 HTTP/1.1[0m" 405 -
127.0.0.1 - - [13/Apr/2021 05:47:45] "[37mDELETE /clear/v1 HTTP/1.1[0m" 200 -
127.0.0.1 - - [13/Apr/2021 05:47:45] "[37mPOST /auth/register/v2 HTTP/1.1[0m" 200 -
127.0.0.1 - - [13/Apr/2021 05:47:45] "[37mGET /user/profile/v2?token=eyJ0eXAiOiJKV1QiLCJhbGciOiJIUzI1NiJ9.eyJzZXNzaW9uX2lkIjowLCJ1c2VyX2lkIjowfQ.mNX5f58rMYtTkp9fZydVCSZAXxviyhR8_I5RvFgXpeg&u_id=0 HTTP/1.1[0m" 200 -
127.0.0.1 - - [13/Apr/2021 05:47:45] "[37mPOST /channels/create/v2 HTTP/1.1[0m" 200 -
127.0.0.1 - - [13/Apr/2021 05:47:45] "[37mPOST /message/send/v2 HTTP/1.1[0m" 200 -
127.0.0.1 - - [13/Apr/2021 05:47:45] "[37mPUT /message/edit/v2 HTTP/1.1[0m" 200 -
127.0.0.1 - - [13/Apr/2021 05:47:45] "[37mGET /channel/messages/v2?token=eyJ0eXAiOiJKV1QiLCJhbGciOiJIUzI1NiJ9.eyJzZXNzaW9uX2lkIjowLCJ1c2VyX2lkIjowfQ.mNX5f58rMYtTkp9fZydVCSZAXxviyhR8_I5RvFgXpeg&channel_id=0&start=0 HTTP/1.1[0m" 200 -
127.0.0.1 - - [13/Apr/2021 05:47:45] "[37mDELETE /clear/v1 HTTP/1.1[0m" 200 -
127.0.0.1 - - [13/Apr/2021 05:47:45] "[37mPOST /auth/register/v2 HTTP/1.1[0m" 200 -
127.0.0.1 - - [13/Apr/2021 05:47:45] "[37mGET /user/profile/v2?token=eyJ0eXAiOiJKV1QiLCJhbGciOiJIUzI1NiJ9.eyJzZXNzaW9uX2lkIjowLCJ1c2VyX2lkIjowfQ.mNX5f58rMYtTkp9fZydVCSZAXxviyhR8_I5RvFgXpeg&u_id=0 HTTP/1.1[0m" 200 -
127.0.0.1 - - [13/Apr/2021 05:47:45] "[37mPOST /channels/create/v2 HTTP/1.1[0m" 200 -
127.0.0.1 - - [13/Apr/2021 05:47:45] "[37mPOST /auth/register/v2 HTTP/1.1[0m" 200 -
127.0.0.1 - - [13/Apr/2021 05:47:45] "[37mGET /user/profile/v2?token=eyJ0eXAiOiJKV1QiLCJhbGciOiJIUzI1NiJ9.eyJzZXNzaW9uX2lkIjowLCJ1c2VyX2lkIjoxfQ.5xbRn_BBsTLXugTHkmPy2IGl5OTWXb7MWn1d_NYdOGo&u_id=1 HTTP/1.1[0m" 200 -
127.0.0.1 - - [13/Apr/2021 05:47:45] "[37mPOST /channel/join/v2 HTTP/1.1[0m" 200 -
127.0.0.1 - - [13/Apr/2021 05:47:45] "[37mPOST /message/send/v2 HTTP/1.1[0m" 200 -
127.0.0.1 - - [13/Apr/2021 05:47:45] "[37mPUT /message/edit/v2 HTTP/1.1[0m" 200 -
127.0.0.1 - - [13/Apr/2021 05:47:45] "[37mGET /channel/messages/v2?token=eyJ0eXAiOiJKV1QiLCJhbGciOiJIUzI1NiJ9.eyJzZXNzaW9uX2lkIjowLCJ1c2VyX2lkIjowfQ.mNX5f58rMYtTkp9fZydVCSZAXxviyhR8_I5RvFgXpeg&channel_id=0&start=0 HTTP/1.1[0m" 200 -
127.0.0.1 - - [13/Apr/2021 05:47:45] "[37mDELETE /clear/v1 HTTP/1.1[0m" 200 -
127.0.0.1 - - [13/Apr/2021 05:47:45] "[37mPOST /auth/register/v2 HTTP/1.1[0m" 200 -
127.0.0.1 - - [13/Apr/2021 05:47:45] "[37mGET /user/profile/v2?token=eyJ0eXAiOiJKV1QiLCJhbGciOiJIUzI1NiJ9.eyJzZXNzaW9uX2lkIjowLCJ1c2VyX2lkIjowfQ.mNX5f58rMYtTkp9fZydVCSZAXxviyhR8_I5RvFgXpeg&u_id=0 HTTP/1.1[0m" 200 -
127.0.0.1 - - [13/Apr/2021 05:47:45] "[37mPOST /auth/register/v2 HTTP/1.1[0m" 200 -
127.0.0.1 - - [13/Apr/2021 05:47:45] "[37mGET /user/profile/v2?token=eyJ0eXAiOiJKV1QiLCJhbGciOiJIUzI1NiJ9.eyJzZXNzaW9uX2lkIjowLCJ1c2VyX2lkIjoxfQ.5xbRn_BBsTLXugTHkmPy2IGl5OTWXb7MWn1d_NYdOGo&u_id=1 HTTP/1.1[0m" 200 -
127.0.0.1 - - [13/Apr/2021 05:47:45] "[37mPOST /channels/create/v2 HTTP/1.1[0m" 200 -
127.0.0.1 - - [13/Apr/2021 05:47:45] "[37mPOST /message/send/v2 HTTP/1.1[0m" 200 -
127.0.0.1 - - [13/Apr/2021 05:47:45] "[37mPUT /message/edit/v2 HTTP/1.1[0m" 200 -
127.0.0.1 - - [13/Apr/2021 05:47:45] "[37mGET /channel/messages/v2?token=eyJ0eXAiOiJKV1QiLCJhbGciOiJIUzI1NiJ9.eyJzZXNzaW9uX2lkIjowLCJ1c2VyX2lkIjoxfQ.5xbRn_BBsTLXugTHkmPy2IGl5OTWXb7MWn1d_NYdOGo&channel_id=0&start=0 HTTP/1.1[0m" 200 -
127.0.0.1 - - [13/Apr/2021 05:47:45] "[37mDELETE /clear/v1 HTTP/1.1[0m" 200 -
127.0.0.1 - - [13/Apr/2021 05:47:45] "[37mPOST /auth/register/v2 HTTP/1.1[0m" 200 -
127.0.0.1 - - [13/Apr/2021 05:47:45] "[37mGET /user/profile/v2?token=eyJ0eXAiOiJKV1QiLCJhbGciOiJIUzI1NiJ9.eyJzZXNzaW9uX2lkIjowLCJ1c2VyX2lkIjowfQ.mNX5f58rMYtTkp9fZydVCSZAXxviyhR8_I5RvFgXpeg&u_id=0 HTTP/1.1[0m" 200 -
127.0.0.1 - - [13/Apr/2021 05:47:45] "[37mPOST /channels/create/v2 HTTP/1.1[0m" 200 -
127.0.0.1 - - [13/Apr/2021 05:47:45] "[37mPOST /message/send/v2 HTTP/1.1[0m" 200 -
[2021-04-13 05:47:45,643] ERROR in app: Exception on /message/edit/v2 [PUT]
Traceback (most recent call last):
  File "/import/kamen/3/cs1531/.local/lib/python3.7/site-packages/flask/app.py", line 1950, in full_dispatch_request
    rv = self.dispatch_request()
  File "/import/kamen/3/cs1531/.local/lib/python3.7/site-packages/flask/app.py", line 1936, in dispatch_request
    return self.view_functions[rule.endpoint](**req.view_args)
  File "/tmp_amd/kamen/export/kamen/3/cs1531/automark/tempstore/src/server.py", line 131, in message_edit
    return src.message.message_edit_v1(payload['token'], payload['message_id'], payload['message'])
  File "/tmp_amd/kamen/export/kamen/3/cs1531/automark/tempstore/src/message.py", line 206, in message_edit_v1
    if data['messages_log'][i]['channel_id'] != -1:     #* If message is in a channel
IndexError: list index out of range

During handling of the above exception, another exception occurred:

Traceback (most recent call last):
  File "/import/kamen/3/cs1531/.local/lib/python3.7/site-packages/flask/app.py", line 2447, in wsgi_app
    response = self.full_dispatch_request()
  File "/import/kamen/3/cs1531/.local/lib/python3.7/site-packages/flask/app.py", line 1952, in full_dispatch_request
    rv = self.handle_user_exception(e)
  File "/import/kamen/3/cs1531/.local/lib/python3.7/site-packages/flask_cors/extension.py", line 165, in wrapped_function
    return cors_after_request(app.make_response(f(*args, **kwargs)))
  File "/import/kamen/3/cs1531/.local/lib/python3.7/site-packages/flask/app.py", line 1822, in handle_user_exception
    return handler(e)
  File "/tmp_amd/kamen/export/kamen/3/cs1531/automark/tempstore/src/server.py", line 10, in defaultHandler
    response = err.get_response()
AttributeError: 'IndexError' object has no attribute 'get_response'
127.0.0.1 - - [13/Apr/2021 05:47:45] "[35m[1mPUT /message/edit/v2 HTTP/1.1[0m" 500 -
127.0.0.1 - - [13/Apr/2021 05:47:45] "[37mDELETE /clear/v1 HTTP/1.1[0m" 200 -
127.0.0.1 - - [13/Apr/2021 05:47:45] "[37mPOST /auth/register/v2 HTTP/1.1[0m" 200 -
127.0.0.1 - - [13/Apr/2021 05:47:45] "[37mGET /user/profile/v2?token=eyJ0eXAiOiJKV1QiLCJhbGciOiJIUzI1NiJ9.eyJzZXNzaW9uX2lkIjowLCJ1c2VyX2lkIjowfQ.mNX5f58rMYtTkp9fZydVCSZAXxviyhR8_I5RvFgXpeg&u_id=0 HTTP/1.1[0m" 200 -
127.0.0.1 - - [13/Apr/2021 05:47:45] "[37mPOST /channels/create/v2 HTTP/1.1[0m" 200 -
127.0.0.1 - - [13/Apr/2021 05:47:45] "[37mPOST /message/send/v2 HTTP/1.1[0m" 200 -
127.0.0.1 - - [13/Apr/2021 05:47:45] "[31m[1mPUT /message/edit/v2 HTTP/1.1[0m" 400 -
127.0.0.1 - - [13/Apr/2021 05:47:45] "[37mDELETE /clear/v1 HTTP/1.1[0m" 200 -
127.0.0.1 - - [13/Apr/2021 05:47:45] "[37mPOST /auth/register/v2 HTTP/1.1[0m" 200 -
127.0.0.1 - - [13/Apr/2021 05:47:45] "[37mGET /user/profile/v2?token=eyJ0eXAiOiJKV1QiLCJhbGciOiJIUzI1NiJ9.eyJzZXNzaW9uX2lkIjowLCJ1c2VyX2lkIjowfQ.mNX5f58rMYtTkp9fZydVCSZAXxviyhR8_I5RvFgXpeg&u_id=0 HTTP/1.1[0m" 200 -
127.0.0.1 - - [13/Apr/2021 05:47:45] "[37mPOST /channels/create/v2 HTTP/1.1[0m" 200 -
127.0.0.1 - - [13/Apr/2021 05:47:45] "[37mPOST /message/send/v2 HTTP/1.1[0m" 200 -
[2021-04-13 05:47:45,732] ERROR in app: Exception on /message/edit/v2 [PUT]
Traceback (most recent call last):
  File "/import/kamen/3/cs1531/.local/lib/python3.7/site-packages/flask/app.py", line 1950, in full_dispatch_request
    rv = self.dispatch_request()
  File "/import/kamen/3/cs1531/.local/lib/python3.7/site-packages/flask/app.py", line 1936, in dispatch_request
    return self.view_functions[rule.endpoint](**req.view_args)
  File "/tmp_amd/kamen/export/kamen/3/cs1531/automark/tempstore/src/server.py", line 131, in message_edit
    return src.message.message_edit_v1(payload['token'], payload['message_id'], payload['message'])
  File "/tmp_amd/kamen/export/kamen/3/cs1531/automark/tempstore/src/message.py", line 206, in message_edit_v1
    if data['messages_log'][i]['channel_id'] != -1:     #* If message is in a channel
IndexError: list index out of range

During handling of the above exception, another exception occurred:

Traceback (most recent call last):
  File "/import/kamen/3/cs1531/.local/lib/python3.7/site-packages/flask/app.py", line 2447, in wsgi_app
    response = self.full_dispatch_request()
  File "/import/kamen/3/cs1531/.local/lib/python3.7/site-packages/flask/app.py", line 1952, in full_dispatch_request
    rv = self.handle_user_exception(e)
  File "/import/kamen/3/cs1531/.local/lib/python3.7/site-packages/flask_cors/extension.py", line 165, in wrapped_function
    return cors_after_request(app.make_response(f(*args, **kwargs)))
  File "/import/kamen/3/cs1531/.local/lib/python3.7/site-packages/flask/app.py", line 1822, in handle_user_exception
    return handler(e)
  File "/tmp_amd/kamen/export/kamen/3/cs1531/automark/tempstore/src/server.py", line 10, in defaultHandler
    response = err.get_response()
AttributeError: 'IndexError' object has no attribute 'get_response'
127.0.0.1 - - [13/Apr/2021 05:47:45] "[35m[1mPUT /message/edit/v2 HTTP/1.1[0m" 500 -
127.0.0.1 - - [13/Apr/2021 05:47:45] "[37mDELETE /clear/v1 HTTP/1.1[0m" 200 -
127.0.0.1 - - [13/Apr/2021 05:47:45] "[37mPOST /auth/register/v2 HTTP/1.1[0m" 200 -
127.0.0.1 - - [13/Apr/2021 05:47:45] "[37mGET /user/profile/v2?token=eyJ0eXAiOiJKV1QiLCJhbGciOiJIUzI1NiJ9.eyJzZXNzaW9uX2lkIjowLCJ1c2VyX2lkIjowfQ.mNX5f58rMYtTkp9fZydVCSZAXxviyhR8_I5RvFgXpeg&u_id=0 HTTP/1.1[0m" 200 -
127.0.0.1 - - [13/Apr/2021 05:47:45] "[37mPOST /channels/create/v2 HTTP/1.1[0m" 200 -
127.0.0.1 - - [13/Apr/2021 05:47:45] "[37mPOST /auth/register/v2 HTTP/1.1[0m" 200 -
127.0.0.1 - - [13/Apr/2021 05:47:45] "[37mGET /user/profile/v2?token=eyJ0eXAiOiJKV1QiLCJhbGciOiJIUzI1NiJ9.eyJzZXNzaW9uX2lkIjowLCJ1c2VyX2lkIjoxfQ.5xbRn_BBsTLXugTHkmPy2IGl5OTWXb7MWn1d_NYdOGo&u_id=1 HTTP/1.1[0m" 200 -
127.0.0.1 - - [13/Apr/2021 05:47:45] "[37mPOST /channel/join/v2 HTTP/1.1[0m" 200 -
127.0.0.1 - - [13/Apr/2021 05:47:45] "[37mPOST /message/send/v2 HTTP/1.1[0m" 200 -
127.0.0.1 - - [13/Apr/2021 05:47:45] "[31m[1mPUT /message/edit/v2 HTTP/1.1[0m" 403 -
127.0.0.1 - - [13/Apr/2021 05:47:45] "[37mDELETE /clear/v1 HTTP/1.1[0m" 200 -
127.0.0.1 - - [13/Apr/2021 05:47:45] "[37mPOST /auth/register/v2 HTTP/1.1[0m" 200 -
127.0.0.1 - - [13/Apr/2021 05:47:45] "[37mGET /user/profile/v2?token=eyJ0eXAiOiJKV1QiLCJhbGciOiJIUzI1NiJ9.eyJzZXNzaW9uX2lkIjowLCJ1c2VyX2lkIjowfQ.mNX5f58rMYtTkp9fZydVCSZAXxviyhR8_I5RvFgXpeg&u_id=0 HTTP/1.1[0m" 200 -
127.0.0.1 - - [13/Apr/2021 05:47:45] "[37mPOST /channels/create/v2 HTTP/1.1[0m" 200 -
127.0.0.1 - - [13/Apr/2021 05:47:45] "[37mPOST /message/send/v2 HTTP/1.1[0m" 200 -
127.0.0.1 - - [13/Apr/2021 05:47:45] "[31m[1mPOST /auth/logout/v1 HTTP/1.1[0m" 405 -
127.0.0.1 - - [13/Apr/2021 05:47:45] "[37mDELETE /clear/v1 HTTP/1.1[0m" 200 -
127.0.0.1 - - [13/Apr/2021 05:47:45] "[37mPOST /auth/register/v2 HTTP/1.1[0m" 200 -
127.0.0.1 - - [13/Apr/2021 05:47:45] "[37mGET /user/profile/v2?token=eyJ0eXAiOiJKV1QiLCJhbGciOiJIUzI1NiJ9.eyJzZXNzaW9uX2lkIjowLCJ1c2VyX2lkIjowfQ.mNX5f58rMYtTkp9fZydVCSZAXxviyhR8_I5RvFgXpeg&u_id=0 HTTP/1.1[0m" 200 -
127.0.0.1 - - [13/Apr/2021 05:47:45] "[37mPOST /channels/create/v2 HTTP/1.1[0m" 200 -
127.0.0.1 - - [13/Apr/2021 05:47:45] "[37mPOST /message/send/v2 HTTP/1.1[0m" 200 -
127.0.0.1 - - [13/Apr/2021 05:47:45] "[37mDELETE /message/remove/v1 HTTP/1.1[0m" 200 -
127.0.0.1 - - [13/Apr/2021 05:47:45] "[37mGET /channel/messages/v2?token=eyJ0eXAiOiJKV1QiLCJhbGciOiJIUzI1NiJ9.eyJzZXNzaW9uX2lkIjowLCJ1c2VyX2lkIjowfQ.mNX5f58rMYtTkp9fZydVCSZAXxviyhR8_I5RvFgXpeg&channel_id=0&start=0 HTTP/1.1[0m" 200 -
127.0.0.1 - - [13/Apr/2021 05:47:45] "[37mDELETE /clear/v1 HTTP/1.1[0m" 200 -
127.0.0.1 - - [13/Apr/2021 05:47:45] "[37mPOST /auth/register/v2 HTTP/1.1[0m" 200 -
127.0.0.1 - - [13/Apr/2021 05:47:45] "[37mGET /user/profile/v2?token=eyJ0eXAiOiJKV1QiLCJhbGciOiJIUzI1NiJ9.eyJzZXNzaW9uX2lkIjowLCJ1c2VyX2lkIjowfQ.mNX5f58rMYtTkp9fZydVCSZAXxviyhR8_I5RvFgXpeg&u_id=0 HTTP/1.1[0m" 200 -
127.0.0.1 - - [13/Apr/2021 05:47:45] "[37mPOST /channels/create/v2 HTTP/1.1[0m" 200 -
127.0.0.1 - - [13/Apr/2021 05:47:45] "[37mPOST /auth/register/v2 HTTP/1.1[0m" 200 -
127.0.0.1 - - [13/Apr/2021 05:47:45] "[37mGET /user/profile/v2?token=eyJ0eXAiOiJKV1QiLCJhbGciOiJIUzI1NiJ9.eyJzZXNzaW9uX2lkIjowLCJ1c2VyX2lkIjoxfQ.5xbRn_BBsTLXugTHkmPy2IGl5OTWXb7MWn1d_NYdOGo&u_id=1 HTTP/1.1[0m" 200 -
127.0.0.1 - - [13/Apr/2021 05:47:45] "[37mPOST /channel/join/v2 HTTP/1.1[0m" 200 -
127.0.0.1 - - [13/Apr/2021 05:47:45] "[37mPOST /message/send/v2 HTTP/1.1[0m" 200 -
127.0.0.1 - - [13/Apr/2021 05:47:45] "[37mDELETE /message/remove/v1 HTTP/1.1[0m" 200 -
127.0.0.1 - - [13/Apr/2021 05:47:45] "[37mGET /channel/messages/v2?token=eyJ0eXAiOiJKV1QiLCJhbGciOiJIUzI1NiJ9.eyJzZXNzaW9uX2lkIjowLCJ1c2VyX2lkIjowfQ.mNX5f58rMYtTkp9fZydVCSZAXxviyhR8_I5RvFgXpeg&channel_id=0&start=0 HTTP/1.1[0m" 200 -
127.0.0.1 - - [13/Apr/2021 05:47:45] "[37mDELETE /clear/v1 HTTP/1.1[0m" 200 -
127.0.0.1 - - [13/Apr/2021 05:47:45] "[37mPOST /auth/register/v2 HTTP/1.1[0m" 200 -
127.0.0.1 - - [13/Apr/2021 05:47:45] "[37mGET /user/profile/v2?token=eyJ0eXAiOiJKV1QiLCJhbGciOiJIUzI1NiJ9.eyJzZXNzaW9uX2lkIjowLCJ1c2VyX2lkIjowfQ.mNX5f58rMYtTkp9fZydVCSZAXxviyhR8_I5RvFgXpeg&u_id=0 HTTP/1.1[0m" 200 -
127.0.0.1 - - [13/Apr/2021 05:47:45] "[37mPOST /auth/register/v2 HTTP/1.1[0m" 200 -
127.0.0.1 - - [13/Apr/2021 05:47:45] "[37mGET /user/profile/v2?token=eyJ0eXAiOiJKV1QiLCJhbGciOiJIUzI1NiJ9.eyJzZXNzaW9uX2lkIjowLCJ1c2VyX2lkIjoxfQ.5xbRn_BBsTLXugTHkmPy2IGl5OTWXb7MWn1d_NYdOGo&u_id=1 HTTP/1.1[0m" 200 -
127.0.0.1 - - [13/Apr/2021 05:47:45] "[37mPOST /channels/create/v2 HTTP/1.1[0m" 200 -
127.0.0.1 - - [13/Apr/2021 05:47:45] "[37mPOST /message/send/v2 HTTP/1.1[0m" 200 -
127.0.0.1 - - [13/Apr/2021 05:47:45] "[37mDELETE /message/remove/v1 HTTP/1.1[0m" 200 -
127.0.0.1 - - [13/Apr/2021 05:47:46] "[37mGET /channel/messages/v2?token=eyJ0eXAiOiJKV1QiLCJhbGciOiJIUzI1NiJ9.eyJzZXNzaW9uX2lkIjowLCJ1c2VyX2lkIjoxfQ.5xbRn_BBsTLXugTHkmPy2IGl5OTWXb7MWn1d_NYdOGo&channel_id=0&start=0 HTTP/1.1[0m" 200 -
127.0.0.1 - - [13/Apr/2021 05:47:46] "[37mDELETE /clear/v1 HTTP/1.1[0m" 200 -
127.0.0.1 - - [13/Apr/2021 05:47:46] "[37mPOST /auth/register/v2 HTTP/1.1[0m" 200 -
127.0.0.1 - - [13/Apr/2021 05:47:46] "[37mGET /user/profile/v2?token=eyJ0eXAiOiJKV1QiLCJhbGciOiJIUzI1NiJ9.eyJzZXNzaW9uX2lkIjowLCJ1c2VyX2lkIjowfQ.mNX5f58rMYtTkp9fZydVCSZAXxviyhR8_I5RvFgXpeg&u_id=0 HTTP/1.1[0m" 200 -
127.0.0.1 - - [13/Apr/2021 05:47:46] "[37mPOST /channels/create/v2 HTTP/1.1[0m" 200 -
127.0.0.1 - - [13/Apr/2021 05:47:46] "[37mPOST /message/send/v2 HTTP/1.1[0m" 200 -
127.0.0.1 - - [13/Apr/2021 05:47:46] "[37mDELETE /message/remove/v1 HTTP/1.1[0m" 200 -
127.0.0.1 - - [13/Apr/2021 05:47:46] "[31m[1mDELETE /message/remove/v1 HTTP/1.1[0m" 400 -
127.0.0.1 - - [13/Apr/2021 05:47:46] "[37mDELETE /clear/v1 HTTP/1.1[0m" 200 -
127.0.0.1 - - [13/Apr/2021 05:47:46] "[37mPOST /auth/register/v2 HTTP/1.1[0m" 200 -
127.0.0.1 - - [13/Apr/2021 05:47:46] "[37mGET /user/profile/v2?token=eyJ0eXAiOiJKV1QiLCJhbGciOiJIUzI1NiJ9.eyJzZXNzaW9uX2lkIjowLCJ1c2VyX2lkIjowfQ.mNX5f58rMYtTkp9fZydVCSZAXxviyhR8_I5RvFgXpeg&u_id=0 HTTP/1.1[0m" 200 -
127.0.0.1 - - [13/Apr/2021 05:47:46] "[37mPOST /channels/create/v2 HTTP/1.1[0m" 200 -
127.0.0.1 - - [13/Apr/2021 05:47:46] "[37mPOST /auth/register/v2 HTTP/1.1[0m" 200 -
127.0.0.1 - - [13/Apr/2021 05:47:46] "[37mGET /user/profile/v2?token=eyJ0eXAiOiJKV1QiLCJhbGciOiJIUzI1NiJ9.eyJzZXNzaW9uX2lkIjowLCJ1c2VyX2lkIjoxfQ.5xbRn_BBsTLXugTHkmPy2IGl5OTWXb7MWn1d_NYdOGo&u_id=1 HTTP/1.1[0m" 200 -
127.0.0.1 - - [13/Apr/2021 05:47:46] "[37mPOST /channel/join/v2 HTTP/1.1[0m" 200 -
127.0.0.1 - - [13/Apr/2021 05:47:46] "[37mPOST /message/send/v2 HTTP/1.1[0m" 200 -
127.0.0.1 - - [13/Apr/2021 05:47:46] "[31m[1mDELETE /message/remove/v1 HTTP/1.1[0m" 403 -
127.0.0.1 - - [13/Apr/2021 05:47:46] "[37mDELETE /clear/v1 HTTP/1.1[0m" 200 -
127.0.0.1 - - [13/Apr/2021 05:47:46] "[37mPOST /auth/register/v2 HTTP/1.1[0m" 200 -
127.0.0.1 - - [13/Apr/2021 05:47:46] "[37mGET /user/profile/v2?token=eyJ0eXAiOiJKV1QiLCJhbGciOiJIUzI1NiJ9.eyJzZXNzaW9uX2lkIjowLCJ1c2VyX2lkIjowfQ.mNX5f58rMYtTkp9fZydVCSZAXxviyhR8_I5RvFgXpeg&u_id=0 HTTP/1.1[0m" 200 -
127.0.0.1 - - [13/Apr/2021 05:47:46] "[37mPOST /channels/create/v2 HTTP/1.1[0m" 200 -
127.0.0.1 - - [13/Apr/2021 05:47:46] "[37mPOST /message/send/v2 HTTP/1.1[0m" 200 -
127.0.0.1 - - [13/Apr/2021 05:47:46] "[31m[1mPOST /auth/logout/v1 HTTP/1.1[0m" 405 -
127.0.0.1 - - [13/Apr/2021 05:47:46] "[37mDELETE /clear/v1 HTTP/1.1[0m" 200 -
127.0.0.1 - - [13/Apr/2021 05:47:46] "[37mPOST /auth/register/v2 HTTP/1.1[0m" 200 -
127.0.0.1 - - [13/Apr/2021 05:47:46] "[37mGET /user/profile/v2?token=eyJ0eXAiOiJKV1QiLCJhbGciOiJIUzI1NiJ9.eyJzZXNzaW9uX2lkIjowLCJ1c2VyX2lkIjowfQ.mNX5f58rMYtTkp9fZydVCSZAXxviyhR8_I5RvFgXpeg&u_id=0 HTTP/1.1[0m" 200 -
127.0.0.1 - - [13/Apr/2021 05:47:46] "[37mPOST /channels/create/v2 HTTP/1.1[0m" 200 -
127.0.0.1 - - [13/Apr/2021 05:47:46] "[37mPOST /message/send/v2 HTTP/1.1[0m" 200 -
127.0.0.1 - - [13/Apr/2021 05:47:46] "[37mGET /channel/messages/v2?token=eyJ0eXAiOiJKV1QiLCJhbGciOiJIUzI1NiJ9.eyJzZXNzaW9uX2lkIjowLCJ1c2VyX2lkIjowfQ.mNX5f58rMYtTkp9fZydVCSZAXxviyhR8_I5RvFgXpeg&channel_id=0&start=0 HTTP/1.1[0m" 200 -
127.0.0.1 - - [13/Apr/2021 05:47:46] "[37mDELETE /clear/v1 HTTP/1.1[0m" 200 -
127.0.0.1 - - [13/Apr/2021 05:47:46] "[37mPOST /auth/register/v2 HTTP/1.1[0m" 200 -
127.0.0.1 - - [13/Apr/2021 05:47:46] "[37mGET /user/profile/v2?token=eyJ0eXAiOiJKV1QiLCJhbGciOiJIUzI1NiJ9.eyJzZXNzaW9uX2lkIjowLCJ1c2VyX2lkIjowfQ.mNX5f58rMYtTkp9fZydVCSZAXxviyhR8_I5RvFgXpeg&u_id=0 HTTP/1.1[0m" 200 -
127.0.0.1 - - [13/Apr/2021 05:47:46] "[37mPOST /channels/create/v2 HTTP/1.1[0m" 200 -
127.0.0.1 - - [13/Apr/2021 05:47:46] "[37mPOST /auth/register/v2 HTTP/1.1[0m" 200 -
127.0.0.1 - - [13/Apr/2021 05:47:46] "[37mGET /user/profile/v2?token=eyJ0eXAiOiJKV1QiLCJhbGciOiJIUzI1NiJ9.eyJzZXNzaW9uX2lkIjowLCJ1c2VyX2lkIjoxfQ.5xbRn_BBsTLXugTHkmPy2IGl5OTWXb7MWn1d_NYdOGo&u_id=1 HTTP/1.1[0m" 200 -
127.0.0.1 - - [13/Apr/2021 05:47:46] "[31m[1mPOST /message/send/v2 HTTP/1.1[0m" 403 -
127.0.0.1 - - [13/Apr/2021 05:47:46] "[37mDELETE /clear/v1 HTTP/1.1[0m" 200 -
127.0.0.1 - - [13/Apr/2021 05:47:46] "[37mPOST /auth/register/v2 HTTP/1.1[0m" 200 -
127.0.0.1 - - [13/Apr/2021 05:47:46] "[37mGET /user/profile/v2?token=eyJ0eXAiOiJKV1QiLCJhbGciOiJIUzI1NiJ9.eyJzZXNzaW9uX2lkIjowLCJ1c2VyX2lkIjowfQ.mNX5f58rMYtTkp9fZydVCSZAXxviyhR8_I5RvFgXpeg&u_id=0 HTTP/1.1[0m" 200 -
127.0.0.1 - - [13/Apr/2021 05:47:46] "[37mPOST /channels/create/v2 HTTP/1.1[0m" 200 -
127.0.0.1 - - [13/Apr/2021 05:47:46] "[31m[1mPOST /message/send/v2 HTTP/1.1[0m" 400 -
127.0.0.1 - - [13/Apr/2021 05:47:46] "[37mDELETE /clear/v1 HTTP/1.1[0m" 200 -
127.0.0.1 - - [13/Apr/2021 05:47:46] "[37mPOST /auth/register/v2 HTTP/1.1[0m" 200 -
127.0.0.1 - - [13/Apr/2021 05:47:46] "[37mGET /user/profile/v2?token=eyJ0eXAiOiJKV1QiLCJhbGciOiJIUzI1NiJ9.eyJzZXNzaW9uX2lkIjowLCJ1c2VyX2lkIjowfQ.mNX5f58rMYtTkp9fZydVCSZAXxviyhR8_I5RvFgXpeg&u_id=0 HTTP/1.1[0m" 200 -
127.0.0.1 - - [13/Apr/2021 05:47:46] "[37mPOST /channels/create/v2 HTTP/1.1[0m" 200 -
127.0.0.1 - - [13/Apr/2021 05:47:46] "[31m[1mPOST /auth/logout/v1 HTTP/1.1[0m" 405 -
127.0.0.1 - - [13/Apr/2021 05:47:46] "[37mDELETE /clear/v1 HTTP/1.1[0m" 200 -
127.0.0.1 - - [13/Apr/2021 05:47:46] "[37mPOST /auth/register/v2 HTTP/1.1[0m" 200 -
127.0.0.1 - - [13/Apr/2021 05:47:46] "[37mGET /user/profile/v2?token=eyJ0eXAiOiJKV1QiLCJhbGciOiJIUzI1NiJ9.eyJzZXNzaW9uX2lkIjowLCJ1c2VyX2lkIjowfQ.mNX5f58rMYtTkp9fZydVCSZAXxviyhR8_I5RvFgXpeg&u_id=0 HTTP/1.1[0m" 200 -
127.0.0.1 - - [13/Apr/2021 05:47:46] "[37mPOST /auth/register/v2 HTTP/1.1[0m" 200 -
127.0.0.1 - - [13/Apr/2021 05:47:46] "[37mGET /user/profile/v2?token=eyJ0eXAiOiJKV1QiLCJhbGciOiJIUzI1NiJ9.eyJzZXNzaW9uX2lkIjowLCJ1c2VyX2lkIjoxfQ.5xbRn_BBsTLXugTHkmPy2IGl5OTWXb7MWn1d_NYdOGo&u_id=1 HTTP/1.1[0m" 200 -
127.0.0.1 - - [13/Apr/2021 05:47:46] "[37mPOST /dm/create/v1 HTTP/1.1[0m" 200 -
127.0.0.1 - - [13/Apr/2021 05:47:46] "[37mPOST /message/senddm/v1 HTTP/1.1[0m" 200 -
127.0.0.1 - - [13/Apr/2021 05:47:46] "[37mGET /dm/messages/v1?token=eyJ0eXAiOiJKV1QiLCJhbGciOiJIUzI1NiJ9.eyJzZXNzaW9uX2lkIjowLCJ1c2VyX2lkIjowfQ.mNX5f58rMYtTkp9fZydVCSZAXxviyhR8_I5RvFgXpeg&dm_id=0&start=0 HTTP/1.1[0m" 200 -
127.0.0.1 - - [13/Apr/2021 05:47:46] "[37mDELETE /clear/v1 HTTP/1.1[0m" 200 -
127.0.0.1 - - [13/Apr/2021 05:47:46] "[37mPOST /auth/register/v2 HTTP/1.1[0m" 200 -
127.0.0.1 - - [13/Apr/2021 05:47:46] "[37mGET /user/profile/v2?token=eyJ0eXAiOiJKV1QiLCJhbGciOiJIUzI1NiJ9.eyJzZXNzaW9uX2lkIjowLCJ1c2VyX2lkIjowfQ.mNX5f58rMYtTkp9fZydVCSZAXxviyhR8_I5RvFgXpeg&u_id=0 HTTP/1.1[0m" 200 -
127.0.0.1 - - [13/Apr/2021 05:47:46] "[37mPOST /auth/register/v2 HTTP/1.1[0m" 200 -
127.0.0.1 - - [13/Apr/2021 05:47:46] "[37mGET /user/profile/v2?token=eyJ0eXAiOiJKV1QiLCJhbGciOiJIUzI1NiJ9.eyJzZXNzaW9uX2lkIjowLCJ1c2VyX2lkIjoxfQ.5xbRn_BBsTLXugTHkmPy2IGl5OTWXb7MWn1d_NYdOGo&u_id=1 HTTP/1.1[0m" 200 -
127.0.0.1 - - [13/Apr/2021 05:47:46] "[37mPOST /auth/register/v2 HTTP/1.1[0m" 200 -
127.0.0.1 - - [13/Apr/2021 05:47:46] "[37mGET /user/profile/v2?token=eyJ0eXAiOiJKV1QiLCJhbGciOiJIUzI1NiJ9.eyJzZXNzaW9uX2lkIjowLCJ1c2VyX2lkIjoyfQ.5-bPobRcAy4amwzkV62if7N8xuQjY8hHFI_DUXJyBts&u_id=2 HTTP/1.1[0m" 200 -
127.0.0.1 - - [13/Apr/2021 05:47:46] "[37mPOST /dm/create/v1 HTTP/1.1[0m" 200 -
127.0.0.1 - - [13/Apr/2021 05:47:46] "[31m[1mPOST /message/senddm/v1 HTTP/1.1[0m" 403 -
127.0.0.1 - - [13/Apr/2021 05:47:46] "[37mDELETE /clear/v1 HTTP/1.1[0m" 200 -
127.0.0.1 - - [13/Apr/2021 05:47:46] "[37mPOST /auth/register/v2 HTTP/1.1[0m" 200 -
127.0.0.1 - - [13/Apr/2021 05:47:46] "[37mGET /user/profile/v2?token=eyJ0eXAiOiJKV1QiLCJhbGciOiJIUzI1NiJ9.eyJzZXNzaW9uX2lkIjowLCJ1c2VyX2lkIjowfQ.mNX5f58rMYtTkp9fZydVCSZAXxviyhR8_I5RvFgXpeg&u_id=0 HTTP/1.1[0m" 200 -
127.0.0.1 - - [13/Apr/2021 05:47:46] "[37mPOST /auth/register/v2 HTTP/1.1[0m" 200 -
127.0.0.1 - - [13/Apr/2021 05:47:46] "[37mGET /user/profile/v2?token=eyJ0eXAiOiJKV1QiLCJhbGciOiJIUzI1NiJ9.eyJzZXNzaW9uX2lkIjowLCJ1c2VyX2lkIjoxfQ.5xbRn_BBsTLXugTHkmPy2IGl5OTWXb7MWn1d_NYdOGo&u_id=1 HTTP/1.1[0m" 200 -
127.0.0.1 - - [13/Apr/2021 05:47:46] "[37mPOST /dm/create/v1 HTTP/1.1[0m" 200 -
127.0.0.1 - - [13/Apr/2021 05:47:46] "[31m[1mPOST /message/senddm/v1 HTTP/1.1[0m" 400 -
127.0.0.1 - - [13/Apr/2021 05:47:46] "[37mDELETE /clear/v1 HTTP/1.1[0m" 200 -
127.0.0.1 - - [13/Apr/2021 05:47:46] "[37mPOST /auth/register/v2 HTTP/1.1[0m" 200 -
127.0.0.1 - - [13/Apr/2021 05:47:46] "[37mGET /user/profile/v2?token=eyJ0eXAiOiJKV1QiLCJhbGciOiJIUzI1NiJ9.eyJzZXNzaW9uX2lkIjowLCJ1c2VyX2lkIjowfQ.mNX5f58rMYtTkp9fZydVCSZAXxviyhR8_I5RvFgXpeg&u_id=0 HTTP/1.1[0m" 200 -
127.0.0.1 - - [13/Apr/2021 05:47:46] "[37mPOST /auth/register/v2 HTTP/1.1[0m" 200 -
127.0.0.1 - - [13/Apr/2021 05:47:46] "[37mGET /user/profile/v2?token=eyJ0eXAiOiJKV1QiLCJhbGciOiJIUzI1NiJ9.eyJzZXNzaW9uX2lkIjowLCJ1c2VyX2lkIjoxfQ.5xbRn_BBsTLXugTHkmPy2IGl5OTWXb7MWn1d_NYdOGo&u_id=1 HTTP/1.1[0m" 200 -
127.0.0.1 - - [13/Apr/2021 05:47:46] "[37mPOST /dm/create/v1 HTTP/1.1[0m" 200 -
127.0.0.1 - - [13/Apr/2021 05:47:46] "[31m[1mPOST /auth/logout/v1 HTTP/1.1[0m" 405 -
127.0.0.1 - - [13/Apr/2021 05:47:46] "[37mDELETE /clear/v1 HTTP/1.1[0m" 200 -
127.0.0.1 - - [13/Apr/2021 05:47:46] "[37mPOST /auth/register/v2 HTTP/1.1[0m" 200 -
127.0.0.1 - - [13/Apr/2021 05:47:46] "[37mGET /user/profile/v2?token=eyJ0eXAiOiJKV1QiLCJhbGciOiJIUzI1NiJ9.eyJzZXNzaW9uX2lkIjowLCJ1c2VyX2lkIjowfQ.mNX5f58rMYtTkp9fZydVCSZAXxviyhR8_I5RvFgXpeg&u_id=0 HTTP/1.1[0m" 200 -
127.0.0.1 - - [13/Apr/2021 05:47:46] "[37mPOST /channels/create/v2 HTTP/1.1[0m" 200 -
127.0.0.1 - - [13/Apr/2021 05:47:46] "[37mPOST /message/send/v2 HTTP/1.1[0m" 200 -
127.0.0.1 - - [13/Apr/2021 05:47:46] "[37mPOST /message/share/v1 HTTP/1.1[0m" 200 -
127.0.0.1 - - [13/Apr/2021 05:47:46] "[37mDELETE /clear/v1 HTTP/1.1[0m" 200 -
127.0.0.1 - - [13/Apr/2021 05:47:46] "[37mPOST /auth/register/v2 HTTP/1.1[0m" 200 -
127.0.0.1 - - [13/Apr/2021 05:47:46] "[37mGET /user/profile/v2?token=eyJ0eXAiOiJKV1QiLCJhbGciOiJIUzI1NiJ9.eyJzZXNzaW9uX2lkIjowLCJ1c2VyX2lkIjowfQ.mNX5f58rMYtTkp9fZydVCSZAXxviyhR8_I5RvFgXpeg&u_id=0 HTTP/1.1[0m" 200 -
127.0.0.1 - - [13/Apr/2021 05:47:46] "[37mPOST /auth/register/v2 HTTP/1.1[0m" 200 -
127.0.0.1 - - [13/Apr/2021 05:47:46] "[37mGET /user/profile/v2?token=eyJ0eXAiOiJKV1QiLCJhbGciOiJIUzI1NiJ9.eyJzZXNzaW9uX2lkIjowLCJ1c2VyX2lkIjoxfQ.5xbRn_BBsTLXugTHkmPy2IGl5OTWXb7MWn1d_NYdOGo&u_id=1 HTTP/1.1[0m" 200 -
127.0.0.1 - - [13/Apr/2021 05:47:46] "[37mPOST /dm/create/v1 HTTP/1.1[0m" 200 -
127.0.0.1 - - [13/Apr/2021 05:47:46] "[37mPOST /message/senddm/v1 HTTP/1.1[0m" 200 -
127.0.0.1 - - [13/Apr/2021 05:47:46] "[37mPOST /message/share/v1 HTTP/1.1[0m" 200 -
127.0.0.1 - - [13/Apr/2021 05:47:46] "[37mDELETE /clear/v1 HTTP/1.1[0m" 200 -
127.0.0.1 - - [13/Apr/2021 05:47:46] "[37mPOST /auth/register/v2 HTTP/1.1[0m" 200 -
127.0.0.1 - - [13/Apr/2021 05:47:46] "[37mGET /user/profile/v2?token=eyJ0eXAiOiJKV1QiLCJhbGciOiJIUzI1NiJ9.eyJzZXNzaW9uX2lkIjowLCJ1c2VyX2lkIjowfQ.mNX5f58rMYtTkp9fZydVCSZAXxviyhR8_I5RvFgXpeg&u_id=0 HTTP/1.1[0m" 200 -
127.0.0.1 - - [13/Apr/2021 05:47:46] "[37mPOST /channels/create/v2 HTTP/1.1[0m" 200 -
127.0.0.1 - - [13/Apr/2021 05:47:46] "[37mPOST /auth/register/v2 HTTP/1.1[0m" 200 -
127.0.0.1 - - [13/Apr/2021 05:47:46] "[37mGET /user/profile/v2?token=eyJ0eXAiOiJKV1QiLCJhbGciOiJIUzI1NiJ9.eyJzZXNzaW9uX2lkIjowLCJ1c2VyX2lkIjoxfQ.5xbRn_BBsTLXugTHkmPy2IGl5OTWXb7MWn1d_NYdOGo&u_id=1 HTTP/1.1[0m" 200 -
127.0.0.1 - - [13/Apr/2021 05:47:46] "[37mPOST /dm/create/v1 HTTP/1.1[0m" 200 -
127.0.0.1 - - [13/Apr/2021 05:47:46] "[37mPOST /message/senddm/v1 HTTP/1.1[0m" 200 -
127.0.0.1 - - [13/Apr/2021 05:47:46] "[37mPOST /message/share/v1 HTTP/1.1[0m" 200 -
127.0.0.1 - - [13/Apr/2021 05:47:46] "[37mGET /channel/messages/v2?token=eyJ0eXAiOiJKV1QiLCJhbGciOiJIUzI1NiJ9.eyJzZXNzaW9uX2lkIjowLCJ1c2VyX2lkIjowfQ.mNX5f58rMYtTkp9fZydVCSZAXxviyhR8_I5RvFgXpeg&channel_id=0&start=0 HTTP/1.1[0m" 200 -
127.0.0.1 - - [13/Apr/2021 05:47:46] "[37mDELETE /clear/v1 HTTP/1.1[0m" 200 -
127.0.0.1 - - [13/Apr/2021 05:47:46] "[37mPOST /auth/register/v2 HTTP/1.1[0m" 200 -
127.0.0.1 - - [13/Apr/2021 05:47:46] "[37mGET /user/profile/v2?token=eyJ0eXAiOiJKV1QiLCJhbGciOiJIUzI1NiJ9.eyJzZXNzaW9uX2lkIjowLCJ1c2VyX2lkIjowfQ.mNX5f58rMYtTkp9fZydVCSZAXxviyhR8_I5RvFgXpeg&u_id=0 HTTP/1.1[0m" 200 -
127.0.0.1 - - [13/Apr/2021 05:47:46] "[37mPOST /channels/create/v2 HTTP/1.1[0m" 200 -
127.0.0.1 - - [13/Apr/2021 05:47:46] "[37mPOST /auth/register/v2 HTTP/1.1[0m" 200 -
127.0.0.1 - - [13/Apr/2021 05:47:46] "[37mGET /user/profile/v2?token=eyJ0eXAiOiJKV1QiLCJhbGciOiJIUzI1NiJ9.eyJzZXNzaW9uX2lkIjowLCJ1c2VyX2lkIjoxfQ.5xbRn_BBsTLXugTHkmPy2IGl5OTWXb7MWn1d_NYdOGo&u_id=1 HTTP/1.1[0m" 200 -
127.0.0.1 - - [13/Apr/2021 05:47:46] "[37mPOST /dm/create/v1 HTTP/1.1[0m" 200 -
127.0.0.1 - - [13/Apr/2021 05:47:46] "[37mPOST /message/send/v2 HTTP/1.1[0m" 200 -
127.0.0.1 - - [13/Apr/2021 05:47:46] "[37mPOST /message/share/v1 HTTP/1.1[0m" 200 -
127.0.0.1 - - [13/Apr/2021 05:47:46] "[37mGET /dm/messages/v1?token=eyJ0eXAiOiJKV1QiLCJhbGciOiJIUzI1NiJ9.eyJzZXNzaW9uX2lkIjowLCJ1c2VyX2lkIjowfQ.mNX5f58rMYtTkp9fZydVCSZAXxviyhR8_I5RvFgXpeg&dm_id=0&start=0 HTTP/1.1[0m" 200 -
127.0.0.1 - - [13/Apr/2021 05:47:46] "[37mDELETE /clear/v1 HTTP/1.1[0m" 200 -
127.0.0.1 - - [13/Apr/2021 05:47:46] "[37mPOST /auth/register/v2 HTTP/1.1[0m" 200 -
127.0.0.1 - - [13/Apr/2021 05:47:46] "[37mGET /user/profile/v2?token=eyJ0eXAiOiJKV1QiLCJhbGciOiJIUzI1NiJ9.eyJzZXNzaW9uX2lkIjowLCJ1c2VyX2lkIjowfQ.mNX5f58rMYtTkp9fZydVCSZAXxviyhR8_I5RvFgXpeg&u_id=0 HTTP/1.1[0m" 200 -
127.0.0.1 - - [13/Apr/2021 05:47:46] "[37mPOST /channels/create/v2 HTTP/1.1[0m" 200 -
127.0.0.1 - - [13/Apr/2021 05:47:46] "[37mPOST /auth/register/v2 HTTP/1.1[0m" 200 -
127.0.0.1 - - [13/Apr/2021 05:47:46] "[37mGET /user/profile/v2?token=eyJ0eXAiOiJKV1QiLCJhbGciOiJIUzI1NiJ9.eyJzZXNzaW9uX2lkIjowLCJ1c2VyX2lkIjoxfQ.5xbRn_BBsTLXugTHkmPy2IGl5OTWXb7MWn1d_NYdOGo&u_id=1 HTTP/1.1[0m" 200 -
127.0.0.1 - - [13/Apr/2021 05:47:46] "[37mPOST /auth/register/v2 HTTP/1.1[0m" 200 -
127.0.0.1 - - [13/Apr/2021 05:47:46] "[37mGET /user/profile/v2?token=eyJ0eXAiOiJKV1QiLCJhbGciOiJIUzI1NiJ9.eyJzZXNzaW9uX2lkIjowLCJ1c2VyX2lkIjoyfQ.5-bPobRcAy4amwzkV62if7N8xuQjY8hHFI_DUXJyBts&u_id=2 HTTP/1.1[0m" 200 -
127.0.0.1 - - [13/Apr/2021 05:47:46] "[37mPOST /dm/create/v1 HTTP/1.1[0m" 200 -
127.0.0.1 - - [13/Apr/2021 05:47:46] "[37mPOST /message/send/v2 HTTP/1.1[0m" 200 -
127.0.0.1 - - [13/Apr/2021 05:47:46] "[31m[1mPOST /message/share/v1 HTTP/1.1[0m" 403 -
127.0.0.1 - - [13/Apr/2021 05:47:46] "[37mDELETE /clear/v1 HTTP/1.1[0m" 200 -
127.0.0.1 - - [13/Apr/2021 05:47:46] "[37mPOST /auth/register/v2 HTTP/1.1[0m" 200 -
127.0.0.1 - - [13/Apr/2021 05:47:46] "[37mGET /user/profile/v2?token=eyJ0eXAiOiJKV1QiLCJhbGciOiJIUzI1NiJ9.eyJzZXNzaW9uX2lkIjowLCJ1c2VyX2lkIjowfQ.mNX5f58rMYtTkp9fZydVCSZAXxviyhR8_I5RvFgXpeg&u_id=0 HTTP/1.1[0m" 200 -
127.0.0.1 - - [13/Apr/2021 05:47:46] "[37mPOST /channels/create/v2 HTTP/1.1[0m" 200 -
127.0.0.1 - - [13/Apr/2021 05:47:46] "[37mPOST /auth/register/v2 HTTP/1.1[0m" 200 -
127.0.0.1 - - [13/Apr/2021 05:47:46] "[37mGET /user/profile/v2?token=eyJ0eXAiOiJKV1QiLCJhbGciOiJIUzI1NiJ9.eyJzZXNzaW9uX2lkIjowLCJ1c2VyX2lkIjoxfQ.5xbRn_BBsTLXugTHkmPy2IGl5OTWXb7MWn1d_NYdOGo&u_id=1 HTTP/1.1[0m" 200 -
127.0.0.1 - - [13/Apr/2021 05:47:46] "[37mPOST /channels/create/v2 HTTP/1.1[0m" 200 -
127.0.0.1 - - [13/Apr/2021 05:47:46] "[37mPOST /message/send/v2 HTTP/1.1[0m" 200 -
127.0.0.1 - - [13/Apr/2021 05:47:46] "[31m[1mPOST /message/share/v1 HTTP/1.1[0m" 403 -
127.0.0.1 - - [13/Apr/2021 05:47:46] "[37mDELETE /clear/v1 HTTP/1.1[0m" 200 -
127.0.0.1 - - [13/Apr/2021 05:47:46] "[37mPOST /auth/register/v2 HTTP/1.1[0m" 200 -
127.0.0.1 - - [13/Apr/2021 05:47:46] "[37mGET /user/profile/v2?token=eyJ0eXAiOiJKV1QiLCJhbGciOiJIUzI1NiJ9.eyJzZXNzaW9uX2lkIjowLCJ1c2VyX2lkIjowfQ.mNX5f58rMYtTkp9fZydVCSZAXxviyhR8_I5RvFgXpeg&u_id=0 HTTP/1.1[0m" 200 -
127.0.0.1 - - [13/Apr/2021 05:47:46] "[37mPOST /channels/create/v2 HTTP/1.1[0m" 200 -
127.0.0.1 - - [13/Apr/2021 05:47:46] "[37mPOST /message/send/v2 HTTP/1.1[0m" 200 -
127.0.0.1 - - [13/Apr/2021 05:47:46] "[31m[1mPOST /auth/logout/v1 HTTP/1.1[0m" 405 -
127.0.0.1 - - [13/Apr/2021 05:47:46] "[37mDELETE /clear/v1 HTTP/1.1[0m" 200 -
127.0.0.1 - - [13/Apr/2021 05:47:46] "[37mPOST /auth/register/v2 HTTP/1.1[0m" 200 -
127.0.0.1 - - [13/Apr/2021 05:47:46] "[37mGET /user/profile/v2?token=eyJ0eXAiOiJKV1QiLCJhbGciOiJIUzI1NiJ9.eyJzZXNzaW9uX2lkIjowLCJ1c2VyX2lkIjowfQ.mNX5f58rMYtTkp9fZydVCSZAXxviyhR8_I5RvFgXpeg&u_id=0 HTTP/1.1[0m" 200 -
127.0.0.1 - - [13/Apr/2021 05:47:46] "[37mGET /users/all/v1?token=eyJ0eXAiOiJKV1QiLCJhbGciOiJIUzI1NiJ9.eyJzZXNzaW9uX2lkIjowLCJ1c2VyX2lkIjowfQ.mNX5f58rMYtTkp9fZydVCSZAXxviyhR8_I5RvFgXpeg HTTP/1.1[0m" 200 -
127.0.0.1 - - [13/Apr/2021 05:47:46] "[37mDELETE /clear/v1 HTTP/1.1[0m" 200 -
127.0.0.1 - - [13/Apr/2021 05:47:46] "[31m[1mGET /users/all/v1?token=eyJ0eXAiOiJKV1QiLCJhbGciOiJIUzI1NiJ9.eyJzZXNzaW9uX2lkIjowLCJ1c2VyX2lkIjowfQ.mNX5f58rMYtTkp9fZydVCSZAXxviyhR8_I5RvFgXpeg HTTP/1.1[0m" 403 -
127.0.0.1 - - [13/Apr/2021 05:47:46] "[37mPOST /auth/register/v2 HTTP/1.1[0m" 200 -
127.0.0.1 - - [13/Apr/2021 05:47:46] "[37mGET /user/profile/v2?token=eyJ0eXAiOiJKV1QiLCJhbGciOiJIUzI1NiJ9.eyJzZXNzaW9uX2lkIjowLCJ1c2VyX2lkIjowfQ.mNX5f58rMYtTkp9fZydVCSZAXxviyhR8_I5RvFgXpeg&u_id=0 HTTP/1.1[0m" 200 -
127.0.0.1 - - [13/Apr/2021 05:47:46] "[37mGET /user/profile/v2?token=eyJ0eXAiOiJKV1QiLCJhbGciOiJIUzI1NiJ9.eyJzZXNzaW9uX2lkIjowLCJ1c2VyX2lkIjowfQ.mNX5f58rMYtTkp9fZydVCSZAXxviyhR8_I5RvFgXpeg&u_id=0 HTTP/1.1[0m" 200 -
127.0.0.1 - - [13/Apr/2021 05:47:46] "[37mGET /users/all/v1?token=eyJ0eXAiOiJKV1QiLCJhbGciOiJIUzI1NiJ9.eyJzZXNzaW9uX2lkIjowLCJ1c2VyX2lkIjowfQ.mNX5f58rMYtTkp9fZydVCSZAXxviyhR8_I5RvFgXpeg HTTP/1.1[0m" 200 -
127.0.0.1 - - [13/Apr/2021 05:47:46] "[37mGET /channels/listall/v2?token=eyJ0eXAiOiJKV1QiLCJhbGciOiJIUzI1NiJ9.eyJzZXNzaW9uX2lkIjowLCJ1c2VyX2lkIjowfQ.mNX5f58rMYtTkp9fZydVCSZAXxviyhR8_I5RvFgXpeg HTTP/1.1[0m" 200 -
127.0.0.1 - - [13/Apr/2021 05:47:46] "[37mDELETE /clear/v1 HTTP/1.1[0m" 200 -
127.0.0.1 - - [13/Apr/2021 05:47:46] "[37mPOST /auth/register/v2 HTTP/1.1[0m" 200 -
127.0.0.1 - - [13/Apr/2021 05:47:46] "[37mGET /user/profile/v2?token=eyJ0eXAiOiJKV1QiLCJhbGciOiJIUzI1NiJ9.eyJzZXNzaW9uX2lkIjowLCJ1c2VyX2lkIjowfQ.mNX5f58rMYtTkp9fZydVCSZAXxviyhR8_I5RvFgXpeg&u_id=0 HTTP/1.1[0m" 200 -
127.0.0.1 - - [13/Apr/2021 05:47:47] "[37mPOST /channels/create/v2 HTTP/1.1[0m" 200 -
127.0.0.1 - - [13/Apr/2021 05:47:47] "[37mPOST /message/send/v2 HTTP/1.1[0m" 200 -
127.0.0.1 - - [13/Apr/2021 05:47:47] "[37mGET /notifications/get/v1?token=eyJ0eXAiOiJKV1QiLCJhbGciOiJIUzI1NiJ9.eyJzZXNzaW9uX2lkIjowLCJ1c2VyX2lkIjowfQ.mNX5f58rMYtTkp9fZydVCSZAXxviyhR8_I5RvFgXpeg HTTP/1.1[0m" 200 -
127.0.0.1 - - [13/Apr/2021 05:47:47] "[37mDELETE /clear/v1 HTTP/1.1[0m" 200 -
127.0.0.1 - - [13/Apr/2021 05:47:47] "[37mPOST /auth/register/v2 HTTP/1.1[0m" 200 -
127.0.0.1 - - [13/Apr/2021 05:47:47] "[37mGET /user/profile/v2?token=eyJ0eXAiOiJKV1QiLCJhbGciOiJIUzI1NiJ9.eyJzZXNzaW9uX2lkIjowLCJ1c2VyX2lkIjowfQ.mNX5f58rMYtTkp9fZydVCSZAXxviyhR8_I5RvFgXpeg&u_id=0 HTTP/1.1[0m" 200 -
127.0.0.1 - - [13/Apr/2021 05:47:47] "[37mPOST /auth/register/v2 HTTP/1.1[0m" 200 -
127.0.0.1 - - [13/Apr/2021 05:47:47] "[37mGET /user/profile/v2?token=eyJ0eXAiOiJKV1QiLCJhbGciOiJIUzI1NiJ9.eyJzZXNzaW9uX2lkIjowLCJ1c2VyX2lkIjoxfQ.5xbRn_BBsTLXugTHkmPy2IGl5OTWXb7MWn1d_NYdOGo&u_id=1 HTTP/1.1[0m" 200 -
127.0.0.1 - - [13/Apr/2021 05:47:47] "[37mPOST /dm/create/v1 HTTP/1.1[0m" 200 -
127.0.0.1 - - [13/Apr/2021 05:47:47] "[37mPOST /message/senddm/v1 HTTP/1.1[0m" 200 -
127.0.0.1 - - [13/Apr/2021 05:47:47] "[37mGET /notifications/get/v1?token=eyJ0eXAiOiJKV1QiLCJhbGciOiJIUzI1NiJ9.eyJzZXNzaW9uX2lkIjowLCJ1c2VyX2lkIjowfQ.mNX5f58rMYtTkp9fZydVCSZAXxviyhR8_I5RvFgXpeg HTTP/1.1[0m" 200 -
127.0.0.1 - - [13/Apr/2021 05:47:47] "[37mDELETE /clear/v1 HTTP/1.1[0m" 200 -
127.0.0.1 - - [13/Apr/2021 05:47:47] "[37mPOST /auth/register/v2 HTTP/1.1[0m" 200 -
127.0.0.1 - - [13/Apr/2021 05:47:47] "[37mGET /user/profile/v2?token=eyJ0eXAiOiJKV1QiLCJhbGciOiJIUzI1NiJ9.eyJzZXNzaW9uX2lkIjowLCJ1c2VyX2lkIjowfQ.mNX5f58rMYtTkp9fZydVCSZAXxviyhR8_I5RvFgXpeg&u_id=0 HTTP/1.1[0m" 200 -
127.0.0.1 - - [13/Apr/2021 05:47:47] "[37mPOST /channels/create/v2 HTTP/1.1[0m" 200 -
127.0.0.1 - - [13/Apr/2021 05:47:47] "[37mPOST /message/send/v2 HTTP/1.1[0m" 200 -
127.0.0.1 - - [13/Apr/2021 05:47:47] "[37mPUT /message/edit/v2 HTTP/1.1[0m" 200 -
127.0.0.1 - - [13/Apr/2021 05:47:47] "[37mGET /notifications/get/v1?token=eyJ0eXAiOiJKV1QiLCJhbGciOiJIUzI1NiJ9.eyJzZXNzaW9uX2lkIjowLCJ1c2VyX2lkIjowfQ.mNX5f58rMYtTkp9fZydVCSZAXxviyhR8_I5RvFgXpeg HTTP/1.1[0m" 200 -
127.0.0.1 - - [13/Apr/2021 05:47:47] "[37mDELETE /clear/v1 HTTP/1.1[0m" 200 -
127.0.0.1 - - [13/Apr/2021 05:47:47] "[37mPOST /auth/register/v2 HTTP/1.1[0m" 200 -
127.0.0.1 - - [13/Apr/2021 05:47:47] "[37mGET /user/profile/v2?token=eyJ0eXAiOiJKV1QiLCJhbGciOiJIUzI1NiJ9.eyJzZXNzaW9uX2lkIjowLCJ1c2VyX2lkIjowfQ.mNX5f58rMYtTkp9fZydVCSZAXxviyhR8_I5RvFgXpeg&u_id=0 HTTP/1.1[0m" 200 -
127.0.0.1 - - [13/Apr/2021 05:47:47] "[37mPOST /channels/create/v2 HTTP/1.1[0m" 200 -
127.0.0.1 - - [13/Apr/2021 05:47:47] "[37mPOST /message/send/v2 HTTP/1.1[0m" 200 -
127.0.0.1 - - [13/Apr/2021 05:47:47] "[37mPOST /message/share/v1 HTTP/1.1[0m" 200 -
127.0.0.1 - - [13/Apr/2021 05:47:47] "[37mGET /notifications/get/v1?token=eyJ0eXAiOiJKV1QiLCJhbGciOiJIUzI1NiJ9.eyJzZXNzaW9uX2lkIjowLCJ1c2VyX2lkIjowfQ.mNX5f58rMYtTkp9fZydVCSZAXxviyhR8_I5RvFgXpeg HTTP/1.1[0m" 200 -
127.0.0.1 - - [13/Apr/2021 05:47:47] "[37mDELETE /clear/v1 HTTP/1.1[0m" 200 -
127.0.0.1 - - [13/Apr/2021 05:47:47] "[37mPOST /auth/register/v2 HTTP/1.1[0m" 200 -
127.0.0.1 - - [13/Apr/2021 05:47:47] "[37mGET /user/profile/v2?token=eyJ0eXAiOiJKV1QiLCJhbGciOiJIUzI1NiJ9.eyJzZXNzaW9uX2lkIjowLCJ1c2VyX2lkIjowfQ.mNX5f58rMYtTkp9fZydVCSZAXxviyhR8_I5RvFgXpeg&u_id=0 HTTP/1.1[0m" 200 -
127.0.0.1 - - [13/Apr/2021 05:47:47] "[37mPOST /channels/create/v2 HTTP/1.1[0m" 200 -
127.0.0.1 - - [13/Apr/2021 05:47:47] "[37mPOST /message/send/v2 HTTP/1.1[0m" 200 -
127.0.0.1 - - [13/Apr/2021 05:47:47] "[37mGET /notifications/get/v1?token=eyJ0eXAiOiJKV1QiLCJhbGciOiJIUzI1NiJ9.eyJzZXNzaW9uX2lkIjowLCJ1c2VyX2lkIjowfQ.mNX5f58rMYtTkp9fZydVCSZAXxviyhR8_I5RvFgXpeg HTTP/1.1[0m" 200 -
127.0.0.1 - - [13/Apr/2021 05:47:47] "[37mDELETE /clear/v1 HTTP/1.1[0m" 200 -
127.0.0.1 - - [13/Apr/2021 05:47:47] "[37mPOST /auth/register/v2 HTTP/1.1[0m" 200 -
127.0.0.1 - - [13/Apr/2021 05:47:47] "[37mGET /user/profile/v2?token=eyJ0eXAiOiJKV1QiLCJhbGciOiJIUzI1NiJ9.eyJzZXNzaW9uX2lkIjowLCJ1c2VyX2lkIjowfQ.mNX5f58rMYtTkp9fZydVCSZAXxviyhR8_I5RvFgXpeg&u_id=0 HTTP/1.1[0m" 200 -
127.0.0.1 - - [13/Apr/2021 05:47:47] "[37mPOST /channels/create/v2 HTTP/1.1[0m" 200 -
127.0.0.1 - - [13/Apr/2021 05:47:47] "[37mPOST /message/send/v2 HTTP/1.1[0m" 200 -
127.0.0.1 - - [13/Apr/2021 05:47:47] "[37mGET /notifications/get/v1?token=eyJ0eXAiOiJKV1QiLCJhbGciOiJIUzI1NiJ9.eyJzZXNzaW9uX2lkIjowLCJ1c2VyX2lkIjowfQ.mNX5f58rMYtTkp9fZydVCSZAXxviyhR8_I5RvFgXpeg HTTP/1.1[0m" 200 -
127.0.0.1 - - [13/Apr/2021 05:47:47] "[37mDELETE /clear/v1 HTTP/1.1[0m" 200 -
127.0.0.1 - - [13/Apr/2021 05:47:47] "[37mPOST /auth/register/v2 HTTP/1.1[0m" 200 -
127.0.0.1 - - [13/Apr/2021 05:47:47] "[37mGET /user/profile/v2?token=eyJ0eXAiOiJKV1QiLCJhbGciOiJIUzI1NiJ9.eyJzZXNzaW9uX2lkIjowLCJ1c2VyX2lkIjowfQ.mNX5f58rMYtTkp9fZydVCSZAXxviyhR8_I5RvFgXpeg&u_id=0 HTTP/1.1[0m" 200 -
127.0.0.1 - - [13/Apr/2021 05:47:47] "[37mPOST /auth/register/v2 HTTP/1.1[0m" 200 -
127.0.0.1 - - [13/Apr/2021 05:47:47] "[37mGET /user/profile/v2?token=eyJ0eXAiOiJKV1QiLCJhbGciOiJIUzI1NiJ9.eyJzZXNzaW9uX2lkIjowLCJ1c2VyX2lkIjoxfQ.5xbRn_BBsTLXugTHkmPy2IGl5OTWXb7MWn1d_NYdOGo&u_id=1 HTTP/1.1[0m" 200 -
127.0.0.1 - - [13/Apr/2021 05:47:47] "[37mPOST /channels/create/v2 HTTP/1.1[0m" 200 -
127.0.0.1 - - [13/Apr/2021 05:47:47] "[37mPOST /channel/invite/v2 HTTP/1.1[0m" 200 -
127.0.0.1 - - [13/Apr/2021 05:47:47] "[37mGET /notifications/get/v1?token=eyJ0eXAiOiJKV1QiLCJhbGciOiJIUzI1NiJ9.eyJzZXNzaW9uX2lkIjowLCJ1c2VyX2lkIjoxfQ.5xbRn_BBsTLXugTHkmPy2IGl5OTWXb7MWn1d_NYdOGo HTTP/1.1[0m" 200 -
127.0.0.1 - - [13/Apr/2021 05:47:47] "[37mDELETE /clear/v1 HTTP/1.1[0m" 200 -
127.0.0.1 - - [13/Apr/2021 05:47:47] "[37mPOST /auth/register/v2 HTTP/1.1[0m" 200 -
127.0.0.1 - - [13/Apr/2021 05:47:47] "[37mGET /user/profile/v2?token=eyJ0eXAiOiJKV1QiLCJhbGciOiJIUzI1NiJ9.eyJzZXNzaW9uX2lkIjowLCJ1c2VyX2lkIjowfQ.mNX5f58rMYtTkp9fZydVCSZAXxviyhR8_I5RvFgXpeg&u_id=0 HTTP/1.1[0m" 200 -
127.0.0.1 - - [13/Apr/2021 05:47:47] "[37mPOST /auth/register/v2 HTTP/1.1[0m" 200 -
127.0.0.1 - - [13/Apr/2021 05:47:47] "[37mGET /user/profile/v2?token=eyJ0eXAiOiJKV1QiLCJhbGciOiJIUzI1NiJ9.eyJzZXNzaW9uX2lkIjowLCJ1c2VyX2lkIjoxfQ.5xbRn_BBsTLXugTHkmPy2IGl5OTWXb7MWn1d_NYdOGo&u_id=1 HTTP/1.1[0m" 200 -
127.0.0.1 - - [13/Apr/2021 05:47:47] "[37mPOST /channels/create/v2 HTTP/1.1[0m" 200 -
127.0.0.1 - - [13/Apr/2021 05:47:47] "[37mPOST /channel/addowner/v1 HTTP/1.1[0m" 200 -
127.0.0.1 - - [13/Apr/2021 05:47:47] "[37mGET /notifications/get/v1?token=eyJ0eXAiOiJKV1QiLCJhbGciOiJIUzI1NiJ9.eyJzZXNzaW9uX2lkIjowLCJ1c2VyX2lkIjoxfQ.5xbRn_BBsTLXugTHkmPy2IGl5OTWXb7MWn1d_NYdOGo HTTP/1.1[0m" 200 -
127.0.0.1 - - [13/Apr/2021 05:47:47] "[37mDELETE /clear/v1 HTTP/1.1[0m" 200 -
127.0.0.1 - - [13/Apr/2021 05:47:47] "[37mPOST /auth/register/v2 HTTP/1.1[0m" 200 -
127.0.0.1 - - [13/Apr/2021 05:47:47] "[37mGET /user/profile/v2?token=eyJ0eXAiOiJKV1QiLCJhbGciOiJIUzI1NiJ9.eyJzZXNzaW9uX2lkIjowLCJ1c2VyX2lkIjowfQ.mNX5f58rMYtTkp9fZydVCSZAXxviyhR8_I5RvFgXpeg&u_id=0 HTTP/1.1[0m" 200 -
127.0.0.1 - - [13/Apr/2021 05:47:47] "[37mPOST /auth/register/v2 HTTP/1.1[0m" 200 -
127.0.0.1 - - [13/Apr/2021 05:47:47] "[37mGET /user/profile/v2?token=eyJ0eXAiOiJKV1QiLCJhbGciOiJIUzI1NiJ9.eyJzZXNzaW9uX2lkIjowLCJ1c2VyX2lkIjoxfQ.5xbRn_BBsTLXugTHkmPy2IGl5OTWXb7MWn1d_NYdOGo&u_id=1 HTTP/1.1[0m" 200 -
127.0.0.1 - - [13/Apr/2021 05:47:47] "[37mPOST /dm/create/v1 HTTP/1.1[0m" 200 -
127.0.0.1 - - [13/Apr/2021 05:47:47] "[37mGET /notifications/get/v1?token=eyJ0eXAiOiJKV1QiLCJhbGciOiJIUzI1NiJ9.eyJzZXNzaW9uX2lkIjowLCJ1c2VyX2lkIjoxfQ.5xbRn_BBsTLXugTHkmPy2IGl5OTWXb7MWn1d_NYdOGo HTTP/1.1[0m" 200 -
127.0.0.1 - - [13/Apr/2021 05:47:47] "[37mDELETE /clear/v1 HTTP/1.1[0m" 200 -
127.0.0.1 - - [13/Apr/2021 05:47:47] "[37mPOST /auth/register/v2 HTTP/1.1[0m" 200 -
127.0.0.1 - - [13/Apr/2021 05:47:47] "[37mGET /user/profile/v2?token=eyJ0eXAiOiJKV1QiLCJhbGciOiJIUzI1NiJ9.eyJzZXNzaW9uX2lkIjowLCJ1c2VyX2lkIjowfQ.mNX5f58rMYtTkp9fZydVCSZAXxviyhR8_I5RvFgXpeg&u_id=0 HTTP/1.1[0m" 200 -
127.0.0.1 - - [13/Apr/2021 05:47:47] "[37mPOST /auth/register/v2 HTTP/1.1[0m" 200 -
127.0.0.1 - - [13/Apr/2021 05:47:47] "[37mGET /user/profile/v2?token=eyJ0eXAiOiJKV1QiLCJhbGciOiJIUzI1NiJ9.eyJzZXNzaW9uX2lkIjowLCJ1c2VyX2lkIjoxfQ.5xbRn_BBsTLXugTHkmPy2IGl5OTWXb7MWn1d_NYdOGo&u_id=1 HTTP/1.1[0m" 200 -
127.0.0.1 - - [13/Apr/2021 05:47:47] "[37mPOST /auth/register/v2 HTTP/1.1[0m" 200 -
127.0.0.1 - - [13/Apr/2021 05:47:47] "[37mGET /user/profile/v2?token=eyJ0eXAiOiJKV1QiLCJhbGciOiJIUzI1NiJ9.eyJzZXNzaW9uX2lkIjowLCJ1c2VyX2lkIjoyfQ.5-bPobRcAy4amwzkV62if7N8xuQjY8hHFI_DUXJyBts&u_id=2 HTTP/1.1[0m" 200 -
127.0.0.1 - - [13/Apr/2021 05:47:47] "[37mPOST /dm/create/v1 HTTP/1.1[0m" 200 -
127.0.0.1 - - [13/Apr/2021 05:47:47] "[37mPOST /dm/invite/v1 HTTP/1.1[0m" 200 -
127.0.0.1 - - [13/Apr/2021 05:47:47] "[37mGET /notifications/get/v1?token=eyJ0eXAiOiJKV1QiLCJhbGciOiJIUzI1NiJ9.eyJzZXNzaW9uX2lkIjowLCJ1c2VyX2lkIjoxfQ.5xbRn_BBsTLXugTHkmPy2IGl5OTWXb7MWn1d_NYdOGo HTTP/1.1[0m" 200 -
127.0.0.1 - - [13/Apr/2021 05:47:47] "[37mDELETE /clear/v1 HTTP/1.1[0m" 200 -
127.0.0.1 - - [13/Apr/2021 05:47:47] "[37mPOST /auth/register/v2 HTTP/1.1[0m" 200 -
127.0.0.1 - - [13/Apr/2021 05:47:47] "[37mGET /user/profile/v2?token=eyJ0eXAiOiJKV1QiLCJhbGciOiJIUzI1NiJ9.eyJzZXNzaW9uX2lkIjowLCJ1c2VyX2lkIjowfQ.mNX5f58rMYtTkp9fZydVCSZAXxviyhR8_I5RvFgXpeg&u_id=0 HTTP/1.1[0m" 200 -
127.0.0.1 - - [13/Apr/2021 05:47:47] "[37mPOST /channels/create/v2 HTTP/1.1[0m" 200 -
127.0.0.1 - - [13/Apr/2021 05:47:47] "[37mPOST /message/send/v2 HTTP/1.1[0m" 200 -
127.0.0.1 - - [13/Apr/2021 05:47:47] "[37mPOST /message/send/v2 HTTP/1.1[0m" 200 -
127.0.0.1 - - [13/Apr/2021 05:47:47] "[37mPOST /message/send/v2 HTTP/1.1[0m" 200 -
127.0.0.1 - - [13/Apr/2021 05:47:47] "[37mPOST /message/send/v2 HTTP/1.1[0m" 200 -
127.0.0.1 - - [13/Apr/2021 05:47:47] "[37mPOST /message/send/v2 HTTP/1.1[0m" 200 -
127.0.0.1 - - [13/Apr/2021 05:47:47] "[37mPOST /message/send/v2 HTTP/1.1[0m" 200 -
127.0.0.1 - - [13/Apr/2021 05:47:47] "[37mPOST /message/send/v2 HTTP/1.1[0m" 200 -
127.0.0.1 - - [13/Apr/2021 05:47:47] "[37mPOST /message/send/v2 HTTP/1.1[0m" 200 -
127.0.0.1 - - [13/Apr/2021 05:47:47] "[37mPOST /message/send/v2 HTTP/1.1[0m" 200 -
127.0.0.1 - - [13/Apr/2021 05:47:47] "[37mPOST /message/send/v2 HTTP/1.1[0m" 200 -
127.0.0.1 - - [13/Apr/2021 05:47:47] "[37mPOST /message/send/v2 HTTP/1.1[0m" 200 -
127.0.0.1 - - [13/Apr/2021 05:47:47] "[37mPOST /message/send/v2 HTTP/1.1[0m" 200 -
127.0.0.1 - - [13/Apr/2021 05:47:47] "[37mPOST /message/send/v2 HTTP/1.1[0m" 200 -
127.0.0.1 - - [13/Apr/2021 05:47:47] "[37mPOST /message/send/v2 HTTP/1.1[0m" 200 -
127.0.0.1 - - [13/Apr/2021 05:47:47] "[37mPOST /message/send/v2 HTTP/1.1[0m" 200 -
127.0.0.1 - - [13/Apr/2021 05:47:47] "[37mPOST /message/send/v2 HTTP/1.1[0m" 200 -
127.0.0.1 - - [13/Apr/2021 05:47:47] "[37mPOST /message/send/v2 HTTP/1.1[0m" 200 -
127.0.0.1 - - [13/Apr/2021 05:47:47] "[37mPOST /message/send/v2 HTTP/1.1[0m" 200 -
127.0.0.1 - - [13/Apr/2021 05:47:47] "[37mPOST /message/send/v2 HTTP/1.1[0m" 200 -
127.0.0.1 - - [13/Apr/2021 05:47:47] "[37mPOST /message/send/v2 HTTP/1.1[0m" 200 -
127.0.0.1 - - [13/Apr/2021 05:47:47] "[37mPOST /message/send/v2 HTTP/1.1[0m" 200 -
127.0.0.1 - - [13/Apr/2021 05:47:47] "[37mPOST /message/send/v2 HTTP/1.1[0m" 200 -
127.0.0.1 - - [13/Apr/2021 05:47:47] "[37mPOST /message/send/v2 HTTP/1.1[0m" 200 -
127.0.0.1 - - [13/Apr/2021 05:47:47] "[37mPOST /message/send/v2 HTTP/1.1[0m" 200 -
127.0.0.1 - - [13/Apr/2021 05:47:47] "[37mPOST /message/send/v2 HTTP/1.1[0m" 200 -
127.0.0.1 - - [13/Apr/2021 05:47:47] "[37mPOST /message/send/v2 HTTP/1.1[0m" 200 -
127.0.0.1 - - [13/Apr/2021 05:47:47] "[37mPOST /message/send/v2 HTTP/1.1[0m" 200 -
127.0.0.1 - - [13/Apr/2021 05:47:47] "[37mPOST /message/send/v2 HTTP/1.1[0m" 200 -
127.0.0.1 - - [13/Apr/2021 05:47:47] "[37mPOST /message/send/v2 HTTP/1.1[0m" 200 -
127.0.0.1 - - [13/Apr/2021 05:47:47] "[37mPOST /message/send/v2 HTTP/1.1[0m" 200 -
127.0.0.1 - - [13/Apr/2021 05:47:47] "[37mGET /notifications/get/v1?token=eyJ0eXAiOiJKV1QiLCJhbGciOiJIUzI1NiJ9.eyJzZXNzaW9uX2lkIjowLCJ1c2VyX2lkIjowfQ.mNX5f58rMYtTkp9fZydVCSZAXxviyhR8_I5RvFgXpeg HTTP/1.1[0m" 200 -
127.0.0.1 - - [13/Apr/2021 05:47:47] "[37mDELETE /clear/v1 HTTP/1.1[0m" 200 -
127.0.0.1 - - [13/Apr/2021 05:47:47] "[37mPOST /auth/register/v2 HTTP/1.1[0m" 200 -
127.0.0.1 - - [13/Apr/2021 05:47:47] "[37mGET /user/profile/v2?token=eyJ0eXAiOiJKV1QiLCJhbGciOiJIUzI1NiJ9.eyJzZXNzaW9uX2lkIjowLCJ1c2VyX2lkIjowfQ.mNX5f58rMYtTkp9fZydVCSZAXxviyhR8_I5RvFgXpeg&u_id=0 HTTP/1.1[0m" 200 -
127.0.0.1 - - [13/Apr/2021 05:47:47] "[31m[1mPOST /auth/logout/v1 HTTP/1.1[0m" 405 -
127.0.0.1 - - [13/Apr/2021 05:47:47] "[37mDELETE /clear/v1 HTTP/1.1[0m" 200 -
127.0.0.1 - - [13/Apr/2021 05:47:47] "[37mPOST /auth/register/v2 HTTP/1.1[0m" 200 -
127.0.0.1 - - [13/Apr/2021 05:47:47] "[37mGET /user/profile/v2?token=eyJ0eXAiOiJKV1QiLCJhbGciOiJIUzI1NiJ9.eyJzZXNzaW9uX2lkIjowLCJ1c2VyX2lkIjowfQ.mNX5f58rMYtTkp9fZydVCSZAXxviyhR8_I5RvFgXpeg&u_id=0 HTTP/1.1[0m" 200 -
127.0.0.1 - - [13/Apr/2021 05:47:47] "[37mGET /search/v2?token=eyJ0eXAiOiJKV1QiLCJhbGciOiJIUzI1NiJ9.eyJzZXNzaW9uX2lkIjowLCJ1c2VyX2lkIjowfQ.mNX5f58rMYtTkp9fZydVCSZAXxviyhR8_I5RvFgXpeg&query_str=No+matches HTTP/1.1[0m" 200 -
127.0.0.1 - - [13/Apr/2021 05:47:47] "[37mDELETE /clear/v1 HTTP/1.1[0m" 200 -
127.0.0.1 - - [13/Apr/2021 05:47:47] "[37mPOST /auth/register/v2 HTTP/1.1[0m" 200 -
127.0.0.1 - - [13/Apr/2021 05:47:47] "[37mGET /user/profile/v2?token=eyJ0eXAiOiJKV1QiLCJhbGciOiJIUzI1NiJ9.eyJzZXNzaW9uX2lkIjowLCJ1c2VyX2lkIjowfQ.mNX5f58rMYtTkp9fZydVCSZAXxviyhR8_I5RvFgXpeg&u_id=0 HTTP/1.1[0m" 200 -
127.0.0.1 - - [13/Apr/2021 05:47:47] "[37mPOST /channels/create/v2 HTTP/1.1[0m" 200 -
127.0.0.1 - - [13/Apr/2021 05:47:48] "[37mPOST /message/send/v2 HTTP/1.1[0m" 200 -
127.0.0.1 - - [13/Apr/2021 05:47:48] "[37mGET /search/v2?token=eyJ0eXAiOiJKV1QiLCJhbGciOiJIUzI1NiJ9.eyJzZXNzaW9uX2lkIjowLCJ1c2VyX2lkIjowfQ.mNX5f58rMYtTkp9fZydVCSZAXxviyhR8_I5RvFgXpeg&query_str=any HTTP/1.1[0m" 200 -
127.0.0.1 - - [13/Apr/2021 05:47:48] "[37mGET /channel/messages/v2?token=eyJ0eXAiOiJKV1QiLCJhbGciOiJIUzI1NiJ9.eyJzZXNzaW9uX2lkIjowLCJ1c2VyX2lkIjowfQ.mNX5f58rMYtTkp9fZydVCSZAXxviyhR8_I5RvFgXpeg&channel_id=0&start=0 HTTP/1.1[0m" 200 -
127.0.0.1 - - [13/Apr/2021 05:47:48] "[37mDELETE /clear/v1 HTTP/1.1[0m" 200 -
127.0.0.1 - - [13/Apr/2021 05:47:48] "[37mPOST /auth/register/v2 HTTP/1.1[0m" 200 -
127.0.0.1 - - [13/Apr/2021 05:47:48] "[37mGET /user/profile/v2?token=eyJ0eXAiOiJKV1QiLCJhbGciOiJIUzI1NiJ9.eyJzZXNzaW9uX2lkIjowLCJ1c2VyX2lkIjowfQ.mNX5f58rMYtTkp9fZydVCSZAXxviyhR8_I5RvFgXpeg&u_id=0 HTTP/1.1[0m" 200 -
127.0.0.1 - - [13/Apr/2021 05:47:48] "[37mPOST /channels/create/v2 HTTP/1.1[0m" 200 -
127.0.0.1 - - [13/Apr/2021 05:47:48] "[37mPOST /message/send/v2 HTTP/1.1[0m" 200 -
127.0.0.1 - - [13/Apr/2021 05:47:48] "[37mPOST /message/send/v2 HTTP/1.1[0m" 200 -
127.0.0.1 - - [13/Apr/2021 05:47:48] "[37mGET /search/v2?token=eyJ0eXAiOiJKV1QiLCJhbGciOiJIUzI1NiJ9.eyJzZXNzaW9uX2lkIjowLCJ1c2VyX2lkIjowfQ.mNX5f58rMYtTkp9fZydVCSZAXxviyhR8_I5RvFgXpeg&query_str=any HTTP/1.1[0m" 200 -
127.0.0.1 - - [13/Apr/2021 05:47:48] "[37mGET /channel/messages/v2?token=eyJ0eXAiOiJKV1QiLCJhbGciOiJIUzI1NiJ9.eyJzZXNzaW9uX2lkIjowLCJ1c2VyX2lkIjowfQ.mNX5f58rMYtTkp9fZydVCSZAXxviyhR8_I5RvFgXpeg&channel_id=0&start=0 HTTP/1.1[0m" 200 -
127.0.0.1 - - [13/Apr/2021 05:47:48] "[37mDELETE /clear/v1 HTTP/1.1[0m" 200 -
127.0.0.1 - - [13/Apr/2021 05:47:48] "[37mPOST /auth/register/v2 HTTP/1.1[0m" 200 -
127.0.0.1 - - [13/Apr/2021 05:47:48] "[37mGET /user/profile/v2?token=eyJ0eXAiOiJKV1QiLCJhbGciOiJIUzI1NiJ9.eyJzZXNzaW9uX2lkIjowLCJ1c2VyX2lkIjowfQ.mNX5f58rMYtTkp9fZydVCSZAXxviyhR8_I5RvFgXpeg&u_id=0 HTTP/1.1[0m" 200 -
127.0.0.1 - - [13/Apr/2021 05:47:48] "[37mPOST /auth/register/v2 HTTP/1.1[0m" 200 -
127.0.0.1 - - [13/Apr/2021 05:47:48] "[37mGET /user/profile/v2?token=eyJ0eXAiOiJKV1QiLCJhbGciOiJIUzI1NiJ9.eyJzZXNzaW9uX2lkIjowLCJ1c2VyX2lkIjoxfQ.5xbRn_BBsTLXugTHkmPy2IGl5OTWXb7MWn1d_NYdOGo&u_id=1 HTTP/1.1[0m" 200 -
127.0.0.1 - - [13/Apr/2021 05:47:48] "[37mPOST /channels/create/v2 HTTP/1.1[0m" 200 -
127.0.0.1 - - [13/Apr/2021 05:47:48] "[37mPOST /channels/create/v2 HTTP/1.1[0m" 200 -
127.0.0.1 - - [13/Apr/2021 05:47:48] "[37mPOST /channel/join/v2 HTTP/1.1[0m" 200 -
127.0.0.1 - - [13/Apr/2021 05:47:48] "[37mPOST /message/send/v2 HTTP/1.1[0m" 200 -
127.0.0.1 - - [13/Apr/2021 05:47:48] "[37mPOST /message/send/v2 HTTP/1.1[0m" 200 -
127.0.0.1 - - [13/Apr/2021 05:47:48] "[37mGET /search/v2?token=eyJ0eXAiOiJKV1QiLCJhbGciOiJIUzI1NiJ9.eyJzZXNzaW9uX2lkIjowLCJ1c2VyX2lkIjowfQ.mNX5f58rMYtTkp9fZydVCSZAXxviyhR8_I5RvFgXpeg&query_str=any HTTP/1.1[0m" 200 -
127.0.0.1 - - [13/Apr/2021 05:47:48] "[37mGET /channel/messages/v2?token=eyJ0eXAiOiJKV1QiLCJhbGciOiJIUzI1NiJ9.eyJzZXNzaW9uX2lkIjowLCJ1c2VyX2lkIjowfQ.mNX5f58rMYtTkp9fZydVCSZAXxviyhR8_I5RvFgXpeg&channel_id=0&start=0 HTTP/1.1[0m" 200 -
127.0.0.1 - - [13/Apr/2021 05:47:48] "[37mGET /channel/messages/v2?token=eyJ0eXAiOiJKV1QiLCJhbGciOiJIUzI1NiJ9.eyJzZXNzaW9uX2lkIjowLCJ1c2VyX2lkIjowfQ.mNX5f58rMYtTkp9fZydVCSZAXxviyhR8_I5RvFgXpeg&channel_id=1&start=0 HTTP/1.1[0m" 200 -
127.0.0.1 - - [13/Apr/2021 05:47:48] "[37mDELETE /clear/v1 HTTP/1.1[0m" 200 -
127.0.0.1 - - [13/Apr/2021 05:47:48] "[37mPOST /auth/register/v2 HTTP/1.1[0m" 200 -
127.0.0.1 - - [13/Apr/2021 05:47:48] "[37mGET /user/profile/v2?token=eyJ0eXAiOiJKV1QiLCJhbGciOiJIUzI1NiJ9.eyJzZXNzaW9uX2lkIjowLCJ1c2VyX2lkIjowfQ.mNX5f58rMYtTkp9fZydVCSZAXxviyhR8_I5RvFgXpeg&u_id=0 HTTP/1.1[0m" 200 -
127.0.0.1 - - [13/Apr/2021 05:47:48] "[37mPOST /auth/register/v2 HTTP/1.1[0m" 200 -
127.0.0.1 - - [13/Apr/2021 05:47:48] "[37mGET /user/profile/v2?token=eyJ0eXAiOiJKV1QiLCJhbGciOiJIUzI1NiJ9.eyJzZXNzaW9uX2lkIjowLCJ1c2VyX2lkIjoxfQ.5xbRn_BBsTLXugTHkmPy2IGl5OTWXb7MWn1d_NYdOGo&u_id=1 HTTP/1.1[0m" 200 -
127.0.0.1 - - [13/Apr/2021 05:47:48] "[37mPOST /channels/create/v2 HTTP/1.1[0m" 200 -
127.0.0.1 - - [13/Apr/2021 05:47:48] "[37mPOST /channel/join/v2 HTTP/1.1[0m" 200 -
127.0.0.1 - - [13/Apr/2021 05:47:48] "[37mPOST /message/send/v2 HTTP/1.1[0m" 200 -
127.0.0.1 - - [13/Apr/2021 05:47:48] "[37mPOST /channel/leave/v1 HTTP/1.1[0m" 200 -
127.0.0.1 - - [13/Apr/2021 05:47:48] "[37mGET /search/v2?token=eyJ0eXAiOiJKV1QiLCJhbGciOiJIUzI1NiJ9.eyJzZXNzaW9uX2lkIjowLCJ1c2VyX2lkIjowfQ.mNX5f58rMYtTkp9fZydVCSZAXxviyhR8_I5RvFgXpeg&query_str=any HTTP/1.1[0m" 200 -
127.0.0.1 - - [13/Apr/2021 05:47:48] "[37mDELETE /clear/v1 HTTP/1.1[0m" 200 -
127.0.0.1 - - [13/Apr/2021 05:47:48] "[37mPOST /auth/register/v2 HTTP/1.1[0m" 200 -
127.0.0.1 - - [13/Apr/2021 05:47:48] "[37mGET /user/profile/v2?token=eyJ0eXAiOiJKV1QiLCJhbGciOiJIUzI1NiJ9.eyJzZXNzaW9uX2lkIjowLCJ1c2VyX2lkIjowfQ.mNX5f58rMYtTkp9fZydVCSZAXxviyhR8_I5RvFgXpeg&u_id=0 HTTP/1.1[0m" 200 -
127.0.0.1 - - [13/Apr/2021 05:47:48] "[37mPOST /auth/register/v2 HTTP/1.1[0m" 200 -
127.0.0.1 - - [13/Apr/2021 05:47:48] "[37mGET /user/profile/v2?token=eyJ0eXAiOiJKV1QiLCJhbGciOiJIUzI1NiJ9.eyJzZXNzaW9uX2lkIjowLCJ1c2VyX2lkIjoxfQ.5xbRn_BBsTLXugTHkmPy2IGl5OTWXb7MWn1d_NYdOGo&u_id=1 HTTP/1.1[0m" 200 -
127.0.0.1 - - [13/Apr/2021 05:47:48] "[37mPOST /channels/create/v2 HTTP/1.1[0m" 200 -
127.0.0.1 - - [13/Apr/2021 05:47:48] "[37mPOST /channel/join/v2 HTTP/1.1[0m" 200 -
127.0.0.1 - - [13/Apr/2021 05:47:48] "[37mPOST /message/send/v2 HTTP/1.1[0m" 200 -
127.0.0.1 - - [13/Apr/2021 05:47:48] "[37mPOST /message/send/v2 HTTP/1.1[0m" 200 -
127.0.0.1 - - [13/Apr/2021 05:47:48] "[37mGET /search/v2?token=eyJ0eXAiOiJKV1QiLCJhbGciOiJIUzI1NiJ9.eyJzZXNzaW9uX2lkIjowLCJ1c2VyX2lkIjowfQ.mNX5f58rMYtTkp9fZydVCSZAXxviyhR8_I5RvFgXpeg&query_str=hi HTTP/1.1[0m" 200 -
127.0.0.1 - - [13/Apr/2021 05:47:48] "[37mDELETE /clear/v1 HTTP/1.1[0m" 200 -
127.0.0.1 - - [13/Apr/2021 05:47:48] "[37mPOST /auth/register/v2 HTTP/1.1[0m" 200 -
127.0.0.1 - - [13/Apr/2021 05:47:48] "[37mGET /user/profile/v2?token=eyJ0eXAiOiJKV1QiLCJhbGciOiJIUzI1NiJ9.eyJzZXNzaW9uX2lkIjowLCJ1c2VyX2lkIjowfQ.mNX5f58rMYtTkp9fZydVCSZAXxviyhR8_I5RvFgXpeg&u_id=0 HTTP/1.1[0m" 200 -
127.0.0.1 - - [13/Apr/2021 05:47:48] "[31m[1mGET /search/v2?token=eyJ0eXAiOiJKV1QiLCJhbGciOiJIUzI1NiJ9.eyJzZXNzaW9uX2lkIjowLCJ1c2VyX2lkIjowfQ.mNX5f58rMYtTkp9fZydVCSZAXxviyhR8_I5RvFgXpeg&query_str=aaaaaaaaaaaaaaaaaaaaaaaaaaaaaaaaaaaaaaaaaaaaaaaaaaaaaaaaaaaaaaaaaaaaaaaaaaaaaaaaaaaaaaaaaaaaaaaaaaaaaaaaaaaaaaaaaaaaaaaaaaaaaaaaaaaaaaaaaaaaaaaaaaaaaaaaaaaaaaaaaaaaaaaaaaaaaaaaaaaaaaaaaaaaaaaaaaaaaaaaaaaaaaaaaaaaaaaaaaaaaaaaaaaaaaaaaaaaaaaaaaaaaaaaaaaaaaaaaaaaaaaaaaaaaaaaaaaaaaaaaaaaaaaaaaaaaaaaaaaaaaaaaaaaaaaaaaaaaaaaaaaaaaaaaaaaaaaaaaaaaaaaaaaaaaaaaaaaaaaaaaaaaaaaaaaaaaaaaaaaaaaaaaaaaaaaaaaaaaaaaaaaaaaaaaaaaaaaaaaaaaaaaaaaaaaaaaaaaaaaaaaaaaaaaaaaaaaaaaaaaaaaaaaaaaaaaaaaaaaaaaaaaaaaaaaaaaaaaaaaaaaaaaaaaaaaaaaaaaaaaaaaaaaaaaaaaaaaaaaaaaaaaaaaaaaaaaaaaaaaaaaaaaaaaaaaaaaaaaaaaaaaaaaaaaaaaaaaaaaaaaaaaaaaaaaaaaaaaaaaaaaaaaaaaaaaaaaaaaaaaaaaaaaaaaaaaaaaaaaaaaaaaaaaaaaaaaaaaaaaaaaaaaaaaaaaaaaaaaaaaaaaaaaaaaaaaaaaaaaaaaaaaaaaaaaaaaaaaaaaaaaaaaaaaaaaaaaaaaaaaaaaaaaaaaaaaaaaaaaaaaaaaaaaaaaaaaaaaaaaaaaaaaaaaaaaaaaaaaaaaaaaaaaaaaaaaaaaaaaaaaaaaaaaaaaaaaaaaaaaaaaaaaaaaaaaaaaaaaaaaaaaaaaaaaaaaaaaaaaaaaaaaaaaaaaaaaaaaaaaaaaaaaaaaaaaaaaaaaaaaaaaaaaaaaaaaaaaaaaaaaaaaaaaaaaaaaaaaaaaaaaaaaaaaaaaaaaaaaaaa HTTP/1.1[0m" 400 -
127.0.0.1 - - [13/Apr/2021 05:47:48] "[37mDELETE /clear/v1 HTTP/1.1[0m" 200 -
127.0.0.1 - - [13/Apr/2021 05:47:48] "[37mPOST /auth/register/v2 HTTP/1.1[0m" 200 -
127.0.0.1 - - [13/Apr/2021 05:47:48] "[37mGET /user/profile/v2?token=eyJ0eXAiOiJKV1QiLCJhbGciOiJIUzI1NiJ9.eyJzZXNzaW9uX2lkIjowLCJ1c2VyX2lkIjowfQ.mNX5f58rMYtTkp9fZydVCSZAXxviyhR8_I5RvFgXpeg&u_id=0 HTTP/1.1[0m" 200 -
127.0.0.1 - - [13/Apr/2021 05:47:48] "[31m[1mPOST /auth/logout/v1 HTTP/1.1[0m" 405 -
127.0.0.1 - - [13/Apr/2021 05:47:48] "[37mDELETE /clear/v1 HTTP/1.1[0m" 200 -
127.0.0.1 - - [13/Apr/2021 05:47:48] "[37mPOST /auth/register/v2 HTTP/1.1[0m" 200 -
127.0.0.1 - - [13/Apr/2021 05:47:48] "[37mGET /user/profile/v2?token=eyJ0eXAiOiJKV1QiLCJhbGciOiJIUzI1NiJ9.eyJzZXNzaW9uX2lkIjowLCJ1c2VyX2lkIjowfQ.mNX5f58rMYtTkp9fZydVCSZAXxviyhR8_I5RvFgXpeg&u_id=0 HTTP/1.1[0m" 200 -
127.0.0.1 - - [13/Apr/2021 05:47:48] "[37mPOST /auth/register/v2 HTTP/1.1[0m" 200 -
127.0.0.1 - - [13/Apr/2021 05:47:48] "[37mGET /user/profile/v2?token=eyJ0eXAiOiJKV1QiLCJhbGciOiJIUzI1NiJ9.eyJzZXNzaW9uX2lkIjowLCJ1c2VyX2lkIjoxfQ.5xbRn_BBsTLXugTHkmPy2IGl5OTWXb7MWn1d_NYdOGo&u_id=1 HTTP/1.1[0m" 200 -
127.0.0.1 - - [13/Apr/2021 05:47:48] "[37mGET /users/all/v1?token=eyJ0eXAiOiJKV1QiLCJhbGciOiJIUzI1NiJ9.eyJzZXNzaW9uX2lkIjowLCJ1c2VyX2lkIjowfQ.mNX5f58rMYtTkp9fZydVCSZAXxviyhR8_I5RvFgXpeg HTTP/1.1[0m" 200 -
127.0.0.1 - - [13/Apr/2021 05:47:48] "[37mDELETE /clear/v1 HTTP/1.1[0m" 200 -
127.0.0.1 - - [13/Apr/2021 05:47:48] "[37mPOST /auth/register/v2 HTTP/1.1[0m" 200 -
127.0.0.1 - - [13/Apr/2021 05:47:48] "[37mGET /user/profile/v2?token=eyJ0eXAiOiJKV1QiLCJhbGciOiJIUzI1NiJ9.eyJzZXNzaW9uX2lkIjowLCJ1c2VyX2lkIjowfQ.mNX5f58rMYtTkp9fZydVCSZAXxviyhR8_I5RvFgXpeg&u_id=0 HTTP/1.1[0m" 200 -
127.0.0.1 - - [13/Apr/2021 05:47:48] "[31m[1mPOST /auth/logout/v1 HTTP/1.1[0m" 405 -
127.0.0.1 - - [13/Apr/2021 05:47:48] "[37mDELETE /clear/v1 HTTP/1.1[0m" 200 -
127.0.0.1 - - [13/Apr/2021 05:47:48] "[37mPOST /auth/register/v2 HTTP/1.1[0m" 200 -
127.0.0.1 - - [13/Apr/2021 05:47:48] "[37mGET /user/profile/v2?token=eyJ0eXAiOiJKV1QiLCJhbGciOiJIUzI1NiJ9.eyJzZXNzaW9uX2lkIjowLCJ1c2VyX2lkIjowfQ.mNX5f58rMYtTkp9fZydVCSZAXxviyhR8_I5RvFgXpeg&u_id=0 HTTP/1.1[0m" 200 -
127.0.0.1 - - [13/Apr/2021 05:47:48] "[37mGET /user/profile/v2?token=eyJ0eXAiOiJKV1QiLCJhbGciOiJIUzI1NiJ9.eyJzZXNzaW9uX2lkIjowLCJ1c2VyX2lkIjowfQ.mNX5f58rMYtTkp9fZydVCSZAXxviyhR8_I5RvFgXpeg&u_id=0 HTTP/1.1[0m" 200 -
127.0.0.1 - - [13/Apr/2021 05:47:48] "[37mDELETE /clear/v1 HTTP/1.1[0m" 200 -
127.0.0.1 - - [13/Apr/2021 05:47:48] "[37mPOST /auth/register/v2 HTTP/1.1[0m" 200 -
127.0.0.1 - - [13/Apr/2021 05:47:48] "[37mGET /user/profile/v2?token=eyJ0eXAiOiJKV1QiLCJhbGciOiJIUzI1NiJ9.eyJzZXNzaW9uX2lkIjowLCJ1c2VyX2lkIjowfQ.mNX5f58rMYtTkp9fZydVCSZAXxviyhR8_I5RvFgXpeg&u_id=0 HTTP/1.1[0m" 200 -
[2021-04-13 05:47:48,422] ERROR in app: Exception on /user/profile/v2 [GET]
Traceback (most recent call last):
  File "/import/kamen/3/cs1531/.local/lib/python3.7/site-packages/flask/app.py", line 1950, in full_dispatch_request
    rv = self.dispatch_request()
  File "/import/kamen/3/cs1531/.local/lib/python3.7/site-packages/flask/app.py", line 1936, in dispatch_request
    return self.view_functions[rule.endpoint](**req.view_args)
  File "/tmp_amd/kamen/export/kamen/3/cs1531/automark/tempstore/src/server.py", line 198, in user_profile
    return src.user.user_profile_v2(token, int(u_id))
TypeError: int() argument must be a string, a bytes-like object or a number, not 'NoneType'

During handling of the above exception, another exception occurred:

Traceback (most recent call last):
  File "/import/kamen/3/cs1531/.local/lib/python3.7/site-packages/flask/app.py", line 2447, in wsgi_app
    response = self.full_dispatch_request()
  File "/import/kamen/3/cs1531/.local/lib/python3.7/site-packages/flask/app.py", line 1952, in full_dispatch_request
    rv = self.handle_user_exception(e)
  File "/import/kamen/3/cs1531/.local/lib/python3.7/site-packages/flask_cors/extension.py", line 165, in wrapped_function
    return cors_after_request(app.make_response(f(*args, **kwargs)))
  File "/import/kamen/3/cs1531/.local/lib/python3.7/site-packages/flask/app.py", line 1822, in handle_user_exception
    return handler(e)
  File "/tmp_amd/kamen/export/kamen/3/cs1531/automark/tempstore/src/server.py", line 10, in defaultHandler
    response = err.get_response()
AttributeError: 'TypeError' object has no attribute 'get_response'
127.0.0.1 - - [13/Apr/2021 05:47:48] "[35m[1mGET /user/profile/v2?token=eyJ0eXAiOiJKV1QiLCJhbGciOiJIUzI1NiJ9.eyJzZXNzaW9uX2lkIjowLCJ1c2VyX2lkIjowfQ.mNX5f58rMYtTkp9fZydVCSZAXxviyhR8_I5RvFgXpeg HTTP/1.1[0m" 500 -
127.0.0.1 - - [13/Apr/2021 05:47:48] "[37mDELETE /clear/v1 HTTP/1.1[0m" 200 -
127.0.0.1 - - [13/Apr/2021 05:47:48] "[37mPOST /auth/register/v2 HTTP/1.1[0m" 200 -
127.0.0.1 - - [13/Apr/2021 05:47:48] "[37mGET /user/profile/v2?token=eyJ0eXAiOiJKV1QiLCJhbGciOiJIUzI1NiJ9.eyJzZXNzaW9uX2lkIjowLCJ1c2VyX2lkIjowfQ.mNX5f58rMYtTkp9fZydVCSZAXxviyhR8_I5RvFgXpeg&u_id=0 HTTP/1.1[0m" 200 -
127.0.0.1 - - [13/Apr/2021 05:47:48] "[31m[1mPOST /auth/logout/v1 HTTP/1.1[0m" 405 -
127.0.0.1 - - [13/Apr/2021 05:47:48] "[37mDELETE /clear/v1 HTTP/1.1[0m" 200 -
127.0.0.1 - - [13/Apr/2021 05:47:48] "[37mPOST /auth/register/v2 HTTP/1.1[0m" 200 -
127.0.0.1 - - [13/Apr/2021 05:47:48] "[37mGET /user/profile/v2?token=eyJ0eXAiOiJKV1QiLCJhbGciOiJIUzI1NiJ9.eyJzZXNzaW9uX2lkIjowLCJ1c2VyX2lkIjowfQ.mNX5f58rMYtTkp9fZydVCSZAXxviyhR8_I5RvFgXpeg&u_id=0 HTTP/1.1[0m" 200 -
127.0.0.1 - - [13/Apr/2021 05:47:48] "[37mPUT /user/profile/setemail/v2 HTTP/1.1[0m" 200 -
127.0.0.1 - - [13/Apr/2021 05:47:48] "[37mGET /user/profile/v2?token=eyJ0eXAiOiJKV1QiLCJhbGciOiJIUzI1NiJ9.eyJzZXNzaW9uX2lkIjowLCJ1c2VyX2lkIjowfQ.mNX5f58rMYtTkp9fZydVCSZAXxviyhR8_I5RvFgXpeg&u_id=0 HTTP/1.1[0m" 200 -
127.0.0.1 - - [13/Apr/2021 05:47:48] "[37mDELETE /clear/v1 HTTP/1.1[0m" 200 -
127.0.0.1 - - [13/Apr/2021 05:47:48] "[37mPOST /auth/register/v2 HTTP/1.1[0m" 200 -
127.0.0.1 - - [13/Apr/2021 05:47:48] "[37mGET /user/profile/v2?token=eyJ0eXAiOiJKV1QiLCJhbGciOiJIUzI1NiJ9.eyJzZXNzaW9uX2lkIjowLCJ1c2VyX2lkIjowfQ.mNX5f58rMYtTkp9fZydVCSZAXxviyhR8_I5RvFgXpeg&u_id=0 HTTP/1.1[0m" 200 -
127.0.0.1 - - [13/Apr/2021 05:47:48] "[37mPOST /auth/register/v2 HTTP/1.1[0m" 200 -
127.0.0.1 - - [13/Apr/2021 05:47:48] "[37mGET /user/profile/v2?token=eyJ0eXAiOiJKV1QiLCJhbGciOiJIUzI1NiJ9.eyJzZXNzaW9uX2lkIjowLCJ1c2VyX2lkIjoxfQ.5xbRn_BBsTLXugTHkmPy2IGl5OTWXb7MWn1d_NYdOGo&u_id=1 HTTP/1.1[0m" 200 -
127.0.0.1 - - [13/Apr/2021 05:47:48] "[31m[1mPUT /user/profile/setemail/v2 HTTP/1.1[0m" 400 -
127.0.0.1 - - [13/Apr/2021 05:47:48] "[37mDELETE /clear/v1 HTTP/1.1[0m" 200 -
127.0.0.1 - - [13/Apr/2021 05:47:48] "[37mPOST /auth/register/v2 HTTP/1.1[0m" 200 -
127.0.0.1 - - [13/Apr/2021 05:47:48] "[37mGET /user/profile/v2?token=eyJ0eXAiOiJKV1QiLCJhbGciOiJIUzI1NiJ9.eyJzZXNzaW9uX2lkIjowLCJ1c2VyX2lkIjowfQ.mNX5f58rMYtTkp9fZydVCSZAXxviyhR8_I5RvFgXpeg&u_id=0 HTTP/1.1[0m" 200 -
127.0.0.1 - - [13/Apr/2021 05:47:48] "[31m[1mPUT /user/profile/setemail/v2 HTTP/1.1[0m" 400 -
127.0.0.1 - - [13/Apr/2021 05:47:48] "[37mDELETE /clear/v1 HTTP/1.1[0m" 200 -
127.0.0.1 - - [13/Apr/2021 05:47:48] "[37mPOST /auth/register/v2 HTTP/1.1[0m" 200 -
127.0.0.1 - - [13/Apr/2021 05:47:48] "[37mGET /user/profile/v2?token=eyJ0eXAiOiJKV1QiLCJhbGciOiJIUzI1NiJ9.eyJzZXNzaW9uX2lkIjowLCJ1c2VyX2lkIjowfQ.mNX5f58rMYtTkp9fZydVCSZAXxviyhR8_I5RvFgXpeg&u_id=0 HTTP/1.1[0m" 200 -
127.0.0.1 - - [13/Apr/2021 05:47:48] "[31m[1mPUT /user/profile/setemail/v2 HTTP/1.1[0m" 400 -
127.0.0.1 - - [13/Apr/2021 05:47:48] "[37mDELETE /clear/v1 HTTP/1.1[0m" 200 -
127.0.0.1 - - [13/Apr/2021 05:47:48] "[37mPOST /auth/register/v2 HTTP/1.1[0m" 200 -
127.0.0.1 - - [13/Apr/2021 05:47:48] "[37mGET /user/profile/v2?token=eyJ0eXAiOiJKV1QiLCJhbGciOiJIUzI1NiJ9.eyJzZXNzaW9uX2lkIjowLCJ1c2VyX2lkIjowfQ.mNX5f58rMYtTkp9fZydVCSZAXxviyhR8_I5RvFgXpeg&u_id=0 HTTP/1.1[0m" 200 -
127.0.0.1 - - [13/Apr/2021 05:47:48] "[31m[1mPUT /user/profile/setemail/v2 HTTP/1.1[0m" 400 -
127.0.0.1 - - [13/Apr/2021 05:47:48] "[37mDELETE /clear/v1 HTTP/1.1[0m" 200 -
127.0.0.1 - - [13/Apr/2021 05:47:48] "[37mPOST /auth/register/v2 HTTP/1.1[0m" 200 -
127.0.0.1 - - [13/Apr/2021 05:47:48] "[37mGET /user/profile/v2?token=eyJ0eXAiOiJKV1QiLCJhbGciOiJIUzI1NiJ9.eyJzZXNzaW9uX2lkIjowLCJ1c2VyX2lkIjowfQ.mNX5f58rMYtTkp9fZydVCSZAXxviyhR8_I5RvFgXpeg&u_id=0 HTTP/1.1[0m" 200 -
127.0.0.1 - - [13/Apr/2021 05:47:48] "[31m[1mPUT /user/profile/setemail/v2 HTTP/1.1[0m" 400 -
127.0.0.1 - - [13/Apr/2021 05:47:48] "[37mDELETE /clear/v1 HTTP/1.1[0m" 200 -
127.0.0.1 - - [13/Apr/2021 05:47:48] "[37mPOST /auth/register/v2 HTTP/1.1[0m" 200 -
127.0.0.1 - - [13/Apr/2021 05:47:48] "[37mGET /user/profile/v2?token=eyJ0eXAiOiJKV1QiLCJhbGciOiJIUzI1NiJ9.eyJzZXNzaW9uX2lkIjowLCJ1c2VyX2lkIjowfQ.mNX5f58rMYtTkp9fZydVCSZAXxviyhR8_I5RvFgXpeg&u_id=0 HTTP/1.1[0m" 200 -
127.0.0.1 - - [13/Apr/2021 05:47:48] "[31m[1mPUT /user/profile/setemail/v2 HTTP/1.1[0m" 400 -
127.0.0.1 - - [13/Apr/2021 05:47:48] "[37mDELETE /clear/v1 HTTP/1.1[0m" 200 -
127.0.0.1 - - [13/Apr/2021 05:47:48] "[37mPOST /auth/register/v2 HTTP/1.1[0m" 200 -
127.0.0.1 - - [13/Apr/2021 05:47:48] "[37mGET /user/profile/v2?token=eyJ0eXAiOiJKV1QiLCJhbGciOiJIUzI1NiJ9.eyJzZXNzaW9uX2lkIjowLCJ1c2VyX2lkIjowfQ.mNX5f58rMYtTkp9fZydVCSZAXxviyhR8_I5RvFgXpeg&u_id=0 HTTP/1.1[0m" 200 -
127.0.0.1 - - [13/Apr/2021 05:47:48] "[31m[1mPUT /user/profile/setemail/v2 HTTP/1.1[0m" 400 -
127.0.0.1 - - [13/Apr/2021 05:47:48] "[37mDELETE /clear/v1 HTTP/1.1[0m" 200 -
127.0.0.1 - - [13/Apr/2021 05:47:48] "[37mPOST /auth/register/v2 HTTP/1.1[0m" 200 -
127.0.0.1 - - [13/Apr/2021 05:47:48] "[37mGET /user/profile/v2?token=eyJ0eXAiOiJKV1QiLCJhbGciOiJIUzI1NiJ9.eyJzZXNzaW9uX2lkIjowLCJ1c2VyX2lkIjowfQ.mNX5f58rMYtTkp9fZydVCSZAXxviyhR8_I5RvFgXpeg&u_id=0 HTTP/1.1[0m" 200 -
127.0.0.1 - - [13/Apr/2021 05:47:48] "[31m[1mPOST /auth/logout/v1 HTTP/1.1[0m" 405 -
127.0.0.1 - - [13/Apr/2021 05:47:48] "[37mDELETE /clear/v1 HTTP/1.1[0m" 200 -
127.0.0.1 - - [13/Apr/2021 05:47:48] "[37mPOST /auth/register/v2 HTTP/1.1[0m" 200 -
127.0.0.1 - - [13/Apr/2021 05:47:48] "[37mGET /user/profile/v2?token=eyJ0eXAiOiJKV1QiLCJhbGciOiJIUzI1NiJ9.eyJzZXNzaW9uX2lkIjowLCJ1c2VyX2lkIjowfQ.mNX5f58rMYtTkp9fZydVCSZAXxviyhR8_I5RvFgXpeg&u_id=0 HTTP/1.1[0m" 200 -
127.0.0.1 - - [13/Apr/2021 05:47:48] "[33mPUT /user/profile/sethandle/v1 HTTP/1.1[0m" 404 -
127.0.0.1 - - [13/Apr/2021 05:47:48] "[37mDELETE /clear/v1 HTTP/1.1[0m" 200 -
127.0.0.1 - - [13/Apr/2021 05:47:48] "[37mPOST /auth/register/v2 HTTP/1.1[0m" 200 -
127.0.0.1 - - [13/Apr/2021 05:47:48] "[37mGET /user/profile/v2?token=eyJ0eXAiOiJKV1QiLCJhbGciOiJIUzI1NiJ9.eyJzZXNzaW9uX2lkIjowLCJ1c2VyX2lkIjowfQ.mNX5f58rMYtTkp9fZydVCSZAXxviyhR8_I5RvFgXpeg&u_id=0 HTTP/1.1[0m" 200 -
127.0.0.1 - - [13/Apr/2021 05:47:48] "[37mPOST /auth/register/v2 HTTP/1.1[0m" 200 -
127.0.0.1 - - [13/Apr/2021 05:47:48] "[37mGET /user/profile/v2?token=eyJ0eXAiOiJKV1QiLCJhbGciOiJIUzI1NiJ9.eyJzZXNzaW9uX2lkIjowLCJ1c2VyX2lkIjoxfQ.5xbRn_BBsTLXugTHkmPy2IGl5OTWXb7MWn1d_NYdOGo&u_id=1 HTTP/1.1[0m" 200 -
127.0.0.1 - - [13/Apr/2021 05:47:48] "[33mPUT /user/profile/sethandle/v1 HTTP/1.1[0m" 404 -
127.0.0.1 - - [13/Apr/2021 05:47:48] "[37mDELETE /clear/v1 HTTP/1.1[0m" 200 -
127.0.0.1 - - [13/Apr/2021 05:47:48] "[37mPOST /auth/register/v2 HTTP/1.1[0m" 200 -
127.0.0.1 - - [13/Apr/2021 05:47:48] "[37mGET /user/profile/v2?token=eyJ0eXAiOiJKV1QiLCJhbGciOiJIUzI1NiJ9.eyJzZXNzaW9uX2lkIjowLCJ1c2VyX2lkIjowfQ.mNX5f58rMYtTkp9fZydVCSZAXxviyhR8_I5RvFgXpeg&u_id=0 HTTP/1.1[0m" 200 -
127.0.0.1 - - [13/Apr/2021 05:47:48] "[33mPUT /user/profile/sethandle/v1 HTTP/1.1[0m" 404 -
127.0.0.1 - - [13/Apr/2021 05:47:48] "[37mDELETE /clear/v1 HTTP/1.1[0m" 200 -
127.0.0.1 - - [13/Apr/2021 05:47:48] "[37mPOST /auth/register/v2 HTTP/1.1[0m" 200 -
127.0.0.1 - - [13/Apr/2021 05:47:48] "[37mGET /user/profile/v2?token=eyJ0eXAiOiJKV1QiLCJhbGciOiJIUzI1NiJ9.eyJzZXNzaW9uX2lkIjowLCJ1c2VyX2lkIjowfQ.mNX5f58rMYtTkp9fZydVCSZAXxviyhR8_I5RvFgXpeg&u_id=0 HTTP/1.1[0m" 200 -
127.0.0.1 - - [13/Apr/2021 05:47:48] "[33mPUT /user/profile/sethandle/v1 HTTP/1.1[0m" 404 -
127.0.0.1 - - [13/Apr/2021 05:47:48] "[37mDELETE /clear/v1 HTTP/1.1[0m" 200 -
127.0.0.1 - - [13/Apr/2021 05:47:48] "[37mPOST /auth/register/v2 HTTP/1.1[0m" 200 -
127.0.0.1 - - [13/Apr/2021 05:47:48] "[37mGET /user/profile/v2?token=eyJ0eXAiOiJKV1QiLCJhbGciOiJIUzI1NiJ9.eyJzZXNzaW9uX2lkIjowLCJ1c2VyX2lkIjowfQ.mNX5f58rMYtTkp9fZydVCSZAXxviyhR8_I5RvFgXpeg&u_id=0 HTTP/1.1[0m" 200 -
127.0.0.1 - - [13/Apr/2021 05:47:48] "[33mPUT /user/profile/sethandle/v1 HTTP/1.1[0m" 404 -
127.0.0.1 - - [13/Apr/2021 05:47:48] "[37mDELETE /clear/v1 HTTP/1.1[0m" 200 -
127.0.0.1 - - [13/Apr/2021 05:47:48] "[37mPOST /auth/register/v2 HTTP/1.1[0m" 200 -
127.0.0.1 - - [13/Apr/2021 05:47:48] "[37mGET /user/profile/v2?token=eyJ0eXAiOiJKV1QiLCJhbGciOiJIUzI1NiJ9.eyJzZXNzaW9uX2lkIjowLCJ1c2VyX2lkIjowfQ.mNX5f58rMYtTkp9fZydVCSZAXxviyhR8_I5RvFgXpeg&u_id=0 HTTP/1.1[0m" 200 -
127.0.0.1 - - [13/Apr/2021 05:47:48] "[33mPUT /user/profile/sethandle/v1 HTTP/1.1[0m" 404 -
127.0.0.1 - - [13/Apr/2021 05:47:48] "[37mDELETE /clear/v1 HTTP/1.1[0m" 200 -
127.0.0.1 - - [13/Apr/2021 05:47:48] "[37mPOST /auth/register/v2 HTTP/1.1[0m" 200 -
127.0.0.1 - - [13/Apr/2021 05:47:48] "[37mGET /user/profile/v2?token=eyJ0eXAiOiJKV1QiLCJhbGciOiJIUzI1NiJ9.eyJzZXNzaW9uX2lkIjowLCJ1c2VyX2lkIjowfQ.mNX5f58rMYtTkp9fZydVCSZAXxviyhR8_I5RvFgXpeg&u_id=0 HTTP/1.1[0m" 200 -
127.0.0.1 - - [13/Apr/2021 05:47:48] "[31m[1mPOST /auth/logout/v1 HTTP/1.1[0m" 405 -
127.0.0.1 - - [13/Apr/2021 05:47:48] "[37mDELETE /clear/v1 HTTP/1.1[0m" 200 -
127.0.0.1 - - [13/Apr/2021 05:47:48] "[37mPOST /auth/register/v2 HTTP/1.1[0m" 200 -
127.0.0.1 - - [13/Apr/2021 05:47:48] "[37mGET /user/profile/v2?token=eyJ0eXAiOiJKV1QiLCJhbGciOiJIUzI1NiJ9.eyJzZXNzaW9uX2lkIjowLCJ1c2VyX2lkIjowfQ.mNX5f58rMYtTkp9fZydVCSZAXxviyhR8_I5RvFgXpeg&u_id=0 HTTP/1.1[0m" 200 -
127.0.0.1 - - [13/Apr/2021 05:47:48] "[37mPUT /user/profile/setname/v2 HTTP/1.1[0m" 200 -
127.0.0.1 - - [13/Apr/2021 05:47:48] "[37mGET /user/profile/v2?token=eyJ0eXAiOiJKV1QiLCJhbGciOiJIUzI1NiJ9.eyJzZXNzaW9uX2lkIjowLCJ1c2VyX2lkIjowfQ.mNX5f58rMYtTkp9fZydVCSZAXxviyhR8_I5RvFgXpeg&u_id=0 HTTP/1.1[0m" 200 -
127.0.0.1 - - [13/Apr/2021 05:47:48] "[37mDELETE /clear/v1 HTTP/1.1[0m" 200 -
127.0.0.1 - - [13/Apr/2021 05:47:48] "[37mPOST /auth/register/v2 HTTP/1.1[0m" 200 -
127.0.0.1 - - [13/Apr/2021 05:47:48] "[37mGET /user/profile/v2?token=eyJ0eXAiOiJKV1QiLCJhbGciOiJIUzI1NiJ9.eyJzZXNzaW9uX2lkIjowLCJ1c2VyX2lkIjowfQ.mNX5f58rMYtTkp9fZydVCSZAXxviyhR8_I5RvFgXpeg&u_id=0 HTTP/1.1[0m" 200 -
127.0.0.1 - - [13/Apr/2021 05:47:48] "[31m[1mPUT /user/profile/setname/v2 HTTP/1.1[0m" 400 -
127.0.0.1 - - [13/Apr/2021 05:47:48] "[37mDELETE /clear/v1 HTTP/1.1[0m" 200 -
127.0.0.1 - - [13/Apr/2021 05:47:48] "[37mPOST /auth/register/v2 HTTP/1.1[0m" 200 -
127.0.0.1 - - [13/Apr/2021 05:47:48] "[37mGET /user/profile/v2?token=eyJ0eXAiOiJKV1QiLCJhbGciOiJIUzI1NiJ9.eyJzZXNzaW9uX2lkIjowLCJ1c2VyX2lkIjowfQ.mNX5f58rMYtTkp9fZydVCSZAXxviyhR8_I5RvFgXpeg&u_id=0 HTTP/1.1[0m" 200 -
127.0.0.1 - - [13/Apr/2021 05:47:48] "[31m[1mPUT /user/profile/setname/v2 HTTP/1.1[0m" 400 -
127.0.0.1 - - [13/Apr/2021 05:47:48] "[37mDELETE /clear/v1 HTTP/1.1[0m" 200 -
127.0.0.1 - - [13/Apr/2021 05:47:48] "[37mPOST /auth/register/v2 HTTP/1.1[0m" 200 -
127.0.0.1 - - [13/Apr/2021 05:47:48] "[37mGET /user/profile/v2?token=eyJ0eXAiOiJKV1QiLCJhbGciOiJIUzI1NiJ9.eyJzZXNzaW9uX2lkIjowLCJ1c2VyX2lkIjowfQ.mNX5f58rMYtTkp9fZydVCSZAXxviyhR8_I5RvFgXpeg&u_id=0 HTTP/1.1[0m" 200 -
127.0.0.1 - - [13/Apr/2021 05:47:48] "[31m[1mPUT /user/profile/setname/v2 HTTP/1.1[0m" 400 -
127.0.0.1 - - [13/Apr/2021 05:47:48] "[37mDELETE /clear/v1 HTTP/1.1[0m" 200 -
127.0.0.1 - - [13/Apr/2021 05:47:48] "[37mPOST /auth/register/v2 HTTP/1.1[0m" 200 -
127.0.0.1 - - [13/Apr/2021 05:47:48] "[37mGET /user/profile/v2?token=eyJ0eXAiOiJKV1QiLCJhbGciOiJIUzI1NiJ9.eyJzZXNzaW9uX2lkIjowLCJ1c2VyX2lkIjowfQ.mNX5f58rMYtTkp9fZydVCSZAXxviyhR8_I5RvFgXpeg&u_id=0 HTTP/1.1[0m" 200 -
127.0.0.1 - - [13/Apr/2021 05:47:48] "[31m[1mPUT /user/profile/setname/v2 HTTP/1.1[0m" 400 -
127.0.0.1 - - [13/Apr/2021 05:47:48] "[37mDELETE /clear/v1 HTTP/1.1[0m" 200 -
127.0.0.1 - - [13/Apr/2021 05:47:48] "[37mPOST /auth/register/v2 HTTP/1.1[0m" 200 -
127.0.0.1 - - [13/Apr/2021 05:47:48] "[37mGET /user/profile/v2?token=eyJ0eXAiOiJKV1QiLCJhbGciOiJIUzI1NiJ9.eyJzZXNzaW9uX2lkIjowLCJ1c2VyX2lkIjowfQ.mNX5f58rMYtTkp9fZydVCSZAXxviyhR8_I5RvFgXpeg&u_id=0 HTTP/1.1[0m" 200 -
127.0.0.1 - - [13/Apr/2021 05:47:48] "[31m[1mPOST /auth/logout/v1 HTTP/1.1[0m" 405 -
